<?xml version="1.0" encoding="UTF-8"?>
<!-- Generated by org.testng.reporters.JUnitReportReporter -->
<testsuite hostname="Admins-MacBook-Pro.local" failures="0" tests="1" name="com.ugapp.testcases.TC_07_LogInTest" time="2.726" errors="0" timestamp="2024-09-15T17:44:14 IST" skipped="0">
  <testcase classname="com.ugapp.testcases.TC_07_LogInTest" name="login" time="2.726"/>
</testsuite> <!-- com.ugapp.testcases.TC_07_LogInTest -->
