<?xml version="1.0" encoding="UTF-8"?>
<!-- Generated by org.testng.reporters.JUnitReportReporter -->
<testsuite hostname="Admins-MacBook-Pro.local" failures="0" tests="5" name="com.ugapp.testcases.TC_05_PreAppDashboardTest" time="25.704" errors="0" timestamp="2024-10-09T15:22:13 IST" skipped="0">
  <testcase classname="com.ugapp.testcases.TC_05_PreAppDashboardTest" name="validatePreAppSubmissionPage" time="1.540"/>
  <testcase classname="com.ugapp.testcases.TC_05_PreAppDashboardTest" name="PreAppDashboardNames" time="7.315"/>
  <testcase classname="com.ugapp.testcases.TC_05_PreAppDashboardTest" name="DupAppBirthdayTest" time="2.764"/>
  <testcase classname="com.ugapp.testcases.TC_05_PreAppDashboardTest" name="PhoneNumberTest" time="7.549"/>
  <testcase classname="com.ugapp.testcases.TC_05_PreAppDashboardTest" name="StartNewAppTest" time="6.536"/>
</testsuite> <!-- com.ugapp.testcases.TC_05_PreAppDashboardTest -->
