<?xml version="1.0" encoding="UTF-8"?>
<!-- Generated by org.testng.reporters.JUnitReportReporter -->
<testsuite hostname="Admins-MacBook-Pro.local" failures="0" tests="3" name="com.ugapp.testcases.TC_01_LandingPageTest" time="38.255" errors="0" timestamp="2024-09-15T17:44:14 IST" skipped="0">
  <testcase classname="com.ugapp.testcases.TC_01_LandingPageTest" name="verifyFooter" time="33.426"/>
  <testcase classname="com.ugapp.testcases.TC_01_LandingPageTest" name="ChooseInperson_MOL" time="3.226"/>
  <testcase classname="com.ugapp.testcases.TC_01_LandingPageTest" name="CreateRandomAccTest" time="1.603"/>
</testsuite> <!-- com.ugapp.testcases.TC_01_LandingPageTest -->
