<?xml version="1.0" encoding="UTF-8"?>
<!-- Generated by org.testng.reporters.JUnitReportReporter -->
<testsuite hostname="Admins-MacBook-Pro.local" failures="0" tests="2" name="com.ugapp.testcases.TC_16_PostAppSubmissionDashboardTest" time="8.011" errors="0" timestamp="2024-10-09T15:22:13 IST" skipped="0">
  <testcase classname="com.ugapp.testcases.TC_16_PostAppSubmissionDashboardTest" name="postDashboard" time="1.566"/>
  <testcase classname="com.ugapp.testcases.TC_16_PostAppSubmissionDashboardTest" name="LinkToPrview" time="6.445"/>
</testsuite> <!-- com.ugapp.testcases.TC_16_PostAppSubmissionDashboardTest -->
