<?xml version="1.0" encoding="UTF-8"?>
<!-- Generated by org.testng.reporters.JUnitReportReporter -->
<testsuite hostname="Admins-MacBook-Pro.local" failures="0" tests="1" name="com.ugapp.testcases.TC_04_LogInTest" time="2.706" errors="0" timestamp="2024-09-20T16:36:14 IST" skipped="0">
  <testcase classname="com.ugapp.testcases.TC_04_LogInTest" name="login" time="2.706"/>
</testsuite> <!-- com.ugapp.testcases.TC_04_LogInTest -->
