<?xml version="1.0" encoding="UTF-8"?>
<!-- Generated by org.testng.reporters.JUnitReportReporter -->
<testsuite hostname="Admins-MacBook-Pro.local" failures="0" tests="2" name="com.ugapp.testcases.TC_01_LandingPageTest" time="5.812" errors="0" timestamp="2024-09-15T23:44:10 IST" skipped="0">
  <testcase classname="com.ugapp.testcases.TC_01_LandingPageTest" name="ChooseInperson_MOL" time="3.181"/>
  <testcase classname="com.ugapp.testcases.TC_01_LandingPageTest" name="CreateRandomAccTest" time="2.631"/>
</testsuite> <!-- com.ugapp.testcases.TC_01_LandingPageTest -->
