<?xml version="1.0" encoding="UTF-8"?>
<!-- Generated by org.testng.reporters.JUnitReportReporter -->
<testsuite hostname="Admins-MacBook-Pro.local" failures="0" tests="3" name="com.ugapp.testcases.TC_10_MyASUProgramPageTest" time="28.816" errors="0" timestamp="2024-10-09T15:22:13 IST" skipped="0">
  <testcase classname="com.ugapp.testcases.TC_10_MyASUProgramPageTest" name="validateMyProgramPage" time="6.783"/>
  <testcase classname="com.ugapp.testcases.TC_10_MyASUProgramPageTest" name="DupApp_chooseProgramTest" time="14.857"/>
  <testcase classname="com.ugapp.testcases.TC_10_MyASUProgramPageTest" name="SaveThePageTest" time="7.176"/>
</testsuite> <!-- com.ugapp.testcases.TC_10_MyASUProgramPageTest -->
