<?xml version="1.0" encoding="UTF-8"?>
<!-- Generated by org.testng.reporters.JUnitReportReporter -->
<testsuite hostname="Admins-MacBook-Pro.local" failures="0" tests="3" name="com.ugapp.testcases.TC_01_LandingPageTest" time="61.283" errors="0" timestamp="2024-09-20T16:36:14 IST" skipped="0">
  <testcase classname="com.ugapp.testcases.TC_01_LandingPageTest" name="verifyFooter" time="56.239"/>
  <testcase classname="com.ugapp.testcases.TC_01_LandingPageTest" name="ChooseInperson_MOL" time="3.293"/>
  <testcase classname="com.ugapp.testcases.TC_01_LandingPageTest" name="CreateRandomAccTest" time="1.751"/>
</testsuite> <!-- com.ugapp.testcases.TC_01_LandingPageTest -->
