<?xml version="1.0" encoding="UTF-8"?>
<!-- Generated by org.testng.reporters.JUnitReportReporter -->
<testsuite hostname="Admins-MacBook-Pro.local" failures="0" tests="1" name="com.ugapp.testcases.TC_02_VerifyEmailTest" time="6.757" errors="0" timestamp="2024-10-09T15:22:13 IST" skipped="0">
  <testcase classname="com.ugapp.testcases.TC_02_VerifyEmailTest" name="verifyEmailTest" time="6.757"/>
</testsuite> <!-- com.ugapp.testcases.TC_02_VerifyEmailTest -->
