<?xml version="1.0" encoding="UTF-8"?>
<!-- Generated by org.testng.reporters.JUnitReportReporter -->
<testsuite hostname="Admins-MacBook-Pro.local" failures="0" tests="5" name="com.ugapp.testcases.TC_08_PreAppDashboardTest" time="17.627" errors="0" timestamp="2024-09-03T16:44:19 IST" skipped="0">
  <testcase classname="com.ugapp.testcases.TC_08_PreAppDashboardTest" name="validatePreAppSubmissionPage" time="0.033"/>
  <testcase classname="com.ugapp.testcases.TC_08_PreAppDashboardTest" name="PreAppDashboardNames" time="6.141"/>
  <testcase classname="com.ugapp.testcases.TC_08_PreAppDashboardTest" name="BirthdayAge_Greater24Test" time="4.962"/>
  <testcase classname="com.ugapp.testcases.TC_08_PreAppDashboardTest" name="PhoneNumberTest" time="3.363"/>
  <testcase classname="com.ugapp.testcases.TC_08_PreAppDashboardTest" name="StartNewAppTest" time="3.128"/>
</testsuite> <!-- com.ugapp.testcases.TC_08_PreAppDashboardTest -->
