<?xml version="1.0" encoding="UTF-8"?>
<!-- Generated by org.testng.reporters.JUnitReportReporter -->
<testsuite hostname="Admins-MacBook-Pro.local" failures="0" tests="3" name="com.ugapp.testcases.TC_12_MyHighSchoolGradesTest" time="44.642" errors="0" timestamp="2024-09-20T17:34:48 IST" skipped="0">
  <testcase classname="com.ugapp.testcases.TC_12_MyHighSchoolGradesTest" name="MyHighSchoolGrade" time="1.603"/>
  <testcase classname="com.ugapp.testcases.TC_12_MyHighSchoolGradesTest" name="RandomSelfReportSeniorYrOrAllHSgradesTest" time="38.923"/>
  <testcase classname="com.ugapp.testcases.TC_12_MyHighSchoolGradesTest" name="SaveThePageTest" time="4.116"/>
</testsuite> <!-- com.ugapp.testcases.TC_12_MyHighSchoolGradesTest -->
