<?xml version="1.0" encoding="UTF-8"?>
<!-- Generated by org.testng.reporters.JUnitReportReporter -->
<testsuite hostname="Admins-MacBook-Pro.local" failures="0" tests="1" name="com.ugapp.testcases.TC_05_VerifyEmailTest" time="1.225" errors="0" timestamp="2024-09-15T23:20:44 IST" skipped="0">
  <testcase classname="com.ugapp.testcases.TC_05_VerifyEmailTest" name="verifyEmailTest" time="1.225"/>
</testsuite> <!-- com.ugapp.testcases.TC_05_VerifyEmailTest -->
