<?xml version="1.0" encoding="UTF-8"?>
<!-- Generated by org.testng.reporters.JUnitReportReporter -->
<testsuite hostname="Admins-MacBook-Pro.local" failures="0" tests="3" name="com.ugapp.testcases.TC_10_MyASUProgramPageTest" time="22.249" errors="0" timestamp="2024-09-20T16:36:14 IST" skipped="0">
  <testcase classname="com.ugapp.testcases.TC_10_MyASUProgramPageTest" name="validateMyProgramPage" time="5.095"/>
  <testcase classname="com.ugapp.testcases.TC_10_MyASUProgramPageTest" name="InpersonProgramTest" time="12.050"/>
  <testcase classname="com.ugapp.testcases.TC_10_MyASUProgramPageTest" name="SaveThePageTest" time="5.104"/>
</testsuite> <!-- com.ugapp.testcases.TC_10_MyASUProgramPageTest -->
