<?xml version="1.0" encoding="UTF-8"?>
<!-- Generated by org.testng.reporters.JUnitReportReporter -->
<testsuite hostname="Admins-MacBook-Pro.local" failures="0" tests="11" name="com.ugapp.testcases.TC_09_MyInformationPageTest" time="74.383" errors="0" timestamp="2024-10-09T15:22:13 IST" skipped="0">
  <testcase classname="com.ugapp.testcases.TC_09_MyInformationPageTest" name="validateMyInfoPage" time="20.834"/>
  <testcase classname="com.ugapp.testcases.TC_09_MyInformationPageTest" name="chooseLegalsexTest" time="9.747"/>
  <testcase classname="com.ugapp.testcases.TC_09_MyInformationPageTest" name="ProfileLinkTest" time="0.033"/>
  <testcase classname="com.ugapp.testcases.TC_09_MyInformationPageTest" name="PrimaryLangTest" time="8.655"/>
  <testcase classname="com.ugapp.testcases.TC_09_MyInformationPageTest" name="Random_HomeaddressAndPhoneTest" time="15.322"/>
  <testcase classname="com.ugapp.testcases.TC_09_MyInformationPageTest" name="DupApp_US_CitizenshipTest" time="7.650"/>
  <testcase classname="com.ugapp.testcases.TC_09_MyInformationPageTest" name="NonAbor_Previous_ASU_affiliationTest" time="2.691"/>
  <testcase classname="com.ugapp.testcases.TC_09_MyInformationPageTest" name="DupApp_ASU_affiliate_IDTest" time="0.463"/>
  <testcase classname="com.ugapp.testcases.TC_09_MyInformationPageTest" name="NoneOfTheseApply_MilitaryTest" time="3.003"/>
  <testcase classname="com.ugapp.testcases.TC_09_MyInformationPageTest" name="No_Partner_benefitsTest" time="0.789"/>
  <testcase classname="com.ugapp.testcases.TC_09_MyInformationPageTest" name="SavePageTest" time="5.196"/>
</testsuite> <!-- com.ugapp.testcases.TC_09_MyInformationPageTest -->
