<?xml version="1.0" encoding="UTF-8"?>
<!-- Generated by org.testng.reporters.JUnitReportReporter -->
<testsuite hostname="Admins-MacBook-Pro.local" failures="0" tests="5" name="com.ugapp.testcases.TC_05_PreAppDashboardTest" time="28.385" errors="0" timestamp="2024-09-20T16:36:14 IST" skipped="0">
  <testcase classname="com.ugapp.testcases.TC_05_PreAppDashboardTest" name="validatePreAppSubmissionPage" time="1.543"/>
  <testcase classname="com.ugapp.testcases.TC_05_PreAppDashboardTest" name="PreAppDashboardNames" time="9.805"/>
  <testcase classname="com.ugapp.testcases.TC_05_PreAppDashboardTest" name="BirthdayAge_Greater24Test" time="4.958"/>
  <testcase classname="com.ugapp.testcases.TC_05_PreAppDashboardTest" name="PhoneNumberTest" time="5.829"/>
  <testcase classname="com.ugapp.testcases.TC_05_PreAppDashboardTest" name="StartNewAppTest" time="6.250"/>
</testsuite> <!-- com.ugapp.testcases.TC_05_PreAppDashboardTest -->
