<?xml version="1.0" encoding="UTF-8"?>
<!-- Generated by org.testng.reporters.JUnitReportReporter -->
<testsuite hostname="Admins-MacBook-Pro.local" failures="0" tests="2" name="com.ugapp.testcases.TC_14_ProfileTest" time="74.227" errors="0" timestamp="2024-09-20T17:34:48 IST" skipped="0">
  <testcase classname="com.ugapp.testcases.TC_14_ProfileTest" name="profile" time="61.896"/>
  <testcase classname="com.ugapp.testcases.TC_14_ProfileTest" name="dashboard" time="12.331"/>
</testsuite> <!-- com.ugapp.testcases.TC_14_ProfileTest -->
