<?xml version="1.0" encoding="UTF-8"?>
<!-- Generated by org.testng.reporters.JUnitReportReporter -->
<testsuite hostname="Admins-MacBook-Pro.local" failures="0" tests="4" name="com.ugapp.testcases.TC_17_PreviewTest" time="65.012" errors="0" timestamp="2024-10-09T15:22:13 IST" skipped="0">
  <testcase classname="com.ugapp.testcases.TC_17_PreviewTest" name="preview" time="17.602"/>
  <testcase classname="com.ugapp.testcases.TC_17_PreviewTest" name="writePreviewToExcel" time="29.944"/>
  <testcase classname="com.ugapp.testcases.TC_17_PreviewTest" name="ComparePreviewWithReview" time="0.117"/>
  <testcase classname="com.ugapp.testcases.TC_17_PreviewTest" name="postPreview" time="17.349"/>
</testsuite> <!-- com.ugapp.testcases.TC_17_PreviewTest -->
