<?xml version="1.0" encoding="UTF-8"?>
<!-- Generated by org.testng.reporters.JUnitReportReporter -->
<testsuite hostname="Admins-MacBook-Pro.local" failures="0" tests="1" name="com.ugapp.testcases.SlackIntegration" time="2.714" errors="0" timestamp="19 Dec 2023 10:48:42 GMT" skipped="0">
  <testcase classname="com.ugapp.testcases.SlackIntegration" name="testS" time="2.714"/>
</testsuite> <!-- com.ugapp.testcases.SlackIntegration -->
