<?xml version="1.0" encoding="UTF-8"?>
<!-- Generated by org.testng.reporters.JUnitReportReporter -->
<testsuite hostname="DESKTOP-OB9VDN9" failures="0" tests="13" name="com.ugapp.testcases.TC_11_MySchoolsPageTest" time="311.145" errors="0" timestamp="08 Nov 2023 11:13:02 GMT" skipped="0">
  <testcase classname="com.ugapp.testcases.TC_11_MySchoolsPageTest" name="RecentSchoolAZTest" time="16.464"/>
  <testcase classname="com.ugapp.testcases.TC_11_MySchoolsPageTest" name="AddMaxHighSchoolTest" time="28.746"/>
  <testcase classname="com.ugapp.testcases.TC_11_MySchoolsPageTest" name="AddMaxHighSchoolTest" time="26.602"/>
  <testcase classname="com.ugapp.testcases.TC_11_MySchoolsPageTest" name="AddMaxHighSchoolTest" time="29.051"/>
  <testcase classname="com.ugapp.testcases.TC_11_MySchoolsPageTest" name="AddMaxHighSchoolTest" time="26.704"/>
  <testcase classname="com.ugapp.testcases.TC_11_MySchoolsPageTest" name="AddMaxHighSchoolTest" time="28.821"/>
  <testcase classname="com.ugapp.testcases.TC_11_MySchoolsPageTest" name="AddMaxHighSchoolTest" time="26.899"/>
  <testcase classname="com.ugapp.testcases.TC_11_MySchoolsPageTest" name="AddMaxHighSchoolTest" time="26.820"/>
  <testcase classname="com.ugapp.testcases.TC_11_MySchoolsPageTest" name="AddMaxHighSchoolTest" time="28.983"/>
  <testcase classname="com.ugapp.testcases.TC_11_MySchoolsPageTest" name="AddMaxHighSchoolTest" time="28.701"/>
  <testcase classname="com.ugapp.testcases.TC_11_MySchoolsPageTest" name="HaveAttendedOrAttendingCollegeAndUniversitiesTest" time="5.300"/>
  <testcase classname="com.ugapp.testcases.TC_11_MySchoolsPageTest" name="CollegeUniversitiesTest" time="20.902"/>
  <testcase classname="com.ugapp.testcases.TC_11_MySchoolsPageTest" name="CollegeUniversitiesTest" time="17.152"/>
</testsuite> <!-- com.ugapp.testcases.TC_11_MySchoolsPageTest -->
