<?xml version="1.0" encoding="UTF-8"?>
<!-- Generated by org.testng.reporters.JUnitReportReporter -->
<testsuite hostname="DESKTOP-OB9VDN9" failures="0" tests="2" name="com.ugapp.testcases.TC_15_PostAppSubmissionDashboardTest" time="10.936" errors="0" timestamp="06 Nov 2023 09:23:12 GMT" skipped="0">
  <testcase classname="com.ugapp.testcases.TC_15_PostAppSubmissionDashboardTest" name="postDashboard" time="3.225"/>
  <testcase classname="com.ugapp.testcases.TC_15_PostAppSubmissionDashboardTest" name="links" time="7.711"/>
</testsuite> <!-- com.ugapp.testcases.TC_15_PostAppSubmissionDashboardTest -->
