<?xml version="1.0" encoding="UTF-8"?>
<!-- Generated by org.testng.reporters.JUnitReportReporter -->
<testsuite hostname="Admins-MacBook-Pro.local" failures="0" tests="6" name="com.ugapp.testcases.TC_15_ReviewTest" time="114.145" errors="0" timestamp="29 Nov 2023 11:38:24 GMT" skipped="0">
  <testcase classname="com.ugapp.testcases.TC_15_ReviewTest" name="review" time="7.563"/>
  <testcase classname="com.ugapp.testcases.TC_15_ReviewTest" name="writeReview" time="23.645"/>
  <testcase classname="com.ugapp.testcases.TC_15_ReviewTest" name="CompareTheData" time="0.057"/>
  <testcase classname="com.ugapp.testcases.TC_15_ReviewTest" name="edit" time="21.575"/>
  <testcase classname="com.ugapp.testcases.TC_15_ReviewTest" name="ApplicationAffidavitTest" time="8.655"/>
  <testcase classname="com.ugapp.testcases.TC_15_ReviewTest" name="ApplicationFee_MasterCardTest" time="52.650"/>
</testsuite> <!-- com.ugapp.testcases.TC_15_ReviewTest -->
