<?xml version="1.0" encoding="UTF-8"?>
<!-- Generated by org.testng.reporters.JUnitReportReporter -->
<testsuite hostname="Admins-MacBook-Pro.local" failures="0" tests="5" name="com.ugapp.testcases.TC_07_LogInTest" time="34.478" errors="0" timestamp="13 Oct 2023 09:33:35 GMT" skipped="0">
  <testcase classname="com.ugapp.testcases.TC_07_LogInTest" name="LogInUsingAsurite" time="8.331"/>
  <testcase classname="com.ugapp.testcases.TC_07_LogInTest" name="loginTest" time="5.446"/>
  <testcase classname="com.ugapp.testcases.TC_07_LogInTest" name="loginTest" time="8.602"/>
  <testcase classname="com.ugapp.testcases.TC_07_LogInTest" name="loginTest" time="8.729"/>
  <testcase classname="com.ugapp.testcases.TC_07_LogInTest" name="login" time="3.370"/>
</testsuite> <!-- com.ugapp.testcases.TC_07_LogInTest -->
