<?xml version="1.0" encoding="UTF-8"?>
<!-- Generated by org.testng.reporters.JUnitReportReporter -->
<testsuite hostname="Admins-MBP" failures="0" tests="2" name="com.ugapp.testcases.TC_14_ProfileTest" time="93.773" errors="0" timestamp="20 Nov 2023 18:32:33 GMT" skipped="0">
  <testcase classname="com.ugapp.testcases.TC_14_ProfileTest" name="profile" time="62.480"/>
  <testcase classname="com.ugapp.testcases.TC_14_ProfileTest" name="dashboard" time="31.293"/>
</testsuite> <!-- com.ugapp.testcases.TC_14_ProfileTest -->
