<?xml version="1.0" encoding="UTF-8"?>
<!-- Generated by org.testng.reporters.JUnitReportReporter -->
<testsuite hostname="Admins-MacBook-Pro.local" failures="0" tests="2" name="com.ugapp.testcases.TC_14_ProfileTest" time="90.920" errors="0" timestamp="29 Nov 2023 11:38:24 GMT" skipped="0">
  <testcase classname="com.ugapp.testcases.TC_14_ProfileTest" name="profile" time="56.844"/>
  <testcase classname="com.ugapp.testcases.TC_14_ProfileTest" name="dashboard" time="34.076"/>
</testsuite> <!-- com.ugapp.testcases.TC_14_ProfileTest -->
