<?xml version="1.0" encoding="UTF-8"?>
<!-- Generated by org.testng.reporters.JUnitReportReporter -->
<testsuite hostname="DESKTOP-OB9VDN9" failures="0" tests="1" name="com.ugapp.testcases.TC_07_LogInTest" time="13.439" errors="0" timestamp="25 Sept 2023 07:34:40 GMT" skipped="0">
  <testcase classname="com.ugapp.testcases.TC_07_LogInTest" name="Dummylogin" time="13.439"/>
</testsuite> <!-- com.ugapp.testcases.TC_07_LogInTest -->
