<?xml version="1.0" encoding="UTF-8"?>
<!-- Generated by org.testng.reporters.JUnitReportReporter -->
<testsuite hostname="Admins-MacBook-Pro.local" failures="0" tests="4" name="com.ugapp.testcases.TC_10_MyASUProgramPageTest" time="92.897" errors="0" timestamp="21 Nov 2023 15:39:48 GMT" skipped="0">
  <testcase classname="com.ugapp.testcases.TC_10_MyASUProgramPageTest" name="academicCalender" time="8.563"/>
  <testcase classname="com.ugapp.testcases.TC_10_MyASUProgramPageTest" name="SearchForProgram" time="29.510"/>
  <testcase classname="com.ugapp.testcases.TC_10_MyASUProgramPageTest" name="clearFilter" time="2.650"/>
  <testcase classname="com.ugapp.testcases.TC_10_MyASUProgramPageTest" name="chooseProgram" time="52.174"/>
</testsuite> <!-- com.ugapp.testcases.TC_10_MyASUProgramPageTest -->
