<?xml version="1.0" encoding="UTF-8"?>
<!-- Generated by org.testng.reporters.JUnitReportReporter -->
<testsuite hostname="DESKTOP-OB9VDN9" failures="0" tests="1" name="com.ugapp.testcases.TC_14_ReviewTest" time="0.629" errors="0" timestamp="25 Oct 2023 10:24:03 GMT" skipped="0">
  <testcase classname="com.ugapp.testcases.TC_14_ReviewTest" name="writeReview" time="0.629"/>
</testsuite> <!-- com.ugapp.testcases.TC_14_ReviewTest -->
