<?xml version="1.0" encoding="UTF-8"?>
<!-- Generated by org.testng.reporters.JUnitReportReporter -->
<testsuite hostname="Admins-MacBook-Pro.local" failures="0" tests="10" name="com.ugapp.testcases.TC_12_MyHighSchoolGradesTest" time="65.139" errors="0" timestamp="21 Nov 2023 18:18:01 GMT" skipped="0">
  <testcase classname="com.ugapp.testcases.TC_12_MyHighSchoolGradesTest" name="MyHighSchoolGrade" time="9.152"/>
  <testcase classname="com.ugapp.testcases.TC_12_MyHighSchoolGradesTest" name="card" time="4.661"/>
  <testcase classname="com.ugapp.testcases.TC_12_MyHighSchoolGradesTest" name="RequiredFields" time="0.141"/>
  <testcase classname="com.ugapp.testcases.TC_12_MyHighSchoolGradesTest" name="overAllAcademicsTest" time="5.623"/>
  <testcase classname="com.ugapp.testcases.TC_12_MyHighSchoolGradesTest" name="overAllAcademicsTest" time="5.646"/>
  <testcase classname="com.ugapp.testcases.TC_12_MyHighSchoolGradesTest" name="overAllAcademicsTest" time="5.284"/>
  <testcase classname="com.ugapp.testcases.TC_12_MyHighSchoolGradesTest" name="overAllAcademicsTest" time="5.438"/>
  <testcase classname="com.ugapp.testcases.TC_12_MyHighSchoolGradesTest" name="overAllAcademicsTest" time="5.224"/>
  <testcase classname="com.ugapp.testcases.TC_12_MyHighSchoolGradesTest" name="gpaScaleGradingSystem" time="7.072"/>
  <testcase classname="com.ugapp.testcases.TC_12_MyHighSchoolGradesTest" name="addCourse" time="16.898"/>
</testsuite> <!-- com.ugapp.testcases.TC_12_MyHighSchoolGradesTest -->
