<?xml version="1.0" encoding="UTF-8"?>
<!-- Generated by org.testng.reporters.JUnitReportReporter -->
<testsuite hostname="Admins-MacBook-Pro.local" failures="0" tests="6" name="com.ugapp.testcases.TC_07_LogInTest" time="0.000" errors="0" timestamp="11 Dec 2023 18:34:43 GMT" skipped="6">
  <testcase classname="com.ugapp.testcases.TC_07_LogInTest" name="LogInUsingAsurite" time="0.000">
    <skipped/>
  </testcase> <!-- LogInUsingAsurite -->
  <testcase classname="com.ugapp.testcases.TC_07_LogInTest" name="loginTest" time="0.000">
    <skipped/>
  </testcase> <!-- loginTest -->
  <testcase classname="com.ugapp.testcases.TC_07_LogInTest" name="loginTest" time="0.000">
    <skipped/>
  </testcase> <!-- loginTest -->
  <testcase classname="com.ugapp.testcases.TC_07_LogInTest" name="loginTest" time="0.000">
    <skipped/>
  </testcase> <!-- loginTest -->
  <testcase classname="com.ugapp.testcases.TC_07_LogInTest" name="login" time="0.000">
    <skipped/>
  </testcase> <!-- login -->
  <testcase classname="com.ugapp.testcases.TC_07_LogInTest" name="login" time="0.000">
    <skipped/>
  </testcase> <!-- login -->
</testsuite> <!-- com.ugapp.testcases.TC_07_LogInTest -->
