<?xml version="1.0" encoding="UTF-8"?>
<!-- Generated by org.testng.reporters.JUnitReportReporter -->
<testsuite hostname="Admins-MBP" failures="0" tests="2" name="com.ugapp.testcases.TC_06_ResetPasswordTest" time="6.753" errors="0" timestamp="20 Nov 2023 18:32:33 GMT" skipped="0">
  <testcase classname="com.ugapp.testcases.TC_06_ResetPasswordTest" name="ResetPassword" time="3.626"/>
  <testcase classname="com.ugapp.testcases.TC_06_ResetPasswordTest" name="setNewPasswordPage" time="3.127"/>
</testsuite> <!-- com.ugapp.testcases.TC_06_ResetPasswordTest -->
