<?xml version="1.0" encoding="UTF-8"?>
<!-- Generated by org.testng.reporters.JUnitReportReporter -->
<testsuite hostname="Admins-MacBook-Pro.local" failures="0" tests="2" name="com.ugapp.testcases.TC_06_ResetPasswordTest" time="6.659" errors="0" timestamp="30 Nov 2023 06:56:05 GMT" skipped="0">
  <testcase classname="com.ugapp.testcases.TC_06_ResetPasswordTest" name="ResetPassword" time="3.507"/>
  <testcase classname="com.ugapp.testcases.TC_06_ResetPasswordTest" name="setNewPasswordPage" time="3.152"/>
</testsuite> <!-- com.ugapp.testcases.TC_06_ResetPasswordTest -->
