<?xml version="1.0" encoding="UTF-8"?>
<!-- Generated by org.testng.reporters.JUnitReportReporter -->
<testsuite hostname="Admins-MacBook-Pro.local" failures="0" tests="2" name="com.ugapp.testcases.TC_14_ProfileTest" time="82.279" errors="0" timestamp="24 Jan 2024 11:58:30 GMT" skipped="0">
  <testcase classname="com.ugapp.testcases.TC_14_ProfileTest" name="profile" time="51.362"/>
  <testcase classname="com.ugapp.testcases.TC_14_ProfileTest" name="dashboard" time="30.917"/>
</testsuite> <!-- com.ugapp.testcases.TC_14_ProfileTest -->
