<?xml version="1.0" encoding="UTF-8"?>
<!-- Generated by org.testng.reporters.JUnitReportReporter -->
<testsuite hostname="DESKTOP-OB9VDN9" failures="0" tests="6" name="com.ugapp.testcases.TC_07_LogInTest" time="32.791" errors="0" timestamp="22 Sept 2023 09:39:15 GMT" skipped="1">
  <testcase classname="com.ugapp.testcases.TC_07_LogInTest" name="LogInUsingAsurite" time="7.993"/>
  <testcase classname="com.ugapp.testcases.TC_07_LogInTest" name="loginTest" time="8.429"/>
  <testcase classname="com.ugapp.testcases.TC_07_LogInTest" name="loginTest" time="8.445"/>
  <testcase classname="com.ugapp.testcases.TC_07_LogInTest" name="loginTest" time="5.258"/>
  <testcase classname="com.ugapp.testcases.TC_07_LogInTest" name="loginTest" time="0.002">
    <skipped/>
  </testcase> <!-- loginTest -->
  <testcase classname="com.ugapp.testcases.TC_07_LogInTest" name="login" time="2.664"/>
</testsuite> <!-- com.ugapp.testcases.TC_07_LogInTest -->
