<?xml version="1.0" encoding="UTF-8"?>
<!-- Generated by org.testng.reporters.JUnitReportReporter -->
<testsuite hostname="Admins-MacBook-Pro.local" failures="0" tests="3" name="com.ugapp.testcases.TC_13_AZresidencyPageTest" time="37.624" errors="0" timestamp="2024-05-23T21:25:28 IST" skipped="0">
  <testcase classname="com.ugapp.testcases.TC_13_AZresidencyPageTest" name="ValidateAZresidencyPage" time="7.088"/>
  <testcase classname="com.ugapp.testcases.TC_13_AZresidencyPageTest" name="NonResidentAZflowTest" time="0.057"/>
  <testcase classname="com.ugapp.testcases.TC_13_AZresidencyPageTest" name="ContinuePageTest" time="30.479"/>
</testsuite> <!-- com.ugapp.testcases.TC_13_AZresidencyPageTest -->
