<?xml version="1.0" encoding="UTF-8"?>
<!-- Generated by org.testng.reporters.JUnitReportReporter -->
<testsuite hostname="Admins-MacBook-Pro.local" failures="0" tests="15" name="com.ugapp.testcases.TC_13_AZresidencyPageTest" time="131.980" errors="0" timestamp="17 Nov 2023 06:18:08 GMT" skipped="0">
  <testcase classname="com.ugapp.testcases.TC_13_AZresidencyPageTest" name="validateMyInfoPage" time="15.972"/>
  <testcase classname="com.ugapp.testcases.TC_13_AZresidencyPageTest" name="PermanentHomeTest" time="0.531"/>
  <testcase classname="com.ugapp.testcases.TC_13_AZresidencyPageTest" name="EnrolledAnotherCollOrUniversityTest" time="4.965"/>
  <testcase classname="com.ugapp.testcases.TC_13_AZresidencyPageTest" name="EnrolledAtASUTest" time="4.271"/>
  <testcase classname="com.ugapp.testcases.TC_13_AZresidencyPageTest" name="DriverLicenseTest" time="7.316"/>
  <testcase classname="com.ugapp.testcases.TC_13_AZresidencyPageTest" name="VehicleDetailsTest" time="7.969"/>
  <testcase classname="com.ugapp.testcases.TC_13_AZresidencyPageTest" name="StateTaxesTest" time="3.499"/>
  <testcase classname="com.ugapp.testcases.TC_13_AZresidencyPageTest" name="FinancialSupportTest" time="1.294"/>
  <testcase classname="com.ugapp.testcases.TC_13_AZresidencyPageTest" name="OtherFinancialSupportTest" time="0.017"/>
  <testcase classname="com.ugapp.testcases.TC_13_AZresidencyPageTest" name="EmploymentDetailsTest" time="9.746"/>
  <testcase classname="com.ugapp.testcases.TC_13_AZresidencyPageTest" name="SpouseOrDependentflowTest" time="4.315"/>
  <testcase classname="com.ugapp.testcases.TC_13_AZresidencyPageTest" name="AmericanIndianOrAlaskaNAtiveTest" time="0.020"/>
  <testcase classname="com.ugapp.testcases.TC_13_AZresidencyPageTest" name="ParentLegalGuardianDetailsTest" time="22.110"/>
  <testcase classname="com.ugapp.testcases.TC_13_AZresidencyPageTest" name="SpouseRelatedDetailsTest" time="31.809"/>
  <testcase classname="com.ugapp.testcases.TC_13_AZresidencyPageTest" name="SavePageTest" time="18.146"/>
</testsuite> <!-- com.ugapp.testcases.TC_13_AZresidencyPageTest -->
