<?xml version="1.0" encoding="UTF-8"?>
<!-- Generated by org.testng.reporters.JUnitReportReporter -->
<testsuite hostname="Admins-MacBook-Pro.local" failures="0" tests="1" name="com.ugapp.testcases.TC_05_VerifyEmailTest" time="21.381" errors="0" timestamp="17 Nov 2023 06:18:08 GMT" skipped="0">
  <testcase classname="com.ugapp.testcases.TC_05_VerifyEmailTest" name="verifyEmail" time="21.381"/>
</testsuite> <!-- com.ugapp.testcases.TC_05_VerifyEmailTest -->
