<?xml version="1.0" encoding="UTF-8"?>
<!-- Generated by org.testng.reporters.JUnitReportReporter -->
<testsuite hostname="Admins-MacBook-Pro.local" failures="0" tests="14" name="com.ugapp.testcases.TC_08_PreAppDashboardTest" time="0.000" errors="0" timestamp="11 Dec 2023 18:34:43 GMT" skipped="14">
  <testcase classname="com.ugapp.testcases.TC_08_PreAppDashboardTest" name="validatePreAppSubmissionPage" time="0.000">
    <skipped/>
  </testcase> <!-- validatePreAppSubmissionPage -->
  <testcase classname="com.ugapp.testcases.TC_08_PreAppDashboardTest" name="validatePreAppSubmissionPage" time="0.000">
    <skipped/>
  </testcase> <!-- validatePreAppSubmissionPage -->
  <testcase classname="com.ugapp.testcases.TC_08_PreAppDashboardTest" name="NeedHelpTest" time="0.000">
    <skipped/>
  </testcase> <!-- NeedHelpTest -->
  <testcase classname="com.ugapp.testcases.TC_08_PreAppDashboardTest" name="PreAppDashboardTest" time="0.000">
    <skipped/>
  </testcase> <!-- PreAppDashboardTest -->
  <testcase classname="com.ugapp.testcases.TC_08_PreAppDashboardTest" name="PreAppDashboardTest" time="0.000">
    <skipped/>
  </testcase> <!-- PreAppDashboardTest -->
  <testcase classname="com.ugapp.testcases.TC_08_PreAppDashboardTest" name="PreAppDashboardTest" time="0.000">
    <skipped/>
  </testcase> <!-- PreAppDashboardTest -->
  <testcase classname="com.ugapp.testcases.TC_08_PreAppDashboardTest" name="PreAppDashboardTest" time="0.000">
    <skipped/>
  </testcase> <!-- PreAppDashboardTest -->
  <testcase classname="com.ugapp.testcases.TC_08_PreAppDashboardTest" name="PreAppDashboardTest" time="0.000">
    <skipped/>
  </testcase> <!-- PreAppDashboardTest -->
  <testcase classname="com.ugapp.testcases.TC_08_PreAppDashboardTest" name="PreAppDashboardElements" time="0.000">
    <skipped/>
  </testcase> <!-- PreAppDashboardElements -->
  <testcase classname="com.ugapp.testcases.TC_08_PreAppDashboardTest" name="PreAppDashboardElements" time="0.000">
    <skipped/>
  </testcase> <!-- PreAppDashboardElements -->
  <testcase classname="com.ugapp.testcases.TC_08_PreAppDashboardTest" name="BirthdayAge_Greater24Test" time="0.000">
    <skipped/>
  </testcase> <!-- BirthdayAge_Greater24Test -->
  <testcase classname="com.ugapp.testcases.TC_08_PreAppDashboardTest" name="BirthdayAge_Btn18_24Test" time="0.000">
    <skipped/>
  </testcase> <!-- BirthdayAge_Btn18_24Test -->
  <testcase classname="com.ugapp.testcases.TC_08_PreAppDashboardTest" name="StartNewAppTest" time="0.000">
    <skipped/>
  </testcase> <!-- StartNewAppTest -->
  <testcase classname="com.ugapp.testcases.TC_08_PreAppDashboardTest" name="StartNewAppTest" time="0.000">
    <skipped/>
  </testcase> <!-- StartNewAppTest -->
</testsuite> <!-- com.ugapp.testcases.TC_08_PreAppDashboardTest -->
