<?xml version="1.0" encoding="UTF-8"?>
<!-- Generated by org.testng.reporters.JUnitReportReporter -->
<testsuite hostname="Admins-MacBook-Pro.local" failures="0" tests="2" name="com.ugapp.testcases.TC_16_PostAppSubmissionDashboardTest" time="23.411" errors="0" timestamp="29 Nov 2023 11:38:24 GMT" skipped="0">
  <testcase classname="com.ugapp.testcases.TC_16_PostAppSubmissionDashboardTest" name="postDashboard" time="9.736"/>
  <testcase classname="com.ugapp.testcases.TC_16_PostAppSubmissionDashboardTest" name="links" time="13.675"/>
</testsuite> <!-- com.ugapp.testcases.TC_16_PostAppSubmissionDashboardTest -->
