<?xml version="1.0" encoding="UTF-8"?>
<!-- Generated by org.testng.reporters.JUnitReportReporter -->
<testsuite hostname="Admins-MacBook-Pro.local" failures="0" tests="1004" name="com.ugapp.testcases.TC_08_PreAppDashboardTest" time="15.345" errors="10" timestamp="01 Dec 2023 11:07:47 GMT" skipped="994">
  <testcase classname="com.ugapp.testcases.TC_08_PreAppDashboardTest" name="validatePreAppSubmissionPage" time="0.003">
    <error message="Cannot invoke &quot;org.openqa.selenium.support.ui.WebDriverWait.until(java.util.function.Function)&quot; because &quot;com.ugapp.base.Page2.wait&quot; is null" type="java.lang.NullPointerException">
      <![CDATA[java.lang.NullPointerException: Cannot invoke "org.openqa.selenium.support.ui.WebDriverWait.until(java.util.function.Function)" because "com.ugapp.base.Page2.wait" is null
	at com.ugapp.base.Page2.waitTillLoaderDisappears(Page2.java:342)
	at com.ugapp.pages.PreAppDashboardPage.validatePreAppPage(PreAppDashboardPage.java:25)
	at com.ugapp.testcases.TC_08_PreAppDashboardTest.validatePreAppSubmissionPage(TC_08_PreAppDashboardTest.java:28)
	at java.base/jdk.internal.reflect.DirectMethodHandleAccessor.invoke(DirectMethodHandleAccessor.java:104)
	at java.base/java.lang.reflect.Method.invoke(Method.java:578)
	at org.testng.internal.MethodInvocationHelper.invokeMethod(MethodInvocationHelper.java:108)
	at org.testng.internal.Invoker.invokeMethod(Invoker.java:661)
	at org.testng.internal.Invoker.invokeTestMethod(Invoker.java:869)
	at org.testng.internal.Invoker.invokeTestMethods(Invoker.java:1193)
	at org.testng.internal.TestMethodWorker.invokeTestMethods(TestMethodWorker.java:126)
	at org.testng.internal.TestMethodWorker.run(TestMethodWorker.java:109)
	at org.testng.TestRunner.privateRun(TestRunner.java:744)
	at org.testng.TestRunner.run(TestRunner.java:602)
	at org.testng.SuiteRunner.runTest(SuiteRunner.java:380)
	at org.testng.SuiteRunner.runSequentially(SuiteRunner.java:375)
	at org.testng.SuiteRunner.privateRun(SuiteRunner.java:340)
	at org.testng.SuiteRunner.run(SuiteRunner.java:289)
	at org.testng.SuiteRunnerWorker.runSuite(SuiteRunnerWorker.java:52)
	at org.testng.SuiteRunnerWorker.run(SuiteRunnerWorker.java:86)
	at org.testng.TestNG.runSuitesSequentially(TestNG.java:1301)
	at org.testng.TestNG.runSuitesSequentially(TestNG.java:1297)
	at org.testng.TestNG.runSuitesLocally(TestNG.java:1226)
	at org.testng.TestNG.runSuites(TestNG.java:1144)
	at org.testng.TestNG.run(TestNG.java:1115)
	at org.testng.remote.AbstractRemoteTestNG.run(AbstractRemoteTestNG.java:115)
	at org.testng.remote.RemoteTestNG.initAndRun(RemoteTestNG.java:251)
	at org.testng.remote.RemoteTestNG.main(RemoteTestNG.java:77)
]]>
    </error>
  </testcase> <!-- validatePreAppSubmissionPage -->
  <testcase classname="com.ugapp.testcases.TC_08_PreAppDashboardTest" name="NeedHelpTest" time="0.000">
    <error message="Cannot invoke &quot;org.openqa.selenium.support.ui.WebDriverWait.until(java.util.function.Function)&quot; because &quot;com.ugapp.base.Page2.wait&quot; is null" type="java.lang.NullPointerException">
      <![CDATA[java.lang.NullPointerException: Cannot invoke "org.openqa.selenium.support.ui.WebDriverWait.until(java.util.function.Function)" because "com.ugapp.base.Page2.wait" is null
	at com.ugapp.base.Page2.waitTillLoaderDisappears(Page2.java:342)
	at com.ugapp.pages.PreAppDashboardPage.IfIncorrectClickhereLink(PreAppDashboardPage.java:638)
	at com.ugapp.testcases.TC_08_PreAppDashboardTest.NeedHelpTest(TC_08_PreAppDashboardTest.java:37)
	at java.base/jdk.internal.reflect.DirectMethodHandleAccessor.invoke(DirectMethodHandleAccessor.java:104)
	at java.base/java.lang.reflect.Method.invoke(Method.java:578)
	at org.testng.internal.MethodInvocationHelper.invokeMethod(MethodInvocationHelper.java:108)
	at org.testng.internal.Invoker.invokeMethod(Invoker.java:661)
	at org.testng.internal.Invoker.invokeTestMethod(Invoker.java:869)
	at org.testng.internal.Invoker.invokeTestMethods(Invoker.java:1193)
	at org.testng.internal.TestMethodWorker.invokeTestMethods(TestMethodWorker.java:126)
	at org.testng.internal.TestMethodWorker.run(TestMethodWorker.java:109)
	at org.testng.TestRunner.privateRun(TestRunner.java:744)
	at org.testng.TestRunner.run(TestRunner.java:602)
	at org.testng.SuiteRunner.runTest(SuiteRunner.java:380)
	at org.testng.SuiteRunner.runSequentially(SuiteRunner.java:375)
	at org.testng.SuiteRunner.privateRun(SuiteRunner.java:340)
	at org.testng.SuiteRunner.run(SuiteRunner.java:289)
	at org.testng.SuiteRunnerWorker.runSuite(SuiteRunnerWorker.java:52)
	at org.testng.SuiteRunnerWorker.run(SuiteRunnerWorker.java:86)
	at org.testng.TestNG.runSuitesSequentially(TestNG.java:1301)
	at org.testng.TestNG.runSuitesSequentially(TestNG.java:1297)
	at org.testng.TestNG.runSuitesLocally(TestNG.java:1226)
	at org.testng.TestNG.runSuites(TestNG.java:1144)
	at org.testng.TestNG.run(TestNG.java:1115)
	at org.testng.remote.AbstractRemoteTestNG.run(AbstractRemoteTestNG.java:115)
	at org.testng.remote.RemoteTestNG.initAndRun(RemoteTestNG.java:251)
	at org.testng.remote.RemoteTestNG.main(RemoteTestNG.java:77)
]]>
    </error>
  </testcase> <!-- NeedHelpTest -->
  <testcase classname="com.ugapp.testcases.TC_08_PreAppDashboardTest" name="PreAppDashboardTest" time="0.001">
    <skipped/>
  </testcase> <!-- PreAppDashboardTest -->
  <testcase classname="com.ugapp.testcases.TC_08_PreAppDashboardTest" name="PreAppDashboardTest" time="0.001">
    <skipped/>
  </testcase> <!-- PreAppDashboardTest -->
  <testcase classname="com.ugapp.testcases.TC_08_PreAppDashboardTest" name="PreAppDashboardTest" time="0.000">
    <skipped/>
  </testcase> <!-- PreAppDashboardTest -->
  <testcase classname="com.ugapp.testcases.TC_08_PreAppDashboardTest" name="PreAppDashboardTest" time="0.001">
    <skipped/>
  </testcase> <!-- PreAppDashboardTest -->
  <testcase classname="com.ugapp.testcases.TC_08_PreAppDashboardTest" name="PreAppDashboardTest" time="0.000">
    <skipped/>
  </testcase> <!-- PreAppDashboardTest -->
  <testcase classname="com.ugapp.testcases.TC_08_PreAppDashboardTest" name="PreAppDashboardTest" time="0.000">
    <skipped/>
  </testcase> <!-- PreAppDashboardTest -->
  <testcase classname="com.ugapp.testcases.TC_08_PreAppDashboardTest" name="PreAppDashboardTest" time="0.000">
    <skipped/>
  </testcase> <!-- PreAppDashboardTest -->
  <testcase classname="com.ugapp.testcases.TC_08_PreAppDashboardTest" name="PreAppDashboardTest" time="0.001">
    <skipped/>
  </testcase> <!-- PreAppDashboardTest -->
  <testcase classname="com.ugapp.testcases.TC_08_PreAppDashboardTest" name="PreAppDashboardTest" time="0.001">
    <skipped/>
  </testcase> <!-- PreAppDashboardTest -->
  <testcase classname="com.ugapp.testcases.TC_08_PreAppDashboardTest" name="PreAppDashboardTest" time="0.000">
    <skipped/>
  </testcase> <!-- PreAppDashboardTest -->
  <testcase classname="com.ugapp.testcases.TC_08_PreAppDashboardTest" name="PreAppDashboardTest" time="0.001">
    <skipped/>
  </testcase> <!-- PreAppDashboardTest -->
  <testcase classname="com.ugapp.testcases.TC_08_PreAppDashboardTest" name="PreAppDashboardTest" time="0.000">
    <skipped/>
  </testcase> <!-- PreAppDashboardTest -->
  <testcase classname="com.ugapp.testcases.TC_08_PreAppDashboardTest" name="PreAppDashboardTest" time="0.000">
    <skipped/>
  </testcase> <!-- PreAppDashboardTest -->
  <testcase classname="com.ugapp.testcases.TC_08_PreAppDashboardTest" name="PreAppDashboardTest" time="0.000">
    <skipped/>
  </testcase> <!-- PreAppDashboardTest -->
  <testcase classname="com.ugapp.testcases.TC_08_PreAppDashboardTest" name="PreAppDashboardTest" time="0.000">
    <skipped/>
  </testcase> <!-- PreAppDashboardTest -->
  <testcase classname="com.ugapp.testcases.TC_08_PreAppDashboardTest" name="PreAppDashboardTest" time="0.000">
    <skipped/>
  </testcase> <!-- PreAppDashboardTest -->
  <testcase classname="com.ugapp.testcases.TC_08_PreAppDashboardTest" name="PreAppDashboardTest" time="0.000">
    <skipped/>
  </testcase> <!-- PreAppDashboardTest -->
  <testcase classname="com.ugapp.testcases.TC_08_PreAppDashboardTest" name="PreAppDashboardTest" time="0.000">
    <skipped/>
  </testcase> <!-- PreAppDashboardTest -->
  <testcase classname="com.ugapp.testcases.TC_08_PreAppDashboardTest" name="PreAppDashboardTest" time="0.001">
    <skipped/>
  </testcase> <!-- PreAppDashboardTest -->
  <testcase classname="com.ugapp.testcases.TC_08_PreAppDashboardTest" name="PreAppDashboardTest" time="0.000">
    <skipped/>
  </testcase> <!-- PreAppDashboardTest -->
  <testcase classname="com.ugapp.testcases.TC_08_PreAppDashboardTest" name="PreAppDashboardTest" time="0.000">
    <skipped/>
  </testcase> <!-- PreAppDashboardTest -->
  <testcase classname="com.ugapp.testcases.TC_08_PreAppDashboardTest" name="PreAppDashboardTest" time="0.000">
    <skipped/>
  </testcase> <!-- PreAppDashboardTest -->
  <testcase classname="com.ugapp.testcases.TC_08_PreAppDashboardTest" name="PreAppDashboardTest" time="0.000">
    <skipped/>
  </testcase> <!-- PreAppDashboardTest -->
  <testcase classname="com.ugapp.testcases.TC_08_PreAppDashboardTest" name="PreAppDashboardTest" time="0.001">
    <skipped/>
  </testcase> <!-- PreAppDashboardTest -->
  <testcase classname="com.ugapp.testcases.TC_08_PreAppDashboardTest" name="PreAppDashboardTest" time="0.000">
    <skipped/>
  </testcase> <!-- PreAppDashboardTest -->
  <testcase classname="com.ugapp.testcases.TC_08_PreAppDashboardTest" name="PreAppDashboardTest" time="0.000">
    <skipped/>
  </testcase> <!-- PreAppDashboardTest -->
  <testcase classname="com.ugapp.testcases.TC_08_PreAppDashboardTest" name="PreAppDashboardTest" time="0.000">
    <skipped/>
  </testcase> <!-- PreAppDashboardTest -->
  <testcase classname="com.ugapp.testcases.TC_08_PreAppDashboardTest" name="PreAppDashboardTest" time="0.000">
    <skipped/>
  </testcase> <!-- PreAppDashboardTest -->
  <testcase classname="com.ugapp.testcases.TC_08_PreAppDashboardTest" name="PreAppDashboardTest" time="0.000">
    <skipped/>
  </testcase> <!-- PreAppDashboardTest -->
  <testcase classname="com.ugapp.testcases.TC_08_PreAppDashboardTest" name="PreAppDashboardTest" time="0.000">
    <skipped/>
  </testcase> <!-- PreAppDashboardTest -->
  <testcase classname="com.ugapp.testcases.TC_08_PreAppDashboardTest" name="PreAppDashboardTest" time="0.000">
    <skipped/>
  </testcase> <!-- PreAppDashboardTest -->
  <testcase classname="com.ugapp.testcases.TC_08_PreAppDashboardTest" name="PreAppDashboardTest" time="0.000">
    <skipped/>
  </testcase> <!-- PreAppDashboardTest -->
  <testcase classname="com.ugapp.testcases.TC_08_PreAppDashboardTest" name="PreAppDashboardTest" time="0.000">
    <skipped/>
  </testcase> <!-- PreAppDashboardTest -->
  <testcase classname="com.ugapp.testcases.TC_08_PreAppDashboardTest" name="PreAppDashboardTest" time="0.000">
    <skipped/>
  </testcase> <!-- PreAppDashboardTest -->
  <testcase classname="com.ugapp.testcases.TC_08_PreAppDashboardTest" name="PreAppDashboardTest" time="0.001">
    <skipped/>
  </testcase> <!-- PreAppDashboardTest -->
  <testcase classname="com.ugapp.testcases.TC_08_PreAppDashboardTest" name="PreAppDashboardTest" time="0.000">
    <skipped/>
  </testcase> <!-- PreAppDashboardTest -->
  <testcase classname="com.ugapp.testcases.TC_08_PreAppDashboardTest" name="PreAppDashboardTest" time="0.000">
    <skipped/>
  </testcase> <!-- PreAppDashboardTest -->
  <testcase classname="com.ugapp.testcases.TC_08_PreAppDashboardTest" name="PreAppDashboardTest" time="0.001">
    <skipped/>
  </testcase> <!-- PreAppDashboardTest -->
  <testcase classname="com.ugapp.testcases.TC_08_PreAppDashboardTest" name="PreAppDashboardTest" time="0.000">
    <skipped/>
  </testcase> <!-- PreAppDashboardTest -->
  <testcase classname="com.ugapp.testcases.TC_08_PreAppDashboardTest" name="PreAppDashboardTest" time="0.001">
    <skipped/>
  </testcase> <!-- PreAppDashboardTest -->
  <testcase classname="com.ugapp.testcases.TC_08_PreAppDashboardTest" name="PreAppDashboardTest" time="0.000">
    <skipped/>
  </testcase> <!-- PreAppDashboardTest -->
  <testcase classname="com.ugapp.testcases.TC_08_PreAppDashboardTest" name="PreAppDashboardTest" time="0.000">
    <skipped/>
  </testcase> <!-- PreAppDashboardTest -->
  <testcase classname="com.ugapp.testcases.TC_08_PreAppDashboardTest" name="PreAppDashboardTest" time="0.000">
    <skipped/>
  </testcase> <!-- PreAppDashboardTest -->
  <testcase classname="com.ugapp.testcases.TC_08_PreAppDashboardTest" name="PreAppDashboardTest" time="0.000">
    <skipped/>
  </testcase> <!-- PreAppDashboardTest -->
  <testcase classname="com.ugapp.testcases.TC_08_PreAppDashboardTest" name="PreAppDashboardTest" time="0.001">
    <skipped/>
  </testcase> <!-- PreAppDashboardTest -->
  <testcase classname="com.ugapp.testcases.TC_08_PreAppDashboardTest" name="PreAppDashboardTest" time="0.001">
    <skipped/>
  </testcase> <!-- PreAppDashboardTest -->
  <testcase classname="com.ugapp.testcases.TC_08_PreAppDashboardTest" name="PreAppDashboardTest" time="0.001">
    <skipped/>
  </testcase> <!-- PreAppDashboardTest -->
  <testcase classname="com.ugapp.testcases.TC_08_PreAppDashboardTest" name="PreAppDashboardTest" time="0.000">
    <skipped/>
  </testcase> <!-- PreAppDashboardTest -->
  <testcase classname="com.ugapp.testcases.TC_08_PreAppDashboardTest" name="PreAppDashboardTest" time="0.000">
    <skipped/>
  </testcase> <!-- PreAppDashboardTest -->
  <testcase classname="com.ugapp.testcases.TC_08_PreAppDashboardTest" name="PreAppDashboardTest" time="0.000">
    <skipped/>
  </testcase> <!-- PreAppDashboardTest -->
  <testcase classname="com.ugapp.testcases.TC_08_PreAppDashboardTest" name="PreAppDashboardTest" time="0.000">
    <skipped/>
  </testcase> <!-- PreAppDashboardTest -->
  <testcase classname="com.ugapp.testcases.TC_08_PreAppDashboardTest" name="PreAppDashboardTest" time="0.001">
    <skipped/>
  </testcase> <!-- PreAppDashboardTest -->
  <testcase classname="com.ugapp.testcases.TC_08_PreAppDashboardTest" name="PreAppDashboardTest" time="0.000">
    <skipped/>
  </testcase> <!-- PreAppDashboardTest -->
  <testcase classname="com.ugapp.testcases.TC_08_PreAppDashboardTest" name="PreAppDashboardTest" time="0.001">
    <skipped/>
  </testcase> <!-- PreAppDashboardTest -->
  <testcase classname="com.ugapp.testcases.TC_08_PreAppDashboardTest" name="PreAppDashboardTest" time="0.000">
    <skipped/>
  </testcase> <!-- PreAppDashboardTest -->
  <testcase classname="com.ugapp.testcases.TC_08_PreAppDashboardTest" name="PreAppDashboardTest" time="0.001">
    <skipped/>
  </testcase> <!-- PreAppDashboardTest -->
  <testcase classname="com.ugapp.testcases.TC_08_PreAppDashboardTest" name="PreAppDashboardTest" time="0.000">
    <skipped/>
  </testcase> <!-- PreAppDashboardTest -->
  <testcase classname="com.ugapp.testcases.TC_08_PreAppDashboardTest" name="PreAppDashboardTest" time="0.001">
    <skipped/>
  </testcase> <!-- PreAppDashboardTest -->
  <testcase classname="com.ugapp.testcases.TC_08_PreAppDashboardTest" name="PreAppDashboardTest" time="3.005">
    <error message="Cannot invoke &quot;org.openqa.selenium.WebDriver.findElement(org.openqa.selenium.By)&quot; because &quot;com.ugapp.base.Page2.driver&quot; is null" type="java.lang.NullPointerException">
      <![CDATA[java.lang.NullPointerException: Cannot invoke "org.openqa.selenium.WebDriver.findElement(org.openqa.selenium.By)" because "com.ugapp.base.Page2.driver" is null
	at com.ugapp.base.Page2.type(Page2.java:200)
	at com.ugapp.pages.PreAppDashboardPage.userDetails(PreAppDashboardPage.java:41)
	at com.ugapp.testcases.TC_08_PreAppDashboardTest.PreAppDashboardTest(TC_08_PreAppDashboardTest.java:53)
	at java.base/jdk.internal.reflect.DirectMethodHandleAccessor.invoke(DirectMethodHandleAccessor.java:104)
	at java.base/java.lang.reflect.Method.invoke(Method.java:578)
	at org.testng.internal.MethodInvocationHelper.invokeMethod(MethodInvocationHelper.java:108)
	at org.testng.internal.Invoker.invokeMethod(Invoker.java:661)
	at org.testng.internal.Invoker.invokeTestMethod(Invoker.java:869)
	at org.testng.internal.Invoker.invokeTestMethods(Invoker.java:1193)
	at org.testng.internal.TestMethodWorker.invokeTestMethods(TestMethodWorker.java:126)
	at org.testng.internal.TestMethodWorker.run(TestMethodWorker.java:109)
	at org.testng.TestRunner.privateRun(TestRunner.java:744)
	at org.testng.TestRunner.run(TestRunner.java:602)
	at org.testng.SuiteRunner.runTest(SuiteRunner.java:380)
	at org.testng.SuiteRunner.runSequentially(SuiteRunner.java:375)
	at org.testng.SuiteRunner.privateRun(SuiteRunner.java:340)
	at org.testng.SuiteRunner.run(SuiteRunner.java:289)
	at org.testng.SuiteRunnerWorker.runSuite(SuiteRunnerWorker.java:52)
	at org.testng.SuiteRunnerWorker.run(SuiteRunnerWorker.java:86)
	at org.testng.TestNG.runSuitesSequentially(TestNG.java:1301)
	at org.testng.TestNG.runSuitesSequentially(TestNG.java:1297)
	at org.testng.TestNG.runSuitesLocally(TestNG.java:1226)
	at org.testng.TestNG.runSuites(TestNG.java:1144)
	at org.testng.TestNG.run(TestNG.java:1115)
	at org.testng.remote.AbstractRemoteTestNG.run(AbstractRemoteTestNG.java:115)
	at org.testng.remote.RemoteTestNG.initAndRun(RemoteTestNG.java:251)
	at org.testng.remote.RemoteTestNG.main(RemoteTestNG.java:77)
]]>
    </error>
  </testcase> <!-- PreAppDashboardTest -->
  <testcase classname="com.ugapp.testcases.TC_08_PreAppDashboardTest" name="PreAppDashboardTest" time="0.000">
    <skipped/>
  </testcase> <!-- PreAppDashboardTest -->
  <testcase classname="com.ugapp.testcases.TC_08_PreAppDashboardTest" name="PreAppDashboardTest" time="0.000">
    <skipped/>
  </testcase> <!-- PreAppDashboardTest -->
  <testcase classname="com.ugapp.testcases.TC_08_PreAppDashboardTest" name="PreAppDashboardTest" time="0.000">
    <skipped/>
  </testcase> <!-- PreAppDashboardTest -->
  <testcase classname="com.ugapp.testcases.TC_08_PreAppDashboardTest" name="PreAppDashboardTest" time="0.000">
    <skipped/>
  </testcase> <!-- PreAppDashboardTest -->
  <testcase classname="com.ugapp.testcases.TC_08_PreAppDashboardTest" name="PreAppDashboardTest" time="0.001">
    <skipped/>
  </testcase> <!-- PreAppDashboardTest -->
  <testcase classname="com.ugapp.testcases.TC_08_PreAppDashboardTest" name="PreAppDashboardTest" time="0.001">
    <skipped/>
  </testcase> <!-- PreAppDashboardTest -->
  <testcase classname="com.ugapp.testcases.TC_08_PreAppDashboardTest" name="PreAppDashboardTest" time="0.000">
    <skipped/>
  </testcase> <!-- PreAppDashboardTest -->
  <testcase classname="com.ugapp.testcases.TC_08_PreAppDashboardTest" name="PreAppDashboardTest" time="0.000">
    <skipped/>
  </testcase> <!-- PreAppDashboardTest -->
  <testcase classname="com.ugapp.testcases.TC_08_PreAppDashboardTest" name="PreAppDashboardTest" time="0.001">
    <skipped/>
  </testcase> <!-- PreAppDashboardTest -->
  <testcase classname="com.ugapp.testcases.TC_08_PreAppDashboardTest" name="PreAppDashboardTest" time="0.000">
    <skipped/>
  </testcase> <!-- PreAppDashboardTest -->
  <testcase classname="com.ugapp.testcases.TC_08_PreAppDashboardTest" name="PreAppDashboardTest" time="0.000">
    <skipped/>
  </testcase> <!-- PreAppDashboardTest -->
  <testcase classname="com.ugapp.testcases.TC_08_PreAppDashboardTest" name="PreAppDashboardTest" time="0.001">
    <skipped/>
  </testcase> <!-- PreAppDashboardTest -->
  <testcase classname="com.ugapp.testcases.TC_08_PreAppDashboardTest" name="PreAppDashboardTest" time="0.000">
    <skipped/>
  </testcase> <!-- PreAppDashboardTest -->
  <testcase classname="com.ugapp.testcases.TC_08_PreAppDashboardTest" name="PreAppDashboardTest" time="0.001">
    <skipped/>
  </testcase> <!-- PreAppDashboardTest -->
  <testcase classname="com.ugapp.testcases.TC_08_PreAppDashboardTest" name="PreAppDashboardTest" time="0.000">
    <skipped/>
  </testcase> <!-- PreAppDashboardTest -->
  <testcase classname="com.ugapp.testcases.TC_08_PreAppDashboardTest" name="PreAppDashboardTest" time="0.001">
    <skipped/>
  </testcase> <!-- PreAppDashboardTest -->
  <testcase classname="com.ugapp.testcases.TC_08_PreAppDashboardTest" name="PreAppDashboardTest" time="0.000">
    <skipped/>
  </testcase> <!-- PreAppDashboardTest -->
  <testcase classname="com.ugapp.testcases.TC_08_PreAppDashboardTest" name="PreAppDashboardTest" time="0.001">
    <skipped/>
  </testcase> <!-- PreAppDashboardTest -->
  <testcase classname="com.ugapp.testcases.TC_08_PreAppDashboardTest" name="PreAppDashboardTest" time="0.000">
    <skipped/>
  </testcase> <!-- PreAppDashboardTest -->
  <testcase classname="com.ugapp.testcases.TC_08_PreAppDashboardTest" name="PreAppDashboardTest" time="0.001">
    <skipped/>
  </testcase> <!-- PreAppDashboardTest -->
  <testcase classname="com.ugapp.testcases.TC_08_PreAppDashboardTest" name="PreAppDashboardTest" time="0.000">
    <skipped/>
  </testcase> <!-- PreAppDashboardTest -->
  <testcase classname="com.ugapp.testcases.TC_08_PreAppDashboardTest" name="PreAppDashboardTest" time="0.001">
    <skipped/>
  </testcase> <!-- PreAppDashboardTest -->
  <testcase classname="com.ugapp.testcases.TC_08_PreAppDashboardTest" name="PreAppDashboardTest" time="0.000">
    <skipped/>
  </testcase> <!-- PreAppDashboardTest -->
  <testcase classname="com.ugapp.testcases.TC_08_PreAppDashboardTest" name="PreAppDashboardTest" time="0.000">
    <skipped/>
  </testcase> <!-- PreAppDashboardTest -->
  <testcase classname="com.ugapp.testcases.TC_08_PreAppDashboardTest" name="PreAppDashboardTest" time="0.000">
    <skipped/>
  </testcase> <!-- PreAppDashboardTest -->
  <testcase classname="com.ugapp.testcases.TC_08_PreAppDashboardTest" name="PreAppDashboardTest" time="0.000">
    <skipped/>
  </testcase> <!-- PreAppDashboardTest -->
  <testcase classname="com.ugapp.testcases.TC_08_PreAppDashboardTest" name="PreAppDashboardTest" time="0.000">
    <skipped/>
  </testcase> <!-- PreAppDashboardTest -->
  <testcase classname="com.ugapp.testcases.TC_08_PreAppDashboardTest" name="PreAppDashboardTest" time="0.000">
    <skipped/>
  </testcase> <!-- PreAppDashboardTest -->
  <testcase classname="com.ugapp.testcases.TC_08_PreAppDashboardTest" name="PreAppDashboardTest" time="0.000">
    <skipped/>
  </testcase> <!-- PreAppDashboardTest -->
  <testcase classname="com.ugapp.testcases.TC_08_PreAppDashboardTest" name="PreAppDashboardTest" time="0.001">
    <skipped/>
  </testcase> <!-- PreAppDashboardTest -->
  <testcase classname="com.ugapp.testcases.TC_08_PreAppDashboardTest" name="PreAppDashboardTest" time="0.000">
    <skipped/>
  </testcase> <!-- PreAppDashboardTest -->
  <testcase classname="com.ugapp.testcases.TC_08_PreAppDashboardTest" name="PreAppDashboardTest" time="0.001">
    <skipped/>
  </testcase> <!-- PreAppDashboardTest -->
  <testcase classname="com.ugapp.testcases.TC_08_PreAppDashboardTest" name="PreAppDashboardTest" time="0.000">
    <skipped/>
  </testcase> <!-- PreAppDashboardTest -->
  <testcase classname="com.ugapp.testcases.TC_08_PreAppDashboardTest" name="PreAppDashboardTest" time="0.000">
    <skipped/>
  </testcase> <!-- PreAppDashboardTest -->
  <testcase classname="com.ugapp.testcases.TC_08_PreAppDashboardTest" name="PreAppDashboardTest" time="0.000">
    <skipped/>
  </testcase> <!-- PreAppDashboardTest -->
  <testcase classname="com.ugapp.testcases.TC_08_PreAppDashboardTest" name="PreAppDashboardTest" time="0.000">
    <skipped/>
  </testcase> <!-- PreAppDashboardTest -->
  <testcase classname="com.ugapp.testcases.TC_08_PreAppDashboardTest" name="PreAppDashboardTest" time="0.000">
    <skipped/>
  </testcase> <!-- PreAppDashboardTest -->
  <testcase classname="com.ugapp.testcases.TC_08_PreAppDashboardTest" name="PreAppDashboardTest" time="0.000">
    <skipped/>
  </testcase> <!-- PreAppDashboardTest -->
  <testcase classname="com.ugapp.testcases.TC_08_PreAppDashboardTest" name="PreAppDashboardTest" time="0.001">
    <skipped/>
  </testcase> <!-- PreAppDashboardTest -->
  <testcase classname="com.ugapp.testcases.TC_08_PreAppDashboardTest" name="PreAppDashboardTest" time="0.000">
    <skipped/>
  </testcase> <!-- PreAppDashboardTest -->
  <testcase classname="com.ugapp.testcases.TC_08_PreAppDashboardTest" name="PreAppDashboardTest" time="0.000">
    <skipped/>
  </testcase> <!-- PreAppDashboardTest -->
  <testcase classname="com.ugapp.testcases.TC_08_PreAppDashboardTest" name="PreAppDashboardTest" time="0.000">
    <skipped/>
  </testcase> <!-- PreAppDashboardTest -->
  <testcase classname="com.ugapp.testcases.TC_08_PreAppDashboardTest" name="PreAppDashboardTest" time="0.000">
    <skipped/>
  </testcase> <!-- PreAppDashboardTest -->
  <testcase classname="com.ugapp.testcases.TC_08_PreAppDashboardTest" name="PreAppDashboardTest" time="0.000">
    <skipped/>
  </testcase> <!-- PreAppDashboardTest -->
  <testcase classname="com.ugapp.testcases.TC_08_PreAppDashboardTest" name="PreAppDashboardTest" time="0.000">
    <skipped/>
  </testcase> <!-- PreAppDashboardTest -->
  <testcase classname="com.ugapp.testcases.TC_08_PreAppDashboardTest" name="PreAppDashboardTest" time="0.000">
    <skipped/>
  </testcase> <!-- PreAppDashboardTest -->
  <testcase classname="com.ugapp.testcases.TC_08_PreAppDashboardTest" name="PreAppDashboardTest" time="0.000">
    <skipped/>
  </testcase> <!-- PreAppDashboardTest -->
  <testcase classname="com.ugapp.testcases.TC_08_PreAppDashboardTest" name="PreAppDashboardTest" time="0.000">
    <skipped/>
  </testcase> <!-- PreAppDashboardTest -->
  <testcase classname="com.ugapp.testcases.TC_08_PreAppDashboardTest" name="PreAppDashboardTest" time="0.000">
    <skipped/>
  </testcase> <!-- PreAppDashboardTest -->
  <testcase classname="com.ugapp.testcases.TC_08_PreAppDashboardTest" name="PreAppDashboardTest" time="0.000">
    <skipped/>
  </testcase> <!-- PreAppDashboardTest -->
  <testcase classname="com.ugapp.testcases.TC_08_PreAppDashboardTest" name="PreAppDashboardTest" time="0.000">
    <skipped/>
  </testcase> <!-- PreAppDashboardTest -->
  <testcase classname="com.ugapp.testcases.TC_08_PreAppDashboardTest" name="PreAppDashboardTest" time="0.000">
    <skipped/>
  </testcase> <!-- PreAppDashboardTest -->
  <testcase classname="com.ugapp.testcases.TC_08_PreAppDashboardTest" name="PreAppDashboardTest" time="0.000">
    <skipped/>
  </testcase> <!-- PreAppDashboardTest -->
  <testcase classname="com.ugapp.testcases.TC_08_PreAppDashboardTest" name="PreAppDashboardTest" time="0.001">
    <skipped/>
  </testcase> <!-- PreAppDashboardTest -->
  <testcase classname="com.ugapp.testcases.TC_08_PreAppDashboardTest" name="PreAppDashboardTest" time="0.000">
    <skipped/>
  </testcase> <!-- PreAppDashboardTest -->
  <testcase classname="com.ugapp.testcases.TC_08_PreAppDashboardTest" name="PreAppDashboardTest" time="0.000">
    <skipped/>
  </testcase> <!-- PreAppDashboardTest -->
  <testcase classname="com.ugapp.testcases.TC_08_PreAppDashboardTest" name="PreAppDashboardTest" time="0.000">
    <skipped/>
  </testcase> <!-- PreAppDashboardTest -->
  <testcase classname="com.ugapp.testcases.TC_08_PreAppDashboardTest" name="PreAppDashboardTest" time="0.000">
    <skipped/>
  </testcase> <!-- PreAppDashboardTest -->
  <testcase classname="com.ugapp.testcases.TC_08_PreAppDashboardTest" name="PreAppDashboardTest" time="0.000">
    <skipped/>
  </testcase> <!-- PreAppDashboardTest -->
  <testcase classname="com.ugapp.testcases.TC_08_PreAppDashboardTest" name="PreAppDashboardTest" time="0.001">
    <skipped/>
  </testcase> <!-- PreAppDashboardTest -->
  <testcase classname="com.ugapp.testcases.TC_08_PreAppDashboardTest" name="PreAppDashboardTest" time="0.001">
    <skipped/>
  </testcase> <!-- PreAppDashboardTest -->
  <testcase classname="com.ugapp.testcases.TC_08_PreAppDashboardTest" name="PreAppDashboardTest" time="0.000">
    <skipped/>
  </testcase> <!-- PreAppDashboardTest -->
  <testcase classname="com.ugapp.testcases.TC_08_PreAppDashboardTest" name="PreAppDashboardTest" time="0.000">
    <skipped/>
  </testcase> <!-- PreAppDashboardTest -->
  <testcase classname="com.ugapp.testcases.TC_08_PreAppDashboardTest" name="PreAppDashboardTest" time="0.000">
    <skipped/>
  </testcase> <!-- PreAppDashboardTest -->
  <testcase classname="com.ugapp.testcases.TC_08_PreAppDashboardTest" name="PreAppDashboardTest" time="0.000">
    <skipped/>
  </testcase> <!-- PreAppDashboardTest -->
  <testcase classname="com.ugapp.testcases.TC_08_PreAppDashboardTest" name="PreAppDashboardTest" time="0.001">
    <skipped/>
  </testcase> <!-- PreAppDashboardTest -->
  <testcase classname="com.ugapp.testcases.TC_08_PreAppDashboardTest" name="PreAppDashboardTest" time="0.000">
    <skipped/>
  </testcase> <!-- PreAppDashboardTest -->
  <testcase classname="com.ugapp.testcases.TC_08_PreAppDashboardTest" name="PreAppDashboardTest" time="0.000">
    <skipped/>
  </testcase> <!-- PreAppDashboardTest -->
  <testcase classname="com.ugapp.testcases.TC_08_PreAppDashboardTest" name="PreAppDashboardTest" time="0.001">
    <skipped/>
  </testcase> <!-- PreAppDashboardTest -->
  <testcase classname="com.ugapp.testcases.TC_08_PreAppDashboardTest" name="PreAppDashboardTest" time="0.000">
    <skipped/>
  </testcase> <!-- PreAppDashboardTest -->
  <testcase classname="com.ugapp.testcases.TC_08_PreAppDashboardTest" name="PreAppDashboardTest" time="0.000">
    <skipped/>
  </testcase> <!-- PreAppDashboardTest -->
  <testcase classname="com.ugapp.testcases.TC_08_PreAppDashboardTest" name="PreAppDashboardTest" time="0.001">
    <skipped/>
  </testcase> <!-- PreAppDashboardTest -->
  <testcase classname="com.ugapp.testcases.TC_08_PreAppDashboardTest" name="PreAppDashboardTest" time="0.001">
    <skipped/>
  </testcase> <!-- PreAppDashboardTest -->
  <testcase classname="com.ugapp.testcases.TC_08_PreAppDashboardTest" name="PreAppDashboardTest" time="0.000">
    <skipped/>
  </testcase> <!-- PreAppDashboardTest -->
  <testcase classname="com.ugapp.testcases.TC_08_PreAppDashboardTest" name="PreAppDashboardTest" time="0.001">
    <skipped/>
  </testcase> <!-- PreAppDashboardTest -->
  <testcase classname="com.ugapp.testcases.TC_08_PreAppDashboardTest" name="PreAppDashboardTest" time="0.000">
    <skipped/>
  </testcase> <!-- PreAppDashboardTest -->
  <testcase classname="com.ugapp.testcases.TC_08_PreAppDashboardTest" name="PreAppDashboardTest" time="0.001">
    <skipped/>
  </testcase> <!-- PreAppDashboardTest -->
  <testcase classname="com.ugapp.testcases.TC_08_PreAppDashboardTest" name="PreAppDashboardTest" time="0.000">
    <skipped/>
  </testcase> <!-- PreAppDashboardTest -->
  <testcase classname="com.ugapp.testcases.TC_08_PreAppDashboardTest" name="PreAppDashboardTest" time="0.001">
    <skipped/>
  </testcase> <!-- PreAppDashboardTest -->
  <testcase classname="com.ugapp.testcases.TC_08_PreAppDashboardTest" name="PreAppDashboardTest" time="0.000">
    <skipped/>
  </testcase> <!-- PreAppDashboardTest -->
  <testcase classname="com.ugapp.testcases.TC_08_PreAppDashboardTest" name="PreAppDashboardTest" time="0.000">
    <skipped/>
  </testcase> <!-- PreAppDashboardTest -->
  <testcase classname="com.ugapp.testcases.TC_08_PreAppDashboardTest" name="PreAppDashboardTest" time="0.000">
    <skipped/>
  </testcase> <!-- PreAppDashboardTest -->
  <testcase classname="com.ugapp.testcases.TC_08_PreAppDashboardTest" name="PreAppDashboardTest" time="0.000">
    <skipped/>
  </testcase> <!-- PreAppDashboardTest -->
  <testcase classname="com.ugapp.testcases.TC_08_PreAppDashboardTest" name="PreAppDashboardTest" time="0.000">
    <skipped/>
  </testcase> <!-- PreAppDashboardTest -->
  <testcase classname="com.ugapp.testcases.TC_08_PreAppDashboardTest" name="PreAppDashboardTest" time="0.000">
    <skipped/>
  </testcase> <!-- PreAppDashboardTest -->
  <testcase classname="com.ugapp.testcases.TC_08_PreAppDashboardTest" name="PreAppDashboardTest" time="0.000">
    <skipped/>
  </testcase> <!-- PreAppDashboardTest -->
  <testcase classname="com.ugapp.testcases.TC_08_PreAppDashboardTest" name="PreAppDashboardTest" time="0.000">
    <skipped/>
  </testcase> <!-- PreAppDashboardTest -->
  <testcase classname="com.ugapp.testcases.TC_08_PreAppDashboardTest" name="PreAppDashboardTest" time="0.001">
    <skipped/>
  </testcase> <!-- PreAppDashboardTest -->
  <testcase classname="com.ugapp.testcases.TC_08_PreAppDashboardTest" name="PreAppDashboardTest" time="0.000">
    <skipped/>
  </testcase> <!-- PreAppDashboardTest -->
  <testcase classname="com.ugapp.testcases.TC_08_PreAppDashboardTest" name="PreAppDashboardTest" time="0.001">
    <skipped/>
  </testcase> <!-- PreAppDashboardTest -->
  <testcase classname="com.ugapp.testcases.TC_08_PreAppDashboardTest" name="PreAppDashboardTest" time="0.000">
    <skipped/>
  </testcase> <!-- PreAppDashboardTest -->
  <testcase classname="com.ugapp.testcases.TC_08_PreAppDashboardTest" name="PreAppDashboardTest" time="0.000">
    <skipped/>
  </testcase> <!-- PreAppDashboardTest -->
  <testcase classname="com.ugapp.testcases.TC_08_PreAppDashboardTest" name="PreAppDashboardTest" time="0.001">
    <skipped/>
  </testcase> <!-- PreAppDashboardTest -->
  <testcase classname="com.ugapp.testcases.TC_08_PreAppDashboardTest" name="PreAppDashboardTest" time="0.000">
    <skipped/>
  </testcase> <!-- PreAppDashboardTest -->
  <testcase classname="com.ugapp.testcases.TC_08_PreAppDashboardTest" name="PreAppDashboardTest" time="0.000">
    <skipped/>
  </testcase> <!-- PreAppDashboardTest -->
  <testcase classname="com.ugapp.testcases.TC_08_PreAppDashboardTest" name="PreAppDashboardTest" time="0.001">
    <skipped/>
  </testcase> <!-- PreAppDashboardTest -->
  <testcase classname="com.ugapp.testcases.TC_08_PreAppDashboardTest" name="PreAppDashboardTest" time="0.000">
    <skipped/>
  </testcase> <!-- PreAppDashboardTest -->
  <testcase classname="com.ugapp.testcases.TC_08_PreAppDashboardTest" name="PreAppDashboardTest" time="0.000">
    <skipped/>
  </testcase> <!-- PreAppDashboardTest -->
  <testcase classname="com.ugapp.testcases.TC_08_PreAppDashboardTest" name="PreAppDashboardTest" time="0.000">
    <skipped/>
  </testcase> <!-- PreAppDashboardTest -->
  <testcase classname="com.ugapp.testcases.TC_08_PreAppDashboardTest" name="PreAppDashboardTest" time="0.001">
    <skipped/>
  </testcase> <!-- PreAppDashboardTest -->
  <testcase classname="com.ugapp.testcases.TC_08_PreAppDashboardTest" name="PreAppDashboardTest" time="0.001">
    <skipped/>
  </testcase> <!-- PreAppDashboardTest -->
  <testcase classname="com.ugapp.testcases.TC_08_PreAppDashboardTest" name="PreAppDashboardTest" time="0.000">
    <skipped/>
  </testcase> <!-- PreAppDashboardTest -->
  <testcase classname="com.ugapp.testcases.TC_08_PreAppDashboardTest" name="PreAppDashboardTest" time="0.000">
    <skipped/>
  </testcase> <!-- PreAppDashboardTest -->
  <testcase classname="com.ugapp.testcases.TC_08_PreAppDashboardTest" name="PreAppDashboardTest" time="0.000">
    <skipped/>
  </testcase> <!-- PreAppDashboardTest -->
  <testcase classname="com.ugapp.testcases.TC_08_PreAppDashboardTest" name="PreAppDashboardTest" time="0.001">
    <skipped/>
  </testcase> <!-- PreAppDashboardTest -->
  <testcase classname="com.ugapp.testcases.TC_08_PreAppDashboardTest" name="PreAppDashboardTest" time="0.000">
    <skipped/>
  </testcase> <!-- PreAppDashboardTest -->
  <testcase classname="com.ugapp.testcases.TC_08_PreAppDashboardTest" name="PreAppDashboardTest" time="0.000">
    <skipped/>
  </testcase> <!-- PreAppDashboardTest -->
  <testcase classname="com.ugapp.testcases.TC_08_PreAppDashboardTest" name="PreAppDashboardTest" time="0.001">
    <skipped/>
  </testcase> <!-- PreAppDashboardTest -->
  <testcase classname="com.ugapp.testcases.TC_08_PreAppDashboardTest" name="PreAppDashboardTest" time="0.000">
    <skipped/>
  </testcase> <!-- PreAppDashboardTest -->
  <testcase classname="com.ugapp.testcases.TC_08_PreAppDashboardTest" name="PreAppDashboardTest" time="0.000">
    <skipped/>
  </testcase> <!-- PreAppDashboardTest -->
  <testcase classname="com.ugapp.testcases.TC_08_PreAppDashboardTest" name="PreAppDashboardTest" time="0.000">
    <skipped/>
  </testcase> <!-- PreAppDashboardTest -->
  <testcase classname="com.ugapp.testcases.TC_08_PreAppDashboardTest" name="PreAppDashboardTest" time="0.000">
    <skipped/>
  </testcase> <!-- PreAppDashboardTest -->
  <testcase classname="com.ugapp.testcases.TC_08_PreAppDashboardTest" name="PreAppDashboardTest" time="0.000">
    <skipped/>
  </testcase> <!-- PreAppDashboardTest -->
  <testcase classname="com.ugapp.testcases.TC_08_PreAppDashboardTest" name="PreAppDashboardTest" time="0.000">
    <skipped/>
  </testcase> <!-- PreAppDashboardTest -->
  <testcase classname="com.ugapp.testcases.TC_08_PreAppDashboardTest" name="PreAppDashboardTest" time="0.001">
    <skipped/>
  </testcase> <!-- PreAppDashboardTest -->
  <testcase classname="com.ugapp.testcases.TC_08_PreAppDashboardTest" name="PreAppDashboardTest" time="0.000">
    <skipped/>
  </testcase> <!-- PreAppDashboardTest -->
  <testcase classname="com.ugapp.testcases.TC_08_PreAppDashboardTest" name="PreAppDashboardTest" time="0.000">
    <skipped/>
  </testcase> <!-- PreAppDashboardTest -->
  <testcase classname="com.ugapp.testcases.TC_08_PreAppDashboardTest" name="PreAppDashboardTest" time="0.000">
    <skipped/>
  </testcase> <!-- PreAppDashboardTest -->
  <testcase classname="com.ugapp.testcases.TC_08_PreAppDashboardTest" name="PreAppDashboardTest" time="0.001">
    <skipped/>
  </testcase> <!-- PreAppDashboardTest -->
  <testcase classname="com.ugapp.testcases.TC_08_PreAppDashboardTest" name="PreAppDashboardTest" time="0.000">
    <skipped/>
  </testcase> <!-- PreAppDashboardTest -->
  <testcase classname="com.ugapp.testcases.TC_08_PreAppDashboardTest" name="PreAppDashboardTest" time="0.000">
    <skipped/>
  </testcase> <!-- PreAppDashboardTest -->
  <testcase classname="com.ugapp.testcases.TC_08_PreAppDashboardTest" name="PreAppDashboardTest" time="0.000">
    <skipped/>
  </testcase> <!-- PreAppDashboardTest -->
  <testcase classname="com.ugapp.testcases.TC_08_PreAppDashboardTest" name="PreAppDashboardTest" time="0.000">
    <skipped/>
  </testcase> <!-- PreAppDashboardTest -->
  <testcase classname="com.ugapp.testcases.TC_08_PreAppDashboardTest" name="PreAppDashboardTest" time="0.000">
    <skipped/>
  </testcase> <!-- PreAppDashboardTest -->
  <testcase classname="com.ugapp.testcases.TC_08_PreAppDashboardTest" name="PreAppDashboardTest" time="0.000">
    <skipped/>
  </testcase> <!-- PreAppDashboardTest -->
  <testcase classname="com.ugapp.testcases.TC_08_PreAppDashboardTest" name="PreAppDashboardTest" time="0.000">
    <skipped/>
  </testcase> <!-- PreAppDashboardTest -->
  <testcase classname="com.ugapp.testcases.TC_08_PreAppDashboardTest" name="PreAppDashboardTest" time="0.000">
    <skipped/>
  </testcase> <!-- PreAppDashboardTest -->
  <testcase classname="com.ugapp.testcases.TC_08_PreAppDashboardTest" name="PreAppDashboardTest" time="0.000">
    <skipped/>
  </testcase> <!-- PreAppDashboardTest -->
  <testcase classname="com.ugapp.testcases.TC_08_PreAppDashboardTest" name="PreAppDashboardTest" time="0.000">
    <skipped/>
  </testcase> <!-- PreAppDashboardTest -->
  <testcase classname="com.ugapp.testcases.TC_08_PreAppDashboardTest" name="PreAppDashboardTest" time="0.000">
    <skipped/>
  </testcase> <!-- PreAppDashboardTest -->
  <testcase classname="com.ugapp.testcases.TC_08_PreAppDashboardTest" name="PreAppDashboardTest" time="0.000">
    <skipped/>
  </testcase> <!-- PreAppDashboardTest -->
  <testcase classname="com.ugapp.testcases.TC_08_PreAppDashboardTest" name="PreAppDashboardTest" time="0.000">
    <skipped/>
  </testcase> <!-- PreAppDashboardTest -->
  <testcase classname="com.ugapp.testcases.TC_08_PreAppDashboardTest" name="PreAppDashboardTest" time="0.000">
    <skipped/>
  </testcase> <!-- PreAppDashboardTest -->
  <testcase classname="com.ugapp.testcases.TC_08_PreAppDashboardTest" name="PreAppDashboardTest" time="0.000">
    <skipped/>
  </testcase> <!-- PreAppDashboardTest -->
  <testcase classname="com.ugapp.testcases.TC_08_PreAppDashboardTest" name="PreAppDashboardTest" time="0.000">
    <skipped/>
  </testcase> <!-- PreAppDashboardTest -->
  <testcase classname="com.ugapp.testcases.TC_08_PreAppDashboardTest" name="PreAppDashboardTest" time="0.001">
    <skipped/>
  </testcase> <!-- PreAppDashboardTest -->
  <testcase classname="com.ugapp.testcases.TC_08_PreAppDashboardTest" name="PreAppDashboardTest" time="0.000">
    <skipped/>
  </testcase> <!-- PreAppDashboardTest -->
  <testcase classname="com.ugapp.testcases.TC_08_PreAppDashboardTest" name="PreAppDashboardTest" time="0.000">
    <skipped/>
  </testcase> <!-- PreAppDashboardTest -->
  <testcase classname="com.ugapp.testcases.TC_08_PreAppDashboardTest" name="PreAppDashboardTest" time="0.000">
    <skipped/>
  </testcase> <!-- PreAppDashboardTest -->
  <testcase classname="com.ugapp.testcases.TC_08_PreAppDashboardTest" name="PreAppDashboardTest" time="0.001">
    <skipped/>
  </testcase> <!-- PreAppDashboardTest -->
  <testcase classname="com.ugapp.testcases.TC_08_PreAppDashboardTest" name="PreAppDashboardTest" time="0.000">
    <skipped/>
  </testcase> <!-- PreAppDashboardTest -->
  <testcase classname="com.ugapp.testcases.TC_08_PreAppDashboardTest" name="PreAppDashboardTest" time="0.001">
    <skipped/>
  </testcase> <!-- PreAppDashboardTest -->
  <testcase classname="com.ugapp.testcases.TC_08_PreAppDashboardTest" name="PreAppDashboardTest" time="0.000">
    <skipped/>
  </testcase> <!-- PreAppDashboardTest -->
  <testcase classname="com.ugapp.testcases.TC_08_PreAppDashboardTest" name="PreAppDashboardTest" time="0.000">
    <skipped/>
  </testcase> <!-- PreAppDashboardTest -->
  <testcase classname="com.ugapp.testcases.TC_08_PreAppDashboardTest" name="PreAppDashboardTest" time="0.000">
    <skipped/>
  </testcase> <!-- PreAppDashboardTest -->
  <testcase classname="com.ugapp.testcases.TC_08_PreAppDashboardTest" name="PreAppDashboardTest" time="0.001">
    <skipped/>
  </testcase> <!-- PreAppDashboardTest -->
  <testcase classname="com.ugapp.testcases.TC_08_PreAppDashboardTest" name="PreAppDashboardTest" time="0.000">
    <skipped/>
  </testcase> <!-- PreAppDashboardTest -->
  <testcase classname="com.ugapp.testcases.TC_08_PreAppDashboardTest" name="PreAppDashboardTest" time="0.000">
    <skipped/>
  </testcase> <!-- PreAppDashboardTest -->
  <testcase classname="com.ugapp.testcases.TC_08_PreAppDashboardTest" name="PreAppDashboardTest" time="0.000">
    <skipped/>
  </testcase> <!-- PreAppDashboardTest -->
  <testcase classname="com.ugapp.testcases.TC_08_PreAppDashboardTest" name="PreAppDashboardTest" time="0.001">
    <skipped/>
  </testcase> <!-- PreAppDashboardTest -->
  <testcase classname="com.ugapp.testcases.TC_08_PreAppDashboardTest" name="PreAppDashboardTest" time="0.000">
    <skipped/>
  </testcase> <!-- PreAppDashboardTest -->
  <testcase classname="com.ugapp.testcases.TC_08_PreAppDashboardTest" name="PreAppDashboardTest" time="0.001">
    <skipped/>
  </testcase> <!-- PreAppDashboardTest -->
  <testcase classname="com.ugapp.testcases.TC_08_PreAppDashboardTest" name="PreAppDashboardTest" time="0.000">
    <skipped/>
  </testcase> <!-- PreAppDashboardTest -->
  <testcase classname="com.ugapp.testcases.TC_08_PreAppDashboardTest" name="PreAppDashboardTest" time="0.000">
    <skipped/>
  </testcase> <!-- PreAppDashboardTest -->
  <testcase classname="com.ugapp.testcases.TC_08_PreAppDashboardTest" name="PreAppDashboardTest" time="0.001">
    <skipped/>
  </testcase> <!-- PreAppDashboardTest -->
  <testcase classname="com.ugapp.testcases.TC_08_PreAppDashboardTest" name="PreAppDashboardTest" time="0.000">
    <skipped/>
  </testcase> <!-- PreAppDashboardTest -->
  <testcase classname="com.ugapp.testcases.TC_08_PreAppDashboardTest" name="PreAppDashboardTest" time="0.001">
    <skipped/>
  </testcase> <!-- PreAppDashboardTest -->
  <testcase classname="com.ugapp.testcases.TC_08_PreAppDashboardTest" name="PreAppDashboardTest" time="0.000">
    <skipped/>
  </testcase> <!-- PreAppDashboardTest -->
  <testcase classname="com.ugapp.testcases.TC_08_PreAppDashboardTest" name="PreAppDashboardTest" time="0.001">
    <skipped/>
  </testcase> <!-- PreAppDashboardTest -->
  <testcase classname="com.ugapp.testcases.TC_08_PreAppDashboardTest" name="PreAppDashboardTest" time="0.001">
    <skipped/>
  </testcase> <!-- PreAppDashboardTest -->
  <testcase classname="com.ugapp.testcases.TC_08_PreAppDashboardTest" name="PreAppDashboardTest" time="0.001">
    <skipped/>
  </testcase> <!-- PreAppDashboardTest -->
  <testcase classname="com.ugapp.testcases.TC_08_PreAppDashboardTest" name="PreAppDashboardTest" time="0.001">
    <skipped/>
  </testcase> <!-- PreAppDashboardTest -->
  <testcase classname="com.ugapp.testcases.TC_08_PreAppDashboardTest" name="PreAppDashboardTest" time="0.000">
    <skipped/>
  </testcase> <!-- PreAppDashboardTest -->
  <testcase classname="com.ugapp.testcases.TC_08_PreAppDashboardTest" name="PreAppDashboardTest" time="0.000">
    <skipped/>
  </testcase> <!-- PreAppDashboardTest -->
  <testcase classname="com.ugapp.testcases.TC_08_PreAppDashboardTest" name="PreAppDashboardTest" time="0.000">
    <skipped/>
  </testcase> <!-- PreAppDashboardTest -->
  <testcase classname="com.ugapp.testcases.TC_08_PreAppDashboardTest" name="PreAppDashboardTest" time="0.000">
    <skipped/>
  </testcase> <!-- PreAppDashboardTest -->
  <testcase classname="com.ugapp.testcases.TC_08_PreAppDashboardTest" name="PreAppDashboardTest" time="0.000">
    <skipped/>
  </testcase> <!-- PreAppDashboardTest -->
  <testcase classname="com.ugapp.testcases.TC_08_PreAppDashboardTest" name="PreAppDashboardTest" time="0.000">
    <skipped/>
  </testcase> <!-- PreAppDashboardTest -->
  <testcase classname="com.ugapp.testcases.TC_08_PreAppDashboardTest" name="PreAppDashboardTest" time="0.001">
    <skipped/>
  </testcase> <!-- PreAppDashboardTest -->
  <testcase classname="com.ugapp.testcases.TC_08_PreAppDashboardTest" name="PreAppDashboardTest" time="0.000">
    <skipped/>
  </testcase> <!-- PreAppDashboardTest -->
  <testcase classname="com.ugapp.testcases.TC_08_PreAppDashboardTest" name="PreAppDashboardTest" time="0.000">
    <skipped/>
  </testcase> <!-- PreAppDashboardTest -->
  <testcase classname="com.ugapp.testcases.TC_08_PreAppDashboardTest" name="PreAppDashboardTest" time="0.000">
    <skipped/>
  </testcase> <!-- PreAppDashboardTest -->
  <testcase classname="com.ugapp.testcases.TC_08_PreAppDashboardTest" name="PreAppDashboardTest" time="0.000">
    <skipped/>
  </testcase> <!-- PreAppDashboardTest -->
  <testcase classname="com.ugapp.testcases.TC_08_PreAppDashboardTest" name="PreAppDashboardTest" time="0.001">
    <skipped/>
  </testcase> <!-- PreAppDashboardTest -->
  <testcase classname="com.ugapp.testcases.TC_08_PreAppDashboardTest" name="PreAppDashboardTest" time="0.000">
    <skipped/>
  </testcase> <!-- PreAppDashboardTest -->
  <testcase classname="com.ugapp.testcases.TC_08_PreAppDashboardTest" name="PreAppDashboardTest" time="0.000">
    <skipped/>
  </testcase> <!-- PreAppDashboardTest -->
  <testcase classname="com.ugapp.testcases.TC_08_PreAppDashboardTest" name="PreAppDashboardTest" time="0.000">
    <skipped/>
  </testcase> <!-- PreAppDashboardTest -->
  <testcase classname="com.ugapp.testcases.TC_08_PreAppDashboardTest" name="PreAppDashboardTest" time="0.000">
    <skipped/>
  </testcase> <!-- PreAppDashboardTest -->
  <testcase classname="com.ugapp.testcases.TC_08_PreAppDashboardTest" name="PreAppDashboardTest" time="0.001">
    <skipped/>
  </testcase> <!-- PreAppDashboardTest -->
  <testcase classname="com.ugapp.testcases.TC_08_PreAppDashboardTest" name="PreAppDashboardTest" time="0.000">
    <skipped/>
  </testcase> <!-- PreAppDashboardTest -->
  <testcase classname="com.ugapp.testcases.TC_08_PreAppDashboardTest" name="PreAppDashboardTest" time="0.000">
    <skipped/>
  </testcase> <!-- PreAppDashboardTest -->
  <testcase classname="com.ugapp.testcases.TC_08_PreAppDashboardTest" name="PreAppDashboardTest" time="0.000">
    <skipped/>
  </testcase> <!-- PreAppDashboardTest -->
  <testcase classname="com.ugapp.testcases.TC_08_PreAppDashboardTest" name="PreAppDashboardTest" time="0.000">
    <skipped/>
  </testcase> <!-- PreAppDashboardTest -->
  <testcase classname="com.ugapp.testcases.TC_08_PreAppDashboardTest" name="PreAppDashboardTest" time="0.000">
    <skipped/>
  </testcase> <!-- PreAppDashboardTest -->
  <testcase classname="com.ugapp.testcases.TC_08_PreAppDashboardTest" name="PreAppDashboardTest" time="0.000">
    <skipped/>
  </testcase> <!-- PreAppDashboardTest -->
  <testcase classname="com.ugapp.testcases.TC_08_PreAppDashboardTest" name="PreAppDashboardTest" time="0.001">
    <skipped/>
  </testcase> <!-- PreAppDashboardTest -->
  <testcase classname="com.ugapp.testcases.TC_08_PreAppDashboardTest" name="PreAppDashboardTest" time="0.001">
    <skipped/>
  </testcase> <!-- PreAppDashboardTest -->
  <testcase classname="com.ugapp.testcases.TC_08_PreAppDashboardTest" name="PreAppDashboardTest" time="0.000">
    <skipped/>
  </testcase> <!-- PreAppDashboardTest -->
  <testcase classname="com.ugapp.testcases.TC_08_PreAppDashboardTest" name="PreAppDashboardTest" time="0.000">
    <skipped/>
  </testcase> <!-- PreAppDashboardTest -->
  <testcase classname="com.ugapp.testcases.TC_08_PreAppDashboardTest" name="PreAppDashboardTest" time="0.001">
    <skipped/>
  </testcase> <!-- PreAppDashboardTest -->
  <testcase classname="com.ugapp.testcases.TC_08_PreAppDashboardTest" name="PreAppDashboardTest" time="0.000">
    <skipped/>
  </testcase> <!-- PreAppDashboardTest -->
  <testcase classname="com.ugapp.testcases.TC_08_PreAppDashboardTest" name="PreAppDashboardTest" time="0.000">
    <skipped/>
  </testcase> <!-- PreAppDashboardTest -->
  <testcase classname="com.ugapp.testcases.TC_08_PreAppDashboardTest" name="PreAppDashboardTest" time="0.000">
    <skipped/>
  </testcase> <!-- PreAppDashboardTest -->
  <testcase classname="com.ugapp.testcases.TC_08_PreAppDashboardTest" name="PreAppDashboardTest" time="0.001">
    <skipped/>
  </testcase> <!-- PreAppDashboardTest -->
  <testcase classname="com.ugapp.testcases.TC_08_PreAppDashboardTest" name="PreAppDashboardTest" time="0.000">
    <skipped/>
  </testcase> <!-- PreAppDashboardTest -->
  <testcase classname="com.ugapp.testcases.TC_08_PreAppDashboardTest" name="PreAppDashboardTest" time="0.000">
    <skipped/>
  </testcase> <!-- PreAppDashboardTest -->
  <testcase classname="com.ugapp.testcases.TC_08_PreAppDashboardTest" name="PreAppDashboardTest" time="0.000">
    <skipped/>
  </testcase> <!-- PreAppDashboardTest -->
  <testcase classname="com.ugapp.testcases.TC_08_PreAppDashboardTest" name="PreAppDashboardTest" time="0.001">
    <skipped/>
  </testcase> <!-- PreAppDashboardTest -->
  <testcase classname="com.ugapp.testcases.TC_08_PreAppDashboardTest" name="PreAppDashboardTest" time="0.000">
    <skipped/>
  </testcase> <!-- PreAppDashboardTest -->
  <testcase classname="com.ugapp.testcases.TC_08_PreAppDashboardTest" name="PreAppDashboardTest" time="3.006">
    <error message="Cannot invoke &quot;org.openqa.selenium.WebDriver.findElement(org.openqa.selenium.By)&quot; because &quot;com.ugapp.base.Page2.driver&quot; is null" type="java.lang.NullPointerException">
      <![CDATA[java.lang.NullPointerException: Cannot invoke "org.openqa.selenium.WebDriver.findElement(org.openqa.selenium.By)" because "com.ugapp.base.Page2.driver" is null
	at com.ugapp.base.Page2.type(Page2.java:200)
	at com.ugapp.pages.PreAppDashboardPage.userDetails(PreAppDashboardPage.java:41)
	at com.ugapp.testcases.TC_08_PreAppDashboardTest.PreAppDashboardTest(TC_08_PreAppDashboardTest.java:53)
	at java.base/jdk.internal.reflect.DirectMethodHandleAccessor.invoke(DirectMethodHandleAccessor.java:104)
	at java.base/java.lang.reflect.Method.invoke(Method.java:578)
	at org.testng.internal.MethodInvocationHelper.invokeMethod(MethodInvocationHelper.java:108)
	at org.testng.internal.Invoker.invokeMethod(Invoker.java:661)
	at org.testng.internal.Invoker.invokeTestMethod(Invoker.java:869)
	at org.testng.internal.Invoker.invokeTestMethods(Invoker.java:1193)
	at org.testng.internal.TestMethodWorker.invokeTestMethods(TestMethodWorker.java:126)
	at org.testng.internal.TestMethodWorker.run(TestMethodWorker.java:109)
	at org.testng.TestRunner.privateRun(TestRunner.java:744)
	at org.testng.TestRunner.run(TestRunner.java:602)
	at org.testng.SuiteRunner.runTest(SuiteRunner.java:380)
	at org.testng.SuiteRunner.runSequentially(SuiteRunner.java:375)
	at org.testng.SuiteRunner.privateRun(SuiteRunner.java:340)
	at org.testng.SuiteRunner.run(SuiteRunner.java:289)
	at org.testng.SuiteRunnerWorker.runSuite(SuiteRunnerWorker.java:52)
	at org.testng.SuiteRunnerWorker.run(SuiteRunnerWorker.java:86)
	at org.testng.TestNG.runSuitesSequentially(TestNG.java:1301)
	at org.testng.TestNG.runSuitesSequentially(TestNG.java:1297)
	at org.testng.TestNG.runSuitesLocally(TestNG.java:1226)
	at org.testng.TestNG.runSuites(TestNG.java:1144)
	at org.testng.TestNG.run(TestNG.java:1115)
	at org.testng.remote.AbstractRemoteTestNG.run(AbstractRemoteTestNG.java:115)
	at org.testng.remote.RemoteTestNG.initAndRun(RemoteTestNG.java:251)
	at org.testng.remote.RemoteTestNG.main(RemoteTestNG.java:77)
]]>
    </error>
  </testcase> <!-- PreAppDashboardTest -->
  <testcase classname="com.ugapp.testcases.TC_08_PreAppDashboardTest" name="PreAppDashboardTest" time="0.001">
    <skipped/>
  </testcase> <!-- PreAppDashboardTest -->
  <testcase classname="com.ugapp.testcases.TC_08_PreAppDashboardTest" name="PreAppDashboardTest" time="0.000">
    <skipped/>
  </testcase> <!-- PreAppDashboardTest -->
  <testcase classname="com.ugapp.testcases.TC_08_PreAppDashboardTest" name="PreAppDashboardTest" time="0.000">
    <skipped/>
  </testcase> <!-- PreAppDashboardTest -->
  <testcase classname="com.ugapp.testcases.TC_08_PreAppDashboardTest" name="PreAppDashboardTest" time="0.000">
    <skipped/>
  </testcase> <!-- PreAppDashboardTest -->
  <testcase classname="com.ugapp.testcases.TC_08_PreAppDashboardTest" name="PreAppDashboardTest" time="0.001">
    <skipped/>
  </testcase> <!-- PreAppDashboardTest -->
  <testcase classname="com.ugapp.testcases.TC_08_PreAppDashboardTest" name="PreAppDashboardTest" time="0.001">
    <skipped/>
  </testcase> <!-- PreAppDashboardTest -->
  <testcase classname="com.ugapp.testcases.TC_08_PreAppDashboardTest" name="PreAppDashboardTest" time="0.001">
    <skipped/>
  </testcase> <!-- PreAppDashboardTest -->
  <testcase classname="com.ugapp.testcases.TC_08_PreAppDashboardTest" name="PreAppDashboardTest" time="0.000">
    <skipped/>
  </testcase> <!-- PreAppDashboardTest -->
  <testcase classname="com.ugapp.testcases.TC_08_PreAppDashboardTest" name="PreAppDashboardTest" time="0.000">
    <skipped/>
  </testcase> <!-- PreAppDashboardTest -->
  <testcase classname="com.ugapp.testcases.TC_08_PreAppDashboardTest" name="PreAppDashboardTest" time="0.001">
    <skipped/>
  </testcase> <!-- PreAppDashboardTest -->
  <testcase classname="com.ugapp.testcases.TC_08_PreAppDashboardTest" name="PreAppDashboardTest" time="0.000">
    <skipped/>
  </testcase> <!-- PreAppDashboardTest -->
  <testcase classname="com.ugapp.testcases.TC_08_PreAppDashboardTest" name="PreAppDashboardTest" time="0.000">
    <skipped/>
  </testcase> <!-- PreAppDashboardTest -->
  <testcase classname="com.ugapp.testcases.TC_08_PreAppDashboardTest" name="PreAppDashboardTest" time="0.002">
    <skipped/>
  </testcase> <!-- PreAppDashboardTest -->
  <testcase classname="com.ugapp.testcases.TC_08_PreAppDashboardTest" name="PreAppDashboardTest" time="0.000">
    <skipped/>
  </testcase> <!-- PreAppDashboardTest -->
  <testcase classname="com.ugapp.testcases.TC_08_PreAppDashboardTest" name="PreAppDashboardTest" time="0.001">
    <skipped/>
  </testcase> <!-- PreAppDashboardTest -->
  <testcase classname="com.ugapp.testcases.TC_08_PreAppDashboardTest" name="PreAppDashboardTest" time="0.001">
    <skipped/>
  </testcase> <!-- PreAppDashboardTest -->
  <testcase classname="com.ugapp.testcases.TC_08_PreAppDashboardTest" name="PreAppDashboardTest" time="0.000">
    <skipped/>
  </testcase> <!-- PreAppDashboardTest -->
  <testcase classname="com.ugapp.testcases.TC_08_PreAppDashboardTest" name="PreAppDashboardTest" time="0.001">
    <skipped/>
  </testcase> <!-- PreAppDashboardTest -->
  <testcase classname="com.ugapp.testcases.TC_08_PreAppDashboardTest" name="PreAppDashboardTest" time="0.001">
    <skipped/>
  </testcase> <!-- PreAppDashboardTest -->
  <testcase classname="com.ugapp.testcases.TC_08_PreAppDashboardTest" name="PreAppDashboardTest" time="0.001">
    <skipped/>
  </testcase> <!-- PreAppDashboardTest -->
  <testcase classname="com.ugapp.testcases.TC_08_PreAppDashboardTest" name="PreAppDashboardTest" time="0.000">
    <skipped/>
  </testcase> <!-- PreAppDashboardTest -->
  <testcase classname="com.ugapp.testcases.TC_08_PreAppDashboardTest" name="PreAppDashboardTest" time="0.000">
    <skipped/>
  </testcase> <!-- PreAppDashboardTest -->
  <testcase classname="com.ugapp.testcases.TC_08_PreAppDashboardTest" name="PreAppDashboardTest" time="0.000">
    <skipped/>
  </testcase> <!-- PreAppDashboardTest -->
  <testcase classname="com.ugapp.testcases.TC_08_PreAppDashboardTest" name="PreAppDashboardTest" time="0.001">
    <skipped/>
  </testcase> <!-- PreAppDashboardTest -->
  <testcase classname="com.ugapp.testcases.TC_08_PreAppDashboardTest" name="PreAppDashboardTest" time="0.000">
    <skipped/>
  </testcase> <!-- PreAppDashboardTest -->
  <testcase classname="com.ugapp.testcases.TC_08_PreAppDashboardTest" name="PreAppDashboardTest" time="0.000">
    <skipped/>
  </testcase> <!-- PreAppDashboardTest -->
  <testcase classname="com.ugapp.testcases.TC_08_PreAppDashboardTest" name="PreAppDashboardTest" time="0.001">
    <skipped/>
  </testcase> <!-- PreAppDashboardTest -->
  <testcase classname="com.ugapp.testcases.TC_08_PreAppDashboardTest" name="PreAppDashboardTest" time="0.001">
    <skipped/>
  </testcase> <!-- PreAppDashboardTest -->
  <testcase classname="com.ugapp.testcases.TC_08_PreAppDashboardTest" name="PreAppDashboardTest" time="0.000">
    <skipped/>
  </testcase> <!-- PreAppDashboardTest -->
  <testcase classname="com.ugapp.testcases.TC_08_PreAppDashboardTest" name="PreAppDashboardTest" time="0.000">
    <skipped/>
  </testcase> <!-- PreAppDashboardTest -->
  <testcase classname="com.ugapp.testcases.TC_08_PreAppDashboardTest" name="PreAppDashboardTest" time="0.000">
    <skipped/>
  </testcase> <!-- PreAppDashboardTest -->
  <testcase classname="com.ugapp.testcases.TC_08_PreAppDashboardTest" name="PreAppDashboardTest" time="0.000">
    <skipped/>
  </testcase> <!-- PreAppDashboardTest -->
  <testcase classname="com.ugapp.testcases.TC_08_PreAppDashboardTest" name="PreAppDashboardTest" time="0.000">
    <skipped/>
  </testcase> <!-- PreAppDashboardTest -->
  <testcase classname="com.ugapp.testcases.TC_08_PreAppDashboardTest" name="PreAppDashboardTest" time="0.001">
    <skipped/>
  </testcase> <!-- PreAppDashboardTest -->
  <testcase classname="com.ugapp.testcases.TC_08_PreAppDashboardTest" name="PreAppDashboardTest" time="0.000">
    <skipped/>
  </testcase> <!-- PreAppDashboardTest -->
  <testcase classname="com.ugapp.testcases.TC_08_PreAppDashboardTest" name="PreAppDashboardTest" time="0.000">
    <skipped/>
  </testcase> <!-- PreAppDashboardTest -->
  <testcase classname="com.ugapp.testcases.TC_08_PreAppDashboardTest" name="PreAppDashboardTest" time="0.000">
    <skipped/>
  </testcase> <!-- PreAppDashboardTest -->
  <testcase classname="com.ugapp.testcases.TC_08_PreAppDashboardTest" name="PreAppDashboardTest" time="0.001">
    <skipped/>
  </testcase> <!-- PreAppDashboardTest -->
  <testcase classname="com.ugapp.testcases.TC_08_PreAppDashboardTest" name="PreAppDashboardTest" time="0.000">
    <skipped/>
  </testcase> <!-- PreAppDashboardTest -->
  <testcase classname="com.ugapp.testcases.TC_08_PreAppDashboardTest" name="PreAppDashboardTest" time="0.000">
    <skipped/>
  </testcase> <!-- PreAppDashboardTest -->
  <testcase classname="com.ugapp.testcases.TC_08_PreAppDashboardTest" name="PreAppDashboardTest" time="0.001">
    <skipped/>
  </testcase> <!-- PreAppDashboardTest -->
  <testcase classname="com.ugapp.testcases.TC_08_PreAppDashboardTest" name="PreAppDashboardTest" time="0.000">
    <skipped/>
  </testcase> <!-- PreAppDashboardTest -->
  <testcase classname="com.ugapp.testcases.TC_08_PreAppDashboardTest" name="PreAppDashboardTest" time="0.001">
    <skipped/>
  </testcase> <!-- PreAppDashboardTest -->
  <testcase classname="com.ugapp.testcases.TC_08_PreAppDashboardTest" name="PreAppDashboardTest" time="0.001">
    <skipped/>
  </testcase> <!-- PreAppDashboardTest -->
  <testcase classname="com.ugapp.testcases.TC_08_PreAppDashboardTest" name="PreAppDashboardTest" time="0.000">
    <skipped/>
  </testcase> <!-- PreAppDashboardTest -->
  <testcase classname="com.ugapp.testcases.TC_08_PreAppDashboardTest" name="PreAppDashboardTest" time="0.000">
    <skipped/>
  </testcase> <!-- PreAppDashboardTest -->
  <testcase classname="com.ugapp.testcases.TC_08_PreAppDashboardTest" name="PreAppDashboardTest" time="0.001">
    <skipped/>
  </testcase> <!-- PreAppDashboardTest -->
  <testcase classname="com.ugapp.testcases.TC_08_PreAppDashboardTest" name="PreAppDashboardTest" time="0.000">
    <skipped/>
  </testcase> <!-- PreAppDashboardTest -->
  <testcase classname="com.ugapp.testcases.TC_08_PreAppDashboardTest" name="PreAppDashboardTest" time="0.000">
    <skipped/>
  </testcase> <!-- PreAppDashboardTest -->
  <testcase classname="com.ugapp.testcases.TC_08_PreAppDashboardTest" name="PreAppDashboardTest" time="0.000">
    <skipped/>
  </testcase> <!-- PreAppDashboardTest -->
  <testcase classname="com.ugapp.testcases.TC_08_PreAppDashboardTest" name="PreAppDashboardTest" time="0.000">
    <skipped/>
  </testcase> <!-- PreAppDashboardTest -->
  <testcase classname="com.ugapp.testcases.TC_08_PreAppDashboardTest" name="PreAppDashboardTest" time="0.000">
    <skipped/>
  </testcase> <!-- PreAppDashboardTest -->
  <testcase classname="com.ugapp.testcases.TC_08_PreAppDashboardTest" name="PreAppDashboardTest" time="0.001">
    <skipped/>
  </testcase> <!-- PreAppDashboardTest -->
  <testcase classname="com.ugapp.testcases.TC_08_PreAppDashboardTest" name="PreAppDashboardTest" time="0.000">
    <skipped/>
  </testcase> <!-- PreAppDashboardTest -->
  <testcase classname="com.ugapp.testcases.TC_08_PreAppDashboardTest" name="PreAppDashboardTest" time="0.000">
    <skipped/>
  </testcase> <!-- PreAppDashboardTest -->
  <testcase classname="com.ugapp.testcases.TC_08_PreAppDashboardTest" name="PreAppDashboardTest" time="0.000">
    <skipped/>
  </testcase> <!-- PreAppDashboardTest -->
  <testcase classname="com.ugapp.testcases.TC_08_PreAppDashboardTest" name="PreAppDashboardTest" time="0.001">
    <skipped/>
  </testcase> <!-- PreAppDashboardTest -->
  <testcase classname="com.ugapp.testcases.TC_08_PreAppDashboardTest" name="PreAppDashboardTest" time="0.000">
    <skipped/>
  </testcase> <!-- PreAppDashboardTest -->
  <testcase classname="com.ugapp.testcases.TC_08_PreAppDashboardTest" name="PreAppDashboardTest" time="0.000">
    <skipped/>
  </testcase> <!-- PreAppDashboardTest -->
  <testcase classname="com.ugapp.testcases.TC_08_PreAppDashboardTest" name="PreAppDashboardTest" time="0.000">
    <skipped/>
  </testcase> <!-- PreAppDashboardTest -->
  <testcase classname="com.ugapp.testcases.TC_08_PreAppDashboardTest" name="PreAppDashboardTest" time="0.001">
    <skipped/>
  </testcase> <!-- PreAppDashboardTest -->
  <testcase classname="com.ugapp.testcases.TC_08_PreAppDashboardTest" name="PreAppDashboardTest" time="0.001">
    <skipped/>
  </testcase> <!-- PreAppDashboardTest -->
  <testcase classname="com.ugapp.testcases.TC_08_PreAppDashboardTest" name="PreAppDashboardTest" time="0.001">
    <skipped/>
  </testcase> <!-- PreAppDashboardTest -->
  <testcase classname="com.ugapp.testcases.TC_08_PreAppDashboardTest" name="PreAppDashboardTest" time="0.001">
    <skipped/>
  </testcase> <!-- PreAppDashboardTest -->
  <testcase classname="com.ugapp.testcases.TC_08_PreAppDashboardTest" name="PreAppDashboardTest" time="0.000">
    <skipped/>
  </testcase> <!-- PreAppDashboardTest -->
  <testcase classname="com.ugapp.testcases.TC_08_PreAppDashboardTest" name="PreAppDashboardTest" time="0.000">
    <skipped/>
  </testcase> <!-- PreAppDashboardTest -->
  <testcase classname="com.ugapp.testcases.TC_08_PreAppDashboardTest" name="PreAppDashboardTest" time="0.001">
    <skipped/>
  </testcase> <!-- PreAppDashboardTest -->
  <testcase classname="com.ugapp.testcases.TC_08_PreAppDashboardTest" name="PreAppDashboardTest" time="0.000">
    <skipped/>
  </testcase> <!-- PreAppDashboardTest -->
  <testcase classname="com.ugapp.testcases.TC_08_PreAppDashboardTest" name="PreAppDashboardTest" time="0.001">
    <skipped/>
  </testcase> <!-- PreAppDashboardTest -->
  <testcase classname="com.ugapp.testcases.TC_08_PreAppDashboardTest" name="PreAppDashboardTest" time="0.000">
    <skipped/>
  </testcase> <!-- PreAppDashboardTest -->
  <testcase classname="com.ugapp.testcases.TC_08_PreAppDashboardTest" name="PreAppDashboardTest" time="0.000">
    <skipped/>
  </testcase> <!-- PreAppDashboardTest -->
  <testcase classname="com.ugapp.testcases.TC_08_PreAppDashboardTest" name="PreAppDashboardTest" time="0.000">
    <skipped/>
  </testcase> <!-- PreAppDashboardTest -->
  <testcase classname="com.ugapp.testcases.TC_08_PreAppDashboardTest" name="PreAppDashboardTest" time="0.000">
    <skipped/>
  </testcase> <!-- PreAppDashboardTest -->
  <testcase classname="com.ugapp.testcases.TC_08_PreAppDashboardTest" name="PreAppDashboardTest" time="0.000">
    <skipped/>
  </testcase> <!-- PreAppDashboardTest -->
  <testcase classname="com.ugapp.testcases.TC_08_PreAppDashboardTest" name="PreAppDashboardTest" time="0.000">
    <skipped/>
  </testcase> <!-- PreAppDashboardTest -->
  <testcase classname="com.ugapp.testcases.TC_08_PreAppDashboardTest" name="PreAppDashboardTest" time="0.000">
    <skipped/>
  </testcase> <!-- PreAppDashboardTest -->
  <testcase classname="com.ugapp.testcases.TC_08_PreAppDashboardTest" name="PreAppDashboardTest" time="0.001">
    <skipped/>
  </testcase> <!-- PreAppDashboardTest -->
  <testcase classname="com.ugapp.testcases.TC_08_PreAppDashboardTest" name="PreAppDashboardTest" time="0.001">
    <skipped/>
  </testcase> <!-- PreAppDashboardTest -->
  <testcase classname="com.ugapp.testcases.TC_08_PreAppDashboardTest" name="PreAppDashboardTest" time="0.001">
    <skipped/>
  </testcase> <!-- PreAppDashboardTest -->
  <testcase classname="com.ugapp.testcases.TC_08_PreAppDashboardTest" name="PreAppDashboardTest" time="0.001">
    <skipped/>
  </testcase> <!-- PreAppDashboardTest -->
  <testcase classname="com.ugapp.testcases.TC_08_PreAppDashboardTest" name="PreAppDashboardTest" time="0.000">
    <skipped/>
  </testcase> <!-- PreAppDashboardTest -->
  <testcase classname="com.ugapp.testcases.TC_08_PreAppDashboardTest" name="PreAppDashboardTest" time="0.000">
    <skipped/>
  </testcase> <!-- PreAppDashboardTest -->
  <testcase classname="com.ugapp.testcases.TC_08_PreAppDashboardTest" name="PreAppDashboardTest" time="0.000">
    <skipped/>
  </testcase> <!-- PreAppDashboardTest -->
  <testcase classname="com.ugapp.testcases.TC_08_PreAppDashboardTest" name="PreAppDashboardTest" time="0.001">
    <skipped/>
  </testcase> <!-- PreAppDashboardTest -->
  <testcase classname="com.ugapp.testcases.TC_08_PreAppDashboardTest" name="PreAppDashboardTest" time="0.000">
    <skipped/>
  </testcase> <!-- PreAppDashboardTest -->
  <testcase classname="com.ugapp.testcases.TC_08_PreAppDashboardTest" name="PreAppDashboardTest" time="0.001">
    <skipped/>
  </testcase> <!-- PreAppDashboardTest -->
  <testcase classname="com.ugapp.testcases.TC_08_PreAppDashboardTest" name="PreAppDashboardTest" time="0.000">
    <skipped/>
  </testcase> <!-- PreAppDashboardTest -->
  <testcase classname="com.ugapp.testcases.TC_08_PreAppDashboardTest" name="PreAppDashboardTest" time="0.000">
    <skipped/>
  </testcase> <!-- PreAppDashboardTest -->
  <testcase classname="com.ugapp.testcases.TC_08_PreAppDashboardTest" name="PreAppDashboardTest" time="0.000">
    <skipped/>
  </testcase> <!-- PreAppDashboardTest -->
  <testcase classname="com.ugapp.testcases.TC_08_PreAppDashboardTest" name="PreAppDashboardTest" time="0.000">
    <skipped/>
  </testcase> <!-- PreAppDashboardTest -->
  <testcase classname="com.ugapp.testcases.TC_08_PreAppDashboardTest" name="PreAppDashboardTest" time="0.000">
    <skipped/>
  </testcase> <!-- PreAppDashboardTest -->
  <testcase classname="com.ugapp.testcases.TC_08_PreAppDashboardTest" name="PreAppDashboardTest" time="0.000">
    <skipped/>
  </testcase> <!-- PreAppDashboardTest -->
  <testcase classname="com.ugapp.testcases.TC_08_PreAppDashboardTest" name="PreAppDashboardTest" time="0.000">
    <skipped/>
  </testcase> <!-- PreAppDashboardTest -->
  <testcase classname="com.ugapp.testcases.TC_08_PreAppDashboardTest" name="PreAppDashboardTest" time="0.000">
    <skipped/>
  </testcase> <!-- PreAppDashboardTest -->
  <testcase classname="com.ugapp.testcases.TC_08_PreAppDashboardTest" name="PreAppDashboardTest" time="0.000">
    <skipped/>
  </testcase> <!-- PreAppDashboardTest -->
  <testcase classname="com.ugapp.testcases.TC_08_PreAppDashboardTest" name="PreAppDashboardTest" time="0.000">
    <skipped/>
  </testcase> <!-- PreAppDashboardTest -->
  <testcase classname="com.ugapp.testcases.TC_08_PreAppDashboardTest" name="PreAppDashboardTest" time="0.000">
    <skipped/>
  </testcase> <!-- PreAppDashboardTest -->
  <testcase classname="com.ugapp.testcases.TC_08_PreAppDashboardTest" name="PreAppDashboardTest" time="0.000">
    <skipped/>
  </testcase> <!-- PreAppDashboardTest -->
  <testcase classname="com.ugapp.testcases.TC_08_PreAppDashboardTest" name="PreAppDashboardTest" time="0.000">
    <skipped/>
  </testcase> <!-- PreAppDashboardTest -->
  <testcase classname="com.ugapp.testcases.TC_08_PreAppDashboardTest" name="PreAppDashboardTest" time="0.000">
    <skipped/>
  </testcase> <!-- PreAppDashboardTest -->
  <testcase classname="com.ugapp.testcases.TC_08_PreAppDashboardTest" name="PreAppDashboardTest" time="0.001">
    <skipped/>
  </testcase> <!-- PreAppDashboardTest -->
  <testcase classname="com.ugapp.testcases.TC_08_PreAppDashboardTest" name="PreAppDashboardTest" time="0.000">
    <skipped/>
  </testcase> <!-- PreAppDashboardTest -->
  <testcase classname="com.ugapp.testcases.TC_08_PreAppDashboardTest" name="PreAppDashboardTest" time="0.001">
    <skipped/>
  </testcase> <!-- PreAppDashboardTest -->
  <testcase classname="com.ugapp.testcases.TC_08_PreAppDashboardTest" name="PreAppDashboardTest" time="0.000">
    <skipped/>
  </testcase> <!-- PreAppDashboardTest -->
  <testcase classname="com.ugapp.testcases.TC_08_PreAppDashboardTest" name="PreAppDashboardTest" time="0.000">
    <skipped/>
  </testcase> <!-- PreAppDashboardTest -->
  <testcase classname="com.ugapp.testcases.TC_08_PreAppDashboardTest" name="PreAppDashboardTest" time="0.000">
    <skipped/>
  </testcase> <!-- PreAppDashboardTest -->
  <testcase classname="com.ugapp.testcases.TC_08_PreAppDashboardTest" name="PreAppDashboardTest" time="0.000">
    <skipped/>
  </testcase> <!-- PreAppDashboardTest -->
  <testcase classname="com.ugapp.testcases.TC_08_PreAppDashboardTest" name="PreAppDashboardTest" time="0.000">
    <skipped/>
  </testcase> <!-- PreAppDashboardTest -->
  <testcase classname="com.ugapp.testcases.TC_08_PreAppDashboardTest" name="PreAppDashboardTest" time="0.000">
    <skipped/>
  </testcase> <!-- PreAppDashboardTest -->
  <testcase classname="com.ugapp.testcases.TC_08_PreAppDashboardTest" name="PreAppDashboardTest" time="0.000">
    <skipped/>
  </testcase> <!-- PreAppDashboardTest -->
  <testcase classname="com.ugapp.testcases.TC_08_PreAppDashboardTest" name="PreAppDashboardTest" time="0.001">
    <skipped/>
  </testcase> <!-- PreAppDashboardTest -->
  <testcase classname="com.ugapp.testcases.TC_08_PreAppDashboardTest" name="PreAppDashboardTest" time="0.001">
    <skipped/>
  </testcase> <!-- PreAppDashboardTest -->
  <testcase classname="com.ugapp.testcases.TC_08_PreAppDashboardTest" name="PreAppDashboardTest" time="0.000">
    <skipped/>
  </testcase> <!-- PreAppDashboardTest -->
  <testcase classname="com.ugapp.testcases.TC_08_PreAppDashboardTest" name="PreAppDashboardTest" time="0.000">
    <skipped/>
  </testcase> <!-- PreAppDashboardTest -->
  <testcase classname="com.ugapp.testcases.TC_08_PreAppDashboardTest" name="PreAppDashboardTest" time="0.001">
    <skipped/>
  </testcase> <!-- PreAppDashboardTest -->
  <testcase classname="com.ugapp.testcases.TC_08_PreAppDashboardTest" name="PreAppDashboardTest" time="0.000">
    <skipped/>
  </testcase> <!-- PreAppDashboardTest -->
  <testcase classname="com.ugapp.testcases.TC_08_PreAppDashboardTest" name="PreAppDashboardTest" time="0.000">
    <skipped/>
  </testcase> <!-- PreAppDashboardTest -->
  <testcase classname="com.ugapp.testcases.TC_08_PreAppDashboardTest" name="PreAppDashboardTest" time="0.000">
    <skipped/>
  </testcase> <!-- PreAppDashboardTest -->
  <testcase classname="com.ugapp.testcases.TC_08_PreAppDashboardTest" name="PreAppDashboardTest" time="0.001">
    <skipped/>
  </testcase> <!-- PreAppDashboardTest -->
  <testcase classname="com.ugapp.testcases.TC_08_PreAppDashboardTest" name="PreAppDashboardTest" time="0.000">
    <skipped/>
  </testcase> <!-- PreAppDashboardTest -->
  <testcase classname="com.ugapp.testcases.TC_08_PreAppDashboardTest" name="PreAppDashboardTest" time="0.001">
    <skipped/>
  </testcase> <!-- PreAppDashboardTest -->
  <testcase classname="com.ugapp.testcases.TC_08_PreAppDashboardTest" name="PreAppDashboardTest" time="0.000">
    <skipped/>
  </testcase> <!-- PreAppDashboardTest -->
  <testcase classname="com.ugapp.testcases.TC_08_PreAppDashboardTest" name="PreAppDashboardTest" time="0.001">
    <skipped/>
  </testcase> <!-- PreAppDashboardTest -->
  <testcase classname="com.ugapp.testcases.TC_08_PreAppDashboardTest" name="PreAppDashboardTest" time="0.000">
    <skipped/>
  </testcase> <!-- PreAppDashboardTest -->
  <testcase classname="com.ugapp.testcases.TC_08_PreAppDashboardTest" name="PreAppDashboardTest" time="0.000">
    <skipped/>
  </testcase> <!-- PreAppDashboardTest -->
  <testcase classname="com.ugapp.testcases.TC_08_PreAppDashboardTest" name="PreAppDashboardTest" time="0.000">
    <skipped/>
  </testcase> <!-- PreAppDashboardTest -->
  <testcase classname="com.ugapp.testcases.TC_08_PreAppDashboardTest" name="PreAppDashboardTest" time="0.000">
    <skipped/>
  </testcase> <!-- PreAppDashboardTest -->
  <testcase classname="com.ugapp.testcases.TC_08_PreAppDashboardTest" name="PreAppDashboardTest" time="0.000">
    <skipped/>
  </testcase> <!-- PreAppDashboardTest -->
  <testcase classname="com.ugapp.testcases.TC_08_PreAppDashboardTest" name="PreAppDashboardTest" time="0.000">
    <skipped/>
  </testcase> <!-- PreAppDashboardTest -->
  <testcase classname="com.ugapp.testcases.TC_08_PreAppDashboardTest" name="PreAppDashboardTest" time="0.001">
    <skipped/>
  </testcase> <!-- PreAppDashboardTest -->
  <testcase classname="com.ugapp.testcases.TC_08_PreAppDashboardTest" name="PreAppDashboardTest" time="0.001">
    <skipped/>
  </testcase> <!-- PreAppDashboardTest -->
  <testcase classname="com.ugapp.testcases.TC_08_PreAppDashboardTest" name="PreAppDashboardTest" time="0.001">
    <skipped/>
  </testcase> <!-- PreAppDashboardTest -->
  <testcase classname="com.ugapp.testcases.TC_08_PreAppDashboardTest" name="PreAppDashboardTest" time="0.001">
    <skipped/>
  </testcase> <!-- PreAppDashboardTest -->
  <testcase classname="com.ugapp.testcases.TC_08_PreAppDashboardTest" name="PreAppDashboardTest" time="0.002">
    <skipped/>
  </testcase> <!-- PreAppDashboardTest -->
  <testcase classname="com.ugapp.testcases.TC_08_PreAppDashboardTest" name="PreAppDashboardTest" time="0.000">
    <skipped/>
  </testcase> <!-- PreAppDashboardTest -->
  <testcase classname="com.ugapp.testcases.TC_08_PreAppDashboardTest" name="PreAppDashboardTest" time="0.000">
    <skipped/>
  </testcase> <!-- PreAppDashboardTest -->
  <testcase classname="com.ugapp.testcases.TC_08_PreAppDashboardTest" name="PreAppDashboardTest" time="0.000">
    <skipped/>
  </testcase> <!-- PreAppDashboardTest -->
  <testcase classname="com.ugapp.testcases.TC_08_PreAppDashboardTest" name="PreAppDashboardTest" time="0.000">
    <skipped/>
  </testcase> <!-- PreAppDashboardTest -->
  <testcase classname="com.ugapp.testcases.TC_08_PreAppDashboardTest" name="PreAppDashboardTest" time="0.001">
    <skipped/>
  </testcase> <!-- PreAppDashboardTest -->
  <testcase classname="com.ugapp.testcases.TC_08_PreAppDashboardTest" name="PreAppDashboardTest" time="0.000">
    <skipped/>
  </testcase> <!-- PreAppDashboardTest -->
  <testcase classname="com.ugapp.testcases.TC_08_PreAppDashboardTest" name="PreAppDashboardTest" time="0.001">
    <skipped/>
  </testcase> <!-- PreAppDashboardTest -->
  <testcase classname="com.ugapp.testcases.TC_08_PreAppDashboardTest" name="PreAppDashboardTest" time="0.001">
    <skipped/>
  </testcase> <!-- PreAppDashboardTest -->
  <testcase classname="com.ugapp.testcases.TC_08_PreAppDashboardTest" name="PreAppDashboardTest" time="0.000">
    <skipped/>
  </testcase> <!-- PreAppDashboardTest -->
  <testcase classname="com.ugapp.testcases.TC_08_PreAppDashboardTest" name="PreAppDashboardTest" time="0.000">
    <skipped/>
  </testcase> <!-- PreAppDashboardTest -->
  <testcase classname="com.ugapp.testcases.TC_08_PreAppDashboardTest" name="PreAppDashboardTest" time="0.000">
    <skipped/>
  </testcase> <!-- PreAppDashboardTest -->
  <testcase classname="com.ugapp.testcases.TC_08_PreAppDashboardTest" name="PreAppDashboardTest" time="0.000">
    <skipped/>
  </testcase> <!-- PreAppDashboardTest -->
  <testcase classname="com.ugapp.testcases.TC_08_PreAppDashboardTest" name="PreAppDashboardTest" time="0.000">
    <skipped/>
  </testcase> <!-- PreAppDashboardTest -->
  <testcase classname="com.ugapp.testcases.TC_08_PreAppDashboardTest" name="PreAppDashboardTest" time="0.001">
    <skipped/>
  </testcase> <!-- PreAppDashboardTest -->
  <testcase classname="com.ugapp.testcases.TC_08_PreAppDashboardTest" name="PreAppDashboardTest" time="0.001">
    <skipped/>
  </testcase> <!-- PreAppDashboardTest -->
  <testcase classname="com.ugapp.testcases.TC_08_PreAppDashboardTest" name="PreAppDashboardTest" time="0.001">
    <skipped/>
  </testcase> <!-- PreAppDashboardTest -->
  <testcase classname="com.ugapp.testcases.TC_08_PreAppDashboardTest" name="PreAppDashboardTest" time="0.001">
    <skipped/>
  </testcase> <!-- PreAppDashboardTest -->
  <testcase classname="com.ugapp.testcases.TC_08_PreAppDashboardTest" name="PreAppDashboardTest" time="0.000">
    <skipped/>
  </testcase> <!-- PreAppDashboardTest -->
  <testcase classname="com.ugapp.testcases.TC_08_PreAppDashboardTest" name="PreAppDashboardTest" time="0.000">
    <skipped/>
  </testcase> <!-- PreAppDashboardTest -->
  <testcase classname="com.ugapp.testcases.TC_08_PreAppDashboardTest" name="PreAppDashboardTest" time="0.001">
    <skipped/>
  </testcase> <!-- PreAppDashboardTest -->
  <testcase classname="com.ugapp.testcases.TC_08_PreAppDashboardTest" name="PreAppDashboardTest" time="0.000">
    <skipped/>
  </testcase> <!-- PreAppDashboardTest -->
  <testcase classname="com.ugapp.testcases.TC_08_PreAppDashboardTest" name="PreAppDashboardTest" time="0.000">
    <skipped/>
  </testcase> <!-- PreAppDashboardTest -->
  <testcase classname="com.ugapp.testcases.TC_08_PreAppDashboardTest" name="PreAppDashboardTest" time="0.000">
    <skipped/>
  </testcase> <!-- PreAppDashboardTest -->
  <testcase classname="com.ugapp.testcases.TC_08_PreAppDashboardTest" name="PreAppDashboardTest" time="0.001">
    <skipped/>
  </testcase> <!-- PreAppDashboardTest -->
  <testcase classname="com.ugapp.testcases.TC_08_PreAppDashboardTest" name="PreAppDashboardTest" time="0.000">
    <skipped/>
  </testcase> <!-- PreAppDashboardTest -->
  <testcase classname="com.ugapp.testcases.TC_08_PreAppDashboardTest" name="PreAppDashboardTest" time="0.001">
    <skipped/>
  </testcase> <!-- PreAppDashboardTest -->
  <testcase classname="com.ugapp.testcases.TC_08_PreAppDashboardTest" name="PreAppDashboardTest" time="0.000">
    <skipped/>
  </testcase> <!-- PreAppDashboardTest -->
  <testcase classname="com.ugapp.testcases.TC_08_PreAppDashboardTest" name="PreAppDashboardTest" time="0.001">
    <skipped/>
  </testcase> <!-- PreAppDashboardTest -->
  <testcase classname="com.ugapp.testcases.TC_08_PreAppDashboardTest" name="PreAppDashboardTest" time="0.000">
    <skipped/>
  </testcase> <!-- PreAppDashboardTest -->
  <testcase classname="com.ugapp.testcases.TC_08_PreAppDashboardTest" name="PreAppDashboardTest" time="0.000">
    <skipped/>
  </testcase> <!-- PreAppDashboardTest -->
  <testcase classname="com.ugapp.testcases.TC_08_PreAppDashboardTest" name="PreAppDashboardTest" time="0.000">
    <skipped/>
  </testcase> <!-- PreAppDashboardTest -->
  <testcase classname="com.ugapp.testcases.TC_08_PreAppDashboardTest" name="PreAppDashboardTest" time="0.000">
    <skipped/>
  </testcase> <!-- PreAppDashboardTest -->
  <testcase classname="com.ugapp.testcases.TC_08_PreAppDashboardTest" name="PreAppDashboardTest" time="0.000">
    <skipped/>
  </testcase> <!-- PreAppDashboardTest -->
  <testcase classname="com.ugapp.testcases.TC_08_PreAppDashboardTest" name="PreAppDashboardTest" time="0.000">
    <skipped/>
  </testcase> <!-- PreAppDashboardTest -->
  <testcase classname="com.ugapp.testcases.TC_08_PreAppDashboardTest" name="PreAppDashboardTest" time="0.000">
    <skipped/>
  </testcase> <!-- PreAppDashboardTest -->
  <testcase classname="com.ugapp.testcases.TC_08_PreAppDashboardTest" name="PreAppDashboardTest" time="0.001">
    <skipped/>
  </testcase> <!-- PreAppDashboardTest -->
  <testcase classname="com.ugapp.testcases.TC_08_PreAppDashboardTest" name="PreAppDashboardTest" time="0.000">
    <skipped/>
  </testcase> <!-- PreAppDashboardTest -->
  <testcase classname="com.ugapp.testcases.TC_08_PreAppDashboardTest" name="PreAppDashboardTest" time="0.000">
    <skipped/>
  </testcase> <!-- PreAppDashboardTest -->
  <testcase classname="com.ugapp.testcases.TC_08_PreAppDashboardTest" name="PreAppDashboardTest" time="0.001">
    <skipped/>
  </testcase> <!-- PreAppDashboardTest -->
  <testcase classname="com.ugapp.testcases.TC_08_PreAppDashboardTest" name="PreAppDashboardTest" time="0.001">
    <skipped/>
  </testcase> <!-- PreAppDashboardTest -->
  <testcase classname="com.ugapp.testcases.TC_08_PreAppDashboardTest" name="PreAppDashboardTest" time="0.000">
    <skipped/>
  </testcase> <!-- PreAppDashboardTest -->
  <testcase classname="com.ugapp.testcases.TC_08_PreAppDashboardTest" name="PreAppDashboardTest" time="0.000">
    <skipped/>
  </testcase> <!-- PreAppDashboardTest -->
  <testcase classname="com.ugapp.testcases.TC_08_PreAppDashboardTest" name="PreAppDashboardTest" time="0.000">
    <skipped/>
  </testcase> <!-- PreAppDashboardTest -->
  <testcase classname="com.ugapp.testcases.TC_08_PreAppDashboardTest" name="PreAppDashboardTest" time="0.000">
    <skipped/>
  </testcase> <!-- PreAppDashboardTest -->
  <testcase classname="com.ugapp.testcases.TC_08_PreAppDashboardTest" name="PreAppDashboardTest" time="0.000">
    <skipped/>
  </testcase> <!-- PreAppDashboardTest -->
  <testcase classname="com.ugapp.testcases.TC_08_PreAppDashboardTest" name="PreAppDashboardTest" time="0.001">
    <skipped/>
  </testcase> <!-- PreAppDashboardTest -->
  <testcase classname="com.ugapp.testcases.TC_08_PreAppDashboardTest" name="PreAppDashboardTest" time="0.000">
    <skipped/>
  </testcase> <!-- PreAppDashboardTest -->
  <testcase classname="com.ugapp.testcases.TC_08_PreAppDashboardTest" name="PreAppDashboardTest" time="0.000">
    <skipped/>
  </testcase> <!-- PreAppDashboardTest -->
  <testcase classname="com.ugapp.testcases.TC_08_PreAppDashboardTest" name="PreAppDashboardTest" time="0.001">
    <skipped/>
  </testcase> <!-- PreAppDashboardTest -->
  <testcase classname="com.ugapp.testcases.TC_08_PreAppDashboardTest" name="PreAppDashboardTest" time="0.001">
    <skipped/>
  </testcase> <!-- PreAppDashboardTest -->
  <testcase classname="com.ugapp.testcases.TC_08_PreAppDashboardTest" name="PreAppDashboardTest" time="0.001">
    <skipped/>
  </testcase> <!-- PreAppDashboardTest -->
  <testcase classname="com.ugapp.testcases.TC_08_PreAppDashboardTest" name="PreAppDashboardTest" time="0.000">
    <skipped/>
  </testcase> <!-- PreAppDashboardTest -->
  <testcase classname="com.ugapp.testcases.TC_08_PreAppDashboardTest" name="PreAppDashboardTest" time="0.001">
    <skipped/>
  </testcase> <!-- PreAppDashboardTest -->
  <testcase classname="com.ugapp.testcases.TC_08_PreAppDashboardTest" name="PreAppDashboardTest" time="0.000">
    <skipped/>
  </testcase> <!-- PreAppDashboardTest -->
  <testcase classname="com.ugapp.testcases.TC_08_PreAppDashboardTest" name="PreAppDashboardTest" time="0.000">
    <skipped/>
  </testcase> <!-- PreAppDashboardTest -->
  <testcase classname="com.ugapp.testcases.TC_08_PreAppDashboardTest" name="PreAppDashboardTest" time="0.001">
    <skipped/>
  </testcase> <!-- PreAppDashboardTest -->
  <testcase classname="com.ugapp.testcases.TC_08_PreAppDashboardTest" name="PreAppDashboardTest" time="0.001">
    <skipped/>
  </testcase> <!-- PreAppDashboardTest -->
  <testcase classname="com.ugapp.testcases.TC_08_PreAppDashboardTest" name="PreAppDashboardTest" time="0.000">
    <skipped/>
  </testcase> <!-- PreAppDashboardTest -->
  <testcase classname="com.ugapp.testcases.TC_08_PreAppDashboardTest" name="PreAppDashboardTest" time="0.000">
    <skipped/>
  </testcase> <!-- PreAppDashboardTest -->
  <testcase classname="com.ugapp.testcases.TC_08_PreAppDashboardTest" name="PreAppDashboardTest" time="0.001">
    <skipped/>
  </testcase> <!-- PreAppDashboardTest -->
  <testcase classname="com.ugapp.testcases.TC_08_PreAppDashboardTest" name="PreAppDashboardTest" time="0.000">
    <skipped/>
  </testcase> <!-- PreAppDashboardTest -->
  <testcase classname="com.ugapp.testcases.TC_08_PreAppDashboardTest" name="PreAppDashboardTest" time="0.000">
    <skipped/>
  </testcase> <!-- PreAppDashboardTest -->
  <testcase classname="com.ugapp.testcases.TC_08_PreAppDashboardTest" name="PreAppDashboardTest" time="0.000">
    <skipped/>
  </testcase> <!-- PreAppDashboardTest -->
  <testcase classname="com.ugapp.testcases.TC_08_PreAppDashboardTest" name="PreAppDashboardTest" time="0.000">
    <skipped/>
  </testcase> <!-- PreAppDashboardTest -->
  <testcase classname="com.ugapp.testcases.TC_08_PreAppDashboardTest" name="PreAppDashboardTest" time="0.001">
    <skipped/>
  </testcase> <!-- PreAppDashboardTest -->
  <testcase classname="com.ugapp.testcases.TC_08_PreAppDashboardTest" name="PreAppDashboardTest" time="0.001">
    <skipped/>
  </testcase> <!-- PreAppDashboardTest -->
  <testcase classname="com.ugapp.testcases.TC_08_PreAppDashboardTest" name="PreAppDashboardTest" time="0.001">
    <skipped/>
  </testcase> <!-- PreAppDashboardTest -->
  <testcase classname="com.ugapp.testcases.TC_08_PreAppDashboardTest" name="PreAppDashboardTest" time="0.001">
    <skipped/>
  </testcase> <!-- PreAppDashboardTest -->
  <testcase classname="com.ugapp.testcases.TC_08_PreAppDashboardTest" name="PreAppDashboardTest" time="0.000">
    <skipped/>
  </testcase> <!-- PreAppDashboardTest -->
  <testcase classname="com.ugapp.testcases.TC_08_PreAppDashboardTest" name="PreAppDashboardTest" time="0.001">
    <skipped/>
  </testcase> <!-- PreAppDashboardTest -->
  <testcase classname="com.ugapp.testcases.TC_08_PreAppDashboardTest" name="PreAppDashboardTest" time="0.000">
    <skipped/>
  </testcase> <!-- PreAppDashboardTest -->
  <testcase classname="com.ugapp.testcases.TC_08_PreAppDashboardTest" name="PreAppDashboardTest" time="0.000">
    <skipped/>
  </testcase> <!-- PreAppDashboardTest -->
  <testcase classname="com.ugapp.testcases.TC_08_PreAppDashboardTest" name="PreAppDashboardTest" time="0.001">
    <skipped/>
  </testcase> <!-- PreAppDashboardTest -->
  <testcase classname="com.ugapp.testcases.TC_08_PreAppDashboardTest" name="PreAppDashboardTest" time="0.001">
    <skipped/>
  </testcase> <!-- PreAppDashboardTest -->
  <testcase classname="com.ugapp.testcases.TC_08_PreAppDashboardTest" name="PreAppDashboardTest" time="0.000">
    <skipped/>
  </testcase> <!-- PreAppDashboardTest -->
  <testcase classname="com.ugapp.testcases.TC_08_PreAppDashboardTest" name="PreAppDashboardTest" time="0.000">
    <skipped/>
  </testcase> <!-- PreAppDashboardTest -->
  <testcase classname="com.ugapp.testcases.TC_08_PreAppDashboardTest" name="PreAppDashboardTest" time="0.000">
    <skipped/>
  </testcase> <!-- PreAppDashboardTest -->
  <testcase classname="com.ugapp.testcases.TC_08_PreAppDashboardTest" name="PreAppDashboardTest" time="0.000">
    <skipped/>
  </testcase> <!-- PreAppDashboardTest -->
  <testcase classname="com.ugapp.testcases.TC_08_PreAppDashboardTest" name="PreAppDashboardTest" time="0.000">
    <skipped/>
  </testcase> <!-- PreAppDashboardTest -->
  <testcase classname="com.ugapp.testcases.TC_08_PreAppDashboardTest" name="PreAppDashboardTest" time="0.000">
    <skipped/>
  </testcase> <!-- PreAppDashboardTest -->
  <testcase classname="com.ugapp.testcases.TC_08_PreAppDashboardTest" name="PreAppDashboardTest" time="0.000">
    <skipped/>
  </testcase> <!-- PreAppDashboardTest -->
  <testcase classname="com.ugapp.testcases.TC_08_PreAppDashboardTest" name="PreAppDashboardTest" time="0.000">
    <skipped/>
  </testcase> <!-- PreAppDashboardTest -->
  <testcase classname="com.ugapp.testcases.TC_08_PreAppDashboardTest" name="PreAppDashboardTest" time="0.000">
    <skipped/>
  </testcase> <!-- PreAppDashboardTest -->
  <testcase classname="com.ugapp.testcases.TC_08_PreAppDashboardTest" name="PreAppDashboardTest" time="0.001">
    <skipped/>
  </testcase> <!-- PreAppDashboardTest -->
  <testcase classname="com.ugapp.testcases.TC_08_PreAppDashboardTest" name="PreAppDashboardTest" time="0.001">
    <skipped/>
  </testcase> <!-- PreAppDashboardTest -->
  <testcase classname="com.ugapp.testcases.TC_08_PreAppDashboardTest" name="PreAppDashboardTest" time="0.001">
    <skipped/>
  </testcase> <!-- PreAppDashboardTest -->
  <testcase classname="com.ugapp.testcases.TC_08_PreAppDashboardTest" name="PreAppDashboardTest" time="0.001">
    <skipped/>
  </testcase> <!-- PreAppDashboardTest -->
  <testcase classname="com.ugapp.testcases.TC_08_PreAppDashboardTest" name="PreAppDashboardTest" time="0.001">
    <skipped/>
  </testcase> <!-- PreAppDashboardTest -->
  <testcase classname="com.ugapp.testcases.TC_08_PreAppDashboardTest" name="PreAppDashboardTest" time="0.000">
    <skipped/>
  </testcase> <!-- PreAppDashboardTest -->
  <testcase classname="com.ugapp.testcases.TC_08_PreAppDashboardTest" name="PreAppDashboardTest" time="0.000">
    <skipped/>
  </testcase> <!-- PreAppDashboardTest -->
  <testcase classname="com.ugapp.testcases.TC_08_PreAppDashboardTest" name="PreAppDashboardTest" time="0.000">
    <skipped/>
  </testcase> <!-- PreAppDashboardTest -->
  <testcase classname="com.ugapp.testcases.TC_08_PreAppDashboardTest" name="PreAppDashboardTest" time="0.000">
    <skipped/>
  </testcase> <!-- PreAppDashboardTest -->
  <testcase classname="com.ugapp.testcases.TC_08_PreAppDashboardTest" name="PreAppDashboardTest" time="0.001">
    <skipped/>
  </testcase> <!-- PreAppDashboardTest -->
  <testcase classname="com.ugapp.testcases.TC_08_PreAppDashboardTest" name="PreAppDashboardTest" time="0.001">
    <skipped/>
  </testcase> <!-- PreAppDashboardTest -->
  <testcase classname="com.ugapp.testcases.TC_08_PreAppDashboardTest" name="PreAppDashboardTest" time="0.000">
    <skipped/>
  </testcase> <!-- PreAppDashboardTest -->
  <testcase classname="com.ugapp.testcases.TC_08_PreAppDashboardTest" name="PreAppDashboardTest" time="0.000">
    <skipped/>
  </testcase> <!-- PreAppDashboardTest -->
  <testcase classname="com.ugapp.testcases.TC_08_PreAppDashboardTest" name="PreAppDashboardTest" time="0.000">
    <skipped/>
  </testcase> <!-- PreAppDashboardTest -->
  <testcase classname="com.ugapp.testcases.TC_08_PreAppDashboardTest" name="PreAppDashboardTest" time="0.000">
    <skipped/>
  </testcase> <!-- PreAppDashboardTest -->
  <testcase classname="com.ugapp.testcases.TC_08_PreAppDashboardTest" name="PreAppDashboardTest" time="0.001">
    <skipped/>
  </testcase> <!-- PreAppDashboardTest -->
  <testcase classname="com.ugapp.testcases.TC_08_PreAppDashboardTest" name="PreAppDashboardTest" time="0.001">
    <skipped/>
  </testcase> <!-- PreAppDashboardTest -->
  <testcase classname="com.ugapp.testcases.TC_08_PreAppDashboardTest" name="PreAppDashboardTest" time="0.001">
    <skipped/>
  </testcase> <!-- PreAppDashboardTest -->
  <testcase classname="com.ugapp.testcases.TC_08_PreAppDashboardTest" name="PreAppDashboardTest" time="0.001">
    <skipped/>
  </testcase> <!-- PreAppDashboardTest -->
  <testcase classname="com.ugapp.testcases.TC_08_PreAppDashboardTest" name="PreAppDashboardTest" time="0.000">
    <skipped/>
  </testcase> <!-- PreAppDashboardTest -->
  <testcase classname="com.ugapp.testcases.TC_08_PreAppDashboardTest" name="PreAppDashboardTest" time="0.001">
    <skipped/>
  </testcase> <!-- PreAppDashboardTest -->
  <testcase classname="com.ugapp.testcases.TC_08_PreAppDashboardTest" name="PreAppDashboardTest" time="0.001">
    <skipped/>
  </testcase> <!-- PreAppDashboardTest -->
  <testcase classname="com.ugapp.testcases.TC_08_PreAppDashboardTest" name="PreAppDashboardTest" time="0.000">
    <skipped/>
  </testcase> <!-- PreAppDashboardTest -->
  <testcase classname="com.ugapp.testcases.TC_08_PreAppDashboardTest" name="PreAppDashboardTest" time="0.000">
    <skipped/>
  </testcase> <!-- PreAppDashboardTest -->
  <testcase classname="com.ugapp.testcases.TC_08_PreAppDashboardTest" name="PreAppDashboardTest" time="0.000">
    <skipped/>
  </testcase> <!-- PreAppDashboardTest -->
  <testcase classname="com.ugapp.testcases.TC_08_PreAppDashboardTest" name="PreAppDashboardTest" time="0.000">
    <skipped/>
  </testcase> <!-- PreAppDashboardTest -->
  <testcase classname="com.ugapp.testcases.TC_08_PreAppDashboardTest" name="PreAppDashboardTest" time="0.000">
    <skipped/>
  </testcase> <!-- PreAppDashboardTest -->
  <testcase classname="com.ugapp.testcases.TC_08_PreAppDashboardTest" name="PreAppDashboardTest" time="0.000">
    <skipped/>
  </testcase> <!-- PreAppDashboardTest -->
  <testcase classname="com.ugapp.testcases.TC_08_PreAppDashboardTest" name="PreAppDashboardTest" time="0.000">
    <skipped/>
  </testcase> <!-- PreAppDashboardTest -->
  <testcase classname="com.ugapp.testcases.TC_08_PreAppDashboardTest" name="PreAppDashboardTest" time="0.001">
    <skipped/>
  </testcase> <!-- PreAppDashboardTest -->
  <testcase classname="com.ugapp.testcases.TC_08_PreAppDashboardTest" name="PreAppDashboardTest" time="0.000">
    <skipped/>
  </testcase> <!-- PreAppDashboardTest -->
  <testcase classname="com.ugapp.testcases.TC_08_PreAppDashboardTest" name="PreAppDashboardTest" time="0.000">
    <skipped/>
  </testcase> <!-- PreAppDashboardTest -->
  <testcase classname="com.ugapp.testcases.TC_08_PreAppDashboardTest" name="PreAppDashboardTest" time="0.000">
    <skipped/>
  </testcase> <!-- PreAppDashboardTest -->
  <testcase classname="com.ugapp.testcases.TC_08_PreAppDashboardTest" name="PreAppDashboardTest" time="0.000">
    <skipped/>
  </testcase> <!-- PreAppDashboardTest -->
  <testcase classname="com.ugapp.testcases.TC_08_PreAppDashboardTest" name="PreAppDashboardTest" time="0.000">
    <skipped/>
  </testcase> <!-- PreAppDashboardTest -->
  <testcase classname="com.ugapp.testcases.TC_08_PreAppDashboardTest" name="PreAppDashboardTest" time="0.000">
    <skipped/>
  </testcase> <!-- PreAppDashboardTest -->
  <testcase classname="com.ugapp.testcases.TC_08_PreAppDashboardTest" name="PreAppDashboardTest" time="0.001">
    <skipped/>
  </testcase> <!-- PreAppDashboardTest -->
  <testcase classname="com.ugapp.testcases.TC_08_PreAppDashboardTest" name="PreAppDashboardTest" time="0.000">
    <skipped/>
  </testcase> <!-- PreAppDashboardTest -->
  <testcase classname="com.ugapp.testcases.TC_08_PreAppDashboardTest" name="PreAppDashboardTest" time="0.000">
    <skipped/>
  </testcase> <!-- PreAppDashboardTest -->
  <testcase classname="com.ugapp.testcases.TC_08_PreAppDashboardTest" name="PreAppDashboardTest" time="0.000">
    <skipped/>
  </testcase> <!-- PreAppDashboardTest -->
  <testcase classname="com.ugapp.testcases.TC_08_PreAppDashboardTest" name="PreAppDashboardTest" time="0.000">
    <skipped/>
  </testcase> <!-- PreAppDashboardTest -->
  <testcase classname="com.ugapp.testcases.TC_08_PreAppDashboardTest" name="PreAppDashboardTest" time="0.000">
    <skipped/>
  </testcase> <!-- PreAppDashboardTest -->
  <testcase classname="com.ugapp.testcases.TC_08_PreAppDashboardTest" name="PreAppDashboardTest" time="0.000">
    <skipped/>
  </testcase> <!-- PreAppDashboardTest -->
  <testcase classname="com.ugapp.testcases.TC_08_PreAppDashboardTest" name="PreAppDashboardTest" time="0.000">
    <skipped/>
  </testcase> <!-- PreAppDashboardTest -->
  <testcase classname="com.ugapp.testcases.TC_08_PreAppDashboardTest" name="PreAppDashboardTest" time="0.000">
    <skipped/>
  </testcase> <!-- PreAppDashboardTest -->
  <testcase classname="com.ugapp.testcases.TC_08_PreAppDashboardTest" name="PreAppDashboardTest" time="0.000">
    <skipped/>
  </testcase> <!-- PreAppDashboardTest -->
  <testcase classname="com.ugapp.testcases.TC_08_PreAppDashboardTest" name="PreAppDashboardTest" time="0.001">
    <skipped/>
  </testcase> <!-- PreAppDashboardTest -->
  <testcase classname="com.ugapp.testcases.TC_08_PreAppDashboardTest" name="PreAppDashboardTest" time="0.000">
    <skipped/>
  </testcase> <!-- PreAppDashboardTest -->
  <testcase classname="com.ugapp.testcases.TC_08_PreAppDashboardTest" name="PreAppDashboardTest" time="0.000">
    <skipped/>
  </testcase> <!-- PreAppDashboardTest -->
  <testcase classname="com.ugapp.testcases.TC_08_PreAppDashboardTest" name="PreAppDashboardTest" time="0.000">
    <skipped/>
  </testcase> <!-- PreAppDashboardTest -->
  <testcase classname="com.ugapp.testcases.TC_08_PreAppDashboardTest" name="PreAppDashboardTest" time="0.000">
    <skipped/>
  </testcase> <!-- PreAppDashboardTest -->
  <testcase classname="com.ugapp.testcases.TC_08_PreAppDashboardTest" name="PreAppDashboardTest" time="0.000">
    <skipped/>
  </testcase> <!-- PreAppDashboardTest -->
  <testcase classname="com.ugapp.testcases.TC_08_PreAppDashboardTest" name="PreAppDashboardTest" time="0.000">
    <skipped/>
  </testcase> <!-- PreAppDashboardTest -->
  <testcase classname="com.ugapp.testcases.TC_08_PreAppDashboardTest" name="PreAppDashboardTest" time="0.001">
    <skipped/>
  </testcase> <!-- PreAppDashboardTest -->
  <testcase classname="com.ugapp.testcases.TC_08_PreAppDashboardTest" name="PreAppDashboardTest" time="0.000">
    <skipped/>
  </testcase> <!-- PreAppDashboardTest -->
  <testcase classname="com.ugapp.testcases.TC_08_PreAppDashboardTest" name="PreAppDashboardTest" time="0.000">
    <skipped/>
  </testcase> <!-- PreAppDashboardTest -->
  <testcase classname="com.ugapp.testcases.TC_08_PreAppDashboardTest" name="PreAppDashboardTest" time="0.000">
    <skipped/>
  </testcase> <!-- PreAppDashboardTest -->
  <testcase classname="com.ugapp.testcases.TC_08_PreAppDashboardTest" name="PreAppDashboardTest" time="0.000">
    <skipped/>
  </testcase> <!-- PreAppDashboardTest -->
  <testcase classname="com.ugapp.testcases.TC_08_PreAppDashboardTest" name="PreAppDashboardTest" time="0.001">
    <skipped/>
  </testcase> <!-- PreAppDashboardTest -->
  <testcase classname="com.ugapp.testcases.TC_08_PreAppDashboardTest" name="PreAppDashboardTest" time="0.000">
    <skipped/>
  </testcase> <!-- PreAppDashboardTest -->
  <testcase classname="com.ugapp.testcases.TC_08_PreAppDashboardTest" name="PreAppDashboardTest" time="0.001">
    <skipped/>
  </testcase> <!-- PreAppDashboardTest -->
  <testcase classname="com.ugapp.testcases.TC_08_PreAppDashboardTest" name="PreAppDashboardTest" time="0.000">
    <skipped/>
  </testcase> <!-- PreAppDashboardTest -->
  <testcase classname="com.ugapp.testcases.TC_08_PreAppDashboardTest" name="PreAppDashboardTest" time="0.000">
    <skipped/>
  </testcase> <!-- PreAppDashboardTest -->
  <testcase classname="com.ugapp.testcases.TC_08_PreAppDashboardTest" name="PreAppDashboardTest" time="0.001">
    <skipped/>
  </testcase> <!-- PreAppDashboardTest -->
  <testcase classname="com.ugapp.testcases.TC_08_PreAppDashboardTest" name="PreAppDashboardTest" time="0.001">
    <skipped/>
  </testcase> <!-- PreAppDashboardTest -->
  <testcase classname="com.ugapp.testcases.TC_08_PreAppDashboardTest" name="PreAppDashboardTest" time="0.001">
    <skipped/>
  </testcase> <!-- PreAppDashboardTest -->
  <testcase classname="com.ugapp.testcases.TC_08_PreAppDashboardTest" name="PreAppDashboardTest" time="0.001">
    <skipped/>
  </testcase> <!-- PreAppDashboardTest -->
  <testcase classname="com.ugapp.testcases.TC_08_PreAppDashboardTest" name="PreAppDashboardTest" time="0.001">
    <skipped/>
  </testcase> <!-- PreAppDashboardTest -->
  <testcase classname="com.ugapp.testcases.TC_08_PreAppDashboardTest" name="PreAppDashboardTest" time="0.000">
    <skipped/>
  </testcase> <!-- PreAppDashboardTest -->
  <testcase classname="com.ugapp.testcases.TC_08_PreAppDashboardTest" name="PreAppDashboardTest" time="0.000">
    <skipped/>
  </testcase> <!-- PreAppDashboardTest -->
  <testcase classname="com.ugapp.testcases.TC_08_PreAppDashboardTest" name="PreAppDashboardTest" time="0.000">
    <skipped/>
  </testcase> <!-- PreAppDashboardTest -->
  <testcase classname="com.ugapp.testcases.TC_08_PreAppDashboardTest" name="PreAppDashboardTest" time="0.000">
    <skipped/>
  </testcase> <!-- PreAppDashboardTest -->
  <testcase classname="com.ugapp.testcases.TC_08_PreAppDashboardTest" name="PreAppDashboardTest" time="0.000">
    <skipped/>
  </testcase> <!-- PreAppDashboardTest -->
  <testcase classname="com.ugapp.testcases.TC_08_PreAppDashboardTest" name="PreAppDashboardTest" time="0.000">
    <skipped/>
  </testcase> <!-- PreAppDashboardTest -->
  <testcase classname="com.ugapp.testcases.TC_08_PreAppDashboardTest" name="PreAppDashboardTest" time="0.000">
    <skipped/>
  </testcase> <!-- PreAppDashboardTest -->
  <testcase classname="com.ugapp.testcases.TC_08_PreAppDashboardTest" name="PreAppDashboardTest" time="0.000">
    <skipped/>
  </testcase> <!-- PreAppDashboardTest -->
  <testcase classname="com.ugapp.testcases.TC_08_PreAppDashboardTest" name="PreAppDashboardTest" time="0.001">
    <skipped/>
  </testcase> <!-- PreAppDashboardTest -->
  <testcase classname="com.ugapp.testcases.TC_08_PreAppDashboardTest" name="PreAppDashboardTest" time="0.000">
    <skipped/>
  </testcase> <!-- PreAppDashboardTest -->
  <testcase classname="com.ugapp.testcases.TC_08_PreAppDashboardTest" name="PreAppDashboardTest" time="0.000">
    <skipped/>
  </testcase> <!-- PreAppDashboardTest -->
  <testcase classname="com.ugapp.testcases.TC_08_PreAppDashboardTest" name="PreAppDashboardTest" time="0.000">
    <skipped/>
  </testcase> <!-- PreAppDashboardTest -->
  <testcase classname="com.ugapp.testcases.TC_08_PreAppDashboardTest" name="PreAppDashboardTest" time="3.002">
    <error message="Cannot invoke &quot;org.openqa.selenium.WebDriver.findElement(org.openqa.selenium.By)&quot; because &quot;com.ugapp.base.Page2.driver&quot; is null" type="java.lang.NullPointerException">
      <![CDATA[java.lang.NullPointerException: Cannot invoke "org.openqa.selenium.WebDriver.findElement(org.openqa.selenium.By)" because "com.ugapp.base.Page2.driver" is null
	at com.ugapp.base.Page2.type(Page2.java:200)
	at com.ugapp.pages.PreAppDashboardPage.userDetails(PreAppDashboardPage.java:41)
	at com.ugapp.testcases.TC_08_PreAppDashboardTest.PreAppDashboardTest(TC_08_PreAppDashboardTest.java:53)
	at java.base/jdk.internal.reflect.DirectMethodHandleAccessor.invoke(DirectMethodHandleAccessor.java:104)
	at java.base/java.lang.reflect.Method.invoke(Method.java:578)
	at org.testng.internal.MethodInvocationHelper.invokeMethod(MethodInvocationHelper.java:108)
	at org.testng.internal.Invoker.invokeMethod(Invoker.java:661)
	at org.testng.internal.Invoker.invokeTestMethod(Invoker.java:869)
	at org.testng.internal.Invoker.invokeTestMethods(Invoker.java:1193)
	at org.testng.internal.TestMethodWorker.invokeTestMethods(TestMethodWorker.java:126)
	at org.testng.internal.TestMethodWorker.run(TestMethodWorker.java:109)
	at org.testng.TestRunner.privateRun(TestRunner.java:744)
	at org.testng.TestRunner.run(TestRunner.java:602)
	at org.testng.SuiteRunner.runTest(SuiteRunner.java:380)
	at org.testng.SuiteRunner.runSequentially(SuiteRunner.java:375)
	at org.testng.SuiteRunner.privateRun(SuiteRunner.java:340)
	at org.testng.SuiteRunner.run(SuiteRunner.java:289)
	at org.testng.SuiteRunnerWorker.runSuite(SuiteRunnerWorker.java:52)
	at org.testng.SuiteRunnerWorker.run(SuiteRunnerWorker.java:86)
	at org.testng.TestNG.runSuitesSequentially(TestNG.java:1301)
	at org.testng.TestNG.runSuitesSequentially(TestNG.java:1297)
	at org.testng.TestNG.runSuitesLocally(TestNG.java:1226)
	at org.testng.TestNG.runSuites(TestNG.java:1144)
	at org.testng.TestNG.run(TestNG.java:1115)
	at org.testng.remote.AbstractRemoteTestNG.run(AbstractRemoteTestNG.java:115)
	at org.testng.remote.RemoteTestNG.initAndRun(RemoteTestNG.java:251)
	at org.testng.remote.RemoteTestNG.main(RemoteTestNG.java:77)
]]>
    </error>
  </testcase> <!-- PreAppDashboardTest -->
  <testcase classname="com.ugapp.testcases.TC_08_PreAppDashboardTest" name="PreAppDashboardTest" time="0.000">
    <skipped/>
  </testcase> <!-- PreAppDashboardTest -->
  <testcase classname="com.ugapp.testcases.TC_08_PreAppDashboardTest" name="PreAppDashboardTest" time="0.000">
    <skipped/>
  </testcase> <!-- PreAppDashboardTest -->
  <testcase classname="com.ugapp.testcases.TC_08_PreAppDashboardTest" name="PreAppDashboardTest" time="0.000">
    <skipped/>
  </testcase> <!-- PreAppDashboardTest -->
  <testcase classname="com.ugapp.testcases.TC_08_PreAppDashboardTest" name="PreAppDashboardTest" time="0.001">
    <skipped/>
  </testcase> <!-- PreAppDashboardTest -->
  <testcase classname="com.ugapp.testcases.TC_08_PreAppDashboardTest" name="PreAppDashboardTest" time="0.001">
    <skipped/>
  </testcase> <!-- PreAppDashboardTest -->
  <testcase classname="com.ugapp.testcases.TC_08_PreAppDashboardTest" name="PreAppDashboardTest" time="0.000">
    <skipped/>
  </testcase> <!-- PreAppDashboardTest -->
  <testcase classname="com.ugapp.testcases.TC_08_PreAppDashboardTest" name="PreAppDashboardTest" time="0.000">
    <skipped/>
  </testcase> <!-- PreAppDashboardTest -->
  <testcase classname="com.ugapp.testcases.TC_08_PreAppDashboardTest" name="PreAppDashboardTest" time="0.000">
    <skipped/>
  </testcase> <!-- PreAppDashboardTest -->
  <testcase classname="com.ugapp.testcases.TC_08_PreAppDashboardTest" name="PreAppDashboardTest" time="0.000">
    <skipped/>
  </testcase> <!-- PreAppDashboardTest -->
  <testcase classname="com.ugapp.testcases.TC_08_PreAppDashboardTest" name="PreAppDashboardTest" time="0.001">
    <skipped/>
  </testcase> <!-- PreAppDashboardTest -->
  <testcase classname="com.ugapp.testcases.TC_08_PreAppDashboardTest" name="PreAppDashboardTest" time="0.000">
    <skipped/>
  </testcase> <!-- PreAppDashboardTest -->
  <testcase classname="com.ugapp.testcases.TC_08_PreAppDashboardTest" name="PreAppDashboardTest" time="0.000">
    <skipped/>
  </testcase> <!-- PreAppDashboardTest -->
  <testcase classname="com.ugapp.testcases.TC_08_PreAppDashboardTest" name="PreAppDashboardTest" time="0.001">
    <skipped/>
  </testcase> <!-- PreAppDashboardTest -->
  <testcase classname="com.ugapp.testcases.TC_08_PreAppDashboardTest" name="PreAppDashboardTest" time="0.001">
    <skipped/>
  </testcase> <!-- PreAppDashboardTest -->
  <testcase classname="com.ugapp.testcases.TC_08_PreAppDashboardTest" name="PreAppDashboardTest" time="0.000">
    <skipped/>
  </testcase> <!-- PreAppDashboardTest -->
  <testcase classname="com.ugapp.testcases.TC_08_PreAppDashboardTest" name="PreAppDashboardTest" time="0.000">
    <skipped/>
  </testcase> <!-- PreAppDashboardTest -->
  <testcase classname="com.ugapp.testcases.TC_08_PreAppDashboardTest" name="PreAppDashboardTest" time="0.000">
    <skipped/>
  </testcase> <!-- PreAppDashboardTest -->
  <testcase classname="com.ugapp.testcases.TC_08_PreAppDashboardTest" name="PreAppDashboardTest" time="0.000">
    <skipped/>
  </testcase> <!-- PreAppDashboardTest -->
  <testcase classname="com.ugapp.testcases.TC_08_PreAppDashboardTest" name="PreAppDashboardTest" time="0.000">
    <skipped/>
  </testcase> <!-- PreAppDashboardTest -->
  <testcase classname="com.ugapp.testcases.TC_08_PreAppDashboardTest" name="PreAppDashboardTest" time="0.001">
    <skipped/>
  </testcase> <!-- PreAppDashboardTest -->
  <testcase classname="com.ugapp.testcases.TC_08_PreAppDashboardTest" name="PreAppDashboardTest" time="0.000">
    <skipped/>
  </testcase> <!-- PreAppDashboardTest -->
  <testcase classname="com.ugapp.testcases.TC_08_PreAppDashboardTest" name="PreAppDashboardTest" time="0.000">
    <skipped/>
  </testcase> <!-- PreAppDashboardTest -->
  <testcase classname="com.ugapp.testcases.TC_08_PreAppDashboardTest" name="PreAppDashboardTest" time="0.000">
    <skipped/>
  </testcase> <!-- PreAppDashboardTest -->
  <testcase classname="com.ugapp.testcases.TC_08_PreAppDashboardTest" name="PreAppDashboardTest" time="0.000">
    <skipped/>
  </testcase> <!-- PreAppDashboardTest -->
  <testcase classname="com.ugapp.testcases.TC_08_PreAppDashboardTest" name="PreAppDashboardTest" time="0.001">
    <skipped/>
  </testcase> <!-- PreAppDashboardTest -->
  <testcase classname="com.ugapp.testcases.TC_08_PreAppDashboardTest" name="PreAppDashboardTest" time="0.000">
    <skipped/>
  </testcase> <!-- PreAppDashboardTest -->
  <testcase classname="com.ugapp.testcases.TC_08_PreAppDashboardTest" name="PreAppDashboardTest" time="0.000">
    <skipped/>
  </testcase> <!-- PreAppDashboardTest -->
  <testcase classname="com.ugapp.testcases.TC_08_PreAppDashboardTest" name="PreAppDashboardTest" time="0.000">
    <skipped/>
  </testcase> <!-- PreAppDashboardTest -->
  <testcase classname="com.ugapp.testcases.TC_08_PreAppDashboardTest" name="PreAppDashboardTest" time="0.000">
    <skipped/>
  </testcase> <!-- PreAppDashboardTest -->
  <testcase classname="com.ugapp.testcases.TC_08_PreAppDashboardTest" name="PreAppDashboardTest" time="0.000">
    <skipped/>
  </testcase> <!-- PreAppDashboardTest -->
  <testcase classname="com.ugapp.testcases.TC_08_PreAppDashboardTest" name="PreAppDashboardTest" time="0.001">
    <skipped/>
  </testcase> <!-- PreAppDashboardTest -->
  <testcase classname="com.ugapp.testcases.TC_08_PreAppDashboardTest" name="PreAppDashboardTest" time="0.001">
    <skipped/>
  </testcase> <!-- PreAppDashboardTest -->
  <testcase classname="com.ugapp.testcases.TC_08_PreAppDashboardTest" name="PreAppDashboardTest" time="0.001">
    <skipped/>
  </testcase> <!-- PreAppDashboardTest -->
  <testcase classname="com.ugapp.testcases.TC_08_PreAppDashboardTest" name="PreAppDashboardTest" time="0.001">
    <skipped/>
  </testcase> <!-- PreAppDashboardTest -->
  <testcase classname="com.ugapp.testcases.TC_08_PreAppDashboardTest" name="PreAppDashboardTest" time="0.001">
    <skipped/>
  </testcase> <!-- PreAppDashboardTest -->
  <testcase classname="com.ugapp.testcases.TC_08_PreAppDashboardTest" name="PreAppDashboardTest" time="0.000">
    <skipped/>
  </testcase> <!-- PreAppDashboardTest -->
  <testcase classname="com.ugapp.testcases.TC_08_PreAppDashboardTest" name="PreAppDashboardTest" time="0.000">
    <skipped/>
  </testcase> <!-- PreAppDashboardTest -->
  <testcase classname="com.ugapp.testcases.TC_08_PreAppDashboardTest" name="PreAppDashboardTest" time="0.000">
    <skipped/>
  </testcase> <!-- PreAppDashboardTest -->
  <testcase classname="com.ugapp.testcases.TC_08_PreAppDashboardTest" name="PreAppDashboardTest" time="0.000">
    <skipped/>
  </testcase> <!-- PreAppDashboardTest -->
  <testcase classname="com.ugapp.testcases.TC_08_PreAppDashboardTest" name="PreAppDashboardTest" time="0.000">
    <skipped/>
  </testcase> <!-- PreAppDashboardTest -->
  <testcase classname="com.ugapp.testcases.TC_08_PreAppDashboardTest" name="PreAppDashboardTest" time="0.000">
    <skipped/>
  </testcase> <!-- PreAppDashboardTest -->
  <testcase classname="com.ugapp.testcases.TC_08_PreAppDashboardTest" name="PreAppDashboardTest" time="0.000">
    <skipped/>
  </testcase> <!-- PreAppDashboardTest -->
  <testcase classname="com.ugapp.testcases.TC_08_PreAppDashboardTest" name="PreAppDashboardTest" time="0.001">
    <skipped/>
  </testcase> <!-- PreAppDashboardTest -->
  <testcase classname="com.ugapp.testcases.TC_08_PreAppDashboardTest" name="PreAppDashboardTest" time="0.001">
    <skipped/>
  </testcase> <!-- PreAppDashboardTest -->
  <testcase classname="com.ugapp.testcases.TC_08_PreAppDashboardTest" name="PreAppDashboardTest" time="0.000">
    <skipped/>
  </testcase> <!-- PreAppDashboardTest -->
  <testcase classname="com.ugapp.testcases.TC_08_PreAppDashboardTest" name="PreAppDashboardTest" time="0.000">
    <skipped/>
  </testcase> <!-- PreAppDashboardTest -->
  <testcase classname="com.ugapp.testcases.TC_08_PreAppDashboardTest" name="PreAppDashboardTest" time="0.000">
    <skipped/>
  </testcase> <!-- PreAppDashboardTest -->
  <testcase classname="com.ugapp.testcases.TC_08_PreAppDashboardTest" name="PreAppDashboardTest" time="0.000">
    <skipped/>
  </testcase> <!-- PreAppDashboardTest -->
  <testcase classname="com.ugapp.testcases.TC_08_PreAppDashboardTest" name="PreAppDashboardTest" time="0.001">
    <skipped/>
  </testcase> <!-- PreAppDashboardTest -->
  <testcase classname="com.ugapp.testcases.TC_08_PreAppDashboardTest" name="PreAppDashboardTest" time="0.001">
    <skipped/>
  </testcase> <!-- PreAppDashboardTest -->
  <testcase classname="com.ugapp.testcases.TC_08_PreAppDashboardTest" name="PreAppDashboardTest" time="0.000">
    <skipped/>
  </testcase> <!-- PreAppDashboardTest -->
  <testcase classname="com.ugapp.testcases.TC_08_PreAppDashboardTest" name="PreAppDashboardTest" time="0.000">
    <skipped/>
  </testcase> <!-- PreAppDashboardTest -->
  <testcase classname="com.ugapp.testcases.TC_08_PreAppDashboardTest" name="PreAppDashboardTest" time="0.000">
    <skipped/>
  </testcase> <!-- PreAppDashboardTest -->
  <testcase classname="com.ugapp.testcases.TC_08_PreAppDashboardTest" name="PreAppDashboardTest" time="0.001">
    <skipped/>
  </testcase> <!-- PreAppDashboardTest -->
  <testcase classname="com.ugapp.testcases.TC_08_PreAppDashboardTest" name="PreAppDashboardTest" time="0.000">
    <skipped/>
  </testcase> <!-- PreAppDashboardTest -->
  <testcase classname="com.ugapp.testcases.TC_08_PreAppDashboardTest" name="PreAppDashboardTest" time="0.001">
    <skipped/>
  </testcase> <!-- PreAppDashboardTest -->
  <testcase classname="com.ugapp.testcases.TC_08_PreAppDashboardTest" name="PreAppDashboardTest" time="0.001">
    <skipped/>
  </testcase> <!-- PreAppDashboardTest -->
  <testcase classname="com.ugapp.testcases.TC_08_PreAppDashboardTest" name="PreAppDashboardTest" time="0.000">
    <skipped/>
  </testcase> <!-- PreAppDashboardTest -->
  <testcase classname="com.ugapp.testcases.TC_08_PreAppDashboardTest" name="PreAppDashboardTest" time="0.000">
    <skipped/>
  </testcase> <!-- PreAppDashboardTest -->
  <testcase classname="com.ugapp.testcases.TC_08_PreAppDashboardTest" name="PreAppDashboardTest" time="0.000">
    <skipped/>
  </testcase> <!-- PreAppDashboardTest -->
  <testcase classname="com.ugapp.testcases.TC_08_PreAppDashboardTest" name="PreAppDashboardTest" time="0.001">
    <skipped/>
  </testcase> <!-- PreAppDashboardTest -->
  <testcase classname="com.ugapp.testcases.TC_08_PreAppDashboardTest" name="PreAppDashboardTest" time="0.000">
    <skipped/>
  </testcase> <!-- PreAppDashboardTest -->
  <testcase classname="com.ugapp.testcases.TC_08_PreAppDashboardTest" name="PreAppDashboardTest" time="0.000">
    <skipped/>
  </testcase> <!-- PreAppDashboardTest -->
  <testcase classname="com.ugapp.testcases.TC_08_PreAppDashboardTest" name="PreAppDashboardTest" time="0.001">
    <skipped/>
  </testcase> <!-- PreAppDashboardTest -->
  <testcase classname="com.ugapp.testcases.TC_08_PreAppDashboardTest" name="PreAppDashboardTest" time="0.000">
    <skipped/>
  </testcase> <!-- PreAppDashboardTest -->
  <testcase classname="com.ugapp.testcases.TC_08_PreAppDashboardTest" name="PreAppDashboardTest" time="0.001">
    <skipped/>
  </testcase> <!-- PreAppDashboardTest -->
  <testcase classname="com.ugapp.testcases.TC_08_PreAppDashboardTest" name="PreAppDashboardTest" time="0.000">
    <skipped/>
  </testcase> <!-- PreAppDashboardTest -->
  <testcase classname="com.ugapp.testcases.TC_08_PreAppDashboardTest" name="PreAppDashboardTest" time="0.000">
    <skipped/>
  </testcase> <!-- PreAppDashboardTest -->
  <testcase classname="com.ugapp.testcases.TC_08_PreAppDashboardTest" name="PreAppDashboardTest" time="0.000">
    <skipped/>
  </testcase> <!-- PreAppDashboardTest -->
  <testcase classname="com.ugapp.testcases.TC_08_PreAppDashboardTest" name="PreAppDashboardTest" time="0.000">
    <skipped/>
  </testcase> <!-- PreAppDashboardTest -->
  <testcase classname="com.ugapp.testcases.TC_08_PreAppDashboardTest" name="PreAppDashboardTest" time="0.000">
    <skipped/>
  </testcase> <!-- PreAppDashboardTest -->
  <testcase classname="com.ugapp.testcases.TC_08_PreAppDashboardTest" name="PreAppDashboardTest" time="0.001">
    <skipped/>
  </testcase> <!-- PreAppDashboardTest -->
  <testcase classname="com.ugapp.testcases.TC_08_PreAppDashboardTest" name="PreAppDashboardTest" time="0.000">
    <skipped/>
  </testcase> <!-- PreAppDashboardTest -->
  <testcase classname="com.ugapp.testcases.TC_08_PreAppDashboardTest" name="PreAppDashboardTest" time="0.000">
    <skipped/>
  </testcase> <!-- PreAppDashboardTest -->
  <testcase classname="com.ugapp.testcases.TC_08_PreAppDashboardTest" name="PreAppDashboardTest" time="0.000">
    <skipped/>
  </testcase> <!-- PreAppDashboardTest -->
  <testcase classname="com.ugapp.testcases.TC_08_PreAppDashboardTest" name="PreAppDashboardTest" time="0.000">
    <skipped/>
  </testcase> <!-- PreAppDashboardTest -->
  <testcase classname="com.ugapp.testcases.TC_08_PreAppDashboardTest" name="PreAppDashboardTest" time="0.000">
    <skipped/>
  </testcase> <!-- PreAppDashboardTest -->
  <testcase classname="com.ugapp.testcases.TC_08_PreAppDashboardTest" name="PreAppDashboardTest" time="0.001">
    <skipped/>
  </testcase> <!-- PreAppDashboardTest -->
  <testcase classname="com.ugapp.testcases.TC_08_PreAppDashboardTest" name="PreAppDashboardTest" time="0.001">
    <skipped/>
  </testcase> <!-- PreAppDashboardTest -->
  <testcase classname="com.ugapp.testcases.TC_08_PreAppDashboardTest" name="PreAppDashboardTest" time="0.000">
    <skipped/>
  </testcase> <!-- PreAppDashboardTest -->
  <testcase classname="com.ugapp.testcases.TC_08_PreAppDashboardTest" name="PreAppDashboardTest" time="0.001">
    <skipped/>
  </testcase> <!-- PreAppDashboardTest -->
  <testcase classname="com.ugapp.testcases.TC_08_PreAppDashboardTest" name="PreAppDashboardTest" time="0.000">
    <skipped/>
  </testcase> <!-- PreAppDashboardTest -->
  <testcase classname="com.ugapp.testcases.TC_08_PreAppDashboardTest" name="PreAppDashboardTest" time="0.000">
    <skipped/>
  </testcase> <!-- PreAppDashboardTest -->
  <testcase classname="com.ugapp.testcases.TC_08_PreAppDashboardTest" name="PreAppDashboardTest" time="0.001">
    <skipped/>
  </testcase> <!-- PreAppDashboardTest -->
  <testcase classname="com.ugapp.testcases.TC_08_PreAppDashboardTest" name="PreAppDashboardTest" time="0.001">
    <skipped/>
  </testcase> <!-- PreAppDashboardTest -->
  <testcase classname="com.ugapp.testcases.TC_08_PreAppDashboardTest" name="PreAppDashboardTest" time="0.000">
    <skipped/>
  </testcase> <!-- PreAppDashboardTest -->
  <testcase classname="com.ugapp.testcases.TC_08_PreAppDashboardTest" name="PreAppDashboardTest" time="0.001">
    <skipped/>
  </testcase> <!-- PreAppDashboardTest -->
  <testcase classname="com.ugapp.testcases.TC_08_PreAppDashboardTest" name="PreAppDashboardTest" time="0.000">
    <skipped/>
  </testcase> <!-- PreAppDashboardTest -->
  <testcase classname="com.ugapp.testcases.TC_08_PreAppDashboardTest" name="PreAppDashboardTest" time="0.001">
    <skipped/>
  </testcase> <!-- PreAppDashboardTest -->
  <testcase classname="com.ugapp.testcases.TC_08_PreAppDashboardTest" name="PreAppDashboardTest" time="0.001">
    <skipped/>
  </testcase> <!-- PreAppDashboardTest -->
  <testcase classname="com.ugapp.testcases.TC_08_PreAppDashboardTest" name="PreAppDashboardTest" time="0.001">
    <skipped/>
  </testcase> <!-- PreAppDashboardTest -->
  <testcase classname="com.ugapp.testcases.TC_08_PreAppDashboardTest" name="PreAppDashboardTest" time="0.000">
    <skipped/>
  </testcase> <!-- PreAppDashboardTest -->
  <testcase classname="com.ugapp.testcases.TC_08_PreAppDashboardTest" name="PreAppDashboardTest" time="0.001">
    <skipped/>
  </testcase> <!-- PreAppDashboardTest -->
  <testcase classname="com.ugapp.testcases.TC_08_PreAppDashboardTest" name="PreAppDashboardTest" time="0.000">
    <skipped/>
  </testcase> <!-- PreAppDashboardTest -->
  <testcase classname="com.ugapp.testcases.TC_08_PreAppDashboardTest" name="PreAppDashboardTest" time="0.001">
    <skipped/>
  </testcase> <!-- PreAppDashboardTest -->
  <testcase classname="com.ugapp.testcases.TC_08_PreAppDashboardTest" name="PreAppDashboardTest" time="0.001">
    <skipped/>
  </testcase> <!-- PreAppDashboardTest -->
  <testcase classname="com.ugapp.testcases.TC_08_PreAppDashboardTest" name="PreAppDashboardTest" time="0.000">
    <skipped/>
  </testcase> <!-- PreAppDashboardTest -->
  <testcase classname="com.ugapp.testcases.TC_08_PreAppDashboardTest" name="PreAppDashboardTest" time="0.001">
    <skipped/>
  </testcase> <!-- PreAppDashboardTest -->
  <testcase classname="com.ugapp.testcases.TC_08_PreAppDashboardTest" name="PreAppDashboardTest" time="0.001">
    <skipped/>
  </testcase> <!-- PreAppDashboardTest -->
  <testcase classname="com.ugapp.testcases.TC_08_PreAppDashboardTest" name="PreAppDashboardTest" time="0.000">
    <skipped/>
  </testcase> <!-- PreAppDashboardTest -->
  <testcase classname="com.ugapp.testcases.TC_08_PreAppDashboardTest" name="PreAppDashboardTest" time="0.000">
    <skipped/>
  </testcase> <!-- PreAppDashboardTest -->
  <testcase classname="com.ugapp.testcases.TC_08_PreAppDashboardTest" name="PreAppDashboardTest" time="0.000">
    <skipped/>
  </testcase> <!-- PreAppDashboardTest -->
  <testcase classname="com.ugapp.testcases.TC_08_PreAppDashboardTest" name="PreAppDashboardTest" time="0.000">
    <skipped/>
  </testcase> <!-- PreAppDashboardTest -->
  <testcase classname="com.ugapp.testcases.TC_08_PreAppDashboardTest" name="PreAppDashboardTest" time="0.000">
    <skipped/>
  </testcase> <!-- PreAppDashboardTest -->
  <testcase classname="com.ugapp.testcases.TC_08_PreAppDashboardTest" name="PreAppDashboardTest" time="0.000">
    <skipped/>
  </testcase> <!-- PreAppDashboardTest -->
  <testcase classname="com.ugapp.testcases.TC_08_PreAppDashboardTest" name="PreAppDashboardTest" time="0.001">
    <skipped/>
  </testcase> <!-- PreAppDashboardTest -->
  <testcase classname="com.ugapp.testcases.TC_08_PreAppDashboardTest" name="PreAppDashboardTest" time="0.000">
    <skipped/>
  </testcase> <!-- PreAppDashboardTest -->
  <testcase classname="com.ugapp.testcases.TC_08_PreAppDashboardTest" name="PreAppDashboardTest" time="0.000">
    <skipped/>
  </testcase> <!-- PreAppDashboardTest -->
  <testcase classname="com.ugapp.testcases.TC_08_PreAppDashboardTest" name="PreAppDashboardTest" time="0.000">
    <skipped/>
  </testcase> <!-- PreAppDashboardTest -->
  <testcase classname="com.ugapp.testcases.TC_08_PreAppDashboardTest" name="PreAppDashboardTest" time="0.001">
    <skipped/>
  </testcase> <!-- PreAppDashboardTest -->
  <testcase classname="com.ugapp.testcases.TC_08_PreAppDashboardTest" name="PreAppDashboardTest" time="0.000">
    <skipped/>
  </testcase> <!-- PreAppDashboardTest -->
  <testcase classname="com.ugapp.testcases.TC_08_PreAppDashboardTest" name="PreAppDashboardTest" time="0.001">
    <skipped/>
  </testcase> <!-- PreAppDashboardTest -->
  <testcase classname="com.ugapp.testcases.TC_08_PreAppDashboardTest" name="PreAppDashboardTest" time="0.001">
    <skipped/>
  </testcase> <!-- PreAppDashboardTest -->
  <testcase classname="com.ugapp.testcases.TC_08_PreAppDashboardTest" name="PreAppDashboardTest" time="0.000">
    <skipped/>
  </testcase> <!-- PreAppDashboardTest -->
  <testcase classname="com.ugapp.testcases.TC_08_PreAppDashboardTest" name="PreAppDashboardTest" time="0.000">
    <skipped/>
  </testcase> <!-- PreAppDashboardTest -->
  <testcase classname="com.ugapp.testcases.TC_08_PreAppDashboardTest" name="PreAppDashboardTest" time="0.000">
    <skipped/>
  </testcase> <!-- PreAppDashboardTest -->
  <testcase classname="com.ugapp.testcases.TC_08_PreAppDashboardTest" name="PreAppDashboardTest" time="0.001">
    <skipped/>
  </testcase> <!-- PreAppDashboardTest -->
  <testcase classname="com.ugapp.testcases.TC_08_PreAppDashboardTest" name="PreAppDashboardTest" time="0.001">
    <skipped/>
  </testcase> <!-- PreAppDashboardTest -->
  <testcase classname="com.ugapp.testcases.TC_08_PreAppDashboardTest" name="PreAppDashboardTest" time="0.000">
    <skipped/>
  </testcase> <!-- PreAppDashboardTest -->
  <testcase classname="com.ugapp.testcases.TC_08_PreAppDashboardTest" name="PreAppDashboardTest" time="3.002">
    <error message="Cannot invoke &quot;org.openqa.selenium.WebDriver.findElement(org.openqa.selenium.By)&quot; because &quot;com.ugapp.base.Page2.driver&quot; is null" type="java.lang.NullPointerException">
      <![CDATA[java.lang.NullPointerException: Cannot invoke "org.openqa.selenium.WebDriver.findElement(org.openqa.selenium.By)" because "com.ugapp.base.Page2.driver" is null
	at com.ugapp.base.Page2.type(Page2.java:200)
	at com.ugapp.pages.PreAppDashboardPage.userDetails(PreAppDashboardPage.java:41)
	at com.ugapp.testcases.TC_08_PreAppDashboardTest.PreAppDashboardTest(TC_08_PreAppDashboardTest.java:53)
	at java.base/jdk.internal.reflect.DirectMethodHandleAccessor.invoke(DirectMethodHandleAccessor.java:104)
	at java.base/java.lang.reflect.Method.invoke(Method.java:578)
	at org.testng.internal.MethodInvocationHelper.invokeMethod(MethodInvocationHelper.java:108)
	at org.testng.internal.Invoker.invokeMethod(Invoker.java:661)
	at org.testng.internal.Invoker.invokeTestMethod(Invoker.java:869)
	at org.testng.internal.Invoker.invokeTestMethods(Invoker.java:1193)
	at org.testng.internal.TestMethodWorker.invokeTestMethods(TestMethodWorker.java:126)
	at org.testng.internal.TestMethodWorker.run(TestMethodWorker.java:109)
	at org.testng.TestRunner.privateRun(TestRunner.java:744)
	at org.testng.TestRunner.run(TestRunner.java:602)
	at org.testng.SuiteRunner.runTest(SuiteRunner.java:380)
	at org.testng.SuiteRunner.runSequentially(SuiteRunner.java:375)
	at org.testng.SuiteRunner.privateRun(SuiteRunner.java:340)
	at org.testng.SuiteRunner.run(SuiteRunner.java:289)
	at org.testng.SuiteRunnerWorker.runSuite(SuiteRunnerWorker.java:52)
	at org.testng.SuiteRunnerWorker.run(SuiteRunnerWorker.java:86)
	at org.testng.TestNG.runSuitesSequentially(TestNG.java:1301)
	at org.testng.TestNG.runSuitesSequentially(TestNG.java:1297)
	at org.testng.TestNG.runSuitesLocally(TestNG.java:1226)
	at org.testng.TestNG.runSuites(TestNG.java:1144)
	at org.testng.TestNG.run(TestNG.java:1115)
	at org.testng.remote.AbstractRemoteTestNG.run(AbstractRemoteTestNG.java:115)
	at org.testng.remote.RemoteTestNG.initAndRun(RemoteTestNG.java:251)
	at org.testng.remote.RemoteTestNG.main(RemoteTestNG.java:77)
]]>
    </error>
  </testcase> <!-- PreAppDashboardTest -->
  <testcase classname="com.ugapp.testcases.TC_08_PreAppDashboardTest" name="PreAppDashboardTest" time="0.000">
    <skipped/>
  </testcase> <!-- PreAppDashboardTest -->
  <testcase classname="com.ugapp.testcases.TC_08_PreAppDashboardTest" name="PreAppDashboardTest" time="0.000">
    <skipped/>
  </testcase> <!-- PreAppDashboardTest -->
  <testcase classname="com.ugapp.testcases.TC_08_PreAppDashboardTest" name="PreAppDashboardTest" time="0.001">
    <skipped/>
  </testcase> <!-- PreAppDashboardTest -->
  <testcase classname="com.ugapp.testcases.TC_08_PreAppDashboardTest" name="PreAppDashboardTest" time="0.000">
    <skipped/>
  </testcase> <!-- PreAppDashboardTest -->
  <testcase classname="com.ugapp.testcases.TC_08_PreAppDashboardTest" name="PreAppDashboardTest" time="0.000">
    <skipped/>
  </testcase> <!-- PreAppDashboardTest -->
  <testcase classname="com.ugapp.testcases.TC_08_PreAppDashboardTest" name="PreAppDashboardTest" time="0.000">
    <skipped/>
  </testcase> <!-- PreAppDashboardTest -->
  <testcase classname="com.ugapp.testcases.TC_08_PreAppDashboardTest" name="PreAppDashboardTest" time="0.000">
    <skipped/>
  </testcase> <!-- PreAppDashboardTest -->
  <testcase classname="com.ugapp.testcases.TC_08_PreAppDashboardTest" name="PreAppDashboardTest" time="0.000">
    <skipped/>
  </testcase> <!-- PreAppDashboardTest -->
  <testcase classname="com.ugapp.testcases.TC_08_PreAppDashboardTest" name="PreAppDashboardTest" time="0.001">
    <skipped/>
  </testcase> <!-- PreAppDashboardTest -->
  <testcase classname="com.ugapp.testcases.TC_08_PreAppDashboardTest" name="PreAppDashboardTest" time="0.000">
    <skipped/>
  </testcase> <!-- PreAppDashboardTest -->
  <testcase classname="com.ugapp.testcases.TC_08_PreAppDashboardTest" name="PreAppDashboardTest" time="0.001">
    <skipped/>
  </testcase> <!-- PreAppDashboardTest -->
  <testcase classname="com.ugapp.testcases.TC_08_PreAppDashboardTest" name="PreAppDashboardTest" time="0.001">
    <skipped/>
  </testcase> <!-- PreAppDashboardTest -->
  <testcase classname="com.ugapp.testcases.TC_08_PreAppDashboardTest" name="PreAppDashboardTest" time="0.000">
    <skipped/>
  </testcase> <!-- PreAppDashboardTest -->
  <testcase classname="com.ugapp.testcases.TC_08_PreAppDashboardTest" name="PreAppDashboardTest" time="0.000">
    <skipped/>
  </testcase> <!-- PreAppDashboardTest -->
  <testcase classname="com.ugapp.testcases.TC_08_PreAppDashboardTest" name="PreAppDashboardTest" time="0.001">
    <skipped/>
  </testcase> <!-- PreAppDashboardTest -->
  <testcase classname="com.ugapp.testcases.TC_08_PreAppDashboardTest" name="PreAppDashboardTest" time="0.001">
    <skipped/>
  </testcase> <!-- PreAppDashboardTest -->
  <testcase classname="com.ugapp.testcases.TC_08_PreAppDashboardTest" name="PreAppDashboardTest" time="0.000">
    <skipped/>
  </testcase> <!-- PreAppDashboardTest -->
  <testcase classname="com.ugapp.testcases.TC_08_PreAppDashboardTest" name="PreAppDashboardTest" time="0.001">
    <skipped/>
  </testcase> <!-- PreAppDashboardTest -->
  <testcase classname="com.ugapp.testcases.TC_08_PreAppDashboardTest" name="PreAppDashboardTest" time="0.001">
    <skipped/>
  </testcase> <!-- PreAppDashboardTest -->
  <testcase classname="com.ugapp.testcases.TC_08_PreAppDashboardTest" name="PreAppDashboardTest" time="0.000">
    <skipped/>
  </testcase> <!-- PreAppDashboardTest -->
  <testcase classname="com.ugapp.testcases.TC_08_PreAppDashboardTest" name="PreAppDashboardTest" time="0.000">
    <skipped/>
  </testcase> <!-- PreAppDashboardTest -->
  <testcase classname="com.ugapp.testcases.TC_08_PreAppDashboardTest" name="PreAppDashboardTest" time="0.000">
    <skipped/>
  </testcase> <!-- PreAppDashboardTest -->
  <testcase classname="com.ugapp.testcases.TC_08_PreAppDashboardTest" name="PreAppDashboardTest" time="0.000">
    <skipped/>
  </testcase> <!-- PreAppDashboardTest -->
  <testcase classname="com.ugapp.testcases.TC_08_PreAppDashboardTest" name="PreAppDashboardTest" time="0.001">
    <skipped/>
  </testcase> <!-- PreAppDashboardTest -->
  <testcase classname="com.ugapp.testcases.TC_08_PreAppDashboardTest" name="PreAppDashboardTest" time="0.001">
    <skipped/>
  </testcase> <!-- PreAppDashboardTest -->
  <testcase classname="com.ugapp.testcases.TC_08_PreAppDashboardTest" name="PreAppDashboardTest" time="0.001">
    <skipped/>
  </testcase> <!-- PreAppDashboardTest -->
  <testcase classname="com.ugapp.testcases.TC_08_PreAppDashboardTest" name="PreAppDashboardTest" time="0.000">
    <skipped/>
  </testcase> <!-- PreAppDashboardTest -->
  <testcase classname="com.ugapp.testcases.TC_08_PreAppDashboardTest" name="PreAppDashboardTest" time="0.000">
    <skipped/>
  </testcase> <!-- PreAppDashboardTest -->
  <testcase classname="com.ugapp.testcases.TC_08_PreAppDashboardTest" name="PreAppDashboardTest" time="0.002">
    <skipped/>
  </testcase> <!-- PreAppDashboardTest -->
  <testcase classname="com.ugapp.testcases.TC_08_PreAppDashboardTest" name="PreAppDashboardTest" time="0.000">
    <skipped/>
  </testcase> <!-- PreAppDashboardTest -->
  <testcase classname="com.ugapp.testcases.TC_08_PreAppDashboardTest" name="PreAppDashboardTest" time="0.000">
    <skipped/>
  </testcase> <!-- PreAppDashboardTest -->
  <testcase classname="com.ugapp.testcases.TC_08_PreAppDashboardTest" name="PreAppDashboardTest" time="0.001">
    <skipped/>
  </testcase> <!-- PreAppDashboardTest -->
  <testcase classname="com.ugapp.testcases.TC_08_PreAppDashboardTest" name="PreAppDashboardTest" time="0.000">
    <skipped/>
  </testcase> <!-- PreAppDashboardTest -->
  <testcase classname="com.ugapp.testcases.TC_08_PreAppDashboardTest" name="PreAppDashboardTest" time="0.001">
    <skipped/>
  </testcase> <!-- PreAppDashboardTest -->
  <testcase classname="com.ugapp.testcases.TC_08_PreAppDashboardTest" name="PreAppDashboardTest" time="0.000">
    <skipped/>
  </testcase> <!-- PreAppDashboardTest -->
  <testcase classname="com.ugapp.testcases.TC_08_PreAppDashboardTest" name="PreAppDashboardTest" time="0.001">
    <skipped/>
  </testcase> <!-- PreAppDashboardTest -->
  <testcase classname="com.ugapp.testcases.TC_08_PreAppDashboardTest" name="PreAppDashboardTest" time="0.000">
    <skipped/>
  </testcase> <!-- PreAppDashboardTest -->
  <testcase classname="com.ugapp.testcases.TC_08_PreAppDashboardTest" name="PreAppDashboardTest" time="0.000">
    <skipped/>
  </testcase> <!-- PreAppDashboardTest -->
  <testcase classname="com.ugapp.testcases.TC_08_PreAppDashboardTest" name="PreAppDashboardTest" time="0.001">
    <skipped/>
  </testcase> <!-- PreAppDashboardTest -->
  <testcase classname="com.ugapp.testcases.TC_08_PreAppDashboardTest" name="PreAppDashboardTest" time="0.001">
    <skipped/>
  </testcase> <!-- PreAppDashboardTest -->
  <testcase classname="com.ugapp.testcases.TC_08_PreAppDashboardTest" name="PreAppDashboardTest" time="0.001">
    <skipped/>
  </testcase> <!-- PreAppDashboardTest -->
  <testcase classname="com.ugapp.testcases.TC_08_PreAppDashboardTest" name="PreAppDashboardTest" time="0.001">
    <skipped/>
  </testcase> <!-- PreAppDashboardTest -->
  <testcase classname="com.ugapp.testcases.TC_08_PreAppDashboardTest" name="PreAppDashboardTest" time="0.000">
    <skipped/>
  </testcase> <!-- PreAppDashboardTest -->
  <testcase classname="com.ugapp.testcases.TC_08_PreAppDashboardTest" name="PreAppDashboardTest" time="0.000">
    <skipped/>
  </testcase> <!-- PreAppDashboardTest -->
  <testcase classname="com.ugapp.testcases.TC_08_PreAppDashboardTest" name="PreAppDashboardTest" time="0.001">
    <skipped/>
  </testcase> <!-- PreAppDashboardTest -->
  <testcase classname="com.ugapp.testcases.TC_08_PreAppDashboardTest" name="PreAppDashboardTest" time="0.001">
    <skipped/>
  </testcase> <!-- PreAppDashboardTest -->
  <testcase classname="com.ugapp.testcases.TC_08_PreAppDashboardTest" name="PreAppDashboardTest" time="0.000">
    <skipped/>
  </testcase> <!-- PreAppDashboardTest -->
  <testcase classname="com.ugapp.testcases.TC_08_PreAppDashboardTest" name="PreAppDashboardTest" time="0.000">
    <skipped/>
  </testcase> <!-- PreAppDashboardTest -->
  <testcase classname="com.ugapp.testcases.TC_08_PreAppDashboardTest" name="PreAppDashboardTest" time="0.000">
    <skipped/>
  </testcase> <!-- PreAppDashboardTest -->
  <testcase classname="com.ugapp.testcases.TC_08_PreAppDashboardTest" name="PreAppDashboardTest" time="0.001">
    <skipped/>
  </testcase> <!-- PreAppDashboardTest -->
  <testcase classname="com.ugapp.testcases.TC_08_PreAppDashboardTest" name="PreAppDashboardTest" time="0.000">
    <skipped/>
  </testcase> <!-- PreAppDashboardTest -->
  <testcase classname="com.ugapp.testcases.TC_08_PreAppDashboardTest" name="PreAppDashboardTest" time="0.000">
    <skipped/>
  </testcase> <!-- PreAppDashboardTest -->
  <testcase classname="com.ugapp.testcases.TC_08_PreAppDashboardTest" name="PreAppDashboardTest" time="0.000">
    <skipped/>
  </testcase> <!-- PreAppDashboardTest -->
  <testcase classname="com.ugapp.testcases.TC_08_PreAppDashboardTest" name="PreAppDashboardTest" time="0.000">
    <skipped/>
  </testcase> <!-- PreAppDashboardTest -->
  <testcase classname="com.ugapp.testcases.TC_08_PreAppDashboardTest" name="PreAppDashboardTest" time="0.000">
    <skipped/>
  </testcase> <!-- PreAppDashboardTest -->
  <testcase classname="com.ugapp.testcases.TC_08_PreAppDashboardTest" name="PreAppDashboardTest" time="0.001">
    <skipped/>
  </testcase> <!-- PreAppDashboardTest -->
  <testcase classname="com.ugapp.testcases.TC_08_PreAppDashboardTest" name="PreAppDashboardTest" time="0.000">
    <skipped/>
  </testcase> <!-- PreAppDashboardTest -->
  <testcase classname="com.ugapp.testcases.TC_08_PreAppDashboardTest" name="PreAppDashboardTest" time="0.000">
    <skipped/>
  </testcase> <!-- PreAppDashboardTest -->
  <testcase classname="com.ugapp.testcases.TC_08_PreAppDashboardTest" name="PreAppDashboardTest" time="0.001">
    <skipped/>
  </testcase> <!-- PreAppDashboardTest -->
  <testcase classname="com.ugapp.testcases.TC_08_PreAppDashboardTest" name="PreAppDashboardTest" time="0.000">
    <skipped/>
  </testcase> <!-- PreAppDashboardTest -->
  <testcase classname="com.ugapp.testcases.TC_08_PreAppDashboardTest" name="PreAppDashboardTest" time="0.001">
    <skipped/>
  </testcase> <!-- PreAppDashboardTest -->
  <testcase classname="com.ugapp.testcases.TC_08_PreAppDashboardTest" name="PreAppDashboardTest" time="0.001">
    <skipped/>
  </testcase> <!-- PreAppDashboardTest -->
  <testcase classname="com.ugapp.testcases.TC_08_PreAppDashboardTest" name="PreAppDashboardTest" time="0.000">
    <skipped/>
  </testcase> <!-- PreAppDashboardTest -->
  <testcase classname="com.ugapp.testcases.TC_08_PreAppDashboardTest" name="PreAppDashboardTest" time="0.001">
    <skipped/>
  </testcase> <!-- PreAppDashboardTest -->
  <testcase classname="com.ugapp.testcases.TC_08_PreAppDashboardTest" name="PreAppDashboardTest" time="0.000">
    <skipped/>
  </testcase> <!-- PreAppDashboardTest -->
  <testcase classname="com.ugapp.testcases.TC_08_PreAppDashboardTest" name="PreAppDashboardTest" time="0.000">
    <skipped/>
  </testcase> <!-- PreAppDashboardTest -->
  <testcase classname="com.ugapp.testcases.TC_08_PreAppDashboardTest" name="PreAppDashboardTest" time="0.000">
    <skipped/>
  </testcase> <!-- PreAppDashboardTest -->
  <testcase classname="com.ugapp.testcases.TC_08_PreAppDashboardTest" name="PreAppDashboardTest" time="0.001">
    <skipped/>
  </testcase> <!-- PreAppDashboardTest -->
  <testcase classname="com.ugapp.testcases.TC_08_PreAppDashboardTest" name="PreAppDashboardTest" time="0.001">
    <skipped/>
  </testcase> <!-- PreAppDashboardTest -->
  <testcase classname="com.ugapp.testcases.TC_08_PreAppDashboardTest" name="PreAppDashboardTest" time="0.000">
    <skipped/>
  </testcase> <!-- PreAppDashboardTest -->
  <testcase classname="com.ugapp.testcases.TC_08_PreAppDashboardTest" name="PreAppDashboardTest" time="0.000">
    <skipped/>
  </testcase> <!-- PreAppDashboardTest -->
  <testcase classname="com.ugapp.testcases.TC_08_PreAppDashboardTest" name="PreAppDashboardTest" time="0.001">
    <skipped/>
  </testcase> <!-- PreAppDashboardTest -->
  <testcase classname="com.ugapp.testcases.TC_08_PreAppDashboardTest" name="PreAppDashboardTest" time="0.000">
    <skipped/>
  </testcase> <!-- PreAppDashboardTest -->
  <testcase classname="com.ugapp.testcases.TC_08_PreAppDashboardTest" name="PreAppDashboardTest" time="0.000">
    <skipped/>
  </testcase> <!-- PreAppDashboardTest -->
  <testcase classname="com.ugapp.testcases.TC_08_PreAppDashboardTest" name="PreAppDashboardTest" time="0.000">
    <skipped/>
  </testcase> <!-- PreAppDashboardTest -->
  <testcase classname="com.ugapp.testcases.TC_08_PreAppDashboardTest" name="PreAppDashboardTest" time="0.000">
    <skipped/>
  </testcase> <!-- PreAppDashboardTest -->
  <testcase classname="com.ugapp.testcases.TC_08_PreAppDashboardTest" name="PreAppDashboardTest" time="0.000">
    <skipped/>
  </testcase> <!-- PreAppDashboardTest -->
  <testcase classname="com.ugapp.testcases.TC_08_PreAppDashboardTest" name="PreAppDashboardTest" time="0.000">
    <skipped/>
  </testcase> <!-- PreAppDashboardTest -->
  <testcase classname="com.ugapp.testcases.TC_08_PreAppDashboardTest" name="PreAppDashboardTest" time="0.000">
    <skipped/>
  </testcase> <!-- PreAppDashboardTest -->
  <testcase classname="com.ugapp.testcases.TC_08_PreAppDashboardTest" name="PreAppDashboardTest" time="0.001">
    <skipped/>
  </testcase> <!-- PreAppDashboardTest -->
  <testcase classname="com.ugapp.testcases.TC_08_PreAppDashboardTest" name="PreAppDashboardTest" time="0.000">
    <skipped/>
  </testcase> <!-- PreAppDashboardTest -->
  <testcase classname="com.ugapp.testcases.TC_08_PreAppDashboardTest" name="PreAppDashboardTest" time="0.001">
    <skipped/>
  </testcase> <!-- PreAppDashboardTest -->
  <testcase classname="com.ugapp.testcases.TC_08_PreAppDashboardTest" name="PreAppDashboardTest" time="0.000">
    <skipped/>
  </testcase> <!-- PreAppDashboardTest -->
  <testcase classname="com.ugapp.testcases.TC_08_PreAppDashboardTest" name="PreAppDashboardTest" time="0.000">
    <skipped/>
  </testcase> <!-- PreAppDashboardTest -->
  <testcase classname="com.ugapp.testcases.TC_08_PreAppDashboardTest" name="PreAppDashboardTest" time="0.001">
    <skipped/>
  </testcase> <!-- PreAppDashboardTest -->
  <testcase classname="com.ugapp.testcases.TC_08_PreAppDashboardTest" name="PreAppDashboardTest" time="0.001">
    <skipped/>
  </testcase> <!-- PreAppDashboardTest -->
  <testcase classname="com.ugapp.testcases.TC_08_PreAppDashboardTest" name="PreAppDashboardTest" time="0.000">
    <skipped/>
  </testcase> <!-- PreAppDashboardTest -->
  <testcase classname="com.ugapp.testcases.TC_08_PreAppDashboardTest" name="PreAppDashboardTest" time="0.000">
    <skipped/>
  </testcase> <!-- PreAppDashboardTest -->
  <testcase classname="com.ugapp.testcases.TC_08_PreAppDashboardTest" name="PreAppDashboardTest" time="0.000">
    <skipped/>
  </testcase> <!-- PreAppDashboardTest -->
  <testcase classname="com.ugapp.testcases.TC_08_PreAppDashboardTest" name="PreAppDashboardTest" time="0.000">
    <skipped/>
  </testcase> <!-- PreAppDashboardTest -->
  <testcase classname="com.ugapp.testcases.TC_08_PreAppDashboardTest" name="PreAppDashboardTest" time="0.001">
    <skipped/>
  </testcase> <!-- PreAppDashboardTest -->
  <testcase classname="com.ugapp.testcases.TC_08_PreAppDashboardTest" name="PreAppDashboardTest" time="0.000">
    <skipped/>
  </testcase> <!-- PreAppDashboardTest -->
  <testcase classname="com.ugapp.testcases.TC_08_PreAppDashboardTest" name="PreAppDashboardTest" time="0.000">
    <skipped/>
  </testcase> <!-- PreAppDashboardTest -->
  <testcase classname="com.ugapp.testcases.TC_08_PreAppDashboardTest" name="PreAppDashboardTest" time="0.001">
    <skipped/>
  </testcase> <!-- PreAppDashboardTest -->
  <testcase classname="com.ugapp.testcases.TC_08_PreAppDashboardTest" name="PreAppDashboardTest" time="0.000">
    <skipped/>
  </testcase> <!-- PreAppDashboardTest -->
  <testcase classname="com.ugapp.testcases.TC_08_PreAppDashboardTest" name="PreAppDashboardTest" time="0.001">
    <skipped/>
  </testcase> <!-- PreAppDashboardTest -->
  <testcase classname="com.ugapp.testcases.TC_08_PreAppDashboardTest" name="PreAppDashboardTest" time="0.000">
    <skipped/>
  </testcase> <!-- PreAppDashboardTest -->
  <testcase classname="com.ugapp.testcases.TC_08_PreAppDashboardTest" name="PreAppDashboardTest" time="0.001">
    <skipped/>
  </testcase> <!-- PreAppDashboardTest -->
  <testcase classname="com.ugapp.testcases.TC_08_PreAppDashboardTest" name="PreAppDashboardTest" time="0.000">
    <skipped/>
  </testcase> <!-- PreAppDashboardTest -->
  <testcase classname="com.ugapp.testcases.TC_08_PreAppDashboardTest" name="PreAppDashboardTest" time="0.000">
    <skipped/>
  </testcase> <!-- PreAppDashboardTest -->
  <testcase classname="com.ugapp.testcases.TC_08_PreAppDashboardTest" name="PreAppDashboardTest" time="0.000">
    <skipped/>
  </testcase> <!-- PreAppDashboardTest -->
  <testcase classname="com.ugapp.testcases.TC_08_PreAppDashboardTest" name="PreAppDashboardTest" time="0.000">
    <skipped/>
  </testcase> <!-- PreAppDashboardTest -->
  <testcase classname="com.ugapp.testcases.TC_08_PreAppDashboardTest" name="PreAppDashboardTest" time="0.001">
    <skipped/>
  </testcase> <!-- PreAppDashboardTest -->
  <testcase classname="com.ugapp.testcases.TC_08_PreAppDashboardTest" name="PreAppDashboardTest" time="0.000">
    <skipped/>
  </testcase> <!-- PreAppDashboardTest -->
  <testcase classname="com.ugapp.testcases.TC_08_PreAppDashboardTest" name="PreAppDashboardTest" time="0.000">
    <skipped/>
  </testcase> <!-- PreAppDashboardTest -->
  <testcase classname="com.ugapp.testcases.TC_08_PreAppDashboardTest" name="PreAppDashboardTest" time="0.000">
    <skipped/>
  </testcase> <!-- PreAppDashboardTest -->
  <testcase classname="com.ugapp.testcases.TC_08_PreAppDashboardTest" name="PreAppDashboardTest" time="0.000">
    <skipped/>
  </testcase> <!-- PreAppDashboardTest -->
  <testcase classname="com.ugapp.testcases.TC_08_PreAppDashboardTest" name="PreAppDashboardTest" time="0.000">
    <skipped/>
  </testcase> <!-- PreAppDashboardTest -->
  <testcase classname="com.ugapp.testcases.TC_08_PreAppDashboardTest" name="PreAppDashboardTest" time="0.000">
    <skipped/>
  </testcase> <!-- PreAppDashboardTest -->
  <testcase classname="com.ugapp.testcases.TC_08_PreAppDashboardTest" name="PreAppDashboardTest" time="0.000">
    <skipped/>
  </testcase> <!-- PreAppDashboardTest -->
  <testcase classname="com.ugapp.testcases.TC_08_PreAppDashboardTest" name="PreAppDashboardTest" time="0.000">
    <skipped/>
  </testcase> <!-- PreAppDashboardTest -->
  <testcase classname="com.ugapp.testcases.TC_08_PreAppDashboardTest" name="PreAppDashboardTest" time="0.000">
    <skipped/>
  </testcase> <!-- PreAppDashboardTest -->
  <testcase classname="com.ugapp.testcases.TC_08_PreAppDashboardTest" name="PreAppDashboardTest" time="0.000">
    <skipped/>
  </testcase> <!-- PreAppDashboardTest -->
  <testcase classname="com.ugapp.testcases.TC_08_PreAppDashboardTest" name="PreAppDashboardTest" time="0.000">
    <skipped/>
  </testcase> <!-- PreAppDashboardTest -->
  <testcase classname="com.ugapp.testcases.TC_08_PreAppDashboardTest" name="PreAppDashboardTest" time="0.000">
    <skipped/>
  </testcase> <!-- PreAppDashboardTest -->
  <testcase classname="com.ugapp.testcases.TC_08_PreAppDashboardTest" name="PreAppDashboardTest" time="0.000">
    <skipped/>
  </testcase> <!-- PreAppDashboardTest -->
  <testcase classname="com.ugapp.testcases.TC_08_PreAppDashboardTest" name="PreAppDashboardTest" time="0.000">
    <skipped/>
  </testcase> <!-- PreAppDashboardTest -->
  <testcase classname="com.ugapp.testcases.TC_08_PreAppDashboardTest" name="PreAppDashboardTest" time="0.000">
    <skipped/>
  </testcase> <!-- PreAppDashboardTest -->
  <testcase classname="com.ugapp.testcases.TC_08_PreAppDashboardTest" name="PreAppDashboardTest" time="0.001">
    <skipped/>
  </testcase> <!-- PreAppDashboardTest -->
  <testcase classname="com.ugapp.testcases.TC_08_PreAppDashboardTest" name="PreAppDashboardTest" time="0.001">
    <skipped/>
  </testcase> <!-- PreAppDashboardTest -->
  <testcase classname="com.ugapp.testcases.TC_08_PreAppDashboardTest" name="PreAppDashboardTest" time="0.000">
    <skipped/>
  </testcase> <!-- PreAppDashboardTest -->
  <testcase classname="com.ugapp.testcases.TC_08_PreAppDashboardTest" name="PreAppDashboardTest" time="0.000">
    <skipped/>
  </testcase> <!-- PreAppDashboardTest -->
  <testcase classname="com.ugapp.testcases.TC_08_PreAppDashboardTest" name="PreAppDashboardTest" time="0.000">
    <skipped/>
  </testcase> <!-- PreAppDashboardTest -->
  <testcase classname="com.ugapp.testcases.TC_08_PreAppDashboardTest" name="PreAppDashboardTest" time="0.000">
    <skipped/>
  </testcase> <!-- PreAppDashboardTest -->
  <testcase classname="com.ugapp.testcases.TC_08_PreAppDashboardTest" name="PreAppDashboardTest" time="0.000">
    <skipped/>
  </testcase> <!-- PreAppDashboardTest -->
  <testcase classname="com.ugapp.testcases.TC_08_PreAppDashboardTest" name="PreAppDashboardTest" time="0.000">
    <skipped/>
  </testcase> <!-- PreAppDashboardTest -->
  <testcase classname="com.ugapp.testcases.TC_08_PreAppDashboardTest" name="PreAppDashboardTest" time="0.000">
    <skipped/>
  </testcase> <!-- PreAppDashboardTest -->
  <testcase classname="com.ugapp.testcases.TC_08_PreAppDashboardTest" name="PreAppDashboardTest" time="0.001">
    <skipped/>
  </testcase> <!-- PreAppDashboardTest -->
  <testcase classname="com.ugapp.testcases.TC_08_PreAppDashboardTest" name="PreAppDashboardTest" time="0.000">
    <skipped/>
  </testcase> <!-- PreAppDashboardTest -->
  <testcase classname="com.ugapp.testcases.TC_08_PreAppDashboardTest" name="PreAppDashboardTest" time="0.001">
    <skipped/>
  </testcase> <!-- PreAppDashboardTest -->
  <testcase classname="com.ugapp.testcases.TC_08_PreAppDashboardTest" name="PreAppDashboardTest" time="0.000">
    <skipped/>
  </testcase> <!-- PreAppDashboardTest -->
  <testcase classname="com.ugapp.testcases.TC_08_PreAppDashboardTest" name="PreAppDashboardTest" time="0.000">
    <skipped/>
  </testcase> <!-- PreAppDashboardTest -->
  <testcase classname="com.ugapp.testcases.TC_08_PreAppDashboardTest" name="PreAppDashboardTest" time="0.000">
    <skipped/>
  </testcase> <!-- PreAppDashboardTest -->
  <testcase classname="com.ugapp.testcases.TC_08_PreAppDashboardTest" name="PreAppDashboardTest" time="0.001">
    <skipped/>
  </testcase> <!-- PreAppDashboardTest -->
  <testcase classname="com.ugapp.testcases.TC_08_PreAppDashboardTest" name="PreAppDashboardTest" time="0.000">
    <skipped/>
  </testcase> <!-- PreAppDashboardTest -->
  <testcase classname="com.ugapp.testcases.TC_08_PreAppDashboardTest" name="PreAppDashboardTest" time="0.000">
    <skipped/>
  </testcase> <!-- PreAppDashboardTest -->
  <testcase classname="com.ugapp.testcases.TC_08_PreAppDashboardTest" name="PreAppDashboardTest" time="0.001">
    <skipped/>
  </testcase> <!-- PreAppDashboardTest -->
  <testcase classname="com.ugapp.testcases.TC_08_PreAppDashboardTest" name="PreAppDashboardTest" time="0.001">
    <skipped/>
  </testcase> <!-- PreAppDashboardTest -->
  <testcase classname="com.ugapp.testcases.TC_08_PreAppDashboardTest" name="PreAppDashboardTest" time="0.000">
    <skipped/>
  </testcase> <!-- PreAppDashboardTest -->
  <testcase classname="com.ugapp.testcases.TC_08_PreAppDashboardTest" name="PreAppDashboardTest" time="0.000">
    <skipped/>
  </testcase> <!-- PreAppDashboardTest -->
  <testcase classname="com.ugapp.testcases.TC_08_PreAppDashboardTest" name="PreAppDashboardTest" time="0.001">
    <skipped/>
  </testcase> <!-- PreAppDashboardTest -->
  <testcase classname="com.ugapp.testcases.TC_08_PreAppDashboardTest" name="PreAppDashboardTest" time="0.000">
    <skipped/>
  </testcase> <!-- PreAppDashboardTest -->
  <testcase classname="com.ugapp.testcases.TC_08_PreAppDashboardTest" name="PreAppDashboardTest" time="0.001">
    <skipped/>
  </testcase> <!-- PreAppDashboardTest -->
  <testcase classname="com.ugapp.testcases.TC_08_PreAppDashboardTest" name="PreAppDashboardTest" time="0.000">
    <skipped/>
  </testcase> <!-- PreAppDashboardTest -->
  <testcase classname="com.ugapp.testcases.TC_08_PreAppDashboardTest" name="PreAppDashboardTest" time="0.000">
    <skipped/>
  </testcase> <!-- PreAppDashboardTest -->
  <testcase classname="com.ugapp.testcases.TC_08_PreAppDashboardTest" name="PreAppDashboardTest" time="0.000">
    <skipped/>
  </testcase> <!-- PreAppDashboardTest -->
  <testcase classname="com.ugapp.testcases.TC_08_PreAppDashboardTest" name="PreAppDashboardTest" time="0.000">
    <skipped/>
  </testcase> <!-- PreAppDashboardTest -->
  <testcase classname="com.ugapp.testcases.TC_08_PreAppDashboardTest" name="PreAppDashboardTest" time="0.001">
    <skipped/>
  </testcase> <!-- PreAppDashboardTest -->
  <testcase classname="com.ugapp.testcases.TC_08_PreAppDashboardTest" name="PreAppDashboardTest" time="0.000">
    <skipped/>
  </testcase> <!-- PreAppDashboardTest -->
  <testcase classname="com.ugapp.testcases.TC_08_PreAppDashboardTest" name="PreAppDashboardTest" time="0.001">
    <skipped/>
  </testcase> <!-- PreAppDashboardTest -->
  <testcase classname="com.ugapp.testcases.TC_08_PreAppDashboardTest" name="PreAppDashboardTest" time="0.000">
    <skipped/>
  </testcase> <!-- PreAppDashboardTest -->
  <testcase classname="com.ugapp.testcases.TC_08_PreAppDashboardTest" name="PreAppDashboardTest" time="0.001">
    <skipped/>
  </testcase> <!-- PreAppDashboardTest -->
  <testcase classname="com.ugapp.testcases.TC_08_PreAppDashboardTest" name="PreAppDashboardTest" time="0.000">
    <skipped/>
  </testcase> <!-- PreAppDashboardTest -->
  <testcase classname="com.ugapp.testcases.TC_08_PreAppDashboardTest" name="PreAppDashboardTest" time="0.000">
    <skipped/>
  </testcase> <!-- PreAppDashboardTest -->
  <testcase classname="com.ugapp.testcases.TC_08_PreAppDashboardTest" name="PreAppDashboardTest" time="0.000">
    <skipped/>
  </testcase> <!-- PreAppDashboardTest -->
  <testcase classname="com.ugapp.testcases.TC_08_PreAppDashboardTest" name="PreAppDashboardTest" time="0.001">
    <skipped/>
  </testcase> <!-- PreAppDashboardTest -->
  <testcase classname="com.ugapp.testcases.TC_08_PreAppDashboardTest" name="PreAppDashboardTest" time="0.000">
    <skipped/>
  </testcase> <!-- PreAppDashboardTest -->
  <testcase classname="com.ugapp.testcases.TC_08_PreAppDashboardTest" name="PreAppDashboardTest" time="0.000">
    <skipped/>
  </testcase> <!-- PreAppDashboardTest -->
  <testcase classname="com.ugapp.testcases.TC_08_PreAppDashboardTest" name="PreAppDashboardTest" time="0.001">
    <skipped/>
  </testcase> <!-- PreAppDashboardTest -->
  <testcase classname="com.ugapp.testcases.TC_08_PreAppDashboardTest" name="PreAppDashboardTest" time="0.000">
    <skipped/>
  </testcase> <!-- PreAppDashboardTest -->
  <testcase classname="com.ugapp.testcases.TC_08_PreAppDashboardTest" name="PreAppDashboardTest" time="0.000">
    <skipped/>
  </testcase> <!-- PreAppDashboardTest -->
  <testcase classname="com.ugapp.testcases.TC_08_PreAppDashboardTest" name="PreAppDashboardTest" time="0.001">
    <skipped/>
  </testcase> <!-- PreAppDashboardTest -->
  <testcase classname="com.ugapp.testcases.TC_08_PreAppDashboardTest" name="PreAppDashboardTest" time="0.000">
    <skipped/>
  </testcase> <!-- PreAppDashboardTest -->
  <testcase classname="com.ugapp.testcases.TC_08_PreAppDashboardTest" name="PreAppDashboardTest" time="0.000">
    <skipped/>
  </testcase> <!-- PreAppDashboardTest -->
  <testcase classname="com.ugapp.testcases.TC_08_PreAppDashboardTest" name="PreAppDashboardTest" time="0.000">
    <skipped/>
  </testcase> <!-- PreAppDashboardTest -->
  <testcase classname="com.ugapp.testcases.TC_08_PreAppDashboardTest" name="PreAppDashboardTest" time="0.000">
    <skipped/>
  </testcase> <!-- PreAppDashboardTest -->
  <testcase classname="com.ugapp.testcases.TC_08_PreAppDashboardTest" name="PreAppDashboardTest" time="0.001">
    <skipped/>
  </testcase> <!-- PreAppDashboardTest -->
  <testcase classname="com.ugapp.testcases.TC_08_PreAppDashboardTest" name="PreAppDashboardTest" time="0.000">
    <skipped/>
  </testcase> <!-- PreAppDashboardTest -->
  <testcase classname="com.ugapp.testcases.TC_08_PreAppDashboardTest" name="PreAppDashboardTest" time="0.000">
    <skipped/>
  </testcase> <!-- PreAppDashboardTest -->
  <testcase classname="com.ugapp.testcases.TC_08_PreAppDashboardTest" name="PreAppDashboardTest" time="0.000">
    <skipped/>
  </testcase> <!-- PreAppDashboardTest -->
  <testcase classname="com.ugapp.testcases.TC_08_PreAppDashboardTest" name="PreAppDashboardTest" time="0.000">
    <skipped/>
  </testcase> <!-- PreAppDashboardTest -->
  <testcase classname="com.ugapp.testcases.TC_08_PreAppDashboardTest" name="PreAppDashboardTest" time="0.001">
    <skipped/>
  </testcase> <!-- PreAppDashboardTest -->
  <testcase classname="com.ugapp.testcases.TC_08_PreAppDashboardTest" name="PreAppDashboardTest" time="0.001">
    <skipped/>
  </testcase> <!-- PreAppDashboardTest -->
  <testcase classname="com.ugapp.testcases.TC_08_PreAppDashboardTest" name="PreAppDashboardTest" time="0.000">
    <skipped/>
  </testcase> <!-- PreAppDashboardTest -->
  <testcase classname="com.ugapp.testcases.TC_08_PreAppDashboardTest" name="PreAppDashboardTest" time="0.000">
    <skipped/>
  </testcase> <!-- PreAppDashboardTest -->
  <testcase classname="com.ugapp.testcases.TC_08_PreAppDashboardTest" name="PreAppDashboardTest" time="0.000">
    <skipped/>
  </testcase> <!-- PreAppDashboardTest -->
  <testcase classname="com.ugapp.testcases.TC_08_PreAppDashboardTest" name="PreAppDashboardTest" time="0.000">
    <skipped/>
  </testcase> <!-- PreAppDashboardTest -->
  <testcase classname="com.ugapp.testcases.TC_08_PreAppDashboardTest" name="PreAppDashboardTest" time="0.000">
    <skipped/>
  </testcase> <!-- PreAppDashboardTest -->
  <testcase classname="com.ugapp.testcases.TC_08_PreAppDashboardTest" name="PreAppDashboardTest" time="0.001">
    <skipped/>
  </testcase> <!-- PreAppDashboardTest -->
  <testcase classname="com.ugapp.testcases.TC_08_PreAppDashboardTest" name="PreAppDashboardTest" time="0.001">
    <skipped/>
  </testcase> <!-- PreAppDashboardTest -->
  <testcase classname="com.ugapp.testcases.TC_08_PreAppDashboardTest" name="PreAppDashboardTest" time="0.001">
    <skipped/>
  </testcase> <!-- PreAppDashboardTest -->
  <testcase classname="com.ugapp.testcases.TC_08_PreAppDashboardTest" name="PreAppDashboardTest" time="0.001">
    <skipped/>
  </testcase> <!-- PreAppDashboardTest -->
  <testcase classname="com.ugapp.testcases.TC_08_PreAppDashboardTest" name="PreAppDashboardTest" time="0.000">
    <skipped/>
  </testcase> <!-- PreAppDashboardTest -->
  <testcase classname="com.ugapp.testcases.TC_08_PreAppDashboardTest" name="PreAppDashboardTest" time="0.000">
    <skipped/>
  </testcase> <!-- PreAppDashboardTest -->
  <testcase classname="com.ugapp.testcases.TC_08_PreAppDashboardTest" name="PreAppDashboardTest" time="0.000">
    <skipped/>
  </testcase> <!-- PreAppDashboardTest -->
  <testcase classname="com.ugapp.testcases.TC_08_PreAppDashboardTest" name="PreAppDashboardTest" time="0.001">
    <skipped/>
  </testcase> <!-- PreAppDashboardTest -->
  <testcase classname="com.ugapp.testcases.TC_08_PreAppDashboardTest" name="PreAppDashboardTest" time="0.000">
    <skipped/>
  </testcase> <!-- PreAppDashboardTest -->
  <testcase classname="com.ugapp.testcases.TC_08_PreAppDashboardTest" name="PreAppDashboardTest" time="0.000">
    <skipped/>
  </testcase> <!-- PreAppDashboardTest -->
  <testcase classname="com.ugapp.testcases.TC_08_PreAppDashboardTest" name="PreAppDashboardTest" time="0.000">
    <skipped/>
  </testcase> <!-- PreAppDashboardTest -->
  <testcase classname="com.ugapp.testcases.TC_08_PreAppDashboardTest" name="PreAppDashboardTest" time="0.000">
    <skipped/>
  </testcase> <!-- PreAppDashboardTest -->
  <testcase classname="com.ugapp.testcases.TC_08_PreAppDashboardTest" name="PreAppDashboardTest" time="0.001">
    <skipped/>
  </testcase> <!-- PreAppDashboardTest -->
  <testcase classname="com.ugapp.testcases.TC_08_PreAppDashboardTest" name="PreAppDashboardTest" time="0.000">
    <skipped/>
  </testcase> <!-- PreAppDashboardTest -->
  <testcase classname="com.ugapp.testcases.TC_08_PreAppDashboardTest" name="PreAppDashboardTest" time="0.000">
    <skipped/>
  </testcase> <!-- PreAppDashboardTest -->
  <testcase classname="com.ugapp.testcases.TC_08_PreAppDashboardTest" name="PreAppDashboardTest" time="0.001">
    <skipped/>
  </testcase> <!-- PreAppDashboardTest -->
  <testcase classname="com.ugapp.testcases.TC_08_PreAppDashboardTest" name="PreAppDashboardTest" time="0.000">
    <skipped/>
  </testcase> <!-- PreAppDashboardTest -->
  <testcase classname="com.ugapp.testcases.TC_08_PreAppDashboardTest" name="PreAppDashboardTest" time="0.000">
    <skipped/>
  </testcase> <!-- PreAppDashboardTest -->
  <testcase classname="com.ugapp.testcases.TC_08_PreAppDashboardTest" name="PreAppDashboardTest" time="0.000">
    <skipped/>
  </testcase> <!-- PreAppDashboardTest -->
  <testcase classname="com.ugapp.testcases.TC_08_PreAppDashboardTest" name="PreAppDashboardTest" time="0.000">
    <skipped/>
  </testcase> <!-- PreAppDashboardTest -->
  <testcase classname="com.ugapp.testcases.TC_08_PreAppDashboardTest" name="PreAppDashboardTest" time="0.001">
    <skipped/>
  </testcase> <!-- PreAppDashboardTest -->
  <testcase classname="com.ugapp.testcases.TC_08_PreAppDashboardTest" name="PreAppDashboardTest" time="0.000">
    <skipped/>
  </testcase> <!-- PreAppDashboardTest -->
  <testcase classname="com.ugapp.testcases.TC_08_PreAppDashboardTest" name="PreAppDashboardTest" time="0.000">
    <skipped/>
  </testcase> <!-- PreAppDashboardTest -->
  <testcase classname="com.ugapp.testcases.TC_08_PreAppDashboardTest" name="PreAppDashboardTest" time="0.000">
    <skipped/>
  </testcase> <!-- PreAppDashboardTest -->
  <testcase classname="com.ugapp.testcases.TC_08_PreAppDashboardTest" name="PreAppDashboardTest" time="0.000">
    <skipped/>
  </testcase> <!-- PreAppDashboardTest -->
  <testcase classname="com.ugapp.testcases.TC_08_PreAppDashboardTest" name="PreAppDashboardTest" time="0.000">
    <skipped/>
  </testcase> <!-- PreAppDashboardTest -->
  <testcase classname="com.ugapp.testcases.TC_08_PreAppDashboardTest" name="PreAppDashboardTest" time="0.000">
    <skipped/>
  </testcase> <!-- PreAppDashboardTest -->
  <testcase classname="com.ugapp.testcases.TC_08_PreAppDashboardTest" name="PreAppDashboardTest" time="0.001">
    <skipped/>
  </testcase> <!-- PreAppDashboardTest -->
  <testcase classname="com.ugapp.testcases.TC_08_PreAppDashboardTest" name="PreAppDashboardTest" time="0.000">
    <skipped/>
  </testcase> <!-- PreAppDashboardTest -->
  <testcase classname="com.ugapp.testcases.TC_08_PreAppDashboardTest" name="PreAppDashboardTest" time="0.000">
    <skipped/>
  </testcase> <!-- PreAppDashboardTest -->
  <testcase classname="com.ugapp.testcases.TC_08_PreAppDashboardTest" name="PreAppDashboardTest" time="0.000">
    <skipped/>
  </testcase> <!-- PreAppDashboardTest -->
  <testcase classname="com.ugapp.testcases.TC_08_PreAppDashboardTest" name="PreAppDashboardTest" time="0.000">
    <skipped/>
  </testcase> <!-- PreAppDashboardTest -->
  <testcase classname="com.ugapp.testcases.TC_08_PreAppDashboardTest" name="PreAppDashboardTest" time="0.000">
    <skipped/>
  </testcase> <!-- PreAppDashboardTest -->
  <testcase classname="com.ugapp.testcases.TC_08_PreAppDashboardTest" name="PreAppDashboardTest" time="0.000">
    <skipped/>
  </testcase> <!-- PreAppDashboardTest -->
  <testcase classname="com.ugapp.testcases.TC_08_PreAppDashboardTest" name="PreAppDashboardTest" time="0.000">
    <skipped/>
  </testcase> <!-- PreAppDashboardTest -->
  <testcase classname="com.ugapp.testcases.TC_08_PreAppDashboardTest" name="PreAppDashboardTest" time="0.000">
    <skipped/>
  </testcase> <!-- PreAppDashboardTest -->
  <testcase classname="com.ugapp.testcases.TC_08_PreAppDashboardTest" name="PreAppDashboardTest" time="0.000">
    <skipped/>
  </testcase> <!-- PreAppDashboardTest -->
  <testcase classname="com.ugapp.testcases.TC_08_PreAppDashboardTest" name="PreAppDashboardTest" time="0.000">
    <skipped/>
  </testcase> <!-- PreAppDashboardTest -->
  <testcase classname="com.ugapp.testcases.TC_08_PreAppDashboardTest" name="PreAppDashboardTest" time="0.000">
    <skipped/>
  </testcase> <!-- PreAppDashboardTest -->
  <testcase classname="com.ugapp.testcases.TC_08_PreAppDashboardTest" name="PreAppDashboardTest" time="0.000">
    <skipped/>
  </testcase> <!-- PreAppDashboardTest -->
  <testcase classname="com.ugapp.testcases.TC_08_PreAppDashboardTest" name="PreAppDashboardTest" time="0.000">
    <skipped/>
  </testcase> <!-- PreAppDashboardTest -->
  <testcase classname="com.ugapp.testcases.TC_08_PreAppDashboardTest" name="PreAppDashboardTest" time="0.000">
    <skipped/>
  </testcase> <!-- PreAppDashboardTest -->
  <testcase classname="com.ugapp.testcases.TC_08_PreAppDashboardTest" name="PreAppDashboardTest" time="0.000">
    <skipped/>
  </testcase> <!-- PreAppDashboardTest -->
  <testcase classname="com.ugapp.testcases.TC_08_PreAppDashboardTest" name="PreAppDashboardTest" time="0.000">
    <skipped/>
  </testcase> <!-- PreAppDashboardTest -->
  <testcase classname="com.ugapp.testcases.TC_08_PreAppDashboardTest" name="PreAppDashboardTest" time="0.001">
    <skipped/>
  </testcase> <!-- PreAppDashboardTest -->
  <testcase classname="com.ugapp.testcases.TC_08_PreAppDashboardTest" name="PreAppDashboardTest" time="0.000">
    <skipped/>
  </testcase> <!-- PreAppDashboardTest -->
  <testcase classname="com.ugapp.testcases.TC_08_PreAppDashboardTest" name="PreAppDashboardTest" time="0.001">
    <skipped/>
  </testcase> <!-- PreAppDashboardTest -->
  <testcase classname="com.ugapp.testcases.TC_08_PreAppDashboardTest" name="PreAppDashboardTest" time="0.000">
    <skipped/>
  </testcase> <!-- PreAppDashboardTest -->
  <testcase classname="com.ugapp.testcases.TC_08_PreAppDashboardTest" name="PreAppDashboardTest" time="0.000">
    <skipped/>
  </testcase> <!-- PreAppDashboardTest -->
  <testcase classname="com.ugapp.testcases.TC_08_PreAppDashboardTest" name="PreAppDashboardTest" time="0.001">
    <skipped/>
  </testcase> <!-- PreAppDashboardTest -->
  <testcase classname="com.ugapp.testcases.TC_08_PreAppDashboardTest" name="PreAppDashboardTest" time="0.000">
    <skipped/>
  </testcase> <!-- PreAppDashboardTest -->
  <testcase classname="com.ugapp.testcases.TC_08_PreAppDashboardTest" name="PreAppDashboardTest" time="0.000">
    <skipped/>
  </testcase> <!-- PreAppDashboardTest -->
  <testcase classname="com.ugapp.testcases.TC_08_PreAppDashboardTest" name="PreAppDashboardTest" time="0.000">
    <skipped/>
  </testcase> <!-- PreAppDashboardTest -->
  <testcase classname="com.ugapp.testcases.TC_08_PreAppDashboardTest" name="PreAppDashboardTest" time="0.001">
    <skipped/>
  </testcase> <!-- PreAppDashboardTest -->
  <testcase classname="com.ugapp.testcases.TC_08_PreAppDashboardTest" name="PreAppDashboardTest" time="0.000">
    <skipped/>
  </testcase> <!-- PreAppDashboardTest -->
  <testcase classname="com.ugapp.testcases.TC_08_PreAppDashboardTest" name="PreAppDashboardTest" time="0.000">
    <skipped/>
  </testcase> <!-- PreAppDashboardTest -->
  <testcase classname="com.ugapp.testcases.TC_08_PreAppDashboardTest" name="PreAppDashboardTest" time="0.000">
    <skipped/>
  </testcase> <!-- PreAppDashboardTest -->
  <testcase classname="com.ugapp.testcases.TC_08_PreAppDashboardTest" name="PreAppDashboardTest" time="0.000">
    <skipped/>
  </testcase> <!-- PreAppDashboardTest -->
  <testcase classname="com.ugapp.testcases.TC_08_PreAppDashboardTest" name="PreAppDashboardTest" time="0.000">
    <skipped/>
  </testcase> <!-- PreAppDashboardTest -->
  <testcase classname="com.ugapp.testcases.TC_08_PreAppDashboardTest" name="PreAppDashboardTest" time="0.000">
    <skipped/>
  </testcase> <!-- PreAppDashboardTest -->
  <testcase classname="com.ugapp.testcases.TC_08_PreAppDashboardTest" name="PreAppDashboardTest" time="0.001">
    <skipped/>
  </testcase> <!-- PreAppDashboardTest -->
  <testcase classname="com.ugapp.testcases.TC_08_PreAppDashboardTest" name="PreAppDashboardTest" time="0.001">
    <skipped/>
  </testcase> <!-- PreAppDashboardTest -->
  <testcase classname="com.ugapp.testcases.TC_08_PreAppDashboardTest" name="PreAppDashboardTest" time="0.000">
    <skipped/>
  </testcase> <!-- PreAppDashboardTest -->
  <testcase classname="com.ugapp.testcases.TC_08_PreAppDashboardTest" name="PreAppDashboardTest" time="0.000">
    <skipped/>
  </testcase> <!-- PreAppDashboardTest -->
  <testcase classname="com.ugapp.testcases.TC_08_PreAppDashboardTest" name="PreAppDashboardTest" time="0.000">
    <skipped/>
  </testcase> <!-- PreAppDashboardTest -->
  <testcase classname="com.ugapp.testcases.TC_08_PreAppDashboardTest" name="PreAppDashboardTest" time="0.000">
    <skipped/>
  </testcase> <!-- PreAppDashboardTest -->
  <testcase classname="com.ugapp.testcases.TC_08_PreAppDashboardTest" name="PreAppDashboardTest" time="0.001">
    <skipped/>
  </testcase> <!-- PreAppDashboardTest -->
  <testcase classname="com.ugapp.testcases.TC_08_PreAppDashboardTest" name="PreAppDashboardTest" time="0.000">
    <skipped/>
  </testcase> <!-- PreAppDashboardTest -->
  <testcase classname="com.ugapp.testcases.TC_08_PreAppDashboardTest" name="PreAppDashboardTest" time="0.000">
    <skipped/>
  </testcase> <!-- PreAppDashboardTest -->
  <testcase classname="com.ugapp.testcases.TC_08_PreAppDashboardTest" name="PreAppDashboardTest" time="0.000">
    <skipped/>
  </testcase> <!-- PreAppDashboardTest -->
  <testcase classname="com.ugapp.testcases.TC_08_PreAppDashboardTest" name="PreAppDashboardTest" time="0.001">
    <skipped/>
  </testcase> <!-- PreAppDashboardTest -->
  <testcase classname="com.ugapp.testcases.TC_08_PreAppDashboardTest" name="PreAppDashboardTest" time="0.001">
    <skipped/>
  </testcase> <!-- PreAppDashboardTest -->
  <testcase classname="com.ugapp.testcases.TC_08_PreAppDashboardTest" name="PreAppDashboardTest" time="0.000">
    <skipped/>
  </testcase> <!-- PreAppDashboardTest -->
  <testcase classname="com.ugapp.testcases.TC_08_PreAppDashboardTest" name="PreAppDashboardTest" time="0.000">
    <skipped/>
  </testcase> <!-- PreAppDashboardTest -->
  <testcase classname="com.ugapp.testcases.TC_08_PreAppDashboardTest" name="PreAppDashboardTest" time="0.001">
    <skipped/>
  </testcase> <!-- PreAppDashboardTest -->
  <testcase classname="com.ugapp.testcases.TC_08_PreAppDashboardTest" name="PreAppDashboardTest" time="0.001">
    <skipped/>
  </testcase> <!-- PreAppDashboardTest -->
  <testcase classname="com.ugapp.testcases.TC_08_PreAppDashboardTest" name="PreAppDashboardTest" time="0.001">
    <skipped/>
  </testcase> <!-- PreAppDashboardTest -->
  <testcase classname="com.ugapp.testcases.TC_08_PreAppDashboardTest" name="PreAppDashboardTest" time="0.000">
    <skipped/>
  </testcase> <!-- PreAppDashboardTest -->
  <testcase classname="com.ugapp.testcases.TC_08_PreAppDashboardTest" name="PreAppDashboardTest" time="0.000">
    <skipped/>
  </testcase> <!-- PreAppDashboardTest -->
  <testcase classname="com.ugapp.testcases.TC_08_PreAppDashboardTest" name="PreAppDashboardTest" time="0.000">
    <skipped/>
  </testcase> <!-- PreAppDashboardTest -->
  <testcase classname="com.ugapp.testcases.TC_08_PreAppDashboardTest" name="PreAppDashboardTest" time="0.000">
    <skipped/>
  </testcase> <!-- PreAppDashboardTest -->
  <testcase classname="com.ugapp.testcases.TC_08_PreAppDashboardTest" name="PreAppDashboardTest" time="0.000">
    <skipped/>
  </testcase> <!-- PreAppDashboardTest -->
  <testcase classname="com.ugapp.testcases.TC_08_PreAppDashboardTest" name="PreAppDashboardTest" time="0.001">
    <skipped/>
  </testcase> <!-- PreAppDashboardTest -->
  <testcase classname="com.ugapp.testcases.TC_08_PreAppDashboardTest" name="PreAppDashboardTest" time="0.000">
    <skipped/>
  </testcase> <!-- PreAppDashboardTest -->
  <testcase classname="com.ugapp.testcases.TC_08_PreAppDashboardTest" name="PreAppDashboardTest" time="0.000">
    <skipped/>
  </testcase> <!-- PreAppDashboardTest -->
  <testcase classname="com.ugapp.testcases.TC_08_PreAppDashboardTest" name="PreAppDashboardTest" time="0.000">
    <skipped/>
  </testcase> <!-- PreAppDashboardTest -->
  <testcase classname="com.ugapp.testcases.TC_08_PreAppDashboardTest" name="PreAppDashboardTest" time="0.000">
    <skipped/>
  </testcase> <!-- PreAppDashboardTest -->
  <testcase classname="com.ugapp.testcases.TC_08_PreAppDashboardTest" name="PreAppDashboardTest" time="0.001">
    <skipped/>
  </testcase> <!-- PreAppDashboardTest -->
  <testcase classname="com.ugapp.testcases.TC_08_PreAppDashboardTest" name="PreAppDashboardTest" time="0.000">
    <skipped/>
  </testcase> <!-- PreAppDashboardTest -->
  <testcase classname="com.ugapp.testcases.TC_08_PreAppDashboardTest" name="PreAppDashboardTest" time="0.001">
    <skipped/>
  </testcase> <!-- PreAppDashboardTest -->
  <testcase classname="com.ugapp.testcases.TC_08_PreAppDashboardTest" name="PreAppDashboardTest" time="0.000">
    <skipped/>
  </testcase> <!-- PreAppDashboardTest -->
  <testcase classname="com.ugapp.testcases.TC_08_PreAppDashboardTest" name="PreAppDashboardTest" time="0.000">
    <skipped/>
  </testcase> <!-- PreAppDashboardTest -->
  <testcase classname="com.ugapp.testcases.TC_08_PreAppDashboardTest" name="PreAppDashboardTest" time="0.000">
    <skipped/>
  </testcase> <!-- PreAppDashboardTest -->
  <testcase classname="com.ugapp.testcases.TC_08_PreAppDashboardTest" name="PreAppDashboardTest" time="0.000">
    <skipped/>
  </testcase> <!-- PreAppDashboardTest -->
  <testcase classname="com.ugapp.testcases.TC_08_PreAppDashboardTest" name="PreAppDashboardTest" time="0.000">
    <skipped/>
  </testcase> <!-- PreAppDashboardTest -->
  <testcase classname="com.ugapp.testcases.TC_08_PreAppDashboardTest" name="PreAppDashboardTest" time="0.001">
    <skipped/>
  </testcase> <!-- PreAppDashboardTest -->
  <testcase classname="com.ugapp.testcases.TC_08_PreAppDashboardTest" name="PreAppDashboardTest" time="0.001">
    <skipped/>
  </testcase> <!-- PreAppDashboardTest -->
  <testcase classname="com.ugapp.testcases.TC_08_PreAppDashboardTest" name="PreAppDashboardTest" time="0.000">
    <skipped/>
  </testcase> <!-- PreAppDashboardTest -->
  <testcase classname="com.ugapp.testcases.TC_08_PreAppDashboardTest" name="PreAppDashboardTest" time="0.000">
    <skipped/>
  </testcase> <!-- PreAppDashboardTest -->
  <testcase classname="com.ugapp.testcases.TC_08_PreAppDashboardTest" name="PreAppDashboardTest" time="0.001">
    <skipped/>
  </testcase> <!-- PreAppDashboardTest -->
  <testcase classname="com.ugapp.testcases.TC_08_PreAppDashboardTest" name="PreAppDashboardTest" time="0.000">
    <skipped/>
  </testcase> <!-- PreAppDashboardTest -->
  <testcase classname="com.ugapp.testcases.TC_08_PreAppDashboardTest" name="PreAppDashboardTest" time="0.000">
    <skipped/>
  </testcase> <!-- PreAppDashboardTest -->
  <testcase classname="com.ugapp.testcases.TC_08_PreAppDashboardTest" name="PreAppDashboardTest" time="0.001">
    <skipped/>
  </testcase> <!-- PreAppDashboardTest -->
  <testcase classname="com.ugapp.testcases.TC_08_PreAppDashboardTest" name="PreAppDashboardTest" time="0.000">
    <skipped/>
  </testcase> <!-- PreAppDashboardTest -->
  <testcase classname="com.ugapp.testcases.TC_08_PreAppDashboardTest" name="PreAppDashboardTest" time="0.000">
    <skipped/>
  </testcase> <!-- PreAppDashboardTest -->
  <testcase classname="com.ugapp.testcases.TC_08_PreAppDashboardTest" name="PreAppDashboardTest" time="3.006">
    <error message="Cannot invoke &quot;org.openqa.selenium.WebDriver.findElement(org.openqa.selenium.By)&quot; because &quot;com.ugapp.base.Page2.driver&quot; is null" type="java.lang.NullPointerException">
      <![CDATA[java.lang.NullPointerException: Cannot invoke "org.openqa.selenium.WebDriver.findElement(org.openqa.selenium.By)" because "com.ugapp.base.Page2.driver" is null
	at com.ugapp.base.Page2.type(Page2.java:200)
	at com.ugapp.pages.PreAppDashboardPage.userDetails(PreAppDashboardPage.java:41)
	at com.ugapp.testcases.TC_08_PreAppDashboardTest.PreAppDashboardTest(TC_08_PreAppDashboardTest.java:53)
	at java.base/jdk.internal.reflect.DirectMethodHandleAccessor.invoke(DirectMethodHandleAccessor.java:104)
	at java.base/java.lang.reflect.Method.invoke(Method.java:578)
	at org.testng.internal.MethodInvocationHelper.invokeMethod(MethodInvocationHelper.java:108)
	at org.testng.internal.Invoker.invokeMethod(Invoker.java:661)
	at org.testng.internal.Invoker.invokeTestMethod(Invoker.java:869)
	at org.testng.internal.Invoker.invokeTestMethods(Invoker.java:1193)
	at org.testng.internal.TestMethodWorker.invokeTestMethods(TestMethodWorker.java:126)
	at org.testng.internal.TestMethodWorker.run(TestMethodWorker.java:109)
	at org.testng.TestRunner.privateRun(TestRunner.java:744)
	at org.testng.TestRunner.run(TestRunner.java:602)
	at org.testng.SuiteRunner.runTest(SuiteRunner.java:380)
	at org.testng.SuiteRunner.runSequentially(SuiteRunner.java:375)
	at org.testng.SuiteRunner.privateRun(SuiteRunner.java:340)
	at org.testng.SuiteRunner.run(SuiteRunner.java:289)
	at org.testng.SuiteRunnerWorker.runSuite(SuiteRunnerWorker.java:52)
	at org.testng.SuiteRunnerWorker.run(SuiteRunnerWorker.java:86)
	at org.testng.TestNG.runSuitesSequentially(TestNG.java:1301)
	at org.testng.TestNG.runSuitesSequentially(TestNG.java:1297)
	at org.testng.TestNG.runSuitesLocally(TestNG.java:1226)
	at org.testng.TestNG.runSuites(TestNG.java:1144)
	at org.testng.TestNG.run(TestNG.java:1115)
	at org.testng.remote.AbstractRemoteTestNG.run(AbstractRemoteTestNG.java:115)
	at org.testng.remote.RemoteTestNG.initAndRun(RemoteTestNG.java:251)
	at org.testng.remote.RemoteTestNG.main(RemoteTestNG.java:77)
]]>
    </error>
  </testcase> <!-- PreAppDashboardTest -->
  <testcase classname="com.ugapp.testcases.TC_08_PreAppDashboardTest" name="PreAppDashboardTest" time="0.000">
    <skipped/>
  </testcase> <!-- PreAppDashboardTest -->
  <testcase classname="com.ugapp.testcases.TC_08_PreAppDashboardTest" name="PreAppDashboardTest" time="0.000">
    <skipped/>
  </testcase> <!-- PreAppDashboardTest -->
  <testcase classname="com.ugapp.testcases.TC_08_PreAppDashboardTest" name="PreAppDashboardTest" time="0.000">
    <skipped/>
  </testcase> <!-- PreAppDashboardTest -->
  <testcase classname="com.ugapp.testcases.TC_08_PreAppDashboardTest" name="PreAppDashboardTest" time="0.000">
    <skipped/>
  </testcase> <!-- PreAppDashboardTest -->
  <testcase classname="com.ugapp.testcases.TC_08_PreAppDashboardTest" name="PreAppDashboardTest" time="0.001">
    <skipped/>
  </testcase> <!-- PreAppDashboardTest -->
  <testcase classname="com.ugapp.testcases.TC_08_PreAppDashboardTest" name="PreAppDashboardTest" time="0.000">
    <skipped/>
  </testcase> <!-- PreAppDashboardTest -->
  <testcase classname="com.ugapp.testcases.TC_08_PreAppDashboardTest" name="PreAppDashboardTest" time="0.000">
    <skipped/>
  </testcase> <!-- PreAppDashboardTest -->
  <testcase classname="com.ugapp.testcases.TC_08_PreAppDashboardTest" name="PreAppDashboardTest" time="0.001">
    <skipped/>
  </testcase> <!-- PreAppDashboardTest -->
  <testcase classname="com.ugapp.testcases.TC_08_PreAppDashboardTest" name="PreAppDashboardTest" time="0.000">
    <skipped/>
  </testcase> <!-- PreAppDashboardTest -->
  <testcase classname="com.ugapp.testcases.TC_08_PreAppDashboardTest" name="PreAppDashboardTest" time="0.001">
    <skipped/>
  </testcase> <!-- PreAppDashboardTest -->
  <testcase classname="com.ugapp.testcases.TC_08_PreAppDashboardTest" name="PreAppDashboardTest" time="0.001">
    <skipped/>
  </testcase> <!-- PreAppDashboardTest -->
  <testcase classname="com.ugapp.testcases.TC_08_PreAppDashboardTest" name="PreAppDashboardTest" time="0.000">
    <skipped/>
  </testcase> <!-- PreAppDashboardTest -->
  <testcase classname="com.ugapp.testcases.TC_08_PreAppDashboardTest" name="PreAppDashboardTest" time="0.000">
    <skipped/>
  </testcase> <!-- PreAppDashboardTest -->
  <testcase classname="com.ugapp.testcases.TC_08_PreAppDashboardTest" name="PreAppDashboardTest" time="0.000">
    <skipped/>
  </testcase> <!-- PreAppDashboardTest -->
  <testcase classname="com.ugapp.testcases.TC_08_PreAppDashboardTest" name="PreAppDashboardTest" time="0.001">
    <skipped/>
  </testcase> <!-- PreAppDashboardTest -->
  <testcase classname="com.ugapp.testcases.TC_08_PreAppDashboardTest" name="PreAppDashboardTest" time="0.000">
    <skipped/>
  </testcase> <!-- PreAppDashboardTest -->
  <testcase classname="com.ugapp.testcases.TC_08_PreAppDashboardTest" name="PreAppDashboardTest" time="0.000">
    <skipped/>
  </testcase> <!-- PreAppDashboardTest -->
  <testcase classname="com.ugapp.testcases.TC_08_PreAppDashboardTest" name="PreAppDashboardTest" time="0.000">
    <skipped/>
  </testcase> <!-- PreAppDashboardTest -->
  <testcase classname="com.ugapp.testcases.TC_08_PreAppDashboardTest" name="PreAppDashboardTest" time="0.000">
    <skipped/>
  </testcase> <!-- PreAppDashboardTest -->
  <testcase classname="com.ugapp.testcases.TC_08_PreAppDashboardTest" name="PreAppDashboardTest" time="0.000">
    <skipped/>
  </testcase> <!-- PreAppDashboardTest -->
  <testcase classname="com.ugapp.testcases.TC_08_PreAppDashboardTest" name="PreAppDashboardTest" time="0.000">
    <skipped/>
  </testcase> <!-- PreAppDashboardTest -->
  <testcase classname="com.ugapp.testcases.TC_08_PreAppDashboardTest" name="PreAppDashboardTest" time="0.000">
    <skipped/>
  </testcase> <!-- PreAppDashboardTest -->
  <testcase classname="com.ugapp.testcases.TC_08_PreAppDashboardTest" name="PreAppDashboardTest" time="0.000">
    <skipped/>
  </testcase> <!-- PreAppDashboardTest -->
  <testcase classname="com.ugapp.testcases.TC_08_PreAppDashboardTest" name="PreAppDashboardTest" time="0.001">
    <skipped/>
  </testcase> <!-- PreAppDashboardTest -->
  <testcase classname="com.ugapp.testcases.TC_08_PreAppDashboardTest" name="PreAppDashboardTest" time="0.001">
    <skipped/>
  </testcase> <!-- PreAppDashboardTest -->
  <testcase classname="com.ugapp.testcases.TC_08_PreAppDashboardTest" name="PreAppDashboardTest" time="0.004">
    <skipped/>
  </testcase> <!-- PreAppDashboardTest -->
  <testcase classname="com.ugapp.testcases.TC_08_PreAppDashboardTest" name="PreAppDashboardTest" time="0.000">
    <skipped/>
  </testcase> <!-- PreAppDashboardTest -->
  <testcase classname="com.ugapp.testcases.TC_08_PreAppDashboardTest" name="PreAppDashboardTest" time="0.000">
    <skipped/>
  </testcase> <!-- PreAppDashboardTest -->
  <testcase classname="com.ugapp.testcases.TC_08_PreAppDashboardTest" name="PreAppDashboardTest" time="0.001">
    <skipped/>
  </testcase> <!-- PreAppDashboardTest -->
  <testcase classname="com.ugapp.testcases.TC_08_PreAppDashboardTest" name="PreAppDashboardTest" time="0.001">
    <skipped/>
  </testcase> <!-- PreAppDashboardTest -->
  <testcase classname="com.ugapp.testcases.TC_08_PreAppDashboardTest" name="PreAppDashboardTest" time="0.001">
    <skipped/>
  </testcase> <!-- PreAppDashboardTest -->
  <testcase classname="com.ugapp.testcases.TC_08_PreAppDashboardTest" name="PreAppDashboardTest" time="0.001">
    <skipped/>
  </testcase> <!-- PreAppDashboardTest -->
  <testcase classname="com.ugapp.testcases.TC_08_PreAppDashboardTest" name="PreAppDashboardTest" time="0.000">
    <skipped/>
  </testcase> <!-- PreAppDashboardTest -->
  <testcase classname="com.ugapp.testcases.TC_08_PreAppDashboardTest" name="PreAppDashboardTest" time="0.000">
    <skipped/>
  </testcase> <!-- PreAppDashboardTest -->
  <testcase classname="com.ugapp.testcases.TC_08_PreAppDashboardTest" name="PreAppDashboardTest" time="0.000">
    <skipped/>
  </testcase> <!-- PreAppDashboardTest -->
  <testcase classname="com.ugapp.testcases.TC_08_PreAppDashboardTest" name="PreAppDashboardTest" time="0.000">
    <skipped/>
  </testcase> <!-- PreAppDashboardTest -->
  <testcase classname="com.ugapp.testcases.TC_08_PreAppDashboardTest" name="PreAppDashboardTest" time="0.000">
    <skipped/>
  </testcase> <!-- PreAppDashboardTest -->
  <testcase classname="com.ugapp.testcases.TC_08_PreAppDashboardTest" name="PreAppDashboardTest" time="0.000">
    <skipped/>
  </testcase> <!-- PreAppDashboardTest -->
  <testcase classname="com.ugapp.testcases.TC_08_PreAppDashboardTest" name="PreAppDashboardElements" time="0.002">
    <error message="Cannot invoke &quot;org.openqa.selenium.WebDriver.findElement(org.openqa.selenium.By)&quot; because &quot;com.ugapp.base.Page2.driver&quot; is null" type="java.lang.NullPointerException">
      <![CDATA[java.lang.NullPointerException: Cannot invoke "org.openqa.selenium.WebDriver.findElement(org.openqa.selenium.By)" because "com.ugapp.base.Page2.driver" is null
	at com.ugapp.base.Page2.type(Page2.java:200)
	at com.ugapp.pages.PreAppDashboardPage.validuser(PreAppDashboardPage.java:163)
	at com.ugapp.testcases.TC_08_PreAppDashboardTest.PreAppDashboardElements(TC_08_PreAppDashboardTest.java:66)
	at java.base/jdk.internal.reflect.DirectMethodHandleAccessor.invoke(DirectMethodHandleAccessor.java:104)
	at java.base/java.lang.reflect.Method.invoke(Method.java:578)
	at org.testng.internal.MethodInvocationHelper.invokeMethod(MethodInvocationHelper.java:108)
	at org.testng.internal.Invoker.invokeMethod(Invoker.java:661)
	at org.testng.internal.Invoker.invokeTestMethod(Invoker.java:869)
	at org.testng.internal.Invoker.invokeTestMethods(Invoker.java:1193)
	at org.testng.internal.TestMethodWorker.invokeTestMethods(TestMethodWorker.java:126)
	at org.testng.internal.TestMethodWorker.run(TestMethodWorker.java:109)
	at org.testng.TestRunner.privateRun(TestRunner.java:744)
	at org.testng.TestRunner.run(TestRunner.java:602)
	at org.testng.SuiteRunner.runTest(SuiteRunner.java:380)
	at org.testng.SuiteRunner.runSequentially(SuiteRunner.java:375)
	at org.testng.SuiteRunner.privateRun(SuiteRunner.java:340)
	at org.testng.SuiteRunner.run(SuiteRunner.java:289)
	at org.testng.SuiteRunnerWorker.runSuite(SuiteRunnerWorker.java:52)
	at org.testng.SuiteRunnerWorker.run(SuiteRunnerWorker.java:86)
	at org.testng.TestNG.runSuitesSequentially(TestNG.java:1301)
	at org.testng.TestNG.runSuitesSequentially(TestNG.java:1297)
	at org.testng.TestNG.runSuitesLocally(TestNG.java:1226)
	at org.testng.TestNG.runSuites(TestNG.java:1144)
	at org.testng.TestNG.run(TestNG.java:1115)
	at org.testng.remote.AbstractRemoteTestNG.run(AbstractRemoteTestNG.java:115)
	at org.testng.remote.RemoteTestNG.initAndRun(RemoteTestNG.java:251)
	at org.testng.remote.RemoteTestNG.main(RemoteTestNG.java:77)
]]>
    </error>
  </testcase> <!-- PreAppDashboardElements -->
  <testcase classname="com.ugapp.testcases.TC_08_PreAppDashboardTest" name="BirthdayAge_Greater24Test" time="0.001">
    <error message="Cannot invoke &quot;org.openqa.selenium.WebDriver.findElement(org.openqa.selenium.By)&quot; because &quot;com.ugapp.base.Page2.driver&quot; is null" type="java.lang.NullPointerException">
      <![CDATA[java.lang.NullPointerException: Cannot invoke "org.openqa.selenium.WebDriver.findElement(org.openqa.selenium.By)" because "com.ugapp.base.Page2.driver" is null
	at com.ugapp.base.Page2.findElement(Page2.java:177)
	at com.ugapp.pages.PreAppDashboardPage.BirthdayAge_Greater24(PreAppDashboardPage.java:412)
	at com.ugapp.testcases.TC_08_PreAppDashboardTest.BirthdayAge_Greater24Test(TC_08_PreAppDashboardTest.java:90)
	at java.base/jdk.internal.reflect.DirectMethodHandleAccessor.invoke(DirectMethodHandleAccessor.java:104)
	at java.base/java.lang.reflect.Method.invoke(Method.java:578)
	at org.testng.internal.MethodInvocationHelper.invokeMethod(MethodInvocationHelper.java:108)
	at org.testng.internal.Invoker.invokeMethod(Invoker.java:661)
	at org.testng.internal.Invoker.invokeTestMethod(Invoker.java:869)
	at org.testng.internal.Invoker.invokeTestMethods(Invoker.java:1193)
	at org.testng.internal.TestMethodWorker.invokeTestMethods(TestMethodWorker.java:126)
	at org.testng.internal.TestMethodWorker.run(TestMethodWorker.java:109)
	at org.testng.TestRunner.privateRun(TestRunner.java:744)
	at org.testng.TestRunner.run(TestRunner.java:602)
	at org.testng.SuiteRunner.runTest(SuiteRunner.java:380)
	at org.testng.SuiteRunner.runSequentially(SuiteRunner.java:375)
	at org.testng.SuiteRunner.privateRun(SuiteRunner.java:340)
	at org.testng.SuiteRunner.run(SuiteRunner.java:289)
	at org.testng.SuiteRunnerWorker.runSuite(SuiteRunnerWorker.java:52)
	at org.testng.SuiteRunnerWorker.run(SuiteRunnerWorker.java:86)
	at org.testng.TestNG.runSuitesSequentially(TestNG.java:1301)
	at org.testng.TestNG.runSuitesSequentially(TestNG.java:1297)
	at org.testng.TestNG.runSuitesLocally(TestNG.java:1226)
	at org.testng.TestNG.runSuites(TestNG.java:1144)
	at org.testng.TestNG.run(TestNG.java:1115)
	at org.testng.remote.AbstractRemoteTestNG.run(AbstractRemoteTestNG.java:115)
	at org.testng.remote.RemoteTestNG.initAndRun(RemoteTestNG.java:251)
	at org.testng.remote.RemoteTestNG.main(RemoteTestNG.java:77)
]]>
    </error>
  </testcase> <!-- BirthdayAge_Greater24Test -->
  <testcase classname="com.ugapp.testcases.TC_08_PreAppDashboardTest" name="StartNewAppTest" time="0.001">
    <error message="Cannot invoke &quot;org.openqa.selenium.WebDriver.findElement(org.openqa.selenium.By)&quot; because &quot;com.ugapp.base.Page2.driver&quot; is null" type="java.lang.NullPointerException">
      <![CDATA[java.lang.NullPointerException: Cannot invoke "org.openqa.selenium.WebDriver.findElement(org.openqa.selenium.By)" because "com.ugapp.base.Page2.driver" is null
	at com.ugapp.base.Page2.findElement(Page2.java:177)
	at com.ugapp.pages.PreAppDashboardPage.startNewAppbutton(PreAppDashboardPage.java:650)
	at com.ugapp.testcases.TC_08_PreAppDashboardTest.StartNewAppTest(TC_08_PreAppDashboardTest.java:126)
	at java.base/jdk.internal.reflect.DirectMethodHandleAccessor.invoke(DirectMethodHandleAccessor.java:104)
	at java.base/java.lang.reflect.Method.invoke(Method.java:578)
	at org.testng.internal.MethodInvocationHelper.invokeMethod(MethodInvocationHelper.java:108)
	at org.testng.internal.Invoker.invokeMethod(Invoker.java:661)
	at org.testng.internal.Invoker.invokeTestMethod(Invoker.java:869)
	at org.testng.internal.Invoker.invokeTestMethods(Invoker.java:1193)
	at org.testng.internal.TestMethodWorker.invokeTestMethods(TestMethodWorker.java:126)
	at org.testng.internal.TestMethodWorker.run(TestMethodWorker.java:109)
	at org.testng.TestRunner.privateRun(TestRunner.java:744)
	at org.testng.TestRunner.run(TestRunner.java:602)
	at org.testng.SuiteRunner.runTest(SuiteRunner.java:380)
	at org.testng.SuiteRunner.runSequentially(SuiteRunner.java:375)
	at org.testng.SuiteRunner.privateRun(SuiteRunner.java:340)
	at org.testng.SuiteRunner.run(SuiteRunner.java:289)
	at org.testng.SuiteRunnerWorker.runSuite(SuiteRunnerWorker.java:52)
	at org.testng.SuiteRunnerWorker.run(SuiteRunnerWorker.java:86)
	at org.testng.TestNG.runSuitesSequentially(TestNG.java:1301)
	at org.testng.TestNG.runSuitesSequentially(TestNG.java:1297)
	at org.testng.TestNG.runSuitesLocally(TestNG.java:1226)
	at org.testng.TestNG.runSuites(TestNG.java:1144)
	at org.testng.TestNG.run(TestNG.java:1115)
	at org.testng.remote.AbstractRemoteTestNG.run(AbstractRemoteTestNG.java:115)
	at org.testng.remote.RemoteTestNG.initAndRun(RemoteTestNG.java:251)
	at org.testng.remote.RemoteTestNG.main(RemoteTestNG.java:77)
]]>
    </error>
  </testcase> <!-- StartNewAppTest -->
</testsuite> <!-- com.ugapp.testcases.TC_08_PreAppDashboardTest -->
