<?xml version="1.0" encoding="UTF-8"?>
<!-- Generated by org.testng.reporters.JUnitReportReporter -->
<testsuite hostname="Admins-MacBook-Pro.local" failures="0" tests="3" name="com.ugapp.testcases.TC_01_LandingPageTest" time="83.042" errors="0" timestamp="2024-08-29T23:16:00 IST" skipped="0">
  <testcase classname="com.ugapp.testcases.TC_01_LandingPageTest" name="verifyFooter" time="77.189"/>
  <testcase classname="com.ugapp.testcases.TC_01_LandingPageTest" name="verifyLandingPage" time="4.190"/>
  <testcase classname="com.ugapp.testcases.TC_01_LandingPageTest" name="CreateRandomAccTest" time="1.663"/>
</testsuite> <!-- com.ugapp.testcases.TC_01_LandingPageTest -->
