<?xml version="1.0" encoding="UTF-8"?>
<!-- Generated by org.testng.reporters.JUnitReportReporter -->
<testsuite hostname="Admins-MacBook-Pro.local" failures="0" tests="1" name="com.ugapp.testcases.TC_05_VerifyEmailTest" time="8.088" errors="0" timestamp="2024-02-02T15:26:55 IST" skipped="0">
  <testcase classname="com.ugapp.testcases.TC_05_VerifyEmailTest" name="verifyEmailTest" time="8.088"/>
</testsuite> <!-- com.ugapp.testcases.TC_05_VerifyEmailTest -->
