<?xml version="1.0" encoding="UTF-8"?>
<!-- Generated by org.testng.reporters.JUnitReportReporter -->
<testsuite hostname="Admins-MacBook-Pro.local" failures="0" tests="6" name="com.ugapp.testcases.TC_11_MySchoolsPageTest" time="36.290" errors="0" timestamp="2024-05-23T21:25:28 IST" skipped="0">
  <testcase classname="com.ugapp.testcases.TC_11_MySchoolsPageTest" name="validateMySchoolsPage" time="3.072"/>
  <testcase classname="com.ugapp.testcases.TC_11_MySchoolsPageTest" name="Random_RecentSchoolTest" time="11.551"/>
  <testcase classname="com.ugapp.testcases.TC_11_MySchoolsPageTest" name="RandomGraduationDateTest" time="6.060"/>
  <testcase classname="com.ugapp.testcases.TC_11_MySchoolsPageTest" name="Random_CollegeUniversitiesTest" time="6.363"/>
  <testcase classname="com.ugapp.testcases.TC_11_MySchoolsPageTest" name="TranscriptPolicyTest" time="5.013"/>
  <testcase classname="com.ugapp.testcases.TC_11_MySchoolsPageTest" name="SaveThePageTest" time="4.231"/>
</testsuite> <!-- com.ugapp.testcases.TC_11_MySchoolsPageTest -->
