<?xml version="1.0" encoding="UTF-8"?>
<!-- Generated by org.testng.reporters.JUnitReportReporter -->
<testsuite hostname="Admins-MacBook-Pro.local" failures="0" tests="1" name="com.ugapp.testcases.TC_02_FooterLinksPageTest" time="17.368" errors="0" timestamp="2024-05-23T12:29:28 IST" skipped="0">
  <testcase classname="com.ugapp.testcases.TC_02_FooterLinksPageTest" name="verifyFooter" time="17.368"/>
</testsuite> <!-- com.ugapp.testcases.TC_02_FooterLinksPageTest -->
