<?xml version="1.0" encoding="UTF-8"?>
<!-- Generated by org.testng.reporters.JUnitReportReporter -->
<testsuite hostname="Admins-MBP" failures="0" tests="1" name="com.ugapp.testcases.TC_03_ProvideFeedbackPageTest" time="8.641" errors="0" timestamp="04 Dec 2023 18:06:48 GMT" skipped="0">
  <testcase classname="com.ugapp.testcases.TC_03_ProvideFeedbackPageTest" name="verifyFeedback" time="8.641"/>
</testsuite> <!-- com.ugapp.testcases.TC_03_ProvideFeedbackPageTest -->
