<?xml version="1.0" encoding="UTF-8"?>
<!-- Generated by org.testng.reporters.JUnitReportReporter -->
<testsuite hostname="Admins-MacBook-Pro.local" failures="0" tests="2" name="com.ugapp.testcases.TC_06_ResetPasswordTest" time="0.000" errors="0" timestamp="11 Dec 2023 18:34:43 GMT" skipped="2">
  <testcase classname="com.ugapp.testcases.TC_06_ResetPasswordTest" name="ResetPassword" time="0.000">
    <skipped/>
  </testcase> <!-- ResetPassword -->
  <testcase classname="com.ugapp.testcases.TC_06_ResetPasswordTest" name="setNewPasswordPage" time="0.000">
    <skipped/>
  </testcase> <!-- setNewPasswordPage -->
</testsuite> <!-- com.ugapp.testcases.TC_06_ResetPasswordTest -->
