<?xml version="1.0" encoding="UTF-8"?>
<!-- Generated by org.testng.reporters.JUnitReportReporter -->
<testsuite hostname="Admins-MacBook-Pro.local" failures="0" tests="1" name="com.ugapp.testcases.TC_07_LogInTest" time="3.935" errors="0" timestamp="08 Dec 2023 10:26:24 GMT" skipped="0">
  <testcase classname="com.ugapp.testcases.TC_07_LogInTest" name="login" time="3.935"/>
</testsuite> <!-- com.ugapp.testcases.TC_07_LogInTest -->
