<?xml version="1.0" encoding="UTF-8"?>
<!-- Generated by org.testng.reporters.JUnitReportReporter -->
<testsuite hostname="Admins-MacBook-Pro.local" failures="0" tests="5" name="com.ugapp.testcases.TC_08_PreAppDashboardTest" time="20.760" errors="0" timestamp="2024-08-30T22:39:54 IST" skipped="0">
  <testcase classname="com.ugapp.testcases.TC_08_PreAppDashboardTest" name="validatePreAppSubmissionPage" time="1.617"/>
  <testcase classname="com.ugapp.testcases.TC_08_PreAppDashboardTest" name="PreAppDashboardNames" time="4.723"/>
  <testcase classname="com.ugapp.testcases.TC_08_PreAppDashboardTest" name="BirthdayAge_Greater24Test" time="4.924"/>
  <testcase classname="com.ugapp.testcases.TC_08_PreAppDashboardTest" name="PhoneNumberTest" time="3.289"/>
  <testcase classname="com.ugapp.testcases.TC_08_PreAppDashboardTest" name="StartNewAppTest" time="6.207"/>
</testsuite> <!-- com.ugapp.testcases.TC_08_PreAppDashboardTest -->
