<?xml version="1.0" encoding="UTF-8"?>
<!-- Generated by org.testng.reporters.JUnitReportReporter -->
<testsuite hostname="DESKTOP-OB9VDN9" failures="0" tests="26" name="com.ugapp.testcases.TC_11_MySchoolsPageTest" time="369.381" errors="0" timestamp="30 Oct 2023 12:26:58 GMT" skipped="0">
  <testcase classname="com.ugapp.testcases.TC_11_MySchoolsPageTest" name="validateMySchoolsPage" time="3.125"/>
  <testcase classname="com.ugapp.testcases.TC_11_MySchoolsPageTest" name="RecentHighSchoolTest" time="4.299"/>
  <testcase classname="com.ugapp.testcases.TC_11_MySchoolsPageTest" name="GraduatingSchoolTest" time="9.715"/>
  <testcase classname="com.ugapp.testcases.TC_11_MySchoolsPageTest" name="GraduatingSchoolTest" time="9.366"/>
  <testcase classname="com.ugapp.testcases.TC_11_MySchoolsPageTest" name="GraduationDateTest" time="5.315"/>
  <testcase classname="com.ugapp.testcases.TC_11_MySchoolsPageTest" name="SelectNameOnTranscriptTest" time="2.699"/>
  <testcase classname="com.ugapp.testcases.TC_11_MySchoolsPageTest" name="DeleteAddedSchoolTest" time="2.183"/>
  <testcase classname="com.ugapp.testcases.TC_11_MySchoolsPageTest" name="RecentSchoolAZTest" time="14.638"/>
  <testcase classname="com.ugapp.testcases.TC_11_MySchoolsPageTest" name="AddMaxHighSchoolTest" time="26.679"/>
  <testcase classname="com.ugapp.testcases.TC_11_MySchoolsPageTest" name="AddMaxHighSchoolTest" time="28.519"/>
  <testcase classname="com.ugapp.testcases.TC_11_MySchoolsPageTest" name="AddMaxHighSchoolTest" time="28.420"/>
  <testcase classname="com.ugapp.testcases.TC_11_MySchoolsPageTest" name="AddMaxHighSchoolTest" time="26.567"/>
  <testcase classname="com.ugapp.testcases.TC_11_MySchoolsPageTest" name="AddMaxHighSchoolTest" time="26.458"/>
  <testcase classname="com.ugapp.testcases.TC_11_MySchoolsPageTest" name="AddMaxHighSchoolTest" time="26.527"/>
  <testcase classname="com.ugapp.testcases.TC_11_MySchoolsPageTest" name="AddMaxHighSchoolTest" time="26.450"/>
  <testcase classname="com.ugapp.testcases.TC_11_MySchoolsPageTest" name="AddMaxHighSchoolTest" time="28.444"/>
  <testcase classname="com.ugapp.testcases.TC_11_MySchoolsPageTest" name="AddMaxHighSchoolTest" time="28.430"/>
  <testcase classname="com.ugapp.testcases.TC_11_MySchoolsPageTest" name="HaveAttendedOrAttendingCollegeAndUniversitiesTest" time="5.322"/>
  <testcase classname="com.ugapp.testcases.TC_11_MySchoolsPageTest" name="CollegeUniversitiesTest" time="16.880"/>
  <testcase classname="com.ugapp.testcases.TC_11_MySchoolsPageTest" name="CollegeUniversitiesTest" time="20.523"/>
  <testcase classname="com.ugapp.testcases.TC_11_MySchoolsPageTest" name="EnterFirstAndLastDateTest" time="12.912"/>
  <testcase classname="com.ugapp.testcases.TC_11_MySchoolsPageTest" name="saveInstitutionTest" time="1.064"/>
  <testcase classname="com.ugapp.testcases.TC_11_MySchoolsPageTest" name="validateAddSchoolTest" time="0.088"/>
  <testcase classname="com.ugapp.testcases.TC_11_MySchoolsPageTest" name="PreviousCollegeEligibilityTest" time="3.948"/>
  <testcase classname="com.ugapp.testcases.TC_11_MySchoolsPageTest" name="TranscriptPolicyTest" time="4.713"/>
  <testcase classname="com.ugapp.testcases.TC_11_MySchoolsPageTest" name="SaveThePageTest" time="6.097"/>
</testsuite> <!-- com.ugapp.testcases.TC_11_MySchoolsPageTest -->
