<?xml version="1.0" encoding="UTF-8"?>
<!-- Generated by org.testng.reporters.JUnitReportReporter -->
<testsuite hostname="DESKTOP-OB9VDN9" failures="0" tests="1" name="com.ugapp.testcases.TC_02_FooterLinksPageTest" time="34.904" errors="0" timestamp="22 Sept 2023 09:39:15 GMT" skipped="0">
  <testcase classname="com.ugapp.testcases.TC_02_FooterLinksPageTest" name="verifyFooter" time="34.904"/>
</testsuite> <!-- com.ugapp.testcases.TC_02_FooterLinksPageTest -->
