<?xml version="1.0" encoding="UTF-8"?>
<!-- Generated by org.testng.reporters.JUnitReportReporter -->
<testsuite hostname="Admins-MacBook-Pro.local" failures="0" tests="1" name="com.ugapp.testcases.TC_11_MySchoolsPageTest" time="5.438" errors="0" timestamp="23 Nov 2023 10:33:12 GMT" skipped="0">
  <testcase classname="com.ugapp.testcases.TC_11_MySchoolsPageTest" name="PastGraduationDateTest" time="5.438"/>
</testsuite> <!-- com.ugapp.testcases.TC_11_MySchoolsPageTest -->
