<?xml version="1.0" encoding="UTF-8"?>
<!-- Generated by org.testng.reporters.JUnitReportReporter -->
<testsuite hostname="Admins-MacBook-Pro.local" failures="0" tests="4" name="com.ugapp.testcases.TC_16_PostAppSubmissionDashboardTest" time="0.000" errors="0" timestamp="11 Dec 2023 18:34:43 GMT" skipped="4">
  <testcase classname="com.ugapp.testcases.TC_16_PostAppSubmissionDashboardTest" name="postDashboard" time="0.000">
    <skipped/>
  </testcase> <!-- postDashboard -->
  <testcase classname="com.ugapp.testcases.TC_16_PostAppSubmissionDashboardTest" name="postDashboard" time="0.000">
    <skipped/>
  </testcase> <!-- postDashboard -->
  <testcase classname="com.ugapp.testcases.TC_16_PostAppSubmissionDashboardTest" name="links" time="0.000">
    <skipped/>
  </testcase> <!-- links -->
  <testcase classname="com.ugapp.testcases.TC_16_PostAppSubmissionDashboardTest" name="links" time="0.000">
    <skipped/>
  </testcase> <!-- links -->
</testsuite> <!-- com.ugapp.testcases.TC_16_PostAppSubmissionDashboardTest -->
