<?xml version="1.0" encoding="UTF-8"?>
<!-- Generated by org.testng.reporters.JUnitReportReporter -->
<testsuite hostname="Admins-MacBook-Pro.local" failures="0" tests="32" name="com.ugapp.testcases.TC_11_MySchoolsPageTest" time="0.000" errors="0" timestamp="11 Dec 2023 18:34:43 GMT" skipped="32">
  <testcase classname="com.ugapp.testcases.TC_11_MySchoolsPageTest" name="validateMySchoolsPage" time="0.000">
    <skipped/>
  </testcase> <!-- validateMySchoolsPage -->
  <testcase classname="com.ugapp.testcases.TC_11_MySchoolsPageTest" name="validateMySchoolsPage" time="0.000">
    <skipped/>
  </testcase> <!-- validateMySchoolsPage -->
  <testcase classname="com.ugapp.testcases.TC_11_MySchoolsPageTest" name="RecentHighSchoolTest" time="0.000">
    <skipped/>
  </testcase> <!-- RecentHighSchoolTest -->
  <testcase classname="com.ugapp.testcases.TC_11_MySchoolsPageTest" name="GraduatingSchoolTest" time="0.000">
    <skipped/>
  </testcase> <!-- GraduatingSchoolTest -->
  <testcase classname="com.ugapp.testcases.TC_11_MySchoolsPageTest" name="GraduatingSchoolTest" time="0.000">
    <skipped/>
  </testcase> <!-- GraduatingSchoolTest -->
  <testcase classname="com.ugapp.testcases.TC_11_MySchoolsPageTest" name="RecentSchoolTest" time="0.000">
    <skipped/>
  </testcase> <!-- RecentSchoolTest -->
  <testcase classname="com.ugapp.testcases.TC_11_MySchoolsPageTest" name="FutureGraduationDateTest" time="0.000">
    <skipped/>
  </testcase> <!-- FutureGraduationDateTest -->
  <testcase classname="com.ugapp.testcases.TC_11_MySchoolsPageTest" name="PastGraduationDateTest" time="0.000">
    <skipped/>
  </testcase> <!-- PastGraduationDateTest -->
  <testcase classname="com.ugapp.testcases.TC_11_MySchoolsPageTest" name="SelectNameOnTranscriptTest" time="0.000">
    <skipped/>
  </testcase> <!-- SelectNameOnTranscriptTest -->
  <testcase classname="com.ugapp.testcases.TC_11_MySchoolsPageTest" name="DeleteAddedSchoolTest" time="0.000">
    <skipped/>
  </testcase> <!-- DeleteAddedSchoolTest -->
  <testcase classname="com.ugapp.testcases.TC_11_MySchoolsPageTest" name="RecentSchoolAZTest" time="0.000">
    <skipped/>
  </testcase> <!-- RecentSchoolAZTest -->
  <testcase classname="com.ugapp.testcases.TC_11_MySchoolsPageTest" name="AddMaxHighSchoolTest" time="0.000">
    <skipped/>
  </testcase> <!-- AddMaxHighSchoolTest -->
  <testcase classname="com.ugapp.testcases.TC_11_MySchoolsPageTest" name="AddMaxHighSchoolTest" time="0.000">
    <skipped/>
  </testcase> <!-- AddMaxHighSchoolTest -->
  <testcase classname="com.ugapp.testcases.TC_11_MySchoolsPageTest" name="AddMaxHighSchoolTest" time="0.000">
    <skipped/>
  </testcase> <!-- AddMaxHighSchoolTest -->
  <testcase classname="com.ugapp.testcases.TC_11_MySchoolsPageTest" name="AddMaxHighSchoolTest" time="0.000">
    <skipped/>
  </testcase> <!-- AddMaxHighSchoolTest -->
  <testcase classname="com.ugapp.testcases.TC_11_MySchoolsPageTest" name="AddMaxHighSchoolTest" time="0.000">
    <skipped/>
  </testcase> <!-- AddMaxHighSchoolTest -->
  <testcase classname="com.ugapp.testcases.TC_11_MySchoolsPageTest" name="AddMaxHighSchoolTest" time="0.000">
    <skipped/>
  </testcase> <!-- AddMaxHighSchoolTest -->
  <testcase classname="com.ugapp.testcases.TC_11_MySchoolsPageTest" name="AddMaxHighSchoolTest" time="0.000">
    <skipped/>
  </testcase> <!-- AddMaxHighSchoolTest -->
  <testcase classname="com.ugapp.testcases.TC_11_MySchoolsPageTest" name="AddMaxHighSchoolTest" time="0.000">
    <skipped/>
  </testcase> <!-- AddMaxHighSchoolTest -->
  <testcase classname="com.ugapp.testcases.TC_11_MySchoolsPageTest" name="AddMaxHighSchoolTest" time="0.000">
    <skipped/>
  </testcase> <!-- AddMaxHighSchoolTest -->
  <testcase classname="com.ugapp.testcases.TC_11_MySchoolsPageTest" name="HaveAttendedOrAttendingCollegeAndUniversitiesYesTest" time="0.000">
    <skipped/>
  </testcase> <!-- HaveAttendedOrAttendingCollegeAndUniversitiesYesTest -->
  <testcase classname="com.ugapp.testcases.TC_11_MySchoolsPageTest" name="CollegeUniversitiesTest" time="0.000">
    <skipped/>
  </testcase> <!-- CollegeUniversitiesTest -->
  <testcase classname="com.ugapp.testcases.TC_11_MySchoolsPageTest" name="CollegeUniversitiesTest" time="0.000">
    <skipped/>
  </testcase> <!-- CollegeUniversitiesTest -->
  <testcase classname="com.ugapp.testcases.TC_11_MySchoolsPageTest" name="EnterFirstAndLastDateTest" time="0.000">
    <skipped/>
  </testcase> <!-- EnterFirstAndLastDateTest -->
  <testcase classname="com.ugapp.testcases.TC_11_MySchoolsPageTest" name="saveInstitutionTest" time="0.000">
    <skipped/>
  </testcase> <!-- saveInstitutionTest -->
  <testcase classname="com.ugapp.testcases.TC_11_MySchoolsPageTest" name="validateAddSchoolTest" time="0.000">
    <skipped/>
  </testcase> <!-- validateAddSchoolTest -->
  <testcase classname="com.ugapp.testcases.TC_11_MySchoolsPageTest" name="PreviousCollegeEligibilityTest" time="0.000">
    <skipped/>
  </testcase> <!-- PreviousCollegeEligibilityTest -->
  <testcase classname="com.ugapp.testcases.TC_11_MySchoolsPageTest" name="HaveAttendedOrAttendingCollegeAndUniversitiesNoTest" time="0.000">
    <skipped/>
  </testcase> <!-- HaveAttendedOrAttendingCollegeAndUniversitiesNoTest -->
  <testcase classname="com.ugapp.testcases.TC_11_MySchoolsPageTest" name="TranscriptPolicyTest" time="0.000">
    <skipped/>
  </testcase> <!-- TranscriptPolicyTest -->
  <testcase classname="com.ugapp.testcases.TC_11_MySchoolsPageTest" name="TranscriptPolicyTest" time="0.000">
    <skipped/>
  </testcase> <!-- TranscriptPolicyTest -->
  <testcase classname="com.ugapp.testcases.TC_11_MySchoolsPageTest" name="SaveThePageTest" time="0.000">
    <skipped/>
  </testcase> <!-- SaveThePageTest -->
  <testcase classname="com.ugapp.testcases.TC_11_MySchoolsPageTest" name="SaveThePageTest" time="0.000">
    <skipped/>
  </testcase> <!-- SaveThePageTest -->
</testsuite> <!-- com.ugapp.testcases.TC_11_MySchoolsPageTest -->
