<?xml version="1.0" encoding="UTF-8"?>
<!-- Generated by org.testng.reporters.JUnitReportReporter -->
<testsuite hostname="Admins-MacBook-Pro.local" failures="0" tests="2" name="com.ugapp.testcases.TC_04_CreateAccountTest" time="14.501" errors="0" timestamp="2024-02-02T15:26:55 IST" skipped="0">
  <testcase classname="com.ugapp.testcases.TC_04_CreateAccountTest" name="verifyCreateAcc" time="6.202"/>
  <testcase classname="com.ugapp.testcases.TC_04_CreateAccountTest" name="CreateRandomAccTest" time="8.299"/>
</testsuite> <!-- com.ugapp.testcases.TC_04_CreateAccountTest -->
