<?xml version="1.0" encoding="UTF-8"?>
<!-- Generated by org.testng.reporters.JUnitReportReporter -->
<testsuite hostname="Admins-MacBook-Pro.local" failures="0" tests="1" name="com.ugapp.testcases.TC_05_VerifyEmailTest" time="21.358" errors="0" timestamp="09 Oct 2023 10:29:28 GMT" skipped="0">
  <testcase classname="com.ugapp.testcases.TC_05_VerifyEmailTest" name="verifyEmail" time="21.358"/>
</testsuite> <!-- com.ugapp.testcases.TC_05_VerifyEmailTest -->
