<?xml version="1.0" encoding="UTF-8"?>
<!-- Generated by org.testng.reporters.JUnitReportReporter -->
<testsuite hostname="DESKTOP-OB9VDN9" failures="0" tests="5" name="com.ugapp.testcases.TC_07_LogInTest" time="33.194" errors="0" timestamp="19 Oct 2023 10:20:49 GMT" skipped="0">
  <testcase classname="com.ugapp.testcases.TC_07_LogInTest" name="LogInUsingAsurite" time="8.111"/>
  <testcase classname="com.ugapp.testcases.TC_07_LogInTest" name="loginTest" time="8.217"/>
  <testcase classname="com.ugapp.testcases.TC_07_LogInTest" name="loginTest" time="5.315"/>
  <testcase classname="com.ugapp.testcases.TC_07_LogInTest" name="loginTest" time="8.337"/>
  <testcase classname="com.ugapp.testcases.TC_07_LogInTest" name="login" time="3.214"/>
</testsuite> <!-- com.ugapp.testcases.TC_07_LogInTest -->
