<?xml version="1.0" encoding="UTF-8"?>
<!-- Generated by org.testng.reporters.JUnitReportReporter -->
<testsuite hostname="Admins-MBP" failures="0" tests="1" name="com.ugapp.testcases.TC_07_LogInTest" time="3.429" errors="0" timestamp="20 Nov 2023 18:32:33 GMT" skipped="0">
  <testcase classname="com.ugapp.testcases.TC_07_LogInTest" name="login" time="3.429"/>
</testsuite> <!-- com.ugapp.testcases.TC_07_LogInTest -->
