<?xml version="1.0" encoding="UTF-8"?>
<!-- Generated by org.testng.reporters.JUnitReportReporter -->
<testsuite hostname="DESKTOP-OB9VDN9" failures="0" tests="9" name="com.ugapp.testcases.TC_12_MyHighSchoolGradesTest" time="38.737" errors="1" timestamp="30 Oct 2023 08:27:24 GMT" skipped="0">
  <testcase classname="com.ugapp.testcases.TC_12_MyHighSchoolGradesTest" name="MyHighSchoolGrade" time="1.573"/>
  <testcase classname="com.ugapp.testcases.TC_12_MyHighSchoolGradesTest" name="card" time="1.531"/>
  <testcase classname="com.ugapp.testcases.TC_12_MyHighSchoolGradesTest" name="overAllAcademicsTest" time="5.317"/>
  <testcase classname="com.ugapp.testcases.TC_12_MyHighSchoolGradesTest" name="overAllAcademicsTest" time="5.204"/>
  <testcase classname="com.ugapp.testcases.TC_12_MyHighSchoolGradesTest" name="overAllAcademicsTest" time="5.208"/>
  <testcase classname="com.ugapp.testcases.TC_12_MyHighSchoolGradesTest" name="overAllAcademicsTest" time="5.270"/>
  <testcase classname="com.ugapp.testcases.TC_12_MyHighSchoolGradesTest" name="overAllAcademicsTest" time="5.138"/>
  <testcase classname="com.ugapp.testcases.TC_12_MyHighSchoolGradesTest" name="gpaScaleGradingSystem" time="6.416"/>
  <testcase classname="com.ugapp.testcases.TC_12_MyHighSchoolGradesTest" name="addCourse" time="3.080">
    <error message="element click intercepted: Element &lt;a role=&quot;tab&quot; tabindex=&quot;-1&quot; aria-selected=&quot;false&quot; aria-setsize=&quot;7&quot; aria-posinset=&quot;5&quot; href=&quot;#&quot; target=&quot;_self&quot; class=&quot;nav-link tab-title-link-class&quot; id=&quot;__BVID__928___BV_tab_button__&quot; aria-controls=&quot;__BVID__928&quot;&gt;...&lt;/a&gt; is not clickable at point (792, 863). Other element would receive the click: &lt;p data-v-711bcb8f=&quot;&quot; id=&quot;stepper-tooltip-target-5&quot; class=&quot;stepper-index text-center text-dark-1 font-weight-bold mb-0&quot;&gt;...&lt;/p&gt;
  (Session info: chrome=118.0.5993.118)
Build info: version: &#039;4.10.0&#039;, revision: &#039;c14d967899&#039;
System info: os.name: &#039;Windows 10&#039;, os.arch: &#039;amd64&#039;, os.version: &#039;10.0&#039;, java.version: &#039;20.0.1&#039;
Driver info: org.openqa.selenium.chrome.ChromeDriver
Command: [9e348201ad2bd2111f9fab3b5d762560, clickElement {id=7B6A86A70FBB4FFF930CC5765B9EE87D_element_402}]
Capabilities {acceptInsecureCerts: false, browserName: chrome, browserVersion: 118.0.5993.118, chrome: {chromedriverVersion: 118.0.5993.70 (e52f33f30b91...}, fedcm:accounts: true, goog:chromeOptions: {debuggerAddress: localhost:62279}, pageLoadStrategy: normal, platformName: any, proxy: Proxy(), se:cdp: ws://localhost:62279/devtoo..., se:cdpVersion: 118.0.5993.118, setWindowRect: false, strictFileInteractability: false, timeouts: {implicit: 0, pageLoad: 300000, script: 30000}, unhandledPromptBehavior: dismiss and notify, webauthn:extension:credBlob: true, webauthn:extension:largeBlob: true, webauthn:extension:minPinLength: true, webauthn:extension:prf: true, webauthn:virtualAuthenticators: true}
Element: [[ChromeDriver: chrome on any (9e348201ad2bd2111f9fab3b5d762560)] -&gt; xpath: (//ul[@role=&#039;tablist&#039;]//a)[5]]
Session ID: 9e348201ad2bd2111f9fab3b5d762560" type="org.openqa.selenium.ElementClickInterceptedException">
      <![CDATA[org.openqa.selenium.ElementClickInterceptedException: element click intercepted: Element <a role="tab" tabindex="-1" aria-selected="false" aria-setsize="7" aria-posinset="5" href="#" target="_self" class="nav-link tab-title-link-class" id="__BVID__928___BV_tab_button__" aria-controls="__BVID__928">...</a> is not clickable at point (792, 863). Other element would receive the click: <p data-v-711bcb8f="" id="stepper-tooltip-target-5" class="stepper-index text-center text-dark-1 font-weight-bold mb-0">...</p>
  (Session info: chrome=118.0.5993.118)
Build info: version: '4.10.0', revision: 'c14d967899'
System info: os.name: 'Windows 10', os.arch: 'amd64', os.version: '10.0', java.version: '20.0.1'
Driver info: org.openqa.selenium.chrome.ChromeDriver
Command: [9e348201ad2bd2111f9fab3b5d762560, clickElement {id=7B6A86A70FBB4FFF930CC5765B9EE87D_element_402}]
Capabilities {acceptInsecureCerts: false, browserName: chrome, browserVersion: 118.0.5993.118, chrome: {chromedriverVersion: 118.0.5993.70 (e52f33f30b91...}, fedcm:accounts: true, goog:chromeOptions: {debuggerAddress: localhost:62279}, pageLoadStrategy: normal, platformName: any, proxy: Proxy(), se:cdp: ws://localhost:62279/devtoo..., se:cdpVersion: 118.0.5993.118, setWindowRect: false, strictFileInteractability: false, timeouts: {implicit: 0, pageLoad: 300000, script: 30000}, unhandledPromptBehavior: dismiss and notify, webauthn:extension:credBlob: true, webauthn:extension:largeBlob: true, webauthn:extension:minPinLength: true, webauthn:extension:prf: true, webauthn:virtualAuthenticators: true}
Element: [[ChromeDriver: chrome on any (9e348201ad2bd2111f9fab3b5d762560)] -> xpath: (//ul[@role='tablist']//a)[5]]
Session ID: 9e348201ad2bd2111f9fab3b5d762560
	at java.base/jdk.internal.reflect.DirectConstructorHandleAccessor.newInstance(DirectConstructorHandleAccessor.java:67)
	at java.base/java.lang.reflect.Constructor.newInstanceWithCaller(Constructor.java:500)
	at java.base/java.lang.reflect.Constructor.newInstance(Constructor.java:484)
	at org.openqa.selenium.remote.codec.w3c.W3CHttpResponseCodec.createException(W3CHttpResponseCodec.java:199)
	at org.openqa.selenium.remote.codec.w3c.W3CHttpResponseCodec.decode(W3CHttpResponseCodec.java:132)
	at org.openqa.selenium.remote.codec.w3c.W3CHttpResponseCodec.decode(W3CHttpResponseCodec.java:51)
	at org.openqa.selenium.remote.HttpCommandExecutor.execute(HttpCommandExecutor.java:191)
	at org.openqa.selenium.remote.service.DriverCommandExecutor.invokeExecute(DriverCommandExecutor.java:196)
	at org.openqa.selenium.remote.service.DriverCommandExecutor.execute(DriverCommandExecutor.java:171)
	at org.openqa.selenium.remote.RemoteWebDriver.execute(RemoteWebDriver.java:531)
	at org.openqa.selenium.remote.RemoteWebElement.execute(RemoteWebElement.java:242)
	at org.openqa.selenium.remote.RemoteWebElement.click(RemoteWebElement.java:77)
	at com.ugapp.pages.MyHighSchoolGradesPage.subjectTabs(MyHighSchoolGradesPage.java:359)
	at com.ugapp.testcases.TC_12_MyHighSchoolGradesTest.addCourse(TC_12_MyHighSchoolGradesTest.java:73)
	at java.base/jdk.internal.reflect.DirectMethodHandleAccessor.invoke(DirectMethodHandleAccessor.java:104)
	at java.base/java.lang.reflect.Method.invoke(Method.java:578)
	at org.testng.internal.MethodInvocationHelper.invokeMethod(MethodInvocationHelper.java:108)
	at org.testng.internal.Invoker.invokeMethod(Invoker.java:661)
	at org.testng.internal.Invoker.invokeTestMethod(Invoker.java:869)
	at org.testng.internal.Invoker.invokeTestMethods(Invoker.java:1193)
	at org.testng.internal.TestMethodWorker.invokeTestMethods(TestMethodWorker.java:126)
	at org.testng.internal.TestMethodWorker.run(TestMethodWorker.java:109)
	at org.testng.TestRunner.privateRun(TestRunner.java:744)
	at org.testng.TestRunner.run(TestRunner.java:602)
	at org.testng.SuiteRunner.runTest(SuiteRunner.java:380)
	at org.testng.SuiteRunner.runSequentially(SuiteRunner.java:375)
	at org.testng.SuiteRunner.privateRun(SuiteRunner.java:340)
	at org.testng.SuiteRunner.run(SuiteRunner.java:289)
	at org.testng.SuiteRunnerWorker.runSuite(SuiteRunnerWorker.java:52)
	at org.testng.SuiteRunnerWorker.run(SuiteRunnerWorker.java:86)
	at org.testng.TestNG.runSuitesSequentially(TestNG.java:1301)
	at org.testng.TestNG.runSuitesLocally(TestNG.java:1226)
	at org.testng.TestNG.runSuites(TestNG.java:1144)
	at org.testng.TestNG.run(TestNG.java:1115)
	at org.testng.remote.AbstractRemoteTestNG.run(AbstractRemoteTestNG.java:115)
	at org.testng.remote.RemoteTestNG.initAndRun(RemoteTestNG.java:251)
	at org.testng.remote.RemoteTestNG.main(RemoteTestNG.java:77)
]]>
    </error>
  </testcase> <!-- addCourse -->
</testsuite> <!-- com.ugapp.testcases.TC_12_MyHighSchoolGradesTest -->
