<?xml version="1.0" encoding="UTF-8"?>
<!-- Generated by org.testng.reporters.JUnitReportReporter -->
<testsuite hostname="Admins-MacBook-Pro.local" failures="0" tests="4" name="com.ugapp.testcases.TC_04_CreateAccountTest" time="32.861" errors="0" timestamp="17 Nov 2023 06:18:08 GMT" skipped="0">
  <testcase classname="com.ugapp.testcases.TC_04_CreateAccountTest" name="createAccountTest" time="6.458"/>
  <testcase classname="com.ugapp.testcases.TC_04_CreateAccountTest" name="createAccountTest" time="12.467"/>
  <testcase classname="com.ugapp.testcases.TC_04_CreateAccountTest" name="createAccountTest" time="7.682"/>
  <testcase classname="com.ugapp.testcases.TC_04_CreateAccountTest" name="createAccountTest" time="6.254"/>
</testsuite> <!-- com.ugapp.testcases.TC_04_CreateAccountTest -->
