<?xml version="1.0" encoding="UTF-8"?>
<!-- Generated by org.testng.reporters.JUnitReportReporter -->
<testsuite ignored="201" hostname="Admins-MacBook-Pro.local" failures="0" tests="17" name="com.ugapp.testcases.TC_11_MySchoolsPageTest" time="44.614" errors="14" timestamp="30 Jan 2024 14:06:05 GMT" skipped="0">
  <testcase classname="com.ugapp.testcases.TC_11_MySchoolsPageTest" name="EnterFirstAndLastDateTest" time="0.027">
    <error message="no such element: Unable to locate element: {&quot;method&quot;:&quot;css selector&quot;,&quot;selector&quot;:&quot;#institute_first_date_month&quot;}
  (Session info: MicrosoftEdge=121.0.2277.83)
For documentation on this error, please visit: https://www.selenium.dev/documentation/webdriver/troubleshooting/errors#no-such-element-exception
Build info: version: &#039;4.17.0&#039;, revision: &#039;e52b1be057*&#039;
System info: os.name: &#039;Mac OS X&#039;, os.arch: &#039;x86_64&#039;, os.version: &#039;12.7.2&#039;, java.version: &#039;20.0.2&#039;
Driver info: org.openqa.selenium.edge.EdgeDriver
Command: [a940ef28248ebf545bad342c516c683f, findElement {using=id, value=institute_first_date_month}]
Capabilities {acceptInsecureCerts: false, browserName: MicrosoftEdge, browserVersion: 121.0.2277.83, fedcm:accounts: true, ms:edgeOptions: {debuggerAddress: localhost:58016}, msedge: {msedgedriverVersion: 121.0.2277.83 (ff4586e3b035..., userDataDir: /var/folders/5m/4nc0x2kn289...}, networkConnectionEnabled: false, pageLoadStrategy: normal, platformName: mac, proxy: Proxy(), se:cdp: ws://localhost:58016/devtoo..., se:cdpVersion: 121.0.2277.83, setWindowRect: true, strictFileInteractability: false, timeouts: {implicit: 0, pageLoad: 300000, script: 30000}, unhandledPromptBehavior: dismiss and notify, webauthn:extension:credBlob: true, webauthn:extension:largeBlob: true, webauthn:extension:minPinLength: true, webauthn:extension:prf: true, webauthn:virtualAuthenticators: true}
Session ID: a940ef28248ebf545bad342c516c683f" type="org.openqa.selenium.NoSuchElementException">
      <![CDATA[org.openqa.selenium.NoSuchElementException: no such element: Unable to locate element: {"method":"css selector","selector":"#institute_first_date_month"}
  (Session info: MicrosoftEdge=121.0.2277.83)
For documentation on this error, please visit: https://www.selenium.dev/documentation/webdriver/troubleshooting/errors#no-such-element-exception
Build info: version: '4.17.0', revision: 'e52b1be057*'
System info: os.name: 'Mac OS X', os.arch: 'x86_64', os.version: '12.7.2', java.version: '20.0.2'
Driver info: org.openqa.selenium.edge.EdgeDriver
Command: [a940ef28248ebf545bad342c516c683f, findElement {using=id, value=institute_first_date_month}]
Capabilities {acceptInsecureCerts: false, browserName: MicrosoftEdge, browserVersion: 121.0.2277.83, fedcm:accounts: true, ms:edgeOptions: {debuggerAddress: localhost:58016}, msedge: {msedgedriverVersion: 121.0.2277.83 (ff4586e3b035..., userDataDir: /var/folders/5m/4nc0x2kn289...}, networkConnectionEnabled: false, pageLoadStrategy: normal, platformName: mac, proxy: Proxy(), se:cdp: ws://localhost:58016/devtoo..., se:cdpVersion: 121.0.2277.83, setWindowRect: true, strictFileInteractability: false, timeouts: {implicit: 0, pageLoad: 300000, script: 30000}, unhandledPromptBehavior: dismiss and notify, webauthn:extension:credBlob: true, webauthn:extension:largeBlob: true, webauthn:extension:minPinLength: true, webauthn:extension:prf: true, webauthn:virtualAuthenticators: true}
Session ID: a940ef28248ebf545bad342c516c683f
	at java.base/jdk.internal.reflect.DirectConstructorHandleAccessor.newInstance(DirectConstructorHandleAccessor.java:67)
	at java.base/java.lang.reflect.Constructor.newInstanceWithCaller(Constructor.java:500)
	at java.base/java.lang.reflect.Constructor.newInstance(Constructor.java:484)
	at org.openqa.selenium.remote.codec.w3c.W3CHttpResponseCodec.createException(W3CHttpResponseCodec.java:185)
	at org.openqa.selenium.remote.codec.w3c.W3CHttpResponseCodec.decode(W3CHttpResponseCodec.java:134)
	at org.openqa.selenium.remote.codec.w3c.W3CHttpResponseCodec.decode(W3CHttpResponseCodec.java:51)
	at org.openqa.selenium.remote.HttpCommandExecutor.execute(HttpCommandExecutor.java:190)
	at org.openqa.selenium.remote.service.DriverCommandExecutor.invokeExecute(DriverCommandExecutor.java:216)
	at org.openqa.selenium.remote.service.DriverCommandExecutor.execute(DriverCommandExecutor.java:174)
	at org.openqa.selenium.remote.RemoteWebDriver.execute(RemoteWebDriver.java:519)
	at org.openqa.selenium.remote.ElementLocation$ElementFinder$2.findElement(ElementLocation.java:165)
	at org.openqa.selenium.remote.ElementLocation.findElement(ElementLocation.java:59)
	at org.openqa.selenium.remote.RemoteWebDriver.findElement(RemoteWebDriver.java:356)
	at org.openqa.selenium.remote.RemoteWebDriver.findElement(RemoteWebDriver.java:350)
	at com.ugapp.base.Page.findElement(Page.java:164)
	at com.ugapp.pages.MySchoolsPage.EnterFirstAndLastDate(MySchoolsPage.java:1704)
	at com.ugapp.testcases.TC_11_MySchoolsPageTest.EnterFirstAndLastDateTest(TC_11_MySchoolsPageTest.java:169)
	at java.base/jdk.internal.reflect.DirectMethodHandleAccessor.invoke(DirectMethodHandleAccessor.java:104)
	at java.base/java.lang.reflect.Method.invoke(Method.java:578)
	at org.testng.internal.MethodInvocationHelper.invokeMethod(MethodInvocationHelper.java:104)
	at org.testng.internal.Invoker.invokeMethod(Invoker.java:645)
	at org.testng.internal.Invoker.invokeTestMethod(Invoker.java:851)
	at org.testng.internal.Invoker.invokeTestMethods(Invoker.java:1177)
	at org.testng.internal.TestMethodWorker.invokeTestMethods(TestMethodWorker.java:129)
	at org.testng.internal.TestMethodWorker.run(TestMethodWorker.java:112)
	at org.testng.TestRunner.privateRun(TestRunner.java:756)
	at org.testng.TestRunner.run(TestRunner.java:610)
	at org.testng.SuiteRunner.runTest(SuiteRunner.java:387)
	at org.testng.SuiteRunner.access$000(SuiteRunner.java:39)
	at org.testng.SuiteRunner$SuiteWorker.run(SuiteRunner.java:421)
	at org.testng.internal.thread.ThreadUtil$2.call(ThreadUtil.java:64)
	at java.base/java.util.concurrent.FutureTask.run(FutureTask.java:317)
	at java.base/java.util.concurrent.ThreadPoolExecutor.runWorker(ThreadPoolExecutor.java:1144)
	at java.base/java.util.concurrent.ThreadPoolExecutor$Worker.run(ThreadPoolExecutor.java:642)
	at java.base/java.lang.Thread.run(Thread.java:1623)
]]>
    </error>
  </testcase> <!-- EnterFirstAndLastDateTest -->
  <testcase classname="com.ugapp.testcases.TC_11_MySchoolsPageTest" name="TranscriptPolicyTest" time="5.105"/>
  <testcase classname="com.ugapp.testcases.TC_11_MySchoolsPageTest" name="SaveThePageTest" time="2.193">
    <error message="element click intercepted: Element &lt;button data-v-c23883f1=&quot;&quot; data-cy=&quot;my-info-parent-legal-guardian-form-save-button&quot; class=&quot;btn btn-dark-3 text-white&quot;&gt;...&lt;/button&gt; is not clickable at point (195, 514). Other element would receive the click: &lt;div data-v-711bcb8f=&quot;&quot; class=&quot;d-flex pt-space-sm pb-space-md py-lg-space-md justify-content-between align-items-center&quot;&gt;...&lt;/div&gt;
  (Session info: MicrosoftEdge=121.0.2277.83)
Build info: version: &#039;4.17.0&#039;, revision: &#039;e52b1be057*&#039;
System info: os.name: &#039;Mac OS X&#039;, os.arch: &#039;x86_64&#039;, os.version: &#039;12.7.2&#039;, java.version: &#039;20.0.2&#039;
Driver info: org.openqa.selenium.edge.EdgeDriver
Command: [a940ef28248ebf545bad342c516c683f, clickElement {id=3F156F2E11C2C2621998D616933093F0_element_875}]
Capabilities {acceptInsecureCerts: false, browserName: MicrosoftEdge, browserVersion: 121.0.2277.83, fedcm:accounts: true, ms:edgeOptions: {debuggerAddress: localhost:58016}, msedge: {msedgedriverVersion: 121.0.2277.83 (ff4586e3b035..., userDataDir: /var/folders/5m/4nc0x2kn289...}, networkConnectionEnabled: false, pageLoadStrategy: normal, platformName: mac, proxy: Proxy(), se:cdp: ws://localhost:58016/devtoo..., se:cdpVersion: 121.0.2277.83, setWindowRect: true, strictFileInteractability: false, timeouts: {implicit: 0, pageLoad: 300000, script: 30000}, unhandledPromptBehavior: dismiss and notify, webauthn:extension:credBlob: true, webauthn:extension:largeBlob: true, webauthn:extension:minPinLength: true, webauthn:extension:prf: true, webauthn:virtualAuthenticators: true}
Element: [[EdgeDriver: MicrosoftEdge on mac (a940ef28248ebf545bad342c516c683f)] -&gt; xpath: //button[.=&#039; Save &#039;]]
Session ID: a940ef28248ebf545bad342c516c683f" type="org.openqa.selenium.ElementClickInterceptedException">
      <![CDATA[org.openqa.selenium.ElementClickInterceptedException: element click intercepted: Element <button data-v-c23883f1="" data-cy="my-info-parent-legal-guardian-form-save-button" class="btn btn-dark-3 text-white">...</button> is not clickable at point (195, 514). Other element would receive the click: <div data-v-711bcb8f="" class="d-flex pt-space-sm pb-space-md py-lg-space-md justify-content-between align-items-center">...</div>
  (Session info: MicrosoftEdge=121.0.2277.83)
Build info: version: '4.17.0', revision: 'e52b1be057*'
System info: os.name: 'Mac OS X', os.arch: 'x86_64', os.version: '12.7.2', java.version: '20.0.2'
Driver info: org.openqa.selenium.edge.EdgeDriver
Command: [a940ef28248ebf545bad342c516c683f, clickElement {id=3F156F2E11C2C2621998D616933093F0_element_875}]
Capabilities {acceptInsecureCerts: false, browserName: MicrosoftEdge, browserVersion: 121.0.2277.83, fedcm:accounts: true, ms:edgeOptions: {debuggerAddress: localhost:58016}, msedge: {msedgedriverVersion: 121.0.2277.83 (ff4586e3b035..., userDataDir: /var/folders/5m/4nc0x2kn289...}, networkConnectionEnabled: false, pageLoadStrategy: normal, platformName: mac, proxy: Proxy(), se:cdp: ws://localhost:58016/devtoo..., se:cdpVersion: 121.0.2277.83, setWindowRect: true, strictFileInteractability: false, timeouts: {implicit: 0, pageLoad: 300000, script: 30000}, unhandledPromptBehavior: dismiss and notify, webauthn:extension:credBlob: true, webauthn:extension:largeBlob: true, webauthn:extension:minPinLength: true, webauthn:extension:prf: true, webauthn:virtualAuthenticators: true}
Element: [[EdgeDriver: MicrosoftEdge on mac (a940ef28248ebf545bad342c516c683f)] -> xpath: //button[.=' Save ']]
Session ID: a940ef28248ebf545bad342c516c683f
	at java.base/jdk.internal.reflect.DirectConstructorHandleAccessor.newInstance(DirectConstructorHandleAccessor.java:67)
	at java.base/java.lang.reflect.Constructor.newInstanceWithCaller(Constructor.java:500)
	at java.base/java.lang.reflect.Constructor.newInstance(Constructor.java:484)
	at org.openqa.selenium.remote.codec.w3c.W3CHttpResponseCodec.createException(W3CHttpResponseCodec.java:185)
	at org.openqa.selenium.remote.codec.w3c.W3CHttpResponseCodec.decode(W3CHttpResponseCodec.java:134)
	at org.openqa.selenium.remote.codec.w3c.W3CHttpResponseCodec.decode(W3CHttpResponseCodec.java:51)
	at org.openqa.selenium.remote.HttpCommandExecutor.execute(HttpCommandExecutor.java:190)
	at org.openqa.selenium.remote.service.DriverCommandExecutor.invokeExecute(DriverCommandExecutor.java:216)
	at org.openqa.selenium.remote.service.DriverCommandExecutor.execute(DriverCommandExecutor.java:174)
	at org.openqa.selenium.remote.RemoteWebDriver.execute(RemoteWebDriver.java:519)
	at org.openqa.selenium.remote.RemoteWebElement.execute(RemoteWebElement.java:223)
	at org.openqa.selenium.remote.RemoteWebElement.click(RemoteWebElement.java:76)
	at com.ugapp.pages.MySchoolsPage.SaveThePage(MySchoolsPage.java:3010)
	at com.ugapp.testcases.TC_11_MySchoolsPageTest.SaveThePageTest(TC_11_MySchoolsPageTest.java:213)
	at java.base/jdk.internal.reflect.DirectMethodHandleAccessor.invoke(DirectMethodHandleAccessor.java:104)
	at java.base/java.lang.reflect.Method.invoke(Method.java:578)
	at org.testng.internal.MethodInvocationHelper.invokeMethod(MethodInvocationHelper.java:104)
	at org.testng.internal.Invoker.invokeMethod(Invoker.java:645)
	at org.testng.internal.Invoker.invokeTestMethod(Invoker.java:851)
	at org.testng.internal.Invoker.invokeTestMethods(Invoker.java:1177)
	at org.testng.internal.TestMethodWorker.invokeTestMethods(TestMethodWorker.java:129)
	at org.testng.internal.TestMethodWorker.run(TestMethodWorker.java:112)
	at org.testng.TestRunner.privateRun(TestRunner.java:756)
	at org.testng.TestRunner.run(TestRunner.java:610)
	at org.testng.SuiteRunner.runTest(SuiteRunner.java:387)
	at org.testng.SuiteRunner.access$000(SuiteRunner.java:39)
	at org.testng.SuiteRunner$SuiteWorker.run(SuiteRunner.java:421)
	at org.testng.internal.thread.ThreadUtil$2.call(ThreadUtil.java:64)
	at java.base/java.util.concurrent.FutureTask.run(FutureTask.java:317)
	at java.base/java.util.concurrent.ThreadPoolExecutor.runWorker(ThreadPoolExecutor.java:1144)
	at java.base/java.util.concurrent.ThreadPoolExecutor$Worker.run(ThreadPoolExecutor.java:642)
	at java.base/java.lang.Thread.run(Thread.java:1623)
]]>
    </error>
  </testcase> <!-- SaveThePageTest -->
  <testcase classname="com.ugapp.testcases.TC_11_MySchoolsPageTest" name="CollegeUniversitiesTest" time="0.002">
    <error message="malformed input off : 13, length : 1" type="java.lang.IllegalArgumentException">
      <![CDATA[java.lang.IllegalArgumentException: malformed input off : 13, length : 1
	at java.base/java.lang.String.throwMalformed(String.java:1260)
	at java.base/java.lang.String.decodeUTF8_UTF16(String.java:1173)
	at java.base/java.lang.String.newStringUTF8NoRepl(String.java:749)
	at java.base/java.lang.System$2.newStringUTF8NoRepl(System.java:2473)
	at java.base/java.util.zip.ZipCoder$UTF8ZipCoder.toString(ZipCoder.java:199)
	at java.base/java.util.zip.ZipCoder.toStringUTF8(ZipCoder.java:90)
	at java.base/java.util.zip.ZipInputStream.readLOC(ZipInputStream.java:515)
	at java.base/java.util.zip.ZipInputStream.getNextEntry(ZipInputStream.java:153)
	at org.apache.poi.openxml4j.util.ZipInputStreamZipEntrySource.<init>(ZipInputStreamZipEntrySource.java:51)
	at org.apache.poi.openxml4j.opc.ZipPackage.<init>(ZipPackage.java:82)
	at org.apache.poi.openxml4j.opc.OPCPackage.open(OPCPackage.java:220)
	at org.apache.poi.ss.usermodel.WorkbookFactory.create(WorkbookFactory.java:63)
	at com.ugapp.base.Page.initializeWriteExcelSheets(Page.java:488)
	at com.ugapp.pages.MySchoolsPage.CollegeUniversities(MySchoolsPage.java:1375)
	at com.ugapp.testcases.TC_11_MySchoolsPageTest.CollegeUniversitiesTest(TC_11_MySchoolsPageTest.java:158)
	at java.base/jdk.internal.reflect.DirectMethodHandleAccessor.invoke(DirectMethodHandleAccessor.java:104)
	at java.base/java.lang.reflect.Method.invoke(Method.java:578)
	at org.testng.internal.MethodInvocationHelper.invokeMethod(MethodInvocationHelper.java:104)
	at org.testng.internal.Invoker.invokeMethod(Invoker.java:645)
	at org.testng.internal.Invoker.invokeTestMethod(Invoker.java:851)
	at org.testng.internal.Invoker.invokeTestMethods(Invoker.java:1177)
	at org.testng.internal.TestMethodWorker.invokeTestMethods(TestMethodWorker.java:129)
	at org.testng.internal.TestMethodWorker.run(TestMethodWorker.java:112)
	at org.testng.TestRunner.privateRun(TestRunner.java:756)
	at org.testng.TestRunner.run(TestRunner.java:610)
	at org.testng.SuiteRunner.runTest(SuiteRunner.java:387)
	at org.testng.SuiteRunner.access$000(SuiteRunner.java:39)
	at org.testng.SuiteRunner$SuiteWorker.run(SuiteRunner.java:421)
	at org.testng.internal.thread.ThreadUtil$2.call(ThreadUtil.java:64)
	at java.base/java.util.concurrent.FutureTask.run(FutureTask.java:317)
	at java.base/java.util.concurrent.ThreadPoolExecutor.runWorker(ThreadPoolExecutor.java:1144)
	at java.base/java.util.concurrent.ThreadPoolExecutor$Worker.run(ThreadPoolExecutor.java:642)
	at java.base/java.lang.Thread.run(Thread.java:1623)
Caused by: java.nio.charset.MalformedInputException: Input length = 1
	... 33 more
]]>
    </error>
  </testcase> <!-- CollegeUniversitiesTest -->
  <testcase classname="com.ugapp.testcases.TC_11_MySchoolsPageTest" name="TranscriptPolicyTest" time="0.016">
    <error message="no such element: Unable to locate element: {&quot;method&quot;:&quot;xpath&quot;,&quot;selector&quot;:&quot;//h3[.=&#039; Transcript policy &#039;]&quot;}
  (Session info: MicrosoftEdge=121.0.2277.83)
For documentation on this error, please visit: https://www.selenium.dev/documentation/webdriver/troubleshooting/errors#no-such-element-exception
Build info: version: &#039;4.17.0&#039;, revision: &#039;e52b1be057*&#039;
System info: os.name: &#039;Mac OS X&#039;, os.arch: &#039;x86_64&#039;, os.version: &#039;12.7.2&#039;, java.version: &#039;20.0.2&#039;
Driver info: org.openqa.selenium.edge.EdgeDriver
Command: [a940ef28248ebf545bad342c516c683f, findElement {using=xpath, value=//h3[.=&#039; Transcript policy &#039;]}]
Capabilities {acceptInsecureCerts: false, browserName: MicrosoftEdge, browserVersion: 121.0.2277.83, fedcm:accounts: true, ms:edgeOptions: {debuggerAddress: localhost:58016}, msedge: {msedgedriverVersion: 121.0.2277.83 (ff4586e3b035..., userDataDir: /var/folders/5m/4nc0x2kn289...}, networkConnectionEnabled: false, pageLoadStrategy: normal, platformName: mac, proxy: Proxy(), se:cdp: ws://localhost:58016/devtoo..., se:cdpVersion: 121.0.2277.83, setWindowRect: true, strictFileInteractability: false, timeouts: {implicit: 0, pageLoad: 300000, script: 30000}, unhandledPromptBehavior: dismiss and notify, webauthn:extension:credBlob: true, webauthn:extension:largeBlob: true, webauthn:extension:minPinLength: true, webauthn:extension:prf: true, webauthn:virtualAuthenticators: true}
Session ID: a940ef28248ebf545bad342c516c683f" type="org.openqa.selenium.NoSuchElementException">
      <![CDATA[org.openqa.selenium.NoSuchElementException: no such element: Unable to locate element: {"method":"xpath","selector":"//h3[.=' Transcript policy ']"}
  (Session info: MicrosoftEdge=121.0.2277.83)
For documentation on this error, please visit: https://www.selenium.dev/documentation/webdriver/troubleshooting/errors#no-such-element-exception
Build info: version: '4.17.0', revision: 'e52b1be057*'
System info: os.name: 'Mac OS X', os.arch: 'x86_64', os.version: '12.7.2', java.version: '20.0.2'
Driver info: org.openqa.selenium.edge.EdgeDriver
Command: [a940ef28248ebf545bad342c516c683f, findElement {using=xpath, value=//h3[.=' Transcript policy ']}]
Capabilities {acceptInsecureCerts: false, browserName: MicrosoftEdge, browserVersion: 121.0.2277.83, fedcm:accounts: true, ms:edgeOptions: {debuggerAddress: localhost:58016}, msedge: {msedgedriverVersion: 121.0.2277.83 (ff4586e3b035..., userDataDir: /var/folders/5m/4nc0x2kn289...}, networkConnectionEnabled: false, pageLoadStrategy: normal, platformName: mac, proxy: Proxy(), se:cdp: ws://localhost:58016/devtoo..., se:cdpVersion: 121.0.2277.83, setWindowRect: true, strictFileInteractability: false, timeouts: {implicit: 0, pageLoad: 300000, script: 30000}, unhandledPromptBehavior: dismiss and notify, webauthn:extension:credBlob: true, webauthn:extension:largeBlob: true, webauthn:extension:minPinLength: true, webauthn:extension:prf: true, webauthn:virtualAuthenticators: true}
Session ID: a940ef28248ebf545bad342c516c683f
	at java.base/jdk.internal.reflect.DirectConstructorHandleAccessor.newInstance(DirectConstructorHandleAccessor.java:67)
	at java.base/java.lang.reflect.Constructor.newInstanceWithCaller(Constructor.java:500)
	at java.base/java.lang.reflect.Constructor.newInstance(Constructor.java:484)
	at org.openqa.selenium.remote.codec.w3c.W3CHttpResponseCodec.createException(W3CHttpResponseCodec.java:185)
	at org.openqa.selenium.remote.codec.w3c.W3CHttpResponseCodec.decode(W3CHttpResponseCodec.java:134)
	at org.openqa.selenium.remote.codec.w3c.W3CHttpResponseCodec.decode(W3CHttpResponseCodec.java:51)
	at org.openqa.selenium.remote.HttpCommandExecutor.execute(HttpCommandExecutor.java:190)
	at org.openqa.selenium.remote.service.DriverCommandExecutor.invokeExecute(DriverCommandExecutor.java:216)
	at org.openqa.selenium.remote.service.DriverCommandExecutor.execute(DriverCommandExecutor.java:174)
	at org.openqa.selenium.remote.RemoteWebDriver.execute(RemoteWebDriver.java:519)
	at org.openqa.selenium.remote.ElementLocation$ElementFinder$2.findElement(ElementLocation.java:165)
	at org.openqa.selenium.remote.ElementLocation.findElement(ElementLocation.java:59)
	at org.openqa.selenium.remote.RemoteWebDriver.findElement(RemoteWebDriver.java:356)
	at org.openqa.selenium.remote.RemoteWebDriver.findElement(RemoteWebDriver.java:350)
	at com.ugapp.pages.MySchoolsPage.TranscriptPolicy(MySchoolsPage.java:2976)
	at com.ugapp.testcases.TC_11_MySchoolsPageTest.TranscriptPolicyTest(TC_11_MySchoolsPageTest.java:206)
	at java.base/jdk.internal.reflect.DirectMethodHandleAccessor.invoke(DirectMethodHandleAccessor.java:104)
	at java.base/java.lang.reflect.Method.invoke(Method.java:578)
	at org.testng.internal.MethodInvocationHelper.invokeMethod(MethodInvocationHelper.java:104)
	at org.testng.internal.Invoker.invokeMethod(Invoker.java:645)
	at org.testng.internal.Invoker.invokeTestMethod(Invoker.java:851)
	at org.testng.internal.Invoker.invokeTestMethods(Invoker.java:1177)
	at org.testng.internal.TestMethodWorker.invokeTestMethods(TestMethodWorker.java:129)
	at org.testng.internal.TestMethodWorker.run(TestMethodWorker.java:112)
	at org.testng.TestRunner.privateRun(TestRunner.java:756)
	at org.testng.TestRunner.run(TestRunner.java:610)
	at org.testng.SuiteRunner.runTest(SuiteRunner.java:387)
	at org.testng.SuiteRunner.access$000(SuiteRunner.java:39)
	at org.testng.SuiteRunner$SuiteWorker.run(SuiteRunner.java:421)
	at org.testng.internal.thread.ThreadUtil$2.call(ThreadUtil.java:64)
	at java.base/java.util.concurrent.FutureTask.run(FutureTask.java:317)
	at java.base/java.util.concurrent.ThreadPoolExecutor.runWorker(ThreadPoolExecutor.java:1144)
	at java.base/java.util.concurrent.ThreadPoolExecutor$Worker.run(ThreadPoolExecutor.java:642)
	at java.base/java.lang.Thread.run(Thread.java:1623)
]]>
    </error>
  </testcase> <!-- TranscriptPolicyTest -->
  <testcase classname="com.ugapp.testcases.TC_11_MySchoolsPageTest" name="validateMySchoolsPage" time="3.932"/>
  <testcase classname="com.ugapp.testcases.TC_11_MySchoolsPageTest" name="PreviousCollegeEligibilityTest" time="0.048">
    <error message="no such element: Unable to locate element: {&quot;method&quot;:&quot;xpath&quot;,&quot;selector&quot;:&quot;//h3[.=&#039; Previous college eligibility &#039;]&quot;}
  (Session info: MicrosoftEdge=121.0.2277.83)
For documentation on this error, please visit: https://www.selenium.dev/documentation/webdriver/troubleshooting/errors#no-such-element-exception
Build info: version: &#039;4.17.0&#039;, revision: &#039;e52b1be057*&#039;
System info: os.name: &#039;Mac OS X&#039;, os.arch: &#039;x86_64&#039;, os.version: &#039;12.7.2&#039;, java.version: &#039;20.0.2&#039;
Driver info: org.openqa.selenium.edge.EdgeDriver
Command: [a940ef28248ebf545bad342c516c683f, findElement {using=xpath, value=//h3[.=&#039; Previous college eligibility &#039;]}]
Capabilities {acceptInsecureCerts: false, browserName: MicrosoftEdge, browserVersion: 121.0.2277.83, fedcm:accounts: true, ms:edgeOptions: {debuggerAddress: localhost:58016}, msedge: {msedgedriverVersion: 121.0.2277.83 (ff4586e3b035..., userDataDir: /var/folders/5m/4nc0x2kn289...}, networkConnectionEnabled: false, pageLoadStrategy: normal, platformName: mac, proxy: Proxy(), se:cdp: ws://localhost:58016/devtoo..., se:cdpVersion: 121.0.2277.83, setWindowRect: true, strictFileInteractability: false, timeouts: {implicit: 0, pageLoad: 300000, script: 30000}, unhandledPromptBehavior: dismiss and notify, webauthn:extension:credBlob: true, webauthn:extension:largeBlob: true, webauthn:extension:minPinLength: true, webauthn:extension:prf: true, webauthn:virtualAuthenticators: true}
Session ID: a940ef28248ebf545bad342c516c683f" type="org.openqa.selenium.NoSuchElementException">
      <![CDATA[org.openqa.selenium.NoSuchElementException: no such element: Unable to locate element: {"method":"xpath","selector":"//h3[.=' Previous college eligibility ']"}
  (Session info: MicrosoftEdge=121.0.2277.83)
For documentation on this error, please visit: https://www.selenium.dev/documentation/webdriver/troubleshooting/errors#no-such-element-exception
Build info: version: '4.17.0', revision: 'e52b1be057*'
System info: os.name: 'Mac OS X', os.arch: 'x86_64', os.version: '12.7.2', java.version: '20.0.2'
Driver info: org.openqa.selenium.edge.EdgeDriver
Command: [a940ef28248ebf545bad342c516c683f, findElement {using=xpath, value=//h3[.=' Previous college eligibility ']}]
Capabilities {acceptInsecureCerts: false, browserName: MicrosoftEdge, browserVersion: 121.0.2277.83, fedcm:accounts: true, ms:edgeOptions: {debuggerAddress: localhost:58016}, msedge: {msedgedriverVersion: 121.0.2277.83 (ff4586e3b035..., userDataDir: /var/folders/5m/4nc0x2kn289...}, networkConnectionEnabled: false, pageLoadStrategy: normal, platformName: mac, proxy: Proxy(), se:cdp: ws://localhost:58016/devtoo..., se:cdpVersion: 121.0.2277.83, setWindowRect: true, strictFileInteractability: false, timeouts: {implicit: 0, pageLoad: 300000, script: 30000}, unhandledPromptBehavior: dismiss and notify, webauthn:extension:credBlob: true, webauthn:extension:largeBlob: true, webauthn:extension:minPinLength: true, webauthn:extension:prf: true, webauthn:virtualAuthenticators: true}
Session ID: a940ef28248ebf545bad342c516c683f
	at java.base/jdk.internal.reflect.DirectConstructorHandleAccessor.newInstance(DirectConstructorHandleAccessor.java:67)
	at java.base/java.lang.reflect.Constructor.newInstanceWithCaller(Constructor.java:500)
	at java.base/java.lang.reflect.Constructor.newInstance(Constructor.java:484)
	at org.openqa.selenium.remote.codec.w3c.W3CHttpResponseCodec.createException(W3CHttpResponseCodec.java:185)
	at org.openqa.selenium.remote.codec.w3c.W3CHttpResponseCodec.decode(W3CHttpResponseCodec.java:134)
	at org.openqa.selenium.remote.codec.w3c.W3CHttpResponseCodec.decode(W3CHttpResponseCodec.java:51)
	at org.openqa.selenium.remote.HttpCommandExecutor.execute(HttpCommandExecutor.java:190)
	at org.openqa.selenium.remote.service.DriverCommandExecutor.invokeExecute(DriverCommandExecutor.java:216)
	at org.openqa.selenium.remote.service.DriverCommandExecutor.execute(DriverCommandExecutor.java:174)
	at org.openqa.selenium.remote.RemoteWebDriver.execute(RemoteWebDriver.java:519)
	at org.openqa.selenium.remote.ElementLocation$ElementFinder$2.findElement(ElementLocation.java:165)
	at org.openqa.selenium.remote.ElementLocation.findElement(ElementLocation.java:59)
	at org.openqa.selenium.remote.RemoteWebDriver.findElement(RemoteWebDriver.java:356)
	at org.openqa.selenium.remote.RemoteWebDriver.findElement(RemoteWebDriver.java:350)
	at com.ugapp.pages.MySchoolsPage.PreviousCollegeEligibility(MySchoolsPage.java:1910)
	at com.ugapp.testcases.TC_11_MySchoolsPageTest.PreviousCollegeEligibilityTest(TC_11_MySchoolsPageTest.java:191)
	at java.base/jdk.internal.reflect.DirectMethodHandleAccessor.invoke(DirectMethodHandleAccessor.java:104)
	at java.base/java.lang.reflect.Method.invoke(Method.java:578)
	at org.testng.internal.MethodInvocationHelper.invokeMethod(MethodInvocationHelper.java:104)
	at org.testng.internal.Invoker.invokeMethod(Invoker.java:645)
	at org.testng.internal.Invoker.invokeTestMethod(Invoker.java:851)
	at org.testng.internal.Invoker.invokeTestMethods(Invoker.java:1177)
	at org.testng.internal.TestMethodWorker.invokeTestMethods(TestMethodWorker.java:129)
	at org.testng.internal.TestMethodWorker.run(TestMethodWorker.java:112)
	at org.testng.TestRunner.privateRun(TestRunner.java:756)
	at org.testng.TestRunner.run(TestRunner.java:610)
	at org.testng.SuiteRunner.runTest(SuiteRunner.java:387)
	at org.testng.SuiteRunner.access$000(SuiteRunner.java:39)
	at org.testng.SuiteRunner$SuiteWorker.run(SuiteRunner.java:421)
	at org.testng.internal.thread.ThreadUtil$2.call(ThreadUtil.java:64)
	at java.base/java.util.concurrent.FutureTask.run(FutureTask.java:317)
	at java.base/java.util.concurrent.ThreadPoolExecutor.runWorker(ThreadPoolExecutor.java:1144)
	at java.base/java.util.concurrent.ThreadPoolExecutor$Worker.run(ThreadPoolExecutor.java:642)
	at java.base/java.lang.Thread.run(Thread.java:1623)
]]>
    </error>
  </testcase> <!-- PreviousCollegeEligibilityTest -->
  <testcase classname="com.ugapp.testcases.TC_11_MySchoolsPageTest" name="SaveThePageTest" time="4.085"/>
  <testcase classname="com.ugapp.testcases.TC_11_MySchoolsPageTest" name="validateMySchoolsPage" time="3.127">
    <error message="javascript error: Cannot read properties of null (reading &#039;scrollIntoView&#039;)
  (Session info: MicrosoftEdge=121.0.2277.83)
Build info: version: &#039;4.17.0&#039;, revision: &#039;e52b1be057*&#039;
System info: os.name: &#039;Mac OS X&#039;, os.arch: &#039;x86_64&#039;, os.version: &#039;12.7.2&#039;, java.version: &#039;20.0.2&#039;
Driver info: org.openqa.selenium.edge.EdgeDriver
Command: [a940ef28248ebf545bad342c516c683f, executeScript {script=arguments[0].scrollIntoView({block: &#039;center&#039;});, args=[null]}]
Capabilities {acceptInsecureCerts: false, browserName: MicrosoftEdge, browserVersion: 121.0.2277.83, fedcm:accounts: true, ms:edgeOptions: {debuggerAddress: localhost:58016}, msedge: {msedgedriverVersion: 121.0.2277.83 (ff4586e3b035..., userDataDir: /var/folders/5m/4nc0x2kn289...}, networkConnectionEnabled: false, pageLoadStrategy: normal, platformName: mac, proxy: Proxy(), se:cdp: ws://localhost:58016/devtoo..., se:cdpVersion: 121.0.2277.83, setWindowRect: true, strictFileInteractability: false, timeouts: {implicit: 0, pageLoad: 300000, script: 30000}, unhandledPromptBehavior: dismiss and notify, webauthn:extension:credBlob: true, webauthn:extension:largeBlob: true, webauthn:extension:minPinLength: true, webauthn:extension:prf: true, webauthn:virtualAuthenticators: true}
Session ID: a940ef28248ebf545bad342c516c683f" type="org.openqa.selenium.JavascriptException">
      <![CDATA[org.openqa.selenium.JavascriptException: javascript error: Cannot read properties of null (reading 'scrollIntoView')
  (Session info: MicrosoftEdge=121.0.2277.83)
Build info: version: '4.17.0', revision: 'e52b1be057*'
System info: os.name: 'Mac OS X', os.arch: 'x86_64', os.version: '12.7.2', java.version: '20.0.2'
Driver info: org.openqa.selenium.edge.EdgeDriver
Command: [a940ef28248ebf545bad342c516c683f, executeScript {script=arguments[0].scrollIntoView({block: 'center'});, args=[null]}]
Capabilities {acceptInsecureCerts: false, browserName: MicrosoftEdge, browserVersion: 121.0.2277.83, fedcm:accounts: true, ms:edgeOptions: {debuggerAddress: localhost:58016}, msedge: {msedgedriverVersion: 121.0.2277.83 (ff4586e3b035..., userDataDir: /var/folders/5m/4nc0x2kn289...}, networkConnectionEnabled: false, pageLoadStrategy: normal, platformName: mac, proxy: Proxy(), se:cdp: ws://localhost:58016/devtoo..., se:cdpVersion: 121.0.2277.83, setWindowRect: true, strictFileInteractability: false, timeouts: {implicit: 0, pageLoad: 300000, script: 30000}, unhandledPromptBehavior: dismiss and notify, webauthn:extension:credBlob: true, webauthn:extension:largeBlob: true, webauthn:extension:minPinLength: true, webauthn:extension:prf: true, webauthn:virtualAuthenticators: true}
Session ID: a940ef28248ebf545bad342c516c683f
	at java.base/jdk.internal.reflect.DirectConstructorHandleAccessor.newInstance(DirectConstructorHandleAccessor.java:67)
	at java.base/java.lang.reflect.Constructor.newInstanceWithCaller(Constructor.java:500)
	at java.base/java.lang.reflect.Constructor.newInstance(Constructor.java:484)
	at org.openqa.selenium.remote.codec.w3c.W3CHttpResponseCodec.createException(W3CHttpResponseCodec.java:185)
	at org.openqa.selenium.remote.codec.w3c.W3CHttpResponseCodec.decode(W3CHttpResponseCodec.java:134)
	at org.openqa.selenium.remote.codec.w3c.W3CHttpResponseCodec.decode(W3CHttpResponseCodec.java:51)
	at org.openqa.selenium.remote.HttpCommandExecutor.execute(HttpCommandExecutor.java:190)
	at org.openqa.selenium.remote.service.DriverCommandExecutor.invokeExecute(DriverCommandExecutor.java:216)
	at org.openqa.selenium.remote.service.DriverCommandExecutor.execute(DriverCommandExecutor.java:174)
	at org.openqa.selenium.remote.RemoteWebDriver.execute(RemoteWebDriver.java:519)
	at org.openqa.selenium.remote.RemoteWebDriver.executeScript(RemoteWebDriver.java:464)
	at com.ugapp.pages.MySchoolsPage.ValidateForMySchools(MySchoolsPage.java:39)
	at com.ugapp.testcases.TC_11_MySchoolsPageTest.validateMySchoolsPage(TC_11_MySchoolsPageTest.java:25)
	at java.base/jdk.internal.reflect.DirectMethodHandleAccessor.invoke(DirectMethodHandleAccessor.java:104)
	at java.base/java.lang.reflect.Method.invoke(Method.java:578)
	at org.testng.internal.MethodInvocationHelper.invokeMethod(MethodInvocationHelper.java:104)
	at org.testng.internal.Invoker.invokeMethod(Invoker.java:645)
	at org.testng.internal.Invoker.invokeTestMethod(Invoker.java:851)
	at org.testng.internal.Invoker.invokeTestMethods(Invoker.java:1177)
	at org.testng.internal.TestMethodWorker.invokeTestMethods(TestMethodWorker.java:129)
	at org.testng.internal.TestMethodWorker.run(TestMethodWorker.java:112)
	at org.testng.TestRunner.privateRun(TestRunner.java:756)
	at org.testng.TestRunner.run(TestRunner.java:610)
	at org.testng.SuiteRunner.runTest(SuiteRunner.java:387)
	at org.testng.SuiteRunner.access$000(SuiteRunner.java:39)
	at org.testng.SuiteRunner$SuiteWorker.run(SuiteRunner.java:421)
	at org.testng.internal.thread.ThreadUtil$2.call(ThreadUtil.java:64)
	at java.base/java.util.concurrent.FutureTask.run(FutureTask.java:317)
	at java.base/java.util.concurrent.ThreadPoolExecutor.runWorker(ThreadPoolExecutor.java:1144)
	at java.base/java.util.concurrent.ThreadPoolExecutor$Worker.run(ThreadPoolExecutor.java:642)
	at java.base/java.lang.Thread.run(Thread.java:1623)
]]>
    </error>
  </testcase> <!-- validateMySchoolsPage -->
  <testcase classname="com.ugapp.testcases.TC_11_MySchoolsPageTest" name="Random_RecentSchoolTest" time="1.075">
    <error message="no such element: Unable to locate element: {&quot;method&quot;:&quot;xpath&quot;,&quot;selector&quot;:&quot;//div[@id=&#039;high_school_country_select&#039;]&quot;}
  (Session info: MicrosoftEdge=121.0.2277.83)
For documentation on this error, please visit: https://www.selenium.dev/documentation/webdriver/troubleshooting/errors#no-such-element-exception
Build info: version: &#039;4.17.0&#039;, revision: &#039;e52b1be057*&#039;
System info: os.name: &#039;Mac OS X&#039;, os.arch: &#039;x86_64&#039;, os.version: &#039;12.7.2&#039;, java.version: &#039;20.0.2&#039;
Driver info: org.openqa.selenium.edge.EdgeDriver
Command: [a940ef28248ebf545bad342c516c683f, findElement {using=xpath, value=//div[@id=&#039;high_school_country_select&#039;]}]
Capabilities {acceptInsecureCerts: false, browserName: MicrosoftEdge, browserVersion: 121.0.2277.83, fedcm:accounts: true, ms:edgeOptions: {debuggerAddress: localhost:58016}, msedge: {msedgedriverVersion: 121.0.2277.83 (ff4586e3b035..., userDataDir: /var/folders/5m/4nc0x2kn289...}, networkConnectionEnabled: false, pageLoadStrategy: normal, platformName: mac, proxy: Proxy(), se:cdp: ws://localhost:58016/devtoo..., se:cdpVersion: 121.0.2277.83, setWindowRect: true, strictFileInteractability: false, timeouts: {implicit: 0, pageLoad: 300000, script: 30000}, unhandledPromptBehavior: dismiss and notify, webauthn:extension:credBlob: true, webauthn:extension:largeBlob: true, webauthn:extension:minPinLength: true, webauthn:extension:prf: true, webauthn:virtualAuthenticators: true}
Session ID: a940ef28248ebf545bad342c516c683f" type="org.openqa.selenium.NoSuchElementException">
      <![CDATA[org.openqa.selenium.NoSuchElementException: no such element: Unable to locate element: {"method":"xpath","selector":"//div[@id='high_school_country_select']"}
  (Session info: MicrosoftEdge=121.0.2277.83)
For documentation on this error, please visit: https://www.selenium.dev/documentation/webdriver/troubleshooting/errors#no-such-element-exception
Build info: version: '4.17.0', revision: 'e52b1be057*'
System info: os.name: 'Mac OS X', os.arch: 'x86_64', os.version: '12.7.2', java.version: '20.0.2'
Driver info: org.openqa.selenium.edge.EdgeDriver
Command: [a940ef28248ebf545bad342c516c683f, findElement {using=xpath, value=//div[@id='high_school_country_select']}]
Capabilities {acceptInsecureCerts: false, browserName: MicrosoftEdge, browserVersion: 121.0.2277.83, fedcm:accounts: true, ms:edgeOptions: {debuggerAddress: localhost:58016}, msedge: {msedgedriverVersion: 121.0.2277.83 (ff4586e3b035..., userDataDir: /var/folders/5m/4nc0x2kn289...}, networkConnectionEnabled: false, pageLoadStrategy: normal, platformName: mac, proxy: Proxy(), se:cdp: ws://localhost:58016/devtoo..., se:cdpVersion: 121.0.2277.83, setWindowRect: true, strictFileInteractability: false, timeouts: {implicit: 0, pageLoad: 300000, script: 30000}, unhandledPromptBehavior: dismiss and notify, webauthn:extension:credBlob: true, webauthn:extension:largeBlob: true, webauthn:extension:minPinLength: true, webauthn:extension:prf: true, webauthn:virtualAuthenticators: true}
Session ID: a940ef28248ebf545bad342c516c683f
	at java.base/jdk.internal.reflect.DirectConstructorHandleAccessor.newInstance(DirectConstructorHandleAccessor.java:67)
	at java.base/java.lang.reflect.Constructor.newInstanceWithCaller(Constructor.java:500)
	at java.base/java.lang.reflect.Constructor.newInstance(Constructor.java:484)
	at org.openqa.selenium.remote.codec.w3c.W3CHttpResponseCodec.createException(W3CHttpResponseCodec.java:185)
	at org.openqa.selenium.remote.codec.w3c.W3CHttpResponseCodec.decode(W3CHttpResponseCodec.java:134)
	at org.openqa.selenium.remote.codec.w3c.W3CHttpResponseCodec.decode(W3CHttpResponseCodec.java:51)
	at org.openqa.selenium.remote.HttpCommandExecutor.execute(HttpCommandExecutor.java:190)
	at org.openqa.selenium.remote.service.DriverCommandExecutor.invokeExecute(DriverCommandExecutor.java:216)
	at org.openqa.selenium.remote.service.DriverCommandExecutor.execute(DriverCommandExecutor.java:174)
	at org.openqa.selenium.remote.RemoteWebDriver.execute(RemoteWebDriver.java:519)
	at org.openqa.selenium.remote.ElementLocation$ElementFinder$2.findElement(ElementLocation.java:165)
	at org.openqa.selenium.remote.ElementLocation.findElement(ElementLocation.java:59)
	at org.openqa.selenium.remote.RemoteWebDriver.findElement(RemoteWebDriver.java:356)
	at org.openqa.selenium.remote.RemoteWebDriver.findElement(RemoteWebDriver.java:350)
	at com.ugapp.pages.MySchoolsPage.Random_RecentSchool(MySchoolsPage.java:494)
	at com.ugapp.testcases.TC_11_MySchoolsPageTest.Random_RecentSchoolTest(TC_11_MySchoolsPageTest.java:55)
	at java.base/jdk.internal.reflect.DirectMethodHandleAccessor.invoke(DirectMethodHandleAccessor.java:104)
	at java.base/java.lang.reflect.Method.invoke(Method.java:578)
	at org.testng.internal.MethodInvocationHelper.invokeMethod(MethodInvocationHelper.java:104)
	at org.testng.internal.Invoker.invokeMethod(Invoker.java:645)
	at org.testng.internal.Invoker.invokeTestMethod(Invoker.java:851)
	at org.testng.internal.Invoker.invokeTestMethods(Invoker.java:1177)
	at org.testng.internal.TestMethodWorker.invokeTestMethods(TestMethodWorker.java:129)
	at org.testng.internal.TestMethodWorker.run(TestMethodWorker.java:112)
	at org.testng.TestRunner.privateRun(TestRunner.java:756)
	at org.testng.TestRunner.run(TestRunner.java:610)
	at org.testng.SuiteRunner.runTest(SuiteRunner.java:387)
	at org.testng.SuiteRunner.access$000(SuiteRunner.java:39)
	at org.testng.SuiteRunner$SuiteWorker.run(SuiteRunner.java:421)
	at org.testng.internal.thread.ThreadUtil$2.call(ThreadUtil.java:64)
	at java.base/java.util.concurrent.FutureTask.run(FutureTask.java:317)
	at java.base/java.util.concurrent.ThreadPoolExecutor.runWorker(ThreadPoolExecutor.java:1144)
	at java.base/java.util.concurrent.ThreadPoolExecutor$Worker.run(ThreadPoolExecutor.java:642)
	at java.base/java.lang.Thread.run(Thread.java:1623)
]]>
    </error>
  </testcase> <!-- Random_RecentSchoolTest -->
  <testcase classname="com.ugapp.testcases.TC_11_MySchoolsPageTest" name="saveInstitutionTest" time="0.070">
    <error message="javascript error: Cannot read properties of null (reading &#039;scrollIntoView&#039;)
  (Session info: MicrosoftEdge=121.0.2277.83)
Build info: version: &#039;4.17.0&#039;, revision: &#039;e52b1be057*&#039;
System info: os.name: &#039;Mac OS X&#039;, os.arch: &#039;x86_64&#039;, os.version: &#039;12.7.2&#039;, java.version: &#039;20.0.2&#039;
Driver info: org.openqa.selenium.edge.EdgeDriver
Command: [a940ef28248ebf545bad342c516c683f, executeScript {script=arguments[0].scrollIntoView({block: &#039;center&#039;});, args=[null]}]
Capabilities {acceptInsecureCerts: false, browserName: MicrosoftEdge, browserVersion: 121.0.2277.83, fedcm:accounts: true, ms:edgeOptions: {debuggerAddress: localhost:58016}, msedge: {msedgedriverVersion: 121.0.2277.83 (ff4586e3b035..., userDataDir: /var/folders/5m/4nc0x2kn289...}, networkConnectionEnabled: false, pageLoadStrategy: normal, platformName: mac, proxy: Proxy(), se:cdp: ws://localhost:58016/devtoo..., se:cdpVersion: 121.0.2277.83, setWindowRect: true, strictFileInteractability: false, timeouts: {implicit: 0, pageLoad: 300000, script: 30000}, unhandledPromptBehavior: dismiss and notify, webauthn:extension:credBlob: true, webauthn:extension:largeBlob: true, webauthn:extension:minPinLength: true, webauthn:extension:prf: true, webauthn:virtualAuthenticators: true}
Session ID: a940ef28248ebf545bad342c516c683f" type="org.openqa.selenium.JavascriptException">
      <![CDATA[org.openqa.selenium.JavascriptException: javascript error: Cannot read properties of null (reading 'scrollIntoView')
  (Session info: MicrosoftEdge=121.0.2277.83)
Build info: version: '4.17.0', revision: 'e52b1be057*'
System info: os.name: 'Mac OS X', os.arch: 'x86_64', os.version: '12.7.2', java.version: '20.0.2'
Driver info: org.openqa.selenium.edge.EdgeDriver
Command: [a940ef28248ebf545bad342c516c683f, executeScript {script=arguments[0].scrollIntoView({block: 'center'});, args=[null]}]
Capabilities {acceptInsecureCerts: false, browserName: MicrosoftEdge, browserVersion: 121.0.2277.83, fedcm:accounts: true, ms:edgeOptions: {debuggerAddress: localhost:58016}, msedge: {msedgedriverVersion: 121.0.2277.83 (ff4586e3b035..., userDataDir: /var/folders/5m/4nc0x2kn289...}, networkConnectionEnabled: false, pageLoadStrategy: normal, platformName: mac, proxy: Proxy(), se:cdp: ws://localhost:58016/devtoo..., se:cdpVersion: 121.0.2277.83, setWindowRect: true, strictFileInteractability: false, timeouts: {implicit: 0, pageLoad: 300000, script: 30000}, unhandledPromptBehavior: dismiss and notify, webauthn:extension:credBlob: true, webauthn:extension:largeBlob: true, webauthn:extension:minPinLength: true, webauthn:extension:prf: true, webauthn:virtualAuthenticators: true}
Session ID: a940ef28248ebf545bad342c516c683f
	at java.base/jdk.internal.reflect.DirectConstructorHandleAccessor.newInstance(DirectConstructorHandleAccessor.java:67)
	at java.base/java.lang.reflect.Constructor.newInstanceWithCaller(Constructor.java:500)
	at java.base/java.lang.reflect.Constructor.newInstance(Constructor.java:484)
	at org.openqa.selenium.remote.codec.w3c.W3CHttpResponseCodec.createException(W3CHttpResponseCodec.java:185)
	at org.openqa.selenium.remote.codec.w3c.W3CHttpResponseCodec.decode(W3CHttpResponseCodec.java:134)
	at org.openqa.selenium.remote.codec.w3c.W3CHttpResponseCodec.decode(W3CHttpResponseCodec.java:51)
	at org.openqa.selenium.remote.HttpCommandExecutor.execute(HttpCommandExecutor.java:190)
	at org.openqa.selenium.remote.service.DriverCommandExecutor.invokeExecute(DriverCommandExecutor.java:216)
	at org.openqa.selenium.remote.service.DriverCommandExecutor.execute(DriverCommandExecutor.java:174)
	at org.openqa.selenium.remote.RemoteWebDriver.execute(RemoteWebDriver.java:519)
	at org.openqa.selenium.remote.RemoteWebDriver.executeScript(RemoteWebDriver.java:464)
	at com.ugapp.pages.MySchoolsPage.saveInstitution(MySchoolsPage.java:1874)
	at com.ugapp.testcases.TC_11_MySchoolsPageTest.saveInstitutionTest(TC_11_MySchoolsPageTest.java:176)
	at java.base/jdk.internal.reflect.DirectMethodHandleAccessor.invoke(DirectMethodHandleAccessor.java:104)
	at java.base/java.lang.reflect.Method.invoke(Method.java:578)
	at org.testng.internal.MethodInvocationHelper.invokeMethod(MethodInvocationHelper.java:104)
	at org.testng.internal.Invoker.invokeMethod(Invoker.java:645)
	at org.testng.internal.Invoker.invokeTestMethod(Invoker.java:851)
	at org.testng.internal.Invoker.invokeTestMethods(Invoker.java:1177)
	at org.testng.internal.TestMethodWorker.invokeTestMethods(TestMethodWorker.java:129)
	at org.testng.internal.TestMethodWorker.run(TestMethodWorker.java:112)
	at org.testng.TestRunner.privateRun(TestRunner.java:756)
	at org.testng.TestRunner.run(TestRunner.java:610)
	at org.testng.SuiteRunner.runTest(SuiteRunner.java:387)
	at org.testng.SuiteRunner.access$000(SuiteRunner.java:39)
	at org.testng.SuiteRunner$SuiteWorker.run(SuiteRunner.java:421)
	at org.testng.internal.thread.ThreadUtil$2.call(ThreadUtil.java:64)
	at java.base/java.util.concurrent.FutureTask.run(FutureTask.java:317)
	at java.base/java.util.concurrent.ThreadPoolExecutor.runWorker(ThreadPoolExecutor.java:1144)
	at java.base/java.util.concurrent.ThreadPoolExecutor$Worker.run(ThreadPoolExecutor.java:642)
	at java.base/java.lang.Thread.run(Thread.java:1623)
]]>
    </error>
  </testcase> <!-- saveInstitutionTest -->
  <testcase classname="com.ugapp.testcases.TC_11_MySchoolsPageTest" name="PastGraduationDateTest" time="1.016">
    <error message="no such element: Unable to locate element: {&quot;method&quot;:&quot;css selector&quot;,&quot;selector&quot;:&quot;#school_graduation_date_year&quot;}
  (Session info: MicrosoftEdge=121.0.2277.83)
For documentation on this error, please visit: https://www.selenium.dev/documentation/webdriver/troubleshooting/errors#no-such-element-exception
Build info: version: &#039;4.17.0&#039;, revision: &#039;e52b1be057*&#039;
System info: os.name: &#039;Mac OS X&#039;, os.arch: &#039;x86_64&#039;, os.version: &#039;12.7.2&#039;, java.version: &#039;20.0.2&#039;
Driver info: org.openqa.selenium.edge.EdgeDriver
Command: [a940ef28248ebf545bad342c516c683f, findElement {using=id, value=school_graduation_date_year}]
Capabilities {acceptInsecureCerts: false, browserName: MicrosoftEdge, browserVersion: 121.0.2277.83, fedcm:accounts: true, ms:edgeOptions: {debuggerAddress: localhost:58016}, msedge: {msedgedriverVersion: 121.0.2277.83 (ff4586e3b035..., userDataDir: /var/folders/5m/4nc0x2kn289...}, networkConnectionEnabled: false, pageLoadStrategy: normal, platformName: mac, proxy: Proxy(), se:cdp: ws://localhost:58016/devtoo..., se:cdpVersion: 121.0.2277.83, setWindowRect: true, strictFileInteractability: false, timeouts: {implicit: 0, pageLoad: 300000, script: 30000}, unhandledPromptBehavior: dismiss and notify, webauthn:extension:credBlob: true, webauthn:extension:largeBlob: true, webauthn:extension:minPinLength: true, webauthn:extension:prf: true, webauthn:virtualAuthenticators: true}
Session ID: a940ef28248ebf545bad342c516c683f" type="org.openqa.selenium.NoSuchElementException">
      <![CDATA[org.openqa.selenium.NoSuchElementException: no such element: Unable to locate element: {"method":"css selector","selector":"#school_graduation_date_year"}
  (Session info: MicrosoftEdge=121.0.2277.83)
For documentation on this error, please visit: https://www.selenium.dev/documentation/webdriver/troubleshooting/errors#no-such-element-exception
Build info: version: '4.17.0', revision: 'e52b1be057*'
System info: os.name: 'Mac OS X', os.arch: 'x86_64', os.version: '12.7.2', java.version: '20.0.2'
Driver info: org.openqa.selenium.edge.EdgeDriver
Command: [a940ef28248ebf545bad342c516c683f, findElement {using=id, value=school_graduation_date_year}]
Capabilities {acceptInsecureCerts: false, browserName: MicrosoftEdge, browserVersion: 121.0.2277.83, fedcm:accounts: true, ms:edgeOptions: {debuggerAddress: localhost:58016}, msedge: {msedgedriverVersion: 121.0.2277.83 (ff4586e3b035..., userDataDir: /var/folders/5m/4nc0x2kn289...}, networkConnectionEnabled: false, pageLoadStrategy: normal, platformName: mac, proxy: Proxy(), se:cdp: ws://localhost:58016/devtoo..., se:cdpVersion: 121.0.2277.83, setWindowRect: true, strictFileInteractability: false, timeouts: {implicit: 0, pageLoad: 300000, script: 30000}, unhandledPromptBehavior: dismiss and notify, webauthn:extension:credBlob: true, webauthn:extension:largeBlob: true, webauthn:extension:minPinLength: true, webauthn:extension:prf: true, webauthn:virtualAuthenticators: true}
Session ID: a940ef28248ebf545bad342c516c683f
	at java.base/jdk.internal.reflect.DirectConstructorHandleAccessor.newInstance(DirectConstructorHandleAccessor.java:67)
	at java.base/java.lang.reflect.Constructor.newInstanceWithCaller(Constructor.java:500)
	at java.base/java.lang.reflect.Constructor.newInstance(Constructor.java:484)
	at org.openqa.selenium.remote.codec.w3c.W3CHttpResponseCodec.createException(W3CHttpResponseCodec.java:185)
	at org.openqa.selenium.remote.codec.w3c.W3CHttpResponseCodec.decode(W3CHttpResponseCodec.java:134)
	at org.openqa.selenium.remote.codec.w3c.W3CHttpResponseCodec.decode(W3CHttpResponseCodec.java:51)
	at org.openqa.selenium.remote.HttpCommandExecutor.execute(HttpCommandExecutor.java:190)
	at org.openqa.selenium.remote.service.DriverCommandExecutor.invokeExecute(DriverCommandExecutor.java:216)
	at org.openqa.selenium.remote.service.DriverCommandExecutor.execute(DriverCommandExecutor.java:174)
	at org.openqa.selenium.remote.RemoteWebDriver.execute(RemoteWebDriver.java:519)
	at org.openqa.selenium.remote.ElementLocation$ElementFinder$2.findElement(ElementLocation.java:165)
	at org.openqa.selenium.remote.ElementLocation.findElement(ElementLocation.java:59)
	at org.openqa.selenium.remote.RemoteWebDriver.findElement(RemoteWebDriver.java:356)
	at org.openqa.selenium.remote.RemoteWebDriver.findElement(RemoteWebDriver.java:350)
	at com.ugapp.base.Page.findElement(Page.java:164)
	at com.ugapp.pages.MySchoolsPage.PastGraduationDate(MySchoolsPage.java:324)
	at com.ugapp.testcases.TC_11_MySchoolsPageTest.PastGraduationDateTest(TC_11_MySchoolsPageTest.java:70)
	at java.base/jdk.internal.reflect.DirectMethodHandleAccessor.invoke(DirectMethodHandleAccessor.java:104)
	at java.base/java.lang.reflect.Method.invoke(Method.java:578)
	at org.testng.internal.MethodInvocationHelper.invokeMethod(MethodInvocationHelper.java:104)
	at org.testng.internal.Invoker.invokeMethod(Invoker.java:645)
	at org.testng.internal.Invoker.invokeTestMethod(Invoker.java:851)
	at org.testng.internal.Invoker.invokeTestMethods(Invoker.java:1177)
	at org.testng.internal.TestMethodWorker.invokeTestMethods(TestMethodWorker.java:129)
	at org.testng.internal.TestMethodWorker.run(TestMethodWorker.java:112)
	at org.testng.TestRunner.privateRun(TestRunner.java:756)
	at org.testng.TestRunner.run(TestRunner.java:610)
	at org.testng.SuiteRunner.runTest(SuiteRunner.java:387)
	at org.testng.SuiteRunner.access$000(SuiteRunner.java:39)
	at org.testng.SuiteRunner$SuiteWorker.run(SuiteRunner.java:421)
	at org.testng.internal.thread.ThreadUtil$2.call(ThreadUtil.java:64)
	at java.base/java.util.concurrent.FutureTask.run(FutureTask.java:317)
	at java.base/java.util.concurrent.ThreadPoolExecutor.runWorker(ThreadPoolExecutor.java:1144)
	at java.base/java.util.concurrent.ThreadPoolExecutor$Worker.run(ThreadPoolExecutor.java:642)
	at java.base/java.lang.Thread.run(Thread.java:1623)
]]>
    </error>
  </testcase> <!-- PastGraduationDateTest -->
  <testcase classname="com.ugapp.testcases.TC_11_MySchoolsPageTest" name="CollegeUniversitiesTest" time="0.002">
    <error message="malformed input off : 13, length : 1" type="java.lang.IllegalArgumentException">
      <![CDATA[java.lang.IllegalArgumentException: malformed input off : 13, length : 1
	at java.base/java.lang.String.throwMalformed(String.java:1260)
	at java.base/java.lang.String.decodeUTF8_UTF16(String.java:1173)
	at java.base/java.lang.String.newStringUTF8NoRepl(String.java:749)
	at java.base/java.lang.System$2.newStringUTF8NoRepl(System.java:2473)
	at java.base/java.util.zip.ZipCoder$UTF8ZipCoder.toString(ZipCoder.java:199)
	at java.base/java.util.zip.ZipCoder.toStringUTF8(ZipCoder.java:90)
	at java.base/java.util.zip.ZipInputStream.readLOC(ZipInputStream.java:515)
	at java.base/java.util.zip.ZipInputStream.getNextEntry(ZipInputStream.java:153)
	at org.apache.poi.openxml4j.util.ZipInputStreamZipEntrySource.<init>(ZipInputStreamZipEntrySource.java:51)
	at org.apache.poi.openxml4j.opc.ZipPackage.<init>(ZipPackage.java:82)
	at org.apache.poi.openxml4j.opc.OPCPackage.open(OPCPackage.java:220)
	at org.apache.poi.ss.usermodel.WorkbookFactory.create(WorkbookFactory.java:63)
	at com.ugapp.base.Page.initializeWriteExcelSheets(Page.java:488)
	at com.ugapp.pages.MySchoolsPage.CollegeUniversities(MySchoolsPage.java:1375)
	at com.ugapp.testcases.TC_11_MySchoolsPageTest.CollegeUniversitiesTest(TC_11_MySchoolsPageTest.java:158)
	at java.base/jdk.internal.reflect.DirectMethodHandleAccessor.invoke(DirectMethodHandleAccessor.java:104)
	at java.base/java.lang.reflect.Method.invoke(Method.java:578)
	at org.testng.internal.MethodInvocationHelper.invokeMethod(MethodInvocationHelper.java:104)
	at org.testng.internal.Invoker.invokeMethod(Invoker.java:645)
	at org.testng.internal.Invoker.invokeTestMethod(Invoker.java:851)
	at org.testng.internal.Invoker.invokeTestMethods(Invoker.java:1177)
	at org.testng.internal.TestMethodWorker.invokeTestMethods(TestMethodWorker.java:129)
	at org.testng.internal.TestMethodWorker.run(TestMethodWorker.java:112)
	at org.testng.TestRunner.privateRun(TestRunner.java:756)
	at org.testng.TestRunner.run(TestRunner.java:610)
	at org.testng.SuiteRunner.runTest(SuiteRunner.java:387)
	at org.testng.SuiteRunner.access$000(SuiteRunner.java:39)
	at org.testng.SuiteRunner$SuiteWorker.run(SuiteRunner.java:421)
	at org.testng.internal.thread.ThreadUtil$2.call(ThreadUtil.java:64)
	at java.base/java.util.concurrent.FutureTask.run(FutureTask.java:317)
	at java.base/java.util.concurrent.ThreadPoolExecutor.runWorker(ThreadPoolExecutor.java:1144)
	at java.base/java.util.concurrent.ThreadPoolExecutor$Worker.run(ThreadPoolExecutor.java:642)
	at java.base/java.lang.Thread.run(Thread.java:1623)
Caused by: java.nio.charset.MalformedInputException: Input length = 1
	... 33 more
]]>
    </error>
  </testcase> <!-- CollegeUniversitiesTest -->
  <testcase classname="com.ugapp.testcases.TC_11_MySchoolsPageTest" name="PastGraduationDateTest" time="1.023">
    <error message="no such element: Unable to locate element: {&quot;method&quot;:&quot;css selector&quot;,&quot;selector&quot;:&quot;#school_graduation_date_year&quot;}
  (Session info: chrome=121.0.6167.85)
For documentation on this error, please visit: https://www.selenium.dev/documentation/webdriver/troubleshooting/errors#no-such-element-exception
Build info: version: &#039;4.17.0&#039;, revision: &#039;e52b1be057*&#039;
System info: os.name: &#039;Mac OS X&#039;, os.arch: &#039;x86_64&#039;, os.version: &#039;12.7.2&#039;, java.version: &#039;20.0.2&#039;
Driver info: org.openqa.selenium.chrome.ChromeDriver
Command: [869fe2f2f0f5cdc6829918b7b23df501, findElement {using=id, value=school_graduation_date_year}]
Capabilities {acceptInsecureCerts: false, browserName: chrome, browserVersion: 121.0.6167.85, chrome: {chromedriverVersion: 121.0.6167.85 (3f98d690ad7e..., userDataDir: /var/folders/5m/4nc0x2kn289...}, fedcm:accounts: true, goog:chromeOptions: {debuggerAddress: localhost:58013}, networkConnectionEnabled: false, pageLoadStrategy: normal, platformName: mac, proxy: Proxy(), se:cdp: ws://localhost:58013/devtoo..., se:cdpVersion: 121.0.6167.85, setWindowRect: true, strictFileInteractability: false, timeouts: {implicit: 0, pageLoad: 300000, script: 30000}, unhandledPromptBehavior: dismiss and notify, webauthn:extension:credBlob: true, webauthn:extension:largeBlob: true, webauthn:extension:minPinLength: true, webauthn:extension:prf: true, webauthn:virtualAuthenticators: true}
Session ID: 869fe2f2f0f5cdc6829918b7b23df501" type="org.openqa.selenium.NoSuchElementException">
      <![CDATA[org.openqa.selenium.NoSuchElementException: no such element: Unable to locate element: {"method":"css selector","selector":"#school_graduation_date_year"}
  (Session info: chrome=121.0.6167.85)
For documentation on this error, please visit: https://www.selenium.dev/documentation/webdriver/troubleshooting/errors#no-such-element-exception
Build info: version: '4.17.0', revision: 'e52b1be057*'
System info: os.name: 'Mac OS X', os.arch: 'x86_64', os.version: '12.7.2', java.version: '20.0.2'
Driver info: org.openqa.selenium.chrome.ChromeDriver
Command: [869fe2f2f0f5cdc6829918b7b23df501, findElement {using=id, value=school_graduation_date_year}]
Capabilities {acceptInsecureCerts: false, browserName: chrome, browserVersion: 121.0.6167.85, chrome: {chromedriverVersion: 121.0.6167.85 (3f98d690ad7e..., userDataDir: /var/folders/5m/4nc0x2kn289...}, fedcm:accounts: true, goog:chromeOptions: {debuggerAddress: localhost:58013}, networkConnectionEnabled: false, pageLoadStrategy: normal, platformName: mac, proxy: Proxy(), se:cdp: ws://localhost:58013/devtoo..., se:cdpVersion: 121.0.6167.85, setWindowRect: true, strictFileInteractability: false, timeouts: {implicit: 0, pageLoad: 300000, script: 30000}, unhandledPromptBehavior: dismiss and notify, webauthn:extension:credBlob: true, webauthn:extension:largeBlob: true, webauthn:extension:minPinLength: true, webauthn:extension:prf: true, webauthn:virtualAuthenticators: true}
Session ID: 869fe2f2f0f5cdc6829918b7b23df501
	at java.base/jdk.internal.reflect.DirectConstructorHandleAccessor.newInstance(DirectConstructorHandleAccessor.java:67)
	at java.base/java.lang.reflect.Constructor.newInstanceWithCaller(Constructor.java:500)
	at java.base/java.lang.reflect.Constructor.newInstance(Constructor.java:484)
	at org.openqa.selenium.remote.codec.w3c.W3CHttpResponseCodec.createException(W3CHttpResponseCodec.java:185)
	at org.openqa.selenium.remote.codec.w3c.W3CHttpResponseCodec.decode(W3CHttpResponseCodec.java:134)
	at org.openqa.selenium.remote.codec.w3c.W3CHttpResponseCodec.decode(W3CHttpResponseCodec.java:51)
	at org.openqa.selenium.remote.HttpCommandExecutor.execute(HttpCommandExecutor.java:190)
	at org.openqa.selenium.remote.service.DriverCommandExecutor.invokeExecute(DriverCommandExecutor.java:216)
	at org.openqa.selenium.remote.service.DriverCommandExecutor.execute(DriverCommandExecutor.java:174)
	at org.openqa.selenium.remote.RemoteWebDriver.execute(RemoteWebDriver.java:519)
	at org.openqa.selenium.remote.ElementLocation$ElementFinder$2.findElement(ElementLocation.java:165)
	at org.openqa.selenium.remote.ElementLocation.findElement(ElementLocation.java:59)
	at org.openqa.selenium.remote.RemoteWebDriver.findElement(RemoteWebDriver.java:356)
	at org.openqa.selenium.remote.RemoteWebDriver.findElement(RemoteWebDriver.java:350)
	at com.ugapp.base.Page.findElement(Page.java:164)
	at com.ugapp.pages.MySchoolsPage.PastGraduationDate(MySchoolsPage.java:324)
	at com.ugapp.testcases.TC_11_MySchoolsPageTest.PastGraduationDateTest(TC_11_MySchoolsPageTest.java:70)
	at java.base/jdk.internal.reflect.DirectMethodHandleAccessor.invoke(DirectMethodHandleAccessor.java:104)
	at java.base/java.lang.reflect.Method.invoke(Method.java:578)
	at org.testng.internal.MethodInvocationHelper.invokeMethod(MethodInvocationHelper.java:104)
	at org.testng.internal.Invoker.invokeMethod(Invoker.java:645)
	at org.testng.internal.Invoker.invokeTestMethod(Invoker.java:851)
	at org.testng.internal.Invoker.invokeTestMethods(Invoker.java:1177)
	at org.testng.internal.TestMethodWorker.invokeTestMethods(TestMethodWorker.java:129)
	at org.testng.internal.TestMethodWorker.run(TestMethodWorker.java:112)
	at org.testng.TestRunner.privateRun(TestRunner.java:756)
	at org.testng.TestRunner.run(TestRunner.java:610)
	at org.testng.SuiteRunner.runTest(SuiteRunner.java:387)
	at org.testng.SuiteRunner.access$000(SuiteRunner.java:39)
	at org.testng.SuiteRunner$SuiteWorker.run(SuiteRunner.java:421)
	at org.testng.internal.thread.ThreadUtil$2.call(ThreadUtil.java:64)
	at java.base/java.util.concurrent.FutureTask.run(FutureTask.java:317)
	at java.base/java.util.concurrent.ThreadPoolExecutor.runWorker(ThreadPoolExecutor.java:1144)
	at java.base/java.util.concurrent.ThreadPoolExecutor$Worker.run(ThreadPoolExecutor.java:642)
	at java.base/java.lang.Thread.run(Thread.java:1623)
]]>
    </error>
  </testcase> <!-- PastGraduationDateTest -->
  <testcase classname="com.ugapp.testcases.TC_11_MySchoolsPageTest" name="HaveAttendedOrAttendingCollegeAndUniversitiesYesTest" time="0.026">
    <error message="no such element: Unable to locate element: {&quot;method&quot;:&quot;xpath&quot;,&quot;selector&quot;:&quot;//h3[.=&#039; Have you previously attended or are you currently attending a college or university? &#039;]&quot;}
  (Session info: MicrosoftEdge=121.0.2277.83)
For documentation on this error, please visit: https://www.selenium.dev/documentation/webdriver/troubleshooting/errors#no-such-element-exception
Build info: version: &#039;4.17.0&#039;, revision: &#039;e52b1be057*&#039;
System info: os.name: &#039;Mac OS X&#039;, os.arch: &#039;x86_64&#039;, os.version: &#039;12.7.2&#039;, java.version: &#039;20.0.2&#039;
Driver info: org.openqa.selenium.edge.EdgeDriver
Command: [a940ef28248ebf545bad342c516c683f, findElement {using=xpath, value=//h3[.=&#039; Have you previously attended or are you currently attending a college or university? &#039;]}]
Capabilities {acceptInsecureCerts: false, browserName: MicrosoftEdge, browserVersion: 121.0.2277.83, fedcm:accounts: true, ms:edgeOptions: {debuggerAddress: localhost:58016}, msedge: {msedgedriverVersion: 121.0.2277.83 (ff4586e3b035..., userDataDir: /var/folders/5m/4nc0x2kn289...}, networkConnectionEnabled: false, pageLoadStrategy: normal, platformName: mac, proxy: Proxy(), se:cdp: ws://localhost:58016/devtoo..., se:cdpVersion: 121.0.2277.83, setWindowRect: true, strictFileInteractability: false, timeouts: {implicit: 0, pageLoad: 300000, script: 30000}, unhandledPromptBehavior: dismiss and notify, webauthn:extension:credBlob: true, webauthn:extension:largeBlob: true, webauthn:extension:minPinLength: true, webauthn:extension:prf: true, webauthn:virtualAuthenticators: true}
Session ID: a940ef28248ebf545bad342c516c683f" type="org.openqa.selenium.NoSuchElementException">
      <![CDATA[org.openqa.selenium.NoSuchElementException: no such element: Unable to locate element: {"method":"xpath","selector":"//h3[.=' Have you previously attended or are you currently attending a college or university? ']"}
  (Session info: MicrosoftEdge=121.0.2277.83)
For documentation on this error, please visit: https://www.selenium.dev/documentation/webdriver/troubleshooting/errors#no-such-element-exception
Build info: version: '4.17.0', revision: 'e52b1be057*'
System info: os.name: 'Mac OS X', os.arch: 'x86_64', os.version: '12.7.2', java.version: '20.0.2'
Driver info: org.openqa.selenium.edge.EdgeDriver
Command: [a940ef28248ebf545bad342c516c683f, findElement {using=xpath, value=//h3[.=' Have you previously attended or are you currently attending a college or university? ']}]
Capabilities {acceptInsecureCerts: false, browserName: MicrosoftEdge, browserVersion: 121.0.2277.83, fedcm:accounts: true, ms:edgeOptions: {debuggerAddress: localhost:58016}, msedge: {msedgedriverVersion: 121.0.2277.83 (ff4586e3b035..., userDataDir: /var/folders/5m/4nc0x2kn289...}, networkConnectionEnabled: false, pageLoadStrategy: normal, platformName: mac, proxy: Proxy(), se:cdp: ws://localhost:58016/devtoo..., se:cdpVersion: 121.0.2277.83, setWindowRect: true, strictFileInteractability: false, timeouts: {implicit: 0, pageLoad: 300000, script: 30000}, unhandledPromptBehavior: dismiss and notify, webauthn:extension:credBlob: true, webauthn:extension:largeBlob: true, webauthn:extension:minPinLength: true, webauthn:extension:prf: true, webauthn:virtualAuthenticators: true}
Session ID: a940ef28248ebf545bad342c516c683f
	at java.base/jdk.internal.reflect.DirectConstructorHandleAccessor.newInstance(DirectConstructorHandleAccessor.java:67)
	at java.base/java.lang.reflect.Constructor.newInstanceWithCaller(Constructor.java:500)
	at java.base/java.lang.reflect.Constructor.newInstance(Constructor.java:484)
	at org.openqa.selenium.remote.codec.w3c.W3CHttpResponseCodec.createException(W3CHttpResponseCodec.java:185)
	at org.openqa.selenium.remote.codec.w3c.W3CHttpResponseCodec.decode(W3CHttpResponseCodec.java:134)
	at org.openqa.selenium.remote.codec.w3c.W3CHttpResponseCodec.decode(W3CHttpResponseCodec.java:51)
	at org.openqa.selenium.remote.HttpCommandExecutor.execute(HttpCommandExecutor.java:190)
	at org.openqa.selenium.remote.service.DriverCommandExecutor.invokeExecute(DriverCommandExecutor.java:216)
	at org.openqa.selenium.remote.service.DriverCommandExecutor.execute(DriverCommandExecutor.java:174)
	at org.openqa.selenium.remote.RemoteWebDriver.execute(RemoteWebDriver.java:519)
	at org.openqa.selenium.remote.ElementLocation$ElementFinder$2.findElement(ElementLocation.java:165)
	at org.openqa.selenium.remote.ElementLocation.findElement(ElementLocation.java:59)
	at org.openqa.selenium.remote.RemoteWebDriver.findElement(RemoteWebDriver.java:356)
	at org.openqa.selenium.remote.RemoteWebDriver.findElement(RemoteWebDriver.java:350)
	at com.ugapp.pages.MySchoolsPage.HaveAttendedOrAttendingCollegeAndUniversities_Yes(MySchoolsPage.java:1303)
	at com.ugapp.testcases.TC_11_MySchoolsPageTest.HaveAttendedOrAttendingCollegeAndUniversitiesYesTest(TC_11_MySchoolsPageTest.java:147)
	at java.base/jdk.internal.reflect.DirectMethodHandleAccessor.invoke(DirectMethodHandleAccessor.java:104)
	at java.base/java.lang.reflect.Method.invoke(Method.java:578)
	at org.testng.internal.MethodInvocationHelper.invokeMethod(MethodInvocationHelper.java:104)
	at org.testng.internal.Invoker.invokeMethod(Invoker.java:645)
	at org.testng.internal.Invoker.invokeTestMethod(Invoker.java:851)
	at org.testng.internal.Invoker.invokeTestMethods(Invoker.java:1177)
	at org.testng.internal.TestMethodWorker.invokeTestMethods(TestMethodWorker.java:129)
	at org.testng.internal.TestMethodWorker.run(TestMethodWorker.java:112)
	at org.testng.TestRunner.privateRun(TestRunner.java:756)
	at org.testng.TestRunner.run(TestRunner.java:610)
	at org.testng.SuiteRunner.runTest(SuiteRunner.java:387)
	at org.testng.SuiteRunner.access$000(SuiteRunner.java:39)
	at org.testng.SuiteRunner$SuiteWorker.run(SuiteRunner.java:421)
	at org.testng.internal.thread.ThreadUtil$2.call(ThreadUtil.java:64)
	at java.base/java.util.concurrent.FutureTask.run(FutureTask.java:317)
	at java.base/java.util.concurrent.ThreadPoolExecutor.runWorker(ThreadPoolExecutor.java:1144)
	at java.base/java.util.concurrent.ThreadPoolExecutor$Worker.run(ThreadPoolExecutor.java:642)
	at java.base/java.lang.Thread.run(Thread.java:1623)
]]>
    </error>
  </testcase> <!-- HaveAttendedOrAttendingCollegeAndUniversitiesYesTest -->
  <testcase classname="com.ugapp.testcases.TC_11_MySchoolsPageTest" name="HaveAttendedOrAttendingCollegeAndUniversitiesNoTest" time="2.216">
    <error message="malformed input off : 13, length : 1" type="java.lang.IllegalArgumentException">
      <![CDATA[java.lang.IllegalArgumentException: malformed input off : 13, length : 1
	at java.base/java.lang.String.throwMalformed(String.java:1260)
	at java.base/java.lang.String.decodeUTF8_UTF16(String.java:1173)
	at java.base/java.lang.String.newStringUTF8NoRepl(String.java:749)
	at java.base/java.lang.System$2.newStringUTF8NoRepl(System.java:2473)
	at java.base/java.util.zip.ZipCoder$UTF8ZipCoder.toString(ZipCoder.java:199)
	at java.base/java.util.zip.ZipCoder.toStringUTF8(ZipCoder.java:90)
	at java.base/java.util.zip.ZipInputStream.readLOC(ZipInputStream.java:515)
	at java.base/java.util.zip.ZipInputStream.getNextEntry(ZipInputStream.java:153)
	at org.apache.poi.openxml4j.util.ZipInputStreamZipEntrySource.<init>(ZipInputStreamZipEntrySource.java:51)
	at org.apache.poi.openxml4j.opc.ZipPackage.<init>(ZipPackage.java:82)
	at org.apache.poi.openxml4j.opc.OPCPackage.open(OPCPackage.java:220)
	at org.apache.poi.ss.usermodel.WorkbookFactory.create(WorkbookFactory.java:63)
	at com.ugapp.base.Page.initializeWriteExcelSheets(Page.java:488)
	at com.ugapp.pages.MySchoolsPage.HaveAttendedOrAttendingCollegeAndUniversities_No(MySchoolsPage.java:1363)
	at com.ugapp.testcases.TC_11_MySchoolsPageTest.HaveAttendedOrAttendingCollegeAndUniversitiesNoTest(TC_11_MySchoolsPageTest.java:198)
	at java.base/jdk.internal.reflect.DirectMethodHandleAccessor.invoke(DirectMethodHandleAccessor.java:104)
	at java.base/java.lang.reflect.Method.invoke(Method.java:578)
	at org.testng.internal.MethodInvocationHelper.invokeMethod(MethodInvocationHelper.java:104)
	at org.testng.internal.Invoker.invokeMethod(Invoker.java:645)
	at org.testng.internal.Invoker.invokeTestMethod(Invoker.java:851)
	at org.testng.internal.Invoker.invokeTestMethods(Invoker.java:1177)
	at org.testng.internal.TestMethodWorker.invokeTestMethods(TestMethodWorker.java:129)
	at org.testng.internal.TestMethodWorker.run(TestMethodWorker.java:112)
	at org.testng.TestRunner.privateRun(TestRunner.java:756)
	at org.testng.TestRunner.run(TestRunner.java:610)
	at org.testng.SuiteRunner.runTest(SuiteRunner.java:387)
	at org.testng.SuiteRunner.access$000(SuiteRunner.java:39)
	at org.testng.SuiteRunner$SuiteWorker.run(SuiteRunner.java:421)
	at org.testng.internal.thread.ThreadUtil$2.call(ThreadUtil.java:64)
	at java.base/java.util.concurrent.FutureTask.run(FutureTask.java:317)
	at java.base/java.util.concurrent.ThreadPoolExecutor.runWorker(ThreadPoolExecutor.java:1144)
	at java.base/java.util.concurrent.ThreadPoolExecutor$Worker.run(ThreadPoolExecutor.java:642)
	at java.base/java.lang.Thread.run(Thread.java:1623)
Caused by: java.nio.charset.MalformedInputException: Input length = 1
	... 33 more
]]>
    </error>
  </testcase> <!-- HaveAttendedOrAttendingCollegeAndUniversitiesNoTest -->
  <testcase classname="com.ugapp.testcases.TC_11_MySchoolsPageTest" name="Random_RecentSchoolTest" time="20.651">
    <error message="Error communicating with the remote browser. It may have died.
Build info: version: &#039;4.17.0&#039;, revision: &#039;e52b1be057*&#039;
System info: os.name: &#039;Mac OS X&#039;, os.arch: &#039;x86_64&#039;, os.version: &#039;12.7.2&#039;, java.version: &#039;20.0.2&#039;
Driver info: org.openqa.selenium.edge.EdgeDriver
Command: [a940ef28248ebf545bad342c516c683f, findElement [using, value]]
Capabilities {acceptInsecureCerts: false, browserName: MicrosoftEdge, browserVersion: 121.0.2277.83, fedcm:accounts: true, ms:edgeOptions: {debuggerAddress: localhost:58016}, msedge: {msedgedriverVersion: 121.0.2277.83 (ff4586e3b035..., userDataDir: /var/folders/5m/4nc0x2kn289...}, networkConnectionEnabled: false, pageLoadStrategy: normal, platformName: mac, proxy: Proxy(), se:cdp: ws://localhost:58016/devtoo..., se:cdpVersion: 121.0.2277.83, setWindowRect: true, strictFileInteractability: false, timeouts: {implicit: 0, pageLoad: 300000, script: 30000}, unhandledPromptBehavior: dismiss and notify, webauthn:extension:credBlob: true, webauthn:extension:largeBlob: true, webauthn:extension:minPinLength: true, webauthn:extension:prf: true, webauthn:virtualAuthenticators: true}
Session ID: a940ef28248ebf545bad342c516c683f" type="org.openqa.selenium.remote.UnreachableBrowserException">
      <![CDATA[org.openqa.selenium.remote.UnreachableBrowserException: Error communicating with the remote browser. It may have died.
Build info: version: '4.17.0', revision: 'e52b1be057*'
System info: os.name: 'Mac OS X', os.arch: 'x86_64', os.version: '12.7.2', java.version: '20.0.2'
Driver info: org.openqa.selenium.edge.EdgeDriver
Command: [a940ef28248ebf545bad342c516c683f, findElement [using, value]]
Capabilities {acceptInsecureCerts: false, browserName: MicrosoftEdge, browserVersion: 121.0.2277.83, fedcm:accounts: true, ms:edgeOptions: {debuggerAddress: localhost:58016}, msedge: {msedgedriverVersion: 121.0.2277.83 (ff4586e3b035..., userDataDir: /var/folders/5m/4nc0x2kn289...}, networkConnectionEnabled: false, pageLoadStrategy: normal, platformName: mac, proxy: Proxy(), se:cdp: ws://localhost:58016/devtoo..., se:cdpVersion: 121.0.2277.83, setWindowRect: true, strictFileInteractability: false, timeouts: {implicit: 0, pageLoad: 300000, script: 30000}, unhandledPromptBehavior: dismiss and notify, webauthn:extension:credBlob: true, webauthn:extension:largeBlob: true, webauthn:extension:minPinLength: true, webauthn:extension:prf: true, webauthn:virtualAuthenticators: true}
Session ID: a940ef28248ebf545bad342c516c683f
	at org.openqa.selenium.remote.RemoteWebDriver.execute(RemoteWebDriver.java:546)
	at org.openqa.selenium.remote.ElementLocation$ElementFinder$2.findElement(ElementLocation.java:165)
	at org.openqa.selenium.remote.ElementLocation.findElement(ElementLocation.java:59)
	at org.openqa.selenium.remote.RemoteWebDriver.findElement(RemoteWebDriver.java:356)
	at org.openqa.selenium.remote.RemoteWebDriver.findElement(RemoteWebDriver.java:350)
	at org.openqa.selenium.support.ui.ExpectedConditions$7.apply(ExpectedConditions.java:194)
	at org.openqa.selenium.support.ui.ExpectedConditions$7.apply(ExpectedConditions.java:190)
	at org.openqa.selenium.support.ui.ExpectedConditions$22.apply(ExpectedConditions.java:627)
	at org.openqa.selenium.support.ui.ExpectedConditions$22.apply(ExpectedConditions.java:624)
	at org.openqa.selenium.support.ui.FluentWait.until(FluentWait.java:203)
	at com.ugapp.pages.MySchoolsPage.Random_RecentSchool(MySchoolsPage.java:497)
	at com.ugapp.testcases.TC_11_MySchoolsPageTest.Random_RecentSchoolTest(TC_11_MySchoolsPageTest.java:55)
	at java.base/jdk.internal.reflect.DirectMethodHandleAccessor.invoke(DirectMethodHandleAccessor.java:104)
	at java.base/java.lang.reflect.Method.invoke(Method.java:578)
	at org.testng.internal.MethodInvocationHelper.invokeMethod(MethodInvocationHelper.java:104)
	at org.testng.internal.Invoker.invokeMethod(Invoker.java:645)
	at org.testng.internal.Invoker.invokeTestMethod(Invoker.java:851)
	at org.testng.internal.Invoker.invokeTestMethods(Invoker.java:1177)
	at org.testng.internal.TestMethodWorker.invokeTestMethods(TestMethodWorker.java:129)
	at org.testng.internal.TestMethodWorker.run(TestMethodWorker.java:112)
	at org.testng.TestRunner.privateRun(TestRunner.java:756)
	at org.testng.TestRunner.run(TestRunner.java:610)
	at org.testng.SuiteRunner.runTest(SuiteRunner.java:387)
	at org.testng.SuiteRunner.access$000(SuiteRunner.java:39)
	at org.testng.SuiteRunner$SuiteWorker.run(SuiteRunner.java:421)
	at org.testng.internal.thread.ThreadUtil$2.call(ThreadUtil.java:64)
	at java.base/java.util.concurrent.FutureTask.run(FutureTask.java:317)
	at java.base/java.util.concurrent.ThreadPoolExecutor.runWorker(ThreadPoolExecutor.java:1144)
	at java.base/java.util.concurrent.ThreadPoolExecutor$Worker.run(ThreadPoolExecutor.java:642)
	at java.base/java.lang.Thread.run(Thread.java:1623)
Caused by: java.lang.NullPointerException: Cannot invoke "java.net.http.HttpClient.sendAsync(java.net.http.HttpRequest, java.net.http.HttpResponse$BodyHandler)" because "this.client" is null
	at org.openqa.selenium.remote.http.jdk.JdkHttpClient.execute0(JdkHttpClient.java:382)
	at org.openqa.selenium.remote.http.AddSeleniumUserAgent.lambda$apply$0(AddSeleniumUserAgent.java:42)
	at org.openqa.selenium.remote.http.Filter.lambda$andFinally$1(Filter.java:55)
	at org.openqa.selenium.remote.http.jdk.JdkHttpClient.execute(JdkHttpClient.java:358)
	at org.openqa.selenium.remote.HttpCommandExecutor.execute(HttpCommandExecutor.java:187)
	at org.openqa.selenium.remote.service.DriverCommandExecutor.invokeExecute(DriverCommandExecutor.java:216)
	at org.openqa.selenium.remote.service.DriverCommandExecutor.execute(DriverCommandExecutor.java:174)
	at org.openqa.selenium.remote.RemoteWebDriver.execute(RemoteWebDriver.java:519)
	... 29 more
]]>
    </error>
  </testcase> <!-- Random_RecentSchoolTest -->
  <testcase classname="com.ugapp.testcases.TC_04_CreateAccountTest" name="createAccountTest">
    <skipped/>
  </testcase> <!-- createAccountTest -->
  <testcase classname="com.ugapp.testcases.TC_04_CreateAccountTest" name="createAccountTest">
    <skipped/>
  </testcase> <!-- createAccountTest -->
  <testcase classname="com.ugapp.testcases.TC_04_CreateAccountTest" name="checkLinksInCreateAccount">
    <skipped/>
  </testcase> <!-- checkLinksInCreateAccount -->
  <testcase classname="com.ugapp.testcases.TC_04_CreateAccountTest" name="checkLinksInCreateAccount">
    <skipped/>
  </testcase> <!-- checkLinksInCreateAccount -->
  <testcase classname="com.ugapp.testcases.TC_04_CreateAccountTest" name="writeValidDetails">
    <skipped/>
  </testcase> <!-- writeValidDetails -->
  <testcase classname="com.ugapp.testcases.TC_04_CreateAccountTest" name="writeValidDetails">
    <skipped/>
  </testcase> <!-- writeValidDetails -->
  <testcase classname="com.ugapp.testcases.TC_11_MySchoolsPageTest" name="RandomGraduationDateTest">
    <skipped/>
  </testcase> <!-- RandomGraduationDateTest -->
  <testcase classname="com.ugapp.testcases.TC_11_MySchoolsPageTest" name="RandomGraduationDateTest">
    <skipped/>
  </testcase> <!-- RandomGraduationDateTest -->
  <testcase classname="com.ugapp.testcases.TC_11_MySchoolsPageTest" name="CollegeUniversitiesTest">
    <skipped/>
  </testcase> <!-- CollegeUniversitiesTest -->
  <testcase classname="com.ugapp.testcases.TC_11_MySchoolsPageTest" name="HaveAttendedOrAttendingCollegeAndUniversitiesNoTest">
    <skipped/>
  </testcase> <!-- HaveAttendedOrAttendingCollegeAndUniversitiesNoTest -->
  <testcase classname="com.ugapp.testcases.TC_11_MySchoolsPageTest" name="PreviousCollegeEligibilityTest">
    <skipped/>
  </testcase> <!-- PreviousCollegeEligibilityTest -->
  <testcase classname="com.ugapp.testcases.TC_11_MySchoolsPageTest" name="GraduatingSchoolTest">
    <skipped/>
  </testcase> <!-- GraduatingSchoolTest -->
  <testcase classname="com.ugapp.testcases.TC_11_MySchoolsPageTest" name="GraduatingSchoolTest">
    <skipped/>
  </testcase> <!-- GraduatingSchoolTest -->
  <testcase classname="com.ugapp.testcases.TC_11_MySchoolsPageTest" name="RecentHighSchool_CountryTest">
    <skipped/>
  </testcase> <!-- RecentHighSchool_CountryTest -->
  <testcase classname="com.ugapp.testcases.TC_11_MySchoolsPageTest" name="RecentHighSchool_CountryTest">
    <skipped/>
  </testcase> <!-- RecentHighSchool_CountryTest -->
  <testcase classname="com.ugapp.testcases.TC_11_MySchoolsPageTest" name="saveInstitutionTest">
    <skipped/>
  </testcase> <!-- saveInstitutionTest -->
  <testcase classname="com.ugapp.testcases.TC_11_MySchoolsPageTest" name="HaveAttendedOrAttendingCollegeAndUniversitiesYesTest">
    <skipped/>
  </testcase> <!-- HaveAttendedOrAttendingCollegeAndUniversitiesYesTest -->
  <testcase classname="com.ugapp.testcases.TC_11_MySchoolsPageTest" name="EnterFirstAndLastDateTest">
    <skipped/>
  </testcase> <!-- EnterFirstAndLastDateTest -->
  <testcase classname="com.ugapp.testcases.TC_11_MySchoolsPageTest" name="RecentSchoolAZTest">
    <skipped/>
  </testcase> <!-- RecentSchoolAZTest -->
  <testcase classname="com.ugapp.testcases.TC_11_MySchoolsPageTest" name="RecentSchoolAZTest">
    <skipped/>
  </testcase> <!-- RecentSchoolAZTest -->
  <testcase classname="com.ugapp.testcases.TC_11_MySchoolsPageTest" name="DeleteAddedSchoolTest">
    <skipped/>
  </testcase> <!-- DeleteAddedSchoolTest -->
  <testcase classname="com.ugapp.testcases.TC_11_MySchoolsPageTest" name="FutureGraduationDateTest">
    <skipped/>
  </testcase> <!-- FutureGraduationDateTest -->
  <testcase classname="com.ugapp.testcases.TC_11_MySchoolsPageTest" name="DeleteAddedSchoolTest">
    <skipped/>
  </testcase> <!-- DeleteAddedSchoolTest -->
  <testcase classname="com.ugapp.testcases.TC_11_MySchoolsPageTest" name="FutureGraduationDateTest">
    <skipped/>
  </testcase> <!-- FutureGraduationDateTest -->
  <testcase classname="com.ugapp.testcases.TC_11_MySchoolsPageTest" name="AddMaxHighSchoolTest">
    <skipped/>
  </testcase> <!-- AddMaxHighSchoolTest -->
  <testcase classname="com.ugapp.testcases.TC_11_MySchoolsPageTest" name="AddMaxHighSchoolTest">
    <skipped/>
  </testcase> <!-- AddMaxHighSchoolTest -->
  <testcase classname="com.ugapp.testcases.TC_11_MySchoolsPageTest" name="Random_CollegeUniversitiesTest">
    <skipped/>
  </testcase> <!-- Random_CollegeUniversitiesTest -->
  <testcase classname="com.ugapp.testcases.TC_11_MySchoolsPageTest" name="SelectNameOnTranscriptTest">
    <skipped/>
  </testcase> <!-- SelectNameOnTranscriptTest -->
  <testcase classname="com.ugapp.testcases.TC_11_MySchoolsPageTest" name="Random_CollegeUniversitiesTest">
    <skipped/>
  </testcase> <!-- Random_CollegeUniversitiesTest -->
  <testcase classname="com.ugapp.testcases.TC_11_MySchoolsPageTest" name="SelectNameOnTranscriptTest">
    <skipped/>
  </testcase> <!-- SelectNameOnTranscriptTest -->
  <testcase classname="com.ugapp.testcases.TC_11_MySchoolsPageTest" name="validateAddSchoolTest">
    <skipped/>
  </testcase> <!-- validateAddSchoolTest -->
  <testcase classname="com.ugapp.testcases.TC_11_MySchoolsPageTest" name="validateAddSchoolTest">
    <skipped/>
  </testcase> <!-- validateAddSchoolTest -->
  <testcase classname="com.ugapp.testcases.TC_12_MyHighSchoolGradesTest" name="selectTranscriptOnlyCardTest">
    <skipped/>
  </testcase> <!-- selectTranscriptOnlyCardTest -->
  <testcase classname="com.ugapp.testcases.TC_12_MyHighSchoolGradesTest" name="gpaScaleGradingSystem">
    <skipped/>
  </testcase> <!-- gpaScaleGradingSystem -->
  <testcase classname="com.ugapp.testcases.TC_12_MyHighSchoolGradesTest" name="overAllAcademicsTest">
    <skipped/>
  </testcase> <!-- overAllAcademicsTest -->
  <testcase classname="com.ugapp.testcases.TC_12_MyHighSchoolGradesTest" name="addCourse">
    <skipped/>
  </testcase> <!-- addCourse -->
  <testcase classname="com.ugapp.testcases.TC_12_MyHighSchoolGradesTest" name="RequiredFields">
    <skipped/>
  </testcase> <!-- RequiredFields -->
  <testcase classname="com.ugapp.testcases.TC_12_MyHighSchoolGradesTest" name="NonResidentflowTest">
    <skipped/>
  </testcase> <!-- NonResidentflowTest -->
  <testcase classname="com.ugapp.testcases.TC_12_MyHighSchoolGradesTest" name="NonResidentflowTest">
    <skipped/>
  </testcase> <!-- NonResidentflowTest -->
  <testcase classname="com.ugapp.testcases.TC_12_MyHighSchoolGradesTest" name="selectSelfReportCardTest">
    <skipped/>
  </testcase> <!-- selectSelfReportCardTest -->
  <testcase classname="com.ugapp.testcases.TC_07_LogInTest" name="LogInUsingAsurite">
    <skipped/>
  </testcase> <!-- LogInUsingAsurite -->
  <testcase classname="com.ugapp.testcases.TC_07_LogInTest" name="LogInUsingAsurite">
    <skipped/>
  </testcase> <!-- LogInUsingAsurite -->
  <testcase classname="com.ugapp.testcases.TC_07_LogInTest" name="loginTest">
    <skipped/>
  </testcase> <!-- loginTest -->
  <testcase classname="com.ugapp.testcases.TC_07_LogInTest" name="loginTest">
    <skipped/>
  </testcase> <!-- loginTest -->
  <testcase classname="com.ugapp.testcases.BaseTest" name="tearDown">
    <skipped/>
  </testcase> <!-- tearDown -->
  <testcase classname="com.ugapp.testcases.BaseTest" name="tearDown">
    <skipped/>
  </testcase> <!-- tearDown -->
  <testcase classname="com.ugapp.testcases.BaseTest" name="tearDown">
    <skipped/>
  </testcase> <!-- tearDown -->
  <testcase classname="com.ugapp.testcases.BaseTest" name="tearDown">
    <skipped/>
  </testcase> <!-- tearDown -->
  <testcase classname="com.ugapp.testcases.BaseTest" name="tearDown">
    <skipped/>
  </testcase> <!-- tearDown -->
  <testcase classname="com.ugapp.testcases.BaseTest" name="tearDown">
    <skipped/>
  </testcase> <!-- tearDown -->
  <testcase classname="com.ugapp.testcases.BaseTest" name="tearDown">
    <skipped/>
  </testcase> <!-- tearDown -->
  <testcase classname="com.ugapp.testcases.BaseTest" name="tearDown">
    <skipped/>
  </testcase> <!-- tearDown -->
  <testcase classname="com.ugapp.testcases.BaseTest" name="tearDown">
    <skipped/>
  </testcase> <!-- tearDown -->
  <testcase classname="com.ugapp.testcases.BaseTest" name="tearDown">
    <skipped/>
  </testcase> <!-- tearDown -->
  <testcase classname="com.ugapp.testcases.BaseTest" name="tearDown">
    <skipped/>
  </testcase> <!-- tearDown -->
  <testcase classname="com.ugapp.testcases.BaseTest" name="tearDown">
    <skipped/>
  </testcase> <!-- tearDown -->
  <testcase classname="com.ugapp.testcases.BaseTest" name="tearDown">
    <skipped/>
  </testcase> <!-- tearDown -->
  <testcase classname="com.ugapp.testcases.BaseTest" name="tearDown">
    <skipped/>
  </testcase> <!-- tearDown -->
  <testcase classname="com.ugapp.testcases.BaseTest" name="tearDown">
    <skipped/>
  </testcase> <!-- tearDown -->
  <testcase classname="com.ugapp.testcases.BaseTest" name="tearDown">
    <skipped/>
  </testcase> <!-- tearDown -->
  <testcase classname="com.ugapp.testcases.BaseTest" name="setup">
    <skipped/>
  </testcase> <!-- setup -->
  <testcase classname="com.ugapp.testcases.BaseTest" name="setup">
    <skipped/>
  </testcase> <!-- setup -->
  <testcase classname="com.ugapp.testcases.BaseTest" name="setup">
    <skipped/>
  </testcase> <!-- setup -->
  <testcase classname="com.ugapp.testcases.BaseTest" name="setup">
    <skipped/>
  </testcase> <!-- setup -->
  <testcase classname="com.ugapp.testcases.BaseTest" name="setup">
    <skipped/>
  </testcase> <!-- setup -->
  <testcase classname="com.ugapp.testcases.BaseTest" name="setup">
    <skipped/>
  </testcase> <!-- setup -->
  <testcase classname="com.ugapp.testcases.BaseTest" name="setup">
    <skipped/>
  </testcase> <!-- setup -->
  <testcase classname="com.ugapp.testcases.BaseTest" name="setup">
    <skipped/>
  </testcase> <!-- setup -->
  <testcase classname="com.ugapp.testcases.BaseTest" name="setup">
    <skipped/>
  </testcase> <!-- setup -->
  <testcase classname="com.ugapp.testcases.BaseTest" name="setup">
    <skipped/>
  </testcase> <!-- setup -->
  <testcase classname="com.ugapp.testcases.BaseTest" name="setup">
    <skipped/>
  </testcase> <!-- setup -->
  <testcase classname="com.ugapp.testcases.BaseTest" name="setup">
    <skipped/>
  </testcase> <!-- setup -->
  <testcase classname="com.ugapp.testcases.BaseTest" name="setup">
    <skipped/>
  </testcase> <!-- setup -->
  <testcase classname="com.ugapp.testcases.BaseTest" name="setup">
    <skipped/>
  </testcase> <!-- setup -->
  <testcase classname="com.ugapp.testcases.BaseTest" name="setup">
    <skipped/>
  </testcase> <!-- setup -->
  <testcase classname="com.ugapp.testcases.BaseTest" name="setup">
    <skipped/>
  </testcase> <!-- setup -->
  <testcase classname="com.ugapp.testcases.BaseTest" name="colNum">
    <skipped/>
  </testcase> <!-- colNum -->
  <testcase classname="com.ugapp.testcases.BaseTest" name="colNum">
    <skipped/>
  </testcase> <!-- colNum -->
  <testcase classname="com.ugapp.testcases.BaseTest" name="colNum">
    <skipped/>
  </testcase> <!-- colNum -->
  <testcase classname="com.ugapp.testcases.BaseTest" name="colNum">
    <skipped/>
  </testcase> <!-- colNum -->
  <testcase classname="com.ugapp.testcases.BaseTest" name="colNum">
    <skipped/>
  </testcase> <!-- colNum -->
  <testcase classname="com.ugapp.testcases.BaseTest" name="colNum">
    <skipped/>
  </testcase> <!-- colNum -->
  <testcase classname="com.ugapp.testcases.BaseTest" name="colNum">
    <skipped/>
  </testcase> <!-- colNum -->
  <testcase classname="com.ugapp.testcases.BaseTest" name="colNum">
    <skipped/>
  </testcase> <!-- colNum -->
  <testcase classname="com.ugapp.testcases.BaseTest" name="colNum">
    <skipped/>
  </testcase> <!-- colNum -->
  <testcase classname="com.ugapp.testcases.BaseTest" name="colNum">
    <skipped/>
  </testcase> <!-- colNum -->
  <testcase classname="com.ugapp.testcases.BaseTest" name="colNum">
    <skipped/>
  </testcase> <!-- colNum -->
  <testcase classname="com.ugapp.testcases.BaseTest" name="colNum">
    <skipped/>
  </testcase> <!-- colNum -->
  <testcase classname="com.ugapp.testcases.BaseTest" name="colNum">
    <skipped/>
  </testcase> <!-- colNum -->
  <testcase classname="com.ugapp.testcases.BaseTest" name="colNum">
    <skipped/>
  </testcase> <!-- colNum -->
  <testcase classname="com.ugapp.testcases.BaseTest" name="colNum">
    <skipped/>
  </testcase> <!-- colNum -->
  <testcase classname="com.ugapp.testcases.BaseTest" name="colNum">
    <skipped/>
  </testcase> <!-- colNum -->
  <testcase classname="com.ugapp.testcases.TC_10_MyASUProgramPageTest" name="Nursing">
    <skipped/>
  </testcase> <!-- Nursing -->
  <testcase classname="com.ugapp.testcases.TC_10_MyASUProgramPageTest" name="errorText">
    <skipped/>
  </testcase> <!-- errorText -->
  <testcase classname="com.ugapp.testcases.TC_10_MyASUProgramPageTest" name="Nursing">
    <skipped/>
  </testcase> <!-- Nursing -->
  <testcase classname="com.ugapp.testcases.TC_10_MyASUProgramPageTest" name="errorText">
    <skipped/>
  </testcase> <!-- errorText -->
  <testcase classname="com.ugapp.testcases.TC_10_MyASUProgramPageTest" name="clearFilter">
    <skipped/>
  </testcase> <!-- clearFilter -->
  <testcase classname="com.ugapp.testcases.TC_10_MyASUProgramPageTest" name="clearFilter">
    <skipped/>
  </testcase> <!-- clearFilter -->
  <testcase classname="com.ugapp.testcases.TC_10_MyASUProgramPageTest" name="SearchForProgram">
    <skipped/>
  </testcase> <!-- SearchForProgram -->
  <testcase classname="com.ugapp.testcases.TC_10_MyASUProgramPageTest" name="SearchForProgram">
    <skipped/>
  </testcase> <!-- SearchForProgram -->
  <testcase classname="com.ugapp.testcases.TC_10_MyASUProgramPageTest" name="academicCalender">
    <skipped/>
  </testcase> <!-- academicCalender -->
  <testcase classname="com.ugapp.testcases.TC_10_MyASUProgramPageTest" name="academicCalender">
    <skipped/>
  </testcase> <!-- academicCalender -->
  <testcase classname="com.ugapp.testcases.TC_13_AZresidencyPageTest" name="DriverLicense_YesTest">
    <skipped/>
  </testcase> <!-- DriverLicense_YesTest -->
  <testcase classname="com.ugapp.testcases.TC_13_AZresidencyPageTest" name="DriverLicense_YesTest">
    <skipped/>
  </testcase> <!-- DriverLicense_YesTest -->
  <testcase classname="com.ugapp.testcases.TC_13_AZresidencyPageTest" name="RegisteredToVoteTest">
    <skipped/>
  </testcase> <!-- RegisteredToVoteTest -->
  <testcase classname="com.ugapp.testcases.TC_13_AZresidencyPageTest" name="ActiveDutyflowTest">
    <skipped/>
  </testcase> <!-- ActiveDutyflowTest -->
  <testcase classname="com.ugapp.testcases.TC_13_AZresidencyPageTest" name="SpouseOrDependentflowTest">
    <skipped/>
  </testcase> <!-- SpouseOrDependentflowTest -->
  <testcase classname="com.ugapp.testcases.TC_13_AZresidencyPageTest" name="OtherFinancialSupportTest">
    <skipped/>
  </testcase> <!-- OtherFinancialSupportTest -->
  <testcase classname="com.ugapp.testcases.TC_13_AZresidencyPageTest" name="EnrolledAnotherCollOrUniversityYesTest">
    <skipped/>
  </testcase> <!-- EnrolledAnotherCollOrUniversityYesTest -->
  <testcase classname="com.ugapp.testcases.TC_13_AZresidencyPageTest" name="SpouseOrDependentflowTest">
    <skipped/>
  </testcase> <!-- SpouseOrDependentflowTest -->
  <testcase classname="com.ugapp.testcases.TC_13_AZresidencyPageTest" name="PermanentHome_OOSTest">
    <skipped/>
  </testcase> <!-- PermanentHome_OOSTest -->
  <testcase classname="com.ugapp.testcases.TC_13_AZresidencyPageTest" name="OwnVehicleDetails_NoTest">
    <skipped/>
  </testcase> <!-- OwnVehicleDetails_NoTest -->
  <testcase classname="com.ugapp.testcases.TC_13_AZresidencyPageTest" name="OwnVehicleDetails_NoTest">
    <skipped/>
  </testcase> <!-- OwnVehicleDetails_NoTest -->
  <testcase classname="com.ugapp.testcases.TC_13_AZresidencyPageTest" name="EnrolledAnotherCollOrUniversityNoTest">
    <skipped/>
  </testcase> <!-- EnrolledAnotherCollOrUniversityNoTest -->
  <testcase classname="com.ugapp.testcases.TC_13_AZresidencyPageTest" name="StateTaxes_YesTest">
    <skipped/>
  </testcase> <!-- StateTaxes_YesTest -->
  <testcase classname="com.ugapp.testcases.TC_13_AZresidencyPageTest" name="EnrolledAnotherCollOrUniversityNoTest">
    <skipped/>
  </testcase> <!-- EnrolledAnotherCollOrUniversityNoTest -->
  <testcase classname="com.ugapp.testcases.TC_13_AZresidencyPageTest" name="StateTaxes_YesTest">
    <skipped/>
  </testcase> <!-- StateTaxes_YesTest -->
  <testcase classname="com.ugapp.testcases.TC_13_AZresidencyPageTest" name="FiftyPercentOfFinancialSupportForParentTest">
    <skipped/>
  </testcase> <!-- FiftyPercentOfFinancialSupportForParentTest -->
  <testcase classname="com.ugapp.testcases.TC_13_AZresidencyPageTest" name="ParentLegalGuardianDetails_AZTest">
    <skipped/>
  </testcase> <!-- ParentLegalGuardianDetails_AZTest -->
  <testcase classname="com.ugapp.testcases.TC_13_AZresidencyPageTest" name="LivingInAZForLast12monsTest">
    <skipped/>
  </testcase> <!-- LivingInAZForLast12monsTest -->
  <testcase classname="com.ugapp.testcases.TC_13_AZresidencyPageTest" name="DependentOnParent_NoTest">
    <skipped/>
  </testcase> <!-- DependentOnParent_NoTest -->
  <testcase classname="com.ugapp.testcases.TC_13_AZresidencyPageTest" name="DependentOnParent_NoTest">
    <skipped/>
  </testcase> <!-- DependentOnParent_NoTest -->
  <testcase classname="com.ugapp.testcases.TC_13_AZresidencyPageTest" name="DependentOnParent_YesTest">
    <skipped/>
  </testcase> <!-- DependentOnParent_YesTest -->
  <testcase classname="com.ugapp.testcases.TC_13_AZresidencyPageTest" name="ContinuePageTest">
    <skipped/>
  </testcase> <!-- ContinuePageTest -->
  <testcase classname="com.ugapp.testcases.TC_13_AZresidencyPageTest" name="ContinuePageTest">
    <skipped/>
  </testcase> <!-- ContinuePageTest -->
  <testcase classname="com.ugapp.testcases.TC_13_AZresidencyPageTest" name="EmploymentDetails_YesTest">
    <skipped/>
  </testcase> <!-- EmploymentDetails_YesTest -->
  <testcase classname="com.ugapp.testcases.TC_13_AZresidencyPageTest" name="EmploymentDetails_YesTest">
    <skipped/>
  </testcase> <!-- EmploymentDetails_YesTest -->
  <testcase classname="com.ugapp.testcases.TC_13_AZresidencyPageTest" name="EmploymentDetails_NoTest">
    <skipped/>
  </testcase> <!-- EmploymentDetails_NoTest -->
  <testcase classname="com.ugapp.testcases.TC_13_AZresidencyPageTest" name="PermanentHome_AZTest">
    <skipped/>
  </testcase> <!-- PermanentHome_AZTest -->
  <testcase classname="com.ugapp.testcases.TC_13_AZresidencyPageTest" name="OwnVehicleDetails_YesTest">
    <skipped/>
  </testcase> <!-- OwnVehicleDetails_YesTest -->
  <testcase classname="com.ugapp.testcases.TC_13_AZresidencyPageTest" name="SourceOfSupportTest">
    <skipped/>
  </testcase> <!-- SourceOfSupportTest -->
  <testcase classname="com.ugapp.testcases.TC_13_AZresidencyPageTest" name="EnrolledAtASUTest">
    <skipped/>
  </testcase> <!-- EnrolledAtASUTest -->
  <testcase classname="com.ugapp.testcases.TC_13_AZresidencyPageTest" name="ParentLegalGuardianDetailsTest">
    <skipped/>
  </testcase> <!-- ParentLegalGuardianDetailsTest -->
  <testcase classname="com.ugapp.testcases.TC_13_AZresidencyPageTest" name="Prop308flowTest">
    <skipped/>
  </testcase> <!-- Prop308flowTest -->
  <testcase classname="com.ugapp.testcases.TC_13_AZresidencyPageTest" name="StateTaxes_NoTest">
    <skipped/>
  </testcase> <!-- StateTaxes_NoTest -->
  <testcase classname="com.ugapp.testcases.TC_13_AZresidencyPageTest" name="Prop308flowTest">
    <skipped/>
  </testcase> <!-- Prop308flowTest -->
  <testcase classname="com.ugapp.testcases.TC_13_AZresidencyPageTest" name="ArmedForcesReserveOrNationalGuradianflowTest">
    <skipped/>
  </testcase> <!-- ArmedForcesReserveOrNationalGuradianflowTest -->
  <testcase classname="com.ugapp.testcases.TC_13_AZresidencyPageTest" name="ArmedForcesReserveOrNationalGuradianflowTest">
    <skipped/>
  </testcase> <!-- ArmedForcesReserveOrNationalGuradianflowTest -->
  <testcase classname="com.ugapp.testcases.TC_13_AZresidencyPageTest" name="NonResidentAZflowTest">
    <skipped/>
  </testcase> <!-- NonResidentAZflowTest -->
  <testcase classname="com.ugapp.testcases.TC_13_AZresidencyPageTest" name="NonResidentAZflowTest">
    <skipped/>
  </testcase> <!-- NonResidentAZflowTest -->
  <testcase classname="com.ugapp.testcases.TC_13_AZresidencyPageTest" name="FinancialSupportTest">
    <skipped/>
  </testcase> <!-- FinancialSupportTest -->
  <testcase classname="com.ugapp.testcases.TC_13_AZresidencyPageTest" name="FinancialSupportTest">
    <skipped/>
  </testcase> <!-- FinancialSupportTest -->
  <testcase classname="com.ugapp.testcases.TC_13_AZresidencyPageTest" name="VeteranflowTest">
    <skipped/>
  </testcase> <!-- VeteranflowTest -->
  <testcase classname="com.ugapp.testcases.TC_01_LandingPageTest" name="CreateNewAcc">
    <skipped/>
  </testcase> <!-- CreateNewAcc -->
  <testcase classname="com.ugapp.testcases.TC_01_LandingPageTest" name="CreateNewAcc">
    <skipped/>
  </testcase> <!-- CreateNewAcc -->
  <testcase classname="com.ugapp.testcases.TC_08_PreAppDashboardTest" name="BirthdayAge_24Test">
    <skipped/>
  </testcase> <!-- BirthdayAge_24Test -->
  <testcase classname="com.ugapp.testcases.TC_08_PreAppDashboardTest" name="BirthdayAge_24Test">
    <skipped/>
  </testcase> <!-- BirthdayAge_24Test -->
  <testcase classname="com.ugapp.testcases.TC_08_PreAppDashboardTest" name="PreAppDashboardTest">
    <skipped/>
  </testcase> <!-- PreAppDashboardTest -->
  <testcase classname="com.ugapp.testcases.TC_08_PreAppDashboardTest" name="PreAppDashboardTest">
    <skipped/>
  </testcase> <!-- PreAppDashboardTest -->
  <testcase classname="com.ugapp.testcases.TC_08_PreAppDashboardTest" name="Birthday_Random">
    <skipped/>
  </testcase> <!-- Birthday_Random -->
  <testcase classname="com.ugapp.testcases.TC_08_PreAppDashboardTest" name="Birthday_Random">
    <skipped/>
  </testcase> <!-- Birthday_Random -->
  <testcase classname="com.ugapp.testcases.TC_08_PreAppDashboardTest" name="BirthdayAge_18Test">
    <skipped/>
  </testcase> <!-- BirthdayAge_18Test -->
  <testcase classname="com.ugapp.testcases.TC_08_PreAppDashboardTest" name="BirthdayAge_Greater24Test">
    <skipped/>
  </testcase> <!-- BirthdayAge_Greater24Test -->
  <testcase classname="com.ugapp.testcases.TC_08_PreAppDashboardTest" name="BirthdayAge_18Test">
    <skipped/>
  </testcase> <!-- BirthdayAge_18Test -->
  <testcase classname="com.ugapp.testcases.TC_08_PreAppDashboardTest" name="BirthdayAge_Greater24Test">
    <skipped/>
  </testcase> <!-- BirthdayAge_Greater24Test -->
  <testcase classname="com.ugapp.testcases.TC_08_PreAppDashboardTest" name="NeedHelpTest">
    <skipped/>
  </testcase> <!-- NeedHelpTest -->
  <testcase classname="com.ugapp.testcases.TC_08_PreAppDashboardTest" name="NeedHelpTest">
    <skipped/>
  </testcase> <!-- NeedHelpTest -->
  <testcase classname="com.ugapp.testcases.TC_08_PreAppDashboardTest" name="BirthdayAge_Btn18_24Test">
    <skipped/>
  </testcase> <!-- BirthdayAge_Btn18_24Test -->
  <testcase classname="com.ugapp.testcases.TC_08_PreAppDashboardTest" name="PreAppDashboardElements">
    <skipped/>
  </testcase> <!-- PreAppDashboardElements -->
  <testcase classname="com.ugapp.testcases.TC_08_PreAppDashboardTest" name="PreAppDashboardElements">
    <skipped/>
  </testcase> <!-- PreAppDashboardElements -->
  <testcase classname="com.ugapp.testcases.TC_08_PreAppDashboardTest" name="BirthdayAge_Less18Test">
    <skipped/>
  </testcase> <!-- BirthdayAge_Less18Test -->
  <testcase classname="com.ugapp.testcases.TC_09_MyInformationPageTest" name="visaType_DACA_UDTest">
    <skipped/>
  </testcase> <!-- visaType_DACA_UDTest -->
  <testcase classname="com.ugapp.testcases.TC_09_MyInformationPageTest" name="visaType_DACA_UDTest">
    <skipped/>
  </testcase> <!-- visaType_DACA_UDTest -->
  <testcase classname="com.ugapp.testcases.TC_09_MyInformationPageTest" name="Not_US_Citizenship">
    <skipped/>
  </testcase> <!-- Not_US_Citizenship -->
  <testcase classname="com.ugapp.testcases.TC_09_MyInformationPageTest" name="HomeAddressTest">
    <skipped/>
  </testcase> <!-- HomeAddressTest -->
  <testcase classname="com.ugapp.testcases.TC_09_MyInformationPageTest" name="FloatingNeedHelp">
    <skipped/>
  </testcase> <!-- FloatingNeedHelp -->
  <testcase classname="com.ugapp.testcases.TC_09_MyInformationPageTest" name="HomeAddressTest">
    <skipped/>
  </testcase> <!-- HomeAddressTest -->
  <testcase classname="com.ugapp.testcases.TC_09_MyInformationPageTest" name="FloatingNeedHelp">
    <skipped/>
  </testcase> <!-- FloatingNeedHelp -->
  <testcase classname="com.ugapp.testcases.TC_09_MyInformationPageTest" name="visaType_F1_J1_JNTest">
    <skipped/>
  </testcase> <!-- visaType_F1_J1_JNTest -->
  <testcase classname="com.ugapp.testcases.TC_09_MyInformationPageTest" name="visaType_F1_J1_JNTest">
    <skipped/>
  </testcase> <!-- visaType_F1_J1_JNTest -->
  <testcase classname="com.ugapp.testcases.TC_09_MyInformationPageTest" name="ArmedForceReserveOrNationalGuardian_MilitaryTest">
    <skipped/>
  </testcase> <!-- ArmedForceReserveOrNationalGuardian_MilitaryTest -->
  <testcase classname="com.ugapp.testcases.TC_09_MyInformationPageTest" name="ArmedForceReserveOrNationalGuardian_MilitaryTest">
    <skipped/>
  </testcase> <!-- ArmedForceReserveOrNationalGuardian_MilitaryTest -->
  <testcase classname="com.ugapp.testcases.TC_09_MyInformationPageTest" name="validateNeedhelpform">
    <skipped/>
  </testcase> <!-- validateNeedhelpform -->
  <testcase classname="com.ugapp.testcases.TC_09_MyInformationPageTest" name="validateNeedhelpform">
    <skipped/>
  </testcase> <!-- validateNeedhelpform -->
  <testcase classname="com.ugapp.testcases.TC_09_MyInformationPageTest" name="visaType_PermResRefugeeTest">
    <skipped/>
  </testcase> <!-- visaType_PermResRefugeeTest -->
  <testcase classname="com.ugapp.testcases.TC_09_MyInformationPageTest" name="NoneOfTheseApply_MilitaryTest">
    <skipped/>
  </testcase> <!-- NoneOfTheseApply_MilitaryTest -->
  <testcase classname="com.ugapp.testcases.TC_09_MyInformationPageTest" name="NoneOfTheseApply_MilitaryTest">
    <skipped/>
  </testcase> <!-- NoneOfTheseApply_MilitaryTest -->
  <testcase classname="com.ugapp.testcases.TC_09_MyInformationPageTest" name="Edit_SaveFormerNameTest">
    <skipped/>
  </testcase> <!-- Edit_SaveFormerNameTest -->
  <testcase classname="com.ugapp.testcases.TC_09_MyInformationPageTest" name="Edit_SaveFormerNameTest">
    <skipped/>
  </testcase> <!-- Edit_SaveFormerNameTest -->
  <testcase classname="com.ugapp.testcases.TC_09_MyInformationPageTest" name="SpouseOrDependent_MilitaryTest">
    <skipped/>
  </testcase> <!-- SpouseOrDependent_MilitaryTest -->
  <testcase classname="com.ugapp.testcases.TC_09_MyInformationPageTest" name="SpouseOrDependent_MilitaryTest">
    <skipped/>
  </testcase> <!-- SpouseOrDependent_MilitaryTest -->
  <testcase classname="com.ugapp.testcases.TC_09_MyInformationPageTest" name="EthnicityBackgroundTest">
    <skipped/>
  </testcase> <!-- EthnicityBackgroundTest -->
  <testcase classname="com.ugapp.testcases.TC_09_MyInformationPageTest" name="Veteran_MilitaryTest">
    <skipped/>
  </testcase> <!-- Veteran_MilitaryTest -->
  <testcase classname="com.ugapp.testcases.TC_09_MyInformationPageTest" name="DeleteFormerNameTest">
    <skipped/>
  </testcase> <!-- DeleteFormerNameTest -->
  <testcase classname="com.ugapp.testcases.TC_09_MyInformationPageTest" name="FormerNameTest">
    <skipped/>
  </testcase> <!-- FormerNameTest -->
  <testcase classname="com.ugapp.testcases.TC_09_MyInformationPageTest" name="DeleteFormerNameTest">
    <skipped/>
  </testcase> <!-- DeleteFormerNameTest -->
  <testcase classname="com.ugapp.testcases.TC_09_MyInformationPageTest" name="FormerNameTest">
    <skipped/>
  </testcase> <!-- FormerNameTest -->
  <testcase classname="com.ugapp.testcases.TC_09_MyInformationPageTest" name="ValidateFormerNames">
    <skipped/>
  </testcase> <!-- ValidateFormerNames -->
  <testcase classname="com.ugapp.testcases.TC_09_MyInformationPageTest" name="ValidateParentNames">
    <skipped/>
  </testcase> <!-- ValidateParentNames -->
  <testcase classname="com.ugapp.testcases.TC_09_MyInformationPageTest" name="ValidateFormerNames">
    <skipped/>
  </testcase> <!-- ValidateFormerNames -->
  <testcase classname="com.ugapp.testcases.TC_09_MyInformationPageTest" name="ValidateParentNames">
    <skipped/>
  </testcase> <!-- ValidateParentNames -->
  <testcase classname="com.ugapp.testcases.TC_09_MyInformationPageTest" name="ActiveDuty_MilitaryTest">
    <skipped/>
  </testcase> <!-- ActiveDuty_MilitaryTest -->
  <testcase classname="com.ugapp.testcases.TC_09_MyInformationPageTest" name="requiredErrorMesssage">
    <skipped/>
  </testcase> <!-- requiredErrorMesssage -->
  <testcase classname="com.ugapp.testcases.TC_09_MyInformationPageTest" name="US_CitizenshipTest">
    <skipped/>
  </testcase> <!-- US_CitizenshipTest -->
  <testcase classname="com.ugapp.testcases.TC_09_MyInformationPageTest" name="requiredErrorMesssage">
    <skipped/>
  </testcase> <!-- requiredErrorMesssage -->
  <testcase classname="com.ugapp.testcases.TC_09_MyInformationPageTest" name="Edit_CancelFormerNameTest">
    <skipped/>
  </testcase> <!-- Edit_CancelFormerNameTest -->
  <testcase classname="com.ugapp.testcases.TC_09_MyInformationPageTest" name="Edit_CancelFormerNameTest">
    <skipped/>
  </testcase> <!-- Edit_CancelFormerNameTest -->
  <testcase classname="com.ugapp.testcases.TC_09_MyInformationPageTest" name="ParentNameTest">
    <skipped/>
  </testcase> <!-- ParentNameTest -->
  <testcase classname="com.ugapp.testcases.TC_09_MyInformationPageTest" name="HomeAddress">
    <skipped/>
  </testcase> <!-- HomeAddress -->
  <testcase classname="com.ugapp.testcases.TC_09_MyInformationPageTest" name="ParentNameTest">
    <skipped/>
  </testcase> <!-- ParentNameTest -->
  <testcase classname="com.ugapp.testcases.TC_09_MyInformationPageTest" name="HomeAddress">
    <skipped/>
  </testcase> <!-- HomeAddress -->
</testsuite> <!-- com.ugapp.testcases.TC_11_MySchoolsPageTest -->
