<?xml version="1.0" encoding="UTF-8"?>
<!-- Generated by org.testng.reporters.JUnitReportReporter -->
<testsuite hostname="Admins-MacBook-Pro.local" failures="0" tests="3" name="com.ugapp.testcases.TC_17_PreviewTest" time="2.907" errors="3" timestamp="09 Nov 2023 12:21:18 GMT" skipped="0">
  <testcase classname="com.ugapp.testcases.TC_17_PreviewTest" name="preview" time="0.137">
    <error message="no such element: Unable to locate element: {&quot;method&quot;:&quot;xpath&quot;,&quot;selector&quot;:&quot;//span[contains(text(),&#039;Download as PDF&#039;)]/..&quot;}
  (Session info: chrome=119.0.6045.123)
For documentation on this error, please visit: https://www.selenium.dev/documentation/webdriver/troubleshooting/errors#no-such-element-exception
Build info: version: &#039;4.10.0&#039;, revision: &#039;c14d967899&#039;
System info: os.name: &#039;Mac OS X&#039;, os.arch: &#039;x86_64&#039;, os.version: &#039;12.7&#039;, java.version: &#039;20.0.2&#039;
Driver info: org.openqa.selenium.chrome.ChromeDriver
Command: [3eeb5a03e975821b9ce5db847c3ff8cf, findElement {using=xpath, value=//span[contains(text(),&#039;Download as PDF&#039;)]/..}]
Capabilities {acceptInsecureCerts: false, browserName: chrome, browserVersion: 119.0.6045.123, chrome: {chromedriverVersion: 119.0.6045.105 (38c72552c5e...}, fedcm:accounts: true, goog:chromeOptions: {debuggerAddress: localhost:59054}, pageLoadStrategy: normal, platformName: any, proxy: Proxy(), se:cdp: ws://localhost:59054/devtoo..., se:cdpVersion: 119.0.6045.123, setWindowRect: false, strictFileInteractability: false, timeouts: {implicit: 0, pageLoad: 300000, script: 30000}, unhandledPromptBehavior: dismiss and notify, webauthn:extension:credBlob: true, webauthn:extension:largeBlob: true, webauthn:extension:minPinLength: true, webauthn:extension:prf: true, webauthn:virtualAuthenticators: true}
Session ID: 3eeb5a03e975821b9ce5db847c3ff8cf" type="org.openqa.selenium.NoSuchElementException">
      <![CDATA[org.openqa.selenium.NoSuchElementException: no such element: Unable to locate element: {"method":"xpath","selector":"//span[contains(text(),'Download as PDF')]/.."}
  (Session info: chrome=119.0.6045.123)
For documentation on this error, please visit: https://www.selenium.dev/documentation/webdriver/troubleshooting/errors#no-such-element-exception
Build info: version: '4.10.0', revision: 'c14d967899'
System info: os.name: 'Mac OS X', os.arch: 'x86_64', os.version: '12.7', java.version: '20.0.2'
Driver info: org.openqa.selenium.chrome.ChromeDriver
Command: [3eeb5a03e975821b9ce5db847c3ff8cf, findElement {using=xpath, value=//span[contains(text(),'Download as PDF')]/..}]
Capabilities {acceptInsecureCerts: false, browserName: chrome, browserVersion: 119.0.6045.123, chrome: {chromedriverVersion: 119.0.6045.105 (38c72552c5e...}, fedcm:accounts: true, goog:chromeOptions: {debuggerAddress: localhost:59054}, pageLoadStrategy: normal, platformName: any, proxy: Proxy(), se:cdp: ws://localhost:59054/devtoo..., se:cdpVersion: 119.0.6045.123, setWindowRect: false, strictFileInteractability: false, timeouts: {implicit: 0, pageLoad: 300000, script: 30000}, unhandledPromptBehavior: dismiss and notify, webauthn:extension:credBlob: true, webauthn:extension:largeBlob: true, webauthn:extension:minPinLength: true, webauthn:extension:prf: true, webauthn:virtualAuthenticators: true}
Session ID: 3eeb5a03e975821b9ce5db847c3ff8cf
	at java.base/jdk.internal.reflect.DirectConstructorHandleAccessor.newInstance(DirectConstructorHandleAccessor.java:67)
	at java.base/java.lang.reflect.Constructor.newInstanceWithCaller(Constructor.java:500)
	at java.base/java.lang.reflect.Constructor.newInstance(Constructor.java:484)
	at org.openqa.selenium.remote.codec.w3c.W3CHttpResponseCodec.createException(W3CHttpResponseCodec.java:199)
	at org.openqa.selenium.remote.codec.w3c.W3CHttpResponseCodec.decode(W3CHttpResponseCodec.java:132)
	at org.openqa.selenium.remote.codec.w3c.W3CHttpResponseCodec.decode(W3CHttpResponseCodec.java:51)
	at org.openqa.selenium.remote.HttpCommandExecutor.execute(HttpCommandExecutor.java:191)
	at org.openqa.selenium.remote.service.DriverCommandExecutor.invokeExecute(DriverCommandExecutor.java:196)
	at org.openqa.selenium.remote.service.DriverCommandExecutor.execute(DriverCommandExecutor.java:171)
	at org.openqa.selenium.remote.RemoteWebDriver.execute(RemoteWebDriver.java:531)
	at org.openqa.selenium.remote.ElementLocation$ElementFinder$2.findElement(ElementLocation.java:165)
	at org.openqa.selenium.remote.ElementLocation.findElement(ElementLocation.java:59)
	at org.openqa.selenium.remote.RemoteWebDriver.findElement(RemoteWebDriver.java:350)
	at org.openqa.selenium.remote.RemoteWebDriver.findElement(RemoteWebDriver.java:344)
	at com.ugapp.base.Page.findElement(Page.java:163)
	at com.ugapp.pages.PreviewPage.downloadPdf(PreviewPage.java:35)
	at com.ugapp.testcases.TC_17_PreviewTest.preview(TC_17_PreviewTest.java:16)
	at java.base/jdk.internal.reflect.DirectMethodHandleAccessor.invoke(DirectMethodHandleAccessor.java:104)
	at java.base/java.lang.reflect.Method.invoke(Method.java:578)
	at org.testng.internal.MethodInvocationHelper.invokeMethod(MethodInvocationHelper.java:108)
	at org.testng.internal.Invoker.invokeMethod(Invoker.java:661)
	at org.testng.internal.Invoker.invokeTestMethod(Invoker.java:869)
	at org.testng.internal.Invoker.invokeTestMethods(Invoker.java:1193)
	at org.testng.internal.TestMethodWorker.invokeTestMethods(TestMethodWorker.java:126)
	at org.testng.internal.TestMethodWorker.run(TestMethodWorker.java:109)
	at org.testng.TestRunner.privateRun(TestRunner.java:744)
	at org.testng.TestRunner.run(TestRunner.java:602)
	at org.testng.SuiteRunner.runTest(SuiteRunner.java:380)
	at org.testng.SuiteRunner.runSequentially(SuiteRunner.java:375)
	at org.testng.SuiteRunner.privateRun(SuiteRunner.java:340)
	at org.testng.SuiteRunner.run(SuiteRunner.java:289)
	at org.testng.SuiteRunnerWorker.runSuite(SuiteRunnerWorker.java:52)
	at org.testng.SuiteRunnerWorker.run(SuiteRunnerWorker.java:86)
	at org.testng.TestNG.runSuitesSequentially(TestNG.java:1301)
	at org.testng.TestNG.runSuitesLocally(TestNG.java:1226)
	at org.testng.TestNG.runSuites(TestNG.java:1144)
	at org.testng.TestNG.run(TestNG.java:1115)
	at org.testng.remote.AbstractRemoteTestNG.run(AbstractRemoteTestNG.java:115)
	at org.testng.remote.RemoteTestNG.initAndRun(RemoteTestNG.java:251)
	at org.testng.remote.RemoteTestNG.main(RemoteTestNG.java:77)
]]>
    </error>
  </testcase> <!-- preview -->
  <testcase classname="com.ugapp.testcases.TC_17_PreviewTest" name="writePreviewToExcel" time="1.416">
    <error message="element click intercepted: Element &lt;h2 data-v-1028096c=&quot;&quot; class=&quot;collapse-title h2-medium mr-space-sm mr-lg-space-md my-auto&quot;&gt;...&lt;/h2&gt; is not clickable at point (448, 561). Other element would receive the click: &lt;div class=&quot;position-absolute bg-light-2 rounded-lg&quot; style=&quot;inset: 0px; opacity: 0.9; backdrop-filter: blur(3px);&quot;&gt;&lt;/div&gt;
  (Session info: chrome=119.0.6045.123)
Build info: version: &#039;4.10.0&#039;, revision: &#039;c14d967899&#039;
System info: os.name: &#039;Mac OS X&#039;, os.arch: &#039;x86_64&#039;, os.version: &#039;12.7&#039;, java.version: &#039;20.0.2&#039;
Driver info: org.openqa.selenium.chrome.ChromeDriver
Command: [3eeb5a03e975821b9ce5db847c3ff8cf, clickElement {id=E6AA60E2E213BD1BB19985E5DAADBA32_element_11165}]
Capabilities {acceptInsecureCerts: false, browserName: chrome, browserVersion: 119.0.6045.123, chrome: {chromedriverVersion: 119.0.6045.105 (38c72552c5e...}, fedcm:accounts: true, goog:chromeOptions: {debuggerAddress: localhost:59054}, pageLoadStrategy: normal, platformName: any, proxy: Proxy(), se:cdp: ws://localhost:59054/devtoo..., se:cdpVersion: 119.0.6045.123, setWindowRect: false, strictFileInteractability: false, timeouts: {implicit: 0, pageLoad: 300000, script: 30000}, unhandledPromptBehavior: dismiss and notify, webauthn:extension:credBlob: true, webauthn:extension:largeBlob: true, webauthn:extension:minPinLength: true, webauthn:extension:prf: true, webauthn:virtualAuthenticators: true}
Element: [[ChromeDriver: chrome on any (3eeb5a03e975821b9ce5db847c3ff8cf)] -&gt; xpath: //*[contains(text(),&#039;Profile&#039;)]]
Session ID: 3eeb5a03e975821b9ce5db847c3ff8cf" type="org.openqa.selenium.ElementClickInterceptedException">
      <![CDATA[org.openqa.selenium.ElementClickInterceptedException: element click intercepted: Element <h2 data-v-1028096c="" class="collapse-title h2-medium mr-space-sm mr-lg-space-md my-auto">...</h2> is not clickable at point (448, 561). Other element would receive the click: <div class="position-absolute bg-light-2 rounded-lg" style="inset: 0px; opacity: 0.9; backdrop-filter: blur(3px);"></div>
  (Session info: chrome=119.0.6045.123)
Build info: version: '4.10.0', revision: 'c14d967899'
System info: os.name: 'Mac OS X', os.arch: 'x86_64', os.version: '12.7', java.version: '20.0.2'
Driver info: org.openqa.selenium.chrome.ChromeDriver
Command: [3eeb5a03e975821b9ce5db847c3ff8cf, clickElement {id=E6AA60E2E213BD1BB19985E5DAADBA32_element_11165}]
Capabilities {acceptInsecureCerts: false, browserName: chrome, browserVersion: 119.0.6045.123, chrome: {chromedriverVersion: 119.0.6045.105 (38c72552c5e...}, fedcm:accounts: true, goog:chromeOptions: {debuggerAddress: localhost:59054}, pageLoadStrategy: normal, platformName: any, proxy: Proxy(), se:cdp: ws://localhost:59054/devtoo..., se:cdpVersion: 119.0.6045.123, setWindowRect: false, strictFileInteractability: false, timeouts: {implicit: 0, pageLoad: 300000, script: 30000}, unhandledPromptBehavior: dismiss and notify, webauthn:extension:credBlob: true, webauthn:extension:largeBlob: true, webauthn:extension:minPinLength: true, webauthn:extension:prf: true, webauthn:virtualAuthenticators: true}
Element: [[ChromeDriver: chrome on any (3eeb5a03e975821b9ce5db847c3ff8cf)] -> xpath: //*[contains(text(),'Profile')]]
Session ID: 3eeb5a03e975821b9ce5db847c3ff8cf
	at java.base/jdk.internal.reflect.DirectConstructorHandleAccessor.newInstance(DirectConstructorHandleAccessor.java:67)
	at java.base/java.lang.reflect.Constructor.newInstanceWithCaller(Constructor.java:500)
	at java.base/java.lang.reflect.Constructor.newInstance(Constructor.java:484)
	at org.openqa.selenium.remote.codec.w3c.W3CHttpResponseCodec.createException(W3CHttpResponseCodec.java:199)
	at org.openqa.selenium.remote.codec.w3c.W3CHttpResponseCodec.decode(W3CHttpResponseCodec.java:132)
	at org.openqa.selenium.remote.codec.w3c.W3CHttpResponseCodec.decode(W3CHttpResponseCodec.java:51)
	at org.openqa.selenium.remote.HttpCommandExecutor.execute(HttpCommandExecutor.java:191)
	at org.openqa.selenium.remote.service.DriverCommandExecutor.invokeExecute(DriverCommandExecutor.java:196)
	at org.openqa.selenium.remote.service.DriverCommandExecutor.execute(DriverCommandExecutor.java:171)
	at org.openqa.selenium.remote.RemoteWebDriver.execute(RemoteWebDriver.java:531)
	at org.openqa.selenium.remote.RemoteWebElement.execute(RemoteWebElement.java:242)
	at org.openqa.selenium.remote.RemoteWebElement.click(RemoteWebElement.java:77)
	at com.ugapp.pages.PreviewPage.previewProfile(PreviewPage.java:64)
	at com.ugapp.testcases.TC_17_PreviewTest.writePreviewToExcel(TC_17_PreviewTest.java:25)
	at java.base/jdk.internal.reflect.DirectMethodHandleAccessor.invoke(DirectMethodHandleAccessor.java:104)
	at java.base/java.lang.reflect.Method.invoke(Method.java:578)
	at org.testng.internal.MethodInvocationHelper.invokeMethod(MethodInvocationHelper.java:108)
	at org.testng.internal.Invoker.invokeMethod(Invoker.java:661)
	at org.testng.internal.Invoker.invokeTestMethod(Invoker.java:869)
	at org.testng.internal.Invoker.invokeTestMethods(Invoker.java:1193)
	at org.testng.internal.TestMethodWorker.invokeTestMethods(TestMethodWorker.java:126)
	at org.testng.internal.TestMethodWorker.run(TestMethodWorker.java:109)
	at org.testng.TestRunner.privateRun(TestRunner.java:744)
	at org.testng.TestRunner.run(TestRunner.java:602)
	at org.testng.SuiteRunner.runTest(SuiteRunner.java:380)
	at org.testng.SuiteRunner.runSequentially(SuiteRunner.java:375)
	at org.testng.SuiteRunner.privateRun(SuiteRunner.java:340)
	at org.testng.SuiteRunner.run(SuiteRunner.java:289)
	at org.testng.SuiteRunnerWorker.runSuite(SuiteRunnerWorker.java:52)
	at org.testng.SuiteRunnerWorker.run(SuiteRunnerWorker.java:86)
	at org.testng.TestNG.runSuitesSequentially(TestNG.java:1301)
	at org.testng.TestNG.runSuitesLocally(TestNG.java:1226)
	at org.testng.TestNG.runSuites(TestNG.java:1144)
	at org.testng.TestNG.run(TestNG.java:1115)
	at org.testng.remote.AbstractRemoteTestNG.run(AbstractRemoteTestNG.java:115)
	at org.testng.remote.RemoteTestNG.initAndRun(RemoteTestNG.java:251)
	at org.testng.remote.RemoteTestNG.main(RemoteTestNG.java:77)
]]>
    </error>
  </testcase> <!-- writePreviewToExcel -->
  <testcase classname="com.ugapp.testcases.TC_17_PreviewTest" name="postPreview" time="1.354">
    <error message="element click intercepted: Element &lt;button data-v-051f5049=&quot;&quot; aria-label=&quot;Profile menu&quot; type=&quot;button&quot; class=&quot;btn b-avatar font-weight-bold profile-menu-button btn-secondary rounded-circle&quot; data-cy=&quot;profile-menu-button&quot; style=&quot;width: 46px; height: 46px;&quot;&gt;...&lt;/button&gt; is not clickable at point (1582, 47). Other element would receive the click: &lt;div class=&quot;position-absolute bg-light-2 rounded-lg&quot; style=&quot;inset: 0px; opacity: 0.9; backdrop-filter: blur(3px);&quot;&gt;&lt;/div&gt;
  (Session info: chrome=119.0.6045.123)
Build info: version: &#039;4.10.0&#039;, revision: &#039;c14d967899&#039;
System info: os.name: &#039;Mac OS X&#039;, os.arch: &#039;x86_64&#039;, os.version: &#039;12.7&#039;, java.version: &#039;20.0.2&#039;
Driver info: org.openqa.selenium.chrome.ChromeDriver
Command: [3eeb5a03e975821b9ce5db847c3ff8cf, clickElement {id=E6AA60E2E213BD1BB19985E5DAADBA32_element_11168}]
Capabilities {acceptInsecureCerts: false, browserName: chrome, browserVersion: 119.0.6045.123, chrome: {chromedriverVersion: 119.0.6045.105 (38c72552c5e...}, fedcm:accounts: true, goog:chromeOptions: {debuggerAddress: localhost:59054}, pageLoadStrategy: normal, platformName: any, proxy: Proxy(), se:cdp: ws://localhost:59054/devtoo..., se:cdpVersion: 119.0.6045.123, setWindowRect: false, strictFileInteractability: false, timeouts: {implicit: 0, pageLoad: 300000, script: 30000}, unhandledPromptBehavior: dismiss and notify, webauthn:extension:credBlob: true, webauthn:extension:largeBlob: true, webauthn:extension:minPinLength: true, webauthn:extension:prf: true, webauthn:virtualAuthenticators: true}
Element: [[ChromeDriver: chrome on any (3eeb5a03e975821b9ce5db847c3ff8cf)] -&gt; xpath: //div[@data-cy=&#039;profile-menu&#039;]//button]
Session ID: 3eeb5a03e975821b9ce5db847c3ff8cf" type="org.openqa.selenium.ElementClickInterceptedException">
      <![CDATA[org.openqa.selenium.ElementClickInterceptedException: element click intercepted: Element <button data-v-051f5049="" aria-label="Profile menu" type="button" class="btn b-avatar font-weight-bold profile-menu-button btn-secondary rounded-circle" data-cy="profile-menu-button" style="width: 46px; height: 46px;">...</button> is not clickable at point (1582, 47). Other element would receive the click: <div class="position-absolute bg-light-2 rounded-lg" style="inset: 0px; opacity: 0.9; backdrop-filter: blur(3px);"></div>
  (Session info: chrome=119.0.6045.123)
Build info: version: '4.10.0', revision: 'c14d967899'
System info: os.name: 'Mac OS X', os.arch: 'x86_64', os.version: '12.7', java.version: '20.0.2'
Driver info: org.openqa.selenium.chrome.ChromeDriver
Command: [3eeb5a03e975821b9ce5db847c3ff8cf, clickElement {id=E6AA60E2E213BD1BB19985E5DAADBA32_element_11168}]
Capabilities {acceptInsecureCerts: false, browserName: chrome, browserVersion: 119.0.6045.123, chrome: {chromedriverVersion: 119.0.6045.105 (38c72552c5e...}, fedcm:accounts: true, goog:chromeOptions: {debuggerAddress: localhost:59054}, pageLoadStrategy: normal, platformName: any, proxy: Proxy(), se:cdp: ws://localhost:59054/devtoo..., se:cdpVersion: 119.0.6045.123, setWindowRect: false, strictFileInteractability: false, timeouts: {implicit: 0, pageLoad: 300000, script: 30000}, unhandledPromptBehavior: dismiss and notify, webauthn:extension:credBlob: true, webauthn:extension:largeBlob: true, webauthn:extension:minPinLength: true, webauthn:extension:prf: true, webauthn:virtualAuthenticators: true}
Element: [[ChromeDriver: chrome on any (3eeb5a03e975821b9ce5db847c3ff8cf)] -> xpath: //div[@data-cy='profile-menu']//button]
Session ID: 3eeb5a03e975821b9ce5db847c3ff8cf
	at java.base/jdk.internal.reflect.DirectConstructorHandleAccessor.newInstance(DirectConstructorHandleAccessor.java:67)
	at java.base/java.lang.reflect.Constructor.newInstanceWithCaller(Constructor.java:500)
	at java.base/java.lang.reflect.Constructor.newInstance(Constructor.java:484)
	at org.openqa.selenium.remote.codec.w3c.W3CHttpResponseCodec.createException(W3CHttpResponseCodec.java:199)
	at org.openqa.selenium.remote.codec.w3c.W3CHttpResponseCodec.decode(W3CHttpResponseCodec.java:132)
	at org.openqa.selenium.remote.codec.w3c.W3CHttpResponseCodec.decode(W3CHttpResponseCodec.java:51)
	at org.openqa.selenium.remote.HttpCommandExecutor.execute(HttpCommandExecutor.java:191)
	at org.openqa.selenium.remote.service.DriverCommandExecutor.invokeExecute(DriverCommandExecutor.java:196)
	at org.openqa.selenium.remote.service.DriverCommandExecutor.execute(DriverCommandExecutor.java:171)
	at org.openqa.selenium.remote.RemoteWebDriver.execute(RemoteWebDriver.java:531)
	at org.openqa.selenium.remote.RemoteWebElement.execute(RemoteWebElement.java:242)
	at org.openqa.selenium.remote.RemoteWebElement.click(RemoteWebElement.java:77)
	at com.ugapp.pages.PreviewPage.signOut(PreviewPage.java:282)
	at com.ugapp.testcases.TC_17_PreviewTest.postPreview(TC_17_PreviewTest.java:48)
	at java.base/jdk.internal.reflect.DirectMethodHandleAccessor.invoke(DirectMethodHandleAccessor.java:104)
	at java.base/java.lang.reflect.Method.invoke(Method.java:578)
	at org.testng.internal.MethodInvocationHelper.invokeMethod(MethodInvocationHelper.java:108)
	at org.testng.internal.Invoker.invokeMethod(Invoker.java:661)
	at org.testng.internal.Invoker.invokeTestMethod(Invoker.java:869)
	at org.testng.internal.Invoker.invokeTestMethods(Invoker.java:1193)
	at org.testng.internal.TestMethodWorker.invokeTestMethods(TestMethodWorker.java:126)
	at org.testng.internal.TestMethodWorker.run(TestMethodWorker.java:109)
	at org.testng.TestRunner.privateRun(TestRunner.java:744)
	at org.testng.TestRunner.run(TestRunner.java:602)
	at org.testng.SuiteRunner.runTest(SuiteRunner.java:380)
	at org.testng.SuiteRunner.runSequentially(SuiteRunner.java:375)
	at org.testng.SuiteRunner.privateRun(SuiteRunner.java:340)
	at org.testng.SuiteRunner.run(SuiteRunner.java:289)
	at org.testng.SuiteRunnerWorker.runSuite(SuiteRunnerWorker.java:52)
	at org.testng.SuiteRunnerWorker.run(SuiteRunnerWorker.java:86)
	at org.testng.TestNG.runSuitesSequentially(TestNG.java:1301)
	at org.testng.TestNG.runSuitesLocally(TestNG.java:1226)
	at org.testng.TestNG.runSuites(TestNG.java:1144)
	at org.testng.TestNG.run(TestNG.java:1115)
	at org.testng.remote.AbstractRemoteTestNG.run(AbstractRemoteTestNG.java:115)
	at org.testng.remote.RemoteTestNG.initAndRun(RemoteTestNG.java:251)
	at org.testng.remote.RemoteTestNG.main(RemoteTestNG.java:77)
]]>
    </error>
  </testcase> <!-- postPreview -->
</testsuite> <!-- com.ugapp.testcases.TC_17_PreviewTest -->
