<?xml version="1.0" encoding="UTF-8"?>
<!-- Generated by org.testng.reporters.JUnitReportReporter -->
<testsuite hostname="DESKTOP-OB9VDN9" failures="0" tests="1" name="com.ugapp.testcases.TC_01_LandingPageTest" time="6.327" errors="0" timestamp="19 Oct 2023 10:20:49 GMT" skipped="0">
  <testcase classname="com.ugapp.testcases.TC_01_LandingPageTest" name="verifyLandingPage" time="6.327"/>
</testsuite> <!-- com.ugapp.testcases.TC_01_LandingPageTest -->
