<?xml version="1.0" encoding="UTF-8"?>
<!-- Generated by org.testng.reporters.JUnitReportReporter -->
<testsuite hostname="Admins-MacBook-Pro.local" failures="0" tests="1" name="com.ugapp.testcases.TC_17_PreviewTest" time="0.223" errors="0" timestamp="29 Nov 2023 12:17:16 GMT" skipped="0">
  <testcase classname="com.ugapp.testcases.TC_17_PreviewTest" name="ComparePreviewwithReview" time="0.223"/>
</testsuite> <!-- com.ugapp.testcases.TC_17_PreviewTest -->
