<?xml version="1.0" encoding="UTF-8"?>
<!-- Generated by org.testng.reporters.JUnitReportReporter -->
<testsuite hostname="Admins-MacBook-Pro.local" failures="0" tests="1" name="com.ugapp.testcases.TC_05_VerifyEmailTest" time="22.896" errors="0" timestamp="30 Nov 2023 06:56:05 GMT" skipped="0">
  <testcase classname="com.ugapp.testcases.TC_05_VerifyEmailTest" name="verifyEmail" time="22.896"/>
</testsuite> <!-- com.ugapp.testcases.TC_05_VerifyEmailTest -->
