<?xml version="1.0" encoding="UTF-8"?>
<!-- Generated by org.testng.reporters.JUnitReportReporter -->
<testsuite hostname="DESKTOP-OB9VDN9" failures="0" tests="2" name="com.ugapp.testcases.TC_06_ResetPasswordTest" time="6.492" errors="0" timestamp="26 Oct 2023 14:55:51 GMT" skipped="0">
  <testcase classname="com.ugapp.testcases.TC_06_ResetPasswordTest" name="ResetPassword" time="3.408"/>
  <testcase classname="com.ugapp.testcases.TC_06_ResetPasswordTest" name="setNewPasswordPage" time="3.084"/>
</testsuite> <!-- com.ugapp.testcases.TC_06_ResetPasswordTest -->
