<?xml version="1.0" encoding="UTF-8"?>
<!-- Generated by org.testng.reporters.JUnitReportReporter -->
<testsuite hostname="DESKTOP-OB9VDN9" failures="0" tests="1" name="com.ugapp.testcases.TC_05_VerifyEmailTest" time="21.288" errors="0" timestamp="21 Sept 2023 12:35:37 GMT" skipped="0">
  <testcase classname="com.ugapp.testcases.TC_05_VerifyEmailTest" name="verifyEmail" time="21.288"/>
</testsuite> <!-- com.ugapp.testcases.TC_05_VerifyEmailTest -->
