<?xml version="1.0" encoding="UTF-8"?>
<!-- Generated by org.testng.reporters.JUnitReportReporter -->
<testsuite hostname="Admins-MacBook-Pro.local" failures="0" tests="2" name="com.ugapp.testcases.TC_06_ResetPasswordTest" time="6.656" errors="0" timestamp="09 Oct 2023 10:29:28 GMT" skipped="0">
  <testcase classname="com.ugapp.testcases.TC_06_ResetPasswordTest" name="ResetPassword" time="3.522"/>
  <testcase classname="com.ugapp.testcases.TC_06_ResetPasswordTest" name="setNewPasswordPage" time="3.134"/>
</testsuite> <!-- com.ugapp.testcases.TC_06_ResetPasswordTest -->
