<?xml version="1.0" encoding="UTF-8"?>
<!-- Generated by org.testng.reporters.JUnitReportReporter -->
<testsuite hostname="Admins-MacBook-Pro.local" failures="0" tests="10" name="com.ugapp.testcases.TC_17_PreviewTest" time="0.000" errors="0" timestamp="11 Dec 2023 18:34:43 GMT" skipped="10">
  <testcase classname="com.ugapp.testcases.TC_17_PreviewTest" name="preview" time="0.000">
    <skipped/>
  </testcase> <!-- preview -->
  <testcase classname="com.ugapp.testcases.TC_17_PreviewTest" name="preview" time="0.000">
    <skipped/>
  </testcase> <!-- preview -->
  <testcase classname="com.ugapp.testcases.TC_17_PreviewTest" name="writePreviewToExcel" time="0.000">
    <skipped/>
  </testcase> <!-- writePreviewToExcel -->
  <testcase classname="com.ugapp.testcases.TC_17_PreviewTest" name="writePreviewToExcel" time="0.000">
    <skipped/>
  </testcase> <!-- writePreviewToExcel -->
  <testcase classname="com.ugapp.testcases.TC_17_PreviewTest" name="ComparePreviewwithReview" time="0.000">
    <skipped/>
  </testcase> <!-- ComparePreviewwithReview -->
  <testcase classname="com.ugapp.testcases.TC_17_PreviewTest" name="ComparePreviewwithReview" time="0.000">
    <skipped/>
  </testcase> <!-- ComparePreviewwithReview -->
  <testcase classname="com.ugapp.testcases.TC_17_PreviewTest" name="ApplicationAffidavitCheck" time="0.000">
    <skipped/>
  </testcase> <!-- ApplicationAffidavitCheck -->
  <testcase classname="com.ugapp.testcases.TC_17_PreviewTest" name="ApplicationAffidavitCheck" time="0.000">
    <skipped/>
  </testcase> <!-- ApplicationAffidavitCheck -->
  <testcase classname="com.ugapp.testcases.TC_17_PreviewTest" name="postPreview" time="0.000">
    <skipped/>
  </testcase> <!-- postPreview -->
  <testcase classname="com.ugapp.testcases.TC_17_PreviewTest" name="postPreview" time="0.000">
    <skipped/>
  </testcase> <!-- postPreview -->
</testsuite> <!-- com.ugapp.testcases.TC_17_PreviewTest -->
