<?xml version="1.0" encoding="UTF-8"?>
<!-- Generated by org.testng.reporters.JUnitReportReporter -->
<testsuite hostname="Admins-MacBook-Pro.local" failures="0" tests="1" name="com.ugapp.testcases.TC_05_VerifyEmailTest" time="23.273" errors="0" timestamp="01 Dec 2023 11:24:36 GMT" skipped="0">
  <testcase classname="com.ugapp.testcases.TC_05_VerifyEmailTest" name="verifyEmail" time="23.273"/>
</testsuite> <!-- com.ugapp.testcases.TC_05_VerifyEmailTest -->
