<?xml version="1.0" encoding="UTF-8"?>
<!-- Generated by org.testng.reporters.JUnitReportReporter -->
<testsuite hostname="DESKTOP-OB9VDN9" failures="0" tests="2" name="com.ugapp.testcases.TC_08_PreAppDashboardTest" time="0.038" errors="0" timestamp="21 Sept 2023 12:35:37 GMT" skipped="0">
  <testcase classname="com.ugapp.testcases.TC_08_PreAppDashboardTest" name="validatePreAppSubmissionPage" time="0.007"/>
  <testcase classname="com.ugapp.testcases.TC_08_PreAppDashboardTest" name="PreAppDashboardElements" time="0.031"/>
</testsuite> <!-- com.ugapp.testcases.TC_08_PreAppDashboardTest -->
