<?xml version="1.0" encoding="UTF-8"?>
<!-- Generated by org.testng.reporters.JUnitReportReporter -->
<testsuite ignored="80" hostname="Admins-MacBook-Pro.local" failures="0" tests="2" name="com.ugapp.testcases.TC_06_ResetPasswordTest" time="3.027" errors="2" timestamp="29 Jan 2024 11:46:42 GMT" skipped="0">
  <testcase classname="com.ugapp.testcases.TC_06_ResetPasswordTest" name="ResetPassword" time="0.009">
    <error message="Unable to locate element: //a[text()=&#039; Reset password &#039;]
For documentation on this error, please visit: https://www.selenium.dev/documentation/webdriver/troubleshooting/errors#no-such-element-exception
Build info: version: &#039;4.17.0&#039;, revision: &#039;e52b1be057*&#039;
System info: os.name: &#039;Mac OS X&#039;, os.arch: &#039;x86_64&#039;, os.version: &#039;12.7.2&#039;, java.version: &#039;20.0.2&#039;
Driver info: org.openqa.selenium.firefox.FirefoxDriver
Command: [0ceccd4d-2b63-48f3-8626-661ceb055ab0, findElement {value=//a[text()=&#039; Reset password &#039;], using=xpath}]
Capabilities {acceptInsecureCerts: true, browserName: firefox, browserVersion: 122.0, moz:accessibilityChecks: false, moz:buildID: 20240118164516, moz:debuggerAddress: 127.0.0.1:16326, moz:geckodriverVersion: 0.34.0, moz:headless: false, moz:platformVersion: 21.6.0, moz:processID: 7753, moz:profile: /var/folders/5m/4nc0x2kn289..., moz:shutdownTimeout: 60000, moz:webdriverClick: true, moz:windowless: false, pageLoadStrategy: normal, platformName: mac, proxy: Proxy(), se:cdp: ws://127.0.0.1:16326/devtoo..., se:cdpVersion: 85.0, setWindowRect: true, strictFileInteractability: false, timeouts: {implicit: 0, pageLoad: 300000, script: 30000}, unhandledPromptBehavior: dismiss and notify}
Session ID: 0ceccd4d-2b63-48f3-8626-661ceb055ab0" type="org.openqa.selenium.NoSuchElementException">
      <![CDATA[org.openqa.selenium.NoSuchElementException: Unable to locate element: //a[text()=' Reset password ']
For documentation on this error, please visit: https://www.selenium.dev/documentation/webdriver/troubleshooting/errors#no-such-element-exception
Build info: version: '4.17.0', revision: 'e52b1be057*'
System info: os.name: 'Mac OS X', os.arch: 'x86_64', os.version: '12.7.2', java.version: '20.0.2'
Driver info: org.openqa.selenium.firefox.FirefoxDriver
Command: [0ceccd4d-2b63-48f3-8626-661ceb055ab0, findElement {value=//a[text()=' Reset password '], using=xpath}]
Capabilities {acceptInsecureCerts: true, browserName: firefox, browserVersion: 122.0, moz:accessibilityChecks: false, moz:buildID: 20240118164516, moz:debuggerAddress: 127.0.0.1:16326, moz:geckodriverVersion: 0.34.0, moz:headless: false, moz:platformVersion: 21.6.0, moz:processID: 7753, moz:profile: /var/folders/5m/4nc0x2kn289..., moz:shutdownTimeout: 60000, moz:webdriverClick: true, moz:windowless: false, pageLoadStrategy: normal, platformName: mac, proxy: Proxy(), se:cdp: ws://127.0.0.1:16326/devtoo..., se:cdpVersion: 85.0, setWindowRect: true, strictFileInteractability: false, timeouts: {implicit: 0, pageLoad: 300000, script: 30000}, unhandledPromptBehavior: dismiss and notify}
Session ID: 0ceccd4d-2b63-48f3-8626-661ceb055ab0
	at java.base/jdk.internal.reflect.DirectConstructorHandleAccessor.newInstance(DirectConstructorHandleAccessor.java:67)
	at java.base/java.lang.reflect.Constructor.newInstanceWithCaller(Constructor.java:500)
	at java.base/java.lang.reflect.Constructor.newInstance(Constructor.java:484)
	at org.openqa.selenium.remote.codec.w3c.W3CHttpResponseCodec.createException(W3CHttpResponseCodec.java:185)
	at org.openqa.selenium.remote.codec.w3c.W3CHttpResponseCodec.decode(W3CHttpResponseCodec.java:134)
	at org.openqa.selenium.remote.codec.w3c.W3CHttpResponseCodec.decode(W3CHttpResponseCodec.java:51)
	at org.openqa.selenium.remote.HttpCommandExecutor.execute(HttpCommandExecutor.java:190)
	at org.openqa.selenium.remote.service.DriverCommandExecutor.invokeExecute(DriverCommandExecutor.java:216)
	at org.openqa.selenium.remote.service.DriverCommandExecutor.execute(DriverCommandExecutor.java:174)
	at org.openqa.selenium.remote.RemoteWebDriver.execute(RemoteWebDriver.java:519)
	at org.openqa.selenium.remote.ElementLocation$ElementFinder$2.findElement(ElementLocation.java:165)
	at org.openqa.selenium.remote.ElementLocation.findElement(ElementLocation.java:59)
	at org.openqa.selenium.remote.RemoteWebDriver.findElement(RemoteWebDriver.java:356)
	at org.openqa.selenium.remote.RemoteWebDriver.findElement(RemoteWebDriver.java:350)
	at com.ugapp.base.Page.click(Page.java:173)
	at com.ugapp.pages.ResetPasswordPage.verifyResetPasswordClick(ResetPasswordPage.java:13)
	at com.ugapp.testcases.TC_06_ResetPasswordTest.ResetPassword(TC_06_ResetPasswordTest.java:16)
	at java.base/jdk.internal.reflect.DirectMethodHandleAccessor.invoke(DirectMethodHandleAccessor.java:104)
	at java.base/java.lang.reflect.Method.invoke(Method.java:578)
	at org.testng.internal.MethodInvocationHelper.invokeMethod(MethodInvocationHelper.java:104)
	at org.testng.internal.Invoker.invokeMethod(Invoker.java:645)
	at org.testng.internal.Invoker.invokeTestMethod(Invoker.java:851)
	at org.testng.internal.Invoker.invokeTestMethods(Invoker.java:1177)
	at org.testng.internal.TestMethodWorker.invokeTestMethods(TestMethodWorker.java:129)
	at org.testng.internal.TestMethodWorker.run(TestMethodWorker.java:112)
	at org.testng.TestRunner.privateRun(TestRunner.java:756)
	at org.testng.TestRunner.run(TestRunner.java:610)
	at org.testng.SuiteRunner.runTest(SuiteRunner.java:387)
	at org.testng.SuiteRunner.access$000(SuiteRunner.java:39)
	at org.testng.SuiteRunner$SuiteWorker.run(SuiteRunner.java:421)
	at org.testng.internal.thread.ThreadUtil$2.call(ThreadUtil.java:64)
	at java.base/java.util.concurrent.FutureTask.run(FutureTask.java:317)
	at java.base/java.util.concurrent.ThreadPoolExecutor.runWorker(ThreadPoolExecutor.java:1144)
	at java.base/java.util.concurrent.ThreadPoolExecutor$Worker.run(ThreadPoolExecutor.java:642)
	at java.base/java.lang.Thread.run(Thread.java:1623)
]]>
    </error>
  </testcase> <!-- ResetPassword -->
  <testcase classname="com.ugapp.testcases.TC_06_ResetPasswordTest" name="setNewPasswordPage" time="3.018">
    <error message="Unable to locate element: //a[contains(text(),&#039;Return to login screen.&#039;)]
For documentation on this error, please visit: https://www.selenium.dev/documentation/webdriver/troubleshooting/errors#no-such-element-exception
Build info: version: &#039;4.17.0&#039;, revision: &#039;e52b1be057*&#039;
System info: os.name: &#039;Mac OS X&#039;, os.arch: &#039;x86_64&#039;, os.version: &#039;12.7.2&#039;, java.version: &#039;20.0.2&#039;
Driver info: org.openqa.selenium.firefox.FirefoxDriver
Command: [0ceccd4d-2b63-48f3-8626-661ceb055ab0, findElement {value=//a[contains(text(),&#039;Return to login screen.&#039;)], using=xpath}]
Capabilities {acceptInsecureCerts: true, browserName: firefox, browserVersion: 122.0, moz:accessibilityChecks: false, moz:buildID: 20240118164516, moz:debuggerAddress: 127.0.0.1:16326, moz:geckodriverVersion: 0.34.0, moz:headless: false, moz:platformVersion: 21.6.0, moz:processID: 7753, moz:profile: /var/folders/5m/4nc0x2kn289..., moz:shutdownTimeout: 60000, moz:webdriverClick: true, moz:windowless: false, pageLoadStrategy: normal, platformName: mac, proxy: Proxy(), se:cdp: ws://127.0.0.1:16326/devtoo..., se:cdpVersion: 85.0, setWindowRect: true, strictFileInteractability: false, timeouts: {implicit: 0, pageLoad: 300000, script: 30000}, unhandledPromptBehavior: dismiss and notify}
Session ID: 0ceccd4d-2b63-48f3-8626-661ceb055ab0" type="org.openqa.selenium.NoSuchElementException">
      <![CDATA[org.openqa.selenium.NoSuchElementException: Unable to locate element: //a[contains(text(),'Return to login screen.')]
For documentation on this error, please visit: https://www.selenium.dev/documentation/webdriver/troubleshooting/errors#no-such-element-exception
Build info: version: '4.17.0', revision: 'e52b1be057*'
System info: os.name: 'Mac OS X', os.arch: 'x86_64', os.version: '12.7.2', java.version: '20.0.2'
Driver info: org.openqa.selenium.firefox.FirefoxDriver
Command: [0ceccd4d-2b63-48f3-8626-661ceb055ab0, findElement {value=//a[contains(text(),'Return to login screen.')], using=xpath}]
Capabilities {acceptInsecureCerts: true, browserName: firefox, browserVersion: 122.0, moz:accessibilityChecks: false, moz:buildID: 20240118164516, moz:debuggerAddress: 127.0.0.1:16326, moz:geckodriverVersion: 0.34.0, moz:headless: false, moz:platformVersion: 21.6.0, moz:processID: 7753, moz:profile: /var/folders/5m/4nc0x2kn289..., moz:shutdownTimeout: 60000, moz:webdriverClick: true, moz:windowless: false, pageLoadStrategy: normal, platformName: mac, proxy: Proxy(), se:cdp: ws://127.0.0.1:16326/devtoo..., se:cdpVersion: 85.0, setWindowRect: true, strictFileInteractability: false, timeouts: {implicit: 0, pageLoad: 300000, script: 30000}, unhandledPromptBehavior: dismiss and notify}
Session ID: 0ceccd4d-2b63-48f3-8626-661ceb055ab0
	at java.base/jdk.internal.reflect.DirectConstructorHandleAccessor.newInstance(DirectConstructorHandleAccessor.java:67)
	at java.base/java.lang.reflect.Constructor.newInstanceWithCaller(Constructor.java:500)
	at java.base/java.lang.reflect.Constructor.newInstance(Constructor.java:484)
	at org.openqa.selenium.remote.codec.w3c.W3CHttpResponseCodec.createException(W3CHttpResponseCodec.java:185)
	at org.openqa.selenium.remote.codec.w3c.W3CHttpResponseCodec.decode(W3CHttpResponseCodec.java:134)
	at org.openqa.selenium.remote.codec.w3c.W3CHttpResponseCodec.decode(W3CHttpResponseCodec.java:51)
	at org.openqa.selenium.remote.HttpCommandExecutor.execute(HttpCommandExecutor.java:190)
	at org.openqa.selenium.remote.service.DriverCommandExecutor.invokeExecute(DriverCommandExecutor.java:216)
	at org.openqa.selenium.remote.service.DriverCommandExecutor.execute(DriverCommandExecutor.java:174)
	at org.openqa.selenium.remote.RemoteWebDriver.execute(RemoteWebDriver.java:519)
	at org.openqa.selenium.remote.ElementLocation$ElementFinder$2.findElement(ElementLocation.java:165)
	at org.openqa.selenium.remote.ElementLocation.findElement(ElementLocation.java:59)
	at org.openqa.selenium.remote.RemoteWebDriver.findElement(RemoteWebDriver.java:356)
	at org.openqa.selenium.remote.RemoteWebDriver.findElement(RemoteWebDriver.java:350)
	at com.ugapp.base.Page.click(Page.java:173)
	at com.ugapp.pages.ResetPasswordPage.backToLogin(ResetPasswordPage.java:64)
	at com.ugapp.testcases.TC_06_ResetPasswordTest.setNewPasswordPage(TC_06_ResetPasswordTest.java:33)
	at java.base/jdk.internal.reflect.DirectMethodHandleAccessor.invoke(DirectMethodHandleAccessor.java:104)
	at java.base/java.lang.reflect.Method.invoke(Method.java:578)
	at org.testng.internal.MethodInvocationHelper.invokeMethod(MethodInvocationHelper.java:104)
	at org.testng.internal.Invoker.invokeMethod(Invoker.java:645)
	at org.testng.internal.Invoker.invokeTestMethod(Invoker.java:851)
	at org.testng.internal.Invoker.invokeTestMethods(Invoker.java:1177)
	at org.testng.internal.TestMethodWorker.invokeTestMethods(TestMethodWorker.java:129)
	at org.testng.internal.TestMethodWorker.run(TestMethodWorker.java:112)
	at org.testng.TestRunner.privateRun(TestRunner.java:756)
	at org.testng.TestRunner.run(TestRunner.java:610)
	at org.testng.SuiteRunner.runTest(SuiteRunner.java:387)
	at org.testng.SuiteRunner.access$000(SuiteRunner.java:39)
	at org.testng.SuiteRunner$SuiteWorker.run(SuiteRunner.java:421)
	at org.testng.internal.thread.ThreadUtil$2.call(ThreadUtil.java:64)
	at java.base/java.util.concurrent.FutureTask.run(FutureTask.java:317)
	at java.base/java.util.concurrent.ThreadPoolExecutor.runWorker(ThreadPoolExecutor.java:1144)
	at java.base/java.util.concurrent.ThreadPoolExecutor$Worker.run(ThreadPoolExecutor.java:642)
	at java.base/java.lang.Thread.run(Thread.java:1623)
]]>
    </error>
  </testcase> <!-- setNewPasswordPage -->
  <testcase classname="com.ugapp.testcases.BaseTest" name="tearDown">
    <skipped/>
  </testcase> <!-- tearDown -->
  <testcase classname="com.ugapp.testcases.BaseTest" name="tearDown">
    <skipped/>
  </testcase> <!-- tearDown -->
  <testcase classname="com.ugapp.testcases.BaseTest" name="tearDown">
    <skipped/>
  </testcase> <!-- tearDown -->
  <testcase classname="com.ugapp.testcases.BaseTest" name="tearDown">
    <skipped/>
  </testcase> <!-- tearDown -->
  <testcase classname="com.ugapp.testcases.BaseTest" name="tearDown">
    <skipped/>
  </testcase> <!-- tearDown -->
  <testcase classname="com.ugapp.testcases.BaseTest" name="tearDown">
    <skipped/>
  </testcase> <!-- tearDown -->
  <testcase classname="com.ugapp.testcases.BaseTest" name="tearDown">
    <skipped/>
  </testcase> <!-- tearDown -->
  <testcase classname="com.ugapp.testcases.BaseTest" name="tearDown">
    <skipped/>
  </testcase> <!-- tearDown -->
  <testcase classname="com.ugapp.testcases.BaseTest" name="tearDown">
    <skipped/>
  </testcase> <!-- tearDown -->
  <testcase classname="com.ugapp.testcases.BaseTest" name="tearDown">
    <skipped/>
  </testcase> <!-- tearDown -->
  <testcase classname="com.ugapp.testcases.BaseTest" name="setup">
    <skipped/>
  </testcase> <!-- setup -->
  <testcase classname="com.ugapp.testcases.BaseTest" name="setup">
    <skipped/>
  </testcase> <!-- setup -->
  <testcase classname="com.ugapp.testcases.BaseTest" name="setup">
    <skipped/>
  </testcase> <!-- setup -->
  <testcase classname="com.ugapp.testcases.BaseTest" name="setup">
    <skipped/>
  </testcase> <!-- setup -->
  <testcase classname="com.ugapp.testcases.BaseTest" name="setup">
    <skipped/>
  </testcase> <!-- setup -->
  <testcase classname="com.ugapp.testcases.BaseTest" name="setup">
    <skipped/>
  </testcase> <!-- setup -->
  <testcase classname="com.ugapp.testcases.BaseTest" name="setup">
    <skipped/>
  </testcase> <!-- setup -->
  <testcase classname="com.ugapp.testcases.BaseTest" name="setup">
    <skipped/>
  </testcase> <!-- setup -->
  <testcase classname="com.ugapp.testcases.BaseTest" name="setup">
    <skipped/>
  </testcase> <!-- setup -->
  <testcase classname="com.ugapp.testcases.BaseTest" name="setup">
    <skipped/>
  </testcase> <!-- setup -->
  <testcase classname="com.ugapp.testcases.BaseTest" name="colNum">
    <skipped/>
  </testcase> <!-- colNum -->
  <testcase classname="com.ugapp.testcases.BaseTest" name="colNum">
    <skipped/>
  </testcase> <!-- colNum -->
  <testcase classname="com.ugapp.testcases.BaseTest" name="colNum">
    <skipped/>
  </testcase> <!-- colNum -->
  <testcase classname="com.ugapp.testcases.BaseTest" name="colNum">
    <skipped/>
  </testcase> <!-- colNum -->
  <testcase classname="com.ugapp.testcases.BaseTest" name="colNum">
    <skipped/>
  </testcase> <!-- colNum -->
  <testcase classname="com.ugapp.testcases.BaseTest" name="colNum">
    <skipped/>
  </testcase> <!-- colNum -->
  <testcase classname="com.ugapp.testcases.BaseTest" name="colNum">
    <skipped/>
  </testcase> <!-- colNum -->
  <testcase classname="com.ugapp.testcases.BaseTest" name="colNum">
    <skipped/>
  </testcase> <!-- colNum -->
  <testcase classname="com.ugapp.testcases.BaseTest" name="colNum">
    <skipped/>
  </testcase> <!-- colNum -->
  <testcase classname="com.ugapp.testcases.BaseTest" name="colNum">
    <skipped/>
  </testcase> <!-- colNum -->
  <testcase classname="com.ugapp.testcases.TC_09_MyInformationPageTest" name="visaType_DACA_UDTest">
    <skipped/>
  </testcase> <!-- visaType_DACA_UDTest -->
  <testcase classname="com.ugapp.testcases.TC_09_MyInformationPageTest" name="visaType_DACA_UDTest">
    <skipped/>
  </testcase> <!-- visaType_DACA_UDTest -->
  <testcase classname="com.ugapp.testcases.TC_09_MyInformationPageTest" name="Not_US_Citizenship">
    <skipped/>
  </testcase> <!-- Not_US_Citizenship -->
  <testcase classname="com.ugapp.testcases.TC_09_MyInformationPageTest" name="HomeAddressTest">
    <skipped/>
  </testcase> <!-- HomeAddressTest -->
  <testcase classname="com.ugapp.testcases.TC_09_MyInformationPageTest" name="FloatingNeedHelp">
    <skipped/>
  </testcase> <!-- FloatingNeedHelp -->
  <testcase classname="com.ugapp.testcases.TC_09_MyInformationPageTest" name="visaType_F1_J1_JNTest">
    <skipped/>
  </testcase> <!-- visaType_F1_J1_JNTest -->
  <testcase classname="com.ugapp.testcases.TC_09_MyInformationPageTest" name="visaType_F1_J1_JNTest">
    <skipped/>
  </testcase> <!-- visaType_F1_J1_JNTest -->
  <testcase classname="com.ugapp.testcases.TC_09_MyInformationPageTest" name="ArmedForceReserveOrNationalGuardian_MilitaryTest">
    <skipped/>
  </testcase> <!-- ArmedForceReserveOrNationalGuardian_MilitaryTest -->
  <testcase classname="com.ugapp.testcases.TC_09_MyInformationPageTest" name="ArmedForceReserveOrNationalGuardian_MilitaryTest">
    <skipped/>
  </testcase> <!-- ArmedForceReserveOrNationalGuardian_MilitaryTest -->
  <testcase classname="com.ugapp.testcases.TC_09_MyInformationPageTest" name="validateNeedhelpform">
    <skipped/>
  </testcase> <!-- validateNeedhelpform -->
  <testcase classname="com.ugapp.testcases.TC_09_MyInformationPageTest" name="visaType_PermResRefugeeTest">
    <skipped/>
  </testcase> <!-- visaType_PermResRefugeeTest -->
  <testcase classname="com.ugapp.testcases.TC_09_MyInformationPageTest" name="NoneOfTheseApply_MilitaryTest">
    <skipped/>
  </testcase> <!-- NoneOfTheseApply_MilitaryTest -->
  <testcase classname="com.ugapp.testcases.TC_09_MyInformationPageTest" name="NoneOfTheseApply_MilitaryTest">
    <skipped/>
  </testcase> <!-- NoneOfTheseApply_MilitaryTest -->
  <testcase classname="com.ugapp.testcases.TC_09_MyInformationPageTest" name="Edit_SaveFormerNameTest">
    <skipped/>
  </testcase> <!-- Edit_SaveFormerNameTest -->
  <testcase classname="com.ugapp.testcases.TC_09_MyInformationPageTest" name="SpouseOrDependent_MilitaryTest">
    <skipped/>
  </testcase> <!-- SpouseOrDependent_MilitaryTest -->
  <testcase classname="com.ugapp.testcases.TC_09_MyInformationPageTest" name="Veteran_MilitaryTest">
    <skipped/>
  </testcase> <!-- Veteran_MilitaryTest -->
  <testcase classname="com.ugapp.testcases.TC_09_MyInformationPageTest" name="DeleteFormerNameTest">
    <skipped/>
  </testcase> <!-- DeleteFormerNameTest -->
  <testcase classname="com.ugapp.testcases.TC_09_MyInformationPageTest" name="FormerNameTest">
    <skipped/>
  </testcase> <!-- FormerNameTest -->
  <testcase classname="com.ugapp.testcases.TC_09_MyInformationPageTest" name="ValidateFormerNames">
    <skipped/>
  </testcase> <!-- ValidateFormerNames -->
  <testcase classname="com.ugapp.testcases.TC_09_MyInformationPageTest" name="ValidateParentNames">
    <skipped/>
  </testcase> <!-- ValidateParentNames -->
  <testcase classname="com.ugapp.testcases.TC_09_MyInformationPageTest" name="ActiveDuty_MilitaryTest">
    <skipped/>
  </testcase> <!-- ActiveDuty_MilitaryTest -->
  <testcase classname="com.ugapp.testcases.TC_09_MyInformationPageTest" name="ActiveDuty_MilitaryTest">
    <skipped/>
  </testcase> <!-- ActiveDuty_MilitaryTest -->
  <testcase classname="com.ugapp.testcases.TC_09_MyInformationPageTest" name="US_CitizenshipTest">
    <skipped/>
  </testcase> <!-- US_CitizenshipTest -->
  <testcase classname="com.ugapp.testcases.TC_09_MyInformationPageTest" name="requiredErrorMesssage">
    <skipped/>
  </testcase> <!-- requiredErrorMesssage -->
  <testcase classname="com.ugapp.testcases.TC_09_MyInformationPageTest" name="Random_HomeaddressAndPhoneTest">
    <skipped/>
  </testcase> <!-- Random_HomeaddressAndPhoneTest -->
  <testcase classname="com.ugapp.testcases.TC_09_MyInformationPageTest" name="Edit_CancelFormerNameTest">
    <skipped/>
  </testcase> <!-- Edit_CancelFormerNameTest -->
  <testcase classname="com.ugapp.testcases.TC_09_MyInformationPageTest" name="HomeAddress">
    <skipped/>
  </testcase> <!-- HomeAddress -->
  <testcase classname="com.ugapp.testcases.TC_09_MyInformationPageTest" name="ParentNameTest">
    <skipped/>
  </testcase> <!-- ParentNameTest -->
  <testcase classname="com.ugapp.testcases.TC_04_CreateAccountTest" name="createAccountTest">
    <skipped/>
  </testcase> <!-- createAccountTest -->
  <testcase classname="com.ugapp.testcases.TC_04_CreateAccountTest" name="CreateRandomAccTest">
    <skipped/>
  </testcase> <!-- CreateRandomAccTest -->
  <testcase classname="com.ugapp.testcases.TC_04_CreateAccountTest" name="checkLinksInCreateAccount">
    <skipped/>
  </testcase> <!-- checkLinksInCreateAccount -->
  <testcase classname="com.ugapp.testcases.TC_04_CreateAccountTest" name="writeValidDetails">
    <skipped/>
  </testcase> <!-- writeValidDetails -->
  <testcase classname="com.ugapp.testcases.TC_01_LandingPageTest" name="CreateNewAcc">
    <skipped/>
  </testcase> <!-- CreateNewAcc -->
  <testcase classname="com.ugapp.testcases.TC_01_LandingPageTest" name="CreateNewAcc">
    <skipped/>
  </testcase> <!-- CreateNewAcc -->
  <testcase classname="com.ugapp.testcases.TC_08_PreAppDashboardTest" name="BirthdayAge_24Test">
    <skipped/>
  </testcase> <!-- BirthdayAge_24Test -->
  <testcase classname="com.ugapp.testcases.TC_08_PreAppDashboardTest" name="BirthdayAge_24Test">
    <skipped/>
  </testcase> <!-- BirthdayAge_24Test -->
  <testcase classname="com.ugapp.testcases.TC_08_PreAppDashboardTest" name="PreAppDashboardTest">
    <skipped/>
  </testcase> <!-- PreAppDashboardTest -->
  <testcase classname="com.ugapp.testcases.TC_08_PreAppDashboardTest" name="Birthday_Random">
    <skipped/>
  </testcase> <!-- Birthday_Random -->
  <testcase classname="com.ugapp.testcases.TC_08_PreAppDashboardTest" name="Birthday_Random">
    <skipped/>
  </testcase> <!-- Birthday_Random -->
  <testcase classname="com.ugapp.testcases.TC_08_PreAppDashboardTest" name="BirthdayAge_18Test">
    <skipped/>
  </testcase> <!-- BirthdayAge_18Test -->
  <testcase classname="com.ugapp.testcases.TC_08_PreAppDashboardTest" name="BirthdayAge_Greater24Test">
    <skipped/>
  </testcase> <!-- BirthdayAge_Greater24Test -->
  <testcase classname="com.ugapp.testcases.TC_08_PreAppDashboardTest" name="BirthdayAge_18Test">
    <skipped/>
  </testcase> <!-- BirthdayAge_18Test -->
  <testcase classname="com.ugapp.testcases.TC_08_PreAppDashboardTest" name="NeedHelpTest">
    <skipped/>
  </testcase> <!-- NeedHelpTest -->
  <testcase classname="com.ugapp.testcases.TC_08_PreAppDashboardTest" name="BirthdayAge_Btn18_24Test">
    <skipped/>
  </testcase> <!-- BirthdayAge_Btn18_24Test -->
  <testcase classname="com.ugapp.testcases.TC_08_PreAppDashboardTest" name="PreAppDashboardNames">
    <skipped/>
  </testcase> <!-- PreAppDashboardNames -->
  <testcase classname="com.ugapp.testcases.TC_08_PreAppDashboardTest" name="PreAppDashboardElements">
    <skipped/>
  </testcase> <!-- PreAppDashboardElements -->
  <testcase classname="com.ugapp.testcases.TC_08_PreAppDashboardTest" name="BirthdayAge_Less18Test">
    <skipped/>
  </testcase> <!-- BirthdayAge_Less18Test -->
  <testcase classname="com.ugapp.testcases.TC_08_PreAppDashboardTest" name="BirthdayAge_Less18Test">
    <skipped/>
  </testcase> <!-- BirthdayAge_Less18Test -->
  <testcase classname="com.ugapp.testcases.TC_07_LogInTest" name="LogInUsingAsurite">
    <skipped/>
  </testcase> <!-- LogInUsingAsurite -->
  <testcase classname="com.ugapp.testcases.TC_07_LogInTest" name="loginTest">
    <skipped/>
  </testcase> <!-- loginTest -->
</testsuite> <!-- com.ugapp.testcases.TC_06_ResetPasswordTest -->
