<?xml version="1.0" encoding="UTF-8"?>
<!-- Generated by org.testng.reporters.JUnitReportReporter -->
<testsuite hostname="Admins-MBP" failures="0" tests="6" name="com.ugapp.testcases.TC_08_PreAppDashboardTest" time="77.060" errors="0" timestamp="20 Nov 2023 18:32:33 GMT" skipped="0">
  <testcase classname="com.ugapp.testcases.TC_08_PreAppDashboardTest" name="PreAppDashboardTest" time="11.133"/>
  <testcase classname="com.ugapp.testcases.TC_08_PreAppDashboardTest" name="PreAppDashboardTest" time="11.480"/>
  <testcase classname="com.ugapp.testcases.TC_08_PreAppDashboardTest" name="PreAppDashboardTest" time="10.689"/>
  <testcase classname="com.ugapp.testcases.TC_08_PreAppDashboardTest" name="PreAppDashboardTest" time="11.179"/>
  <testcase classname="com.ugapp.testcases.TC_08_PreAppDashboardTest" name="PreAppDashboardTest" time="11.270"/>
  <testcase classname="com.ugapp.testcases.TC_08_PreAppDashboardTest" name="PreAppDashboardElements" time="21.309"/>
</testsuite> <!-- com.ugapp.testcases.TC_08_PreAppDashboardTest -->
