<?xml version="1.0" encoding="UTF-8"?>
<!-- Generated by org.testng.reporters.JUnitReportReporter -->
<testsuite hostname="DESKTOP-2VU3J8C" failures="0" tests="1" name="com.ugapp.testcases.SlackIntegration" time="1.970" errors="0" timestamp="18 Dec 2023 11:53:58 GMT" skipped="0">
  <testcase classname="com.ugapp.testcases.SlackIntegration" name="testS" time="1.970"/>
</testsuite> <!-- com.ugapp.testcases.SlackIntegration -->
