<?xml version="1.0" encoding="UTF-8"?>
<!-- Generated by org.testng.reporters.JUnitReportReporter -->
<testsuite hostname="DESKTOP-OB9VDN9" failures="0" tests="3" name="com.ugapp.testcases.TC_16_PreviewTest" time="19.151" errors="0" timestamp="07 Nov 2023 06:48:14 GMT" skipped="0">
  <testcase classname="com.ugapp.testcases.TC_16_PreviewTest" name="preview" time="4.876"/>
  <testcase classname="com.ugapp.testcases.TC_16_PreviewTest" name="writePreviewToExcel" time="7.345"/>
  <testcase classname="com.ugapp.testcases.TC_16_PreviewTest" name="postPreview" time="6.930"/>
</testsuite> <!-- com.ugapp.testcases.TC_16_PreviewTest -->
