<?xml version="1.0" encoding="UTF-8"?>
<!-- Generated by org.testng.reporters.JUnitReportReporter -->
<testsuite hostname="DESKTOP-OB9VDN9" failures="0" tests="1" name="com.ugapp.testcases.TC_03_ProvideFeedbackPageTest" time="8.399" errors="0" timestamp="26 Oct 2023 14:55:51 GMT" skipped="0">
  <testcase classname="com.ugapp.testcases.TC_03_ProvideFeedbackPageTest" name="verifyFeedback" time="8.399"/>
</testsuite> <!-- com.ugapp.testcases.TC_03_ProvideFeedbackPageTest -->
