<?xml version="1.0" encoding="UTF-8"?>
<!-- Generated by org.testng.reporters.JUnitReportReporter -->
<testsuite hostname="Admins-MacBook-Pro.local" failures="0" tests="2" name="com.ugapp.testcases.TC_16_PostAppSubmissionDashboardTest" time="21.260" errors="0" timestamp="24 Jan 2024 11:58:29 GMT" skipped="0">
  <testcase classname="com.ugapp.testcases.TC_16_PostAppSubmissionDashboardTest" name="postDashboard" time="5.877"/>
  <testcase classname="com.ugapp.testcases.TC_16_PostAppSubmissionDashboardTest" name="links" time="15.383"/>
</testsuite> <!-- com.ugapp.testcases.TC_16_PostAppSubmissionDashboardTest -->
