<?xml version="1.0" encoding="UTF-8"?>
<!-- Generated by org.testng.reporters.JUnitReportReporter -->
<testsuite hostname="DESKTOP-OB9VDN9" failures="0" tests="6" name="com.ugapp.testcases.TC_04_CreateAccountTest" time="37.809" errors="0" timestamp="19 Oct 2023 10:20:49 GMT" skipped="0">
  <testcase classname="com.ugapp.testcases.TC_04_CreateAccountTest" name="verifyCreateAcc" time="4.144"/>
  <testcase classname="com.ugapp.testcases.TC_04_CreateAccountTest" name="checkLinksInCreateAccount" time="6.243"/>
  <testcase classname="com.ugapp.testcases.TC_04_CreateAccountTest" name="createAccountTest" time="5.546"/>
  <testcase classname="com.ugapp.testcases.TC_04_CreateAccountTest" name="createAccountTest" time="10.753"/>
  <testcase classname="com.ugapp.testcases.TC_04_CreateAccountTest" name="createAccountTest" time="5.646"/>
  <testcase classname="com.ugapp.testcases.TC_04_CreateAccountTest" name="createAccountTest" time="5.477"/>
</testsuite> <!-- com.ugapp.testcases.TC_04_CreateAccountTest -->
