<?xml version="1.0" encoding="UTF-8"?>
<!-- Generated by org.testng.reporters.JUnitReportReporter -->
<testsuite hostname="Admins-MacBook-Pro.local" failures="0" tests="2" name="com.ugapp.testcases.TC_07_LogInTest" time="12.094" errors="0" timestamp="30 Nov 2023 06:56:05 GMT" skipped="0">
  <testcase classname="com.ugapp.testcases.TC_07_LogInTest" name="LogInUsingAsurite" time="8.706"/>
  <testcase classname="com.ugapp.testcases.TC_07_LogInTest" name="login" time="3.388"/>
</testsuite> <!-- com.ugapp.testcases.TC_07_LogInTest -->
