<?xml version="1.0" encoding="UTF-8"?>
<!-- Generated by org.testng.reporters.JUnitReportReporter -->
<testsuite hostname="Admins-MacBook-Pro.local" failures="0" tests="1001" name="com.ugapp.testcases.TC_07_LogInTest" time="1.407" errors="5" timestamp="01 Dec 2023 11:07:47 GMT" skipped="996">
  <testcase classname="com.ugapp.testcases.TC_07_LogInTest" name="LogInUsingAsurite" time="0.000">
    <error message="Cannot invoke &quot;org.openqa.selenium.WebDriver.findElement(org.openqa.selenium.By)&quot; because &quot;com.ugapp.base.Page2.driver&quot; is null" type="java.lang.NullPointerException">
      <![CDATA[java.lang.NullPointerException: Cannot invoke "org.openqa.selenium.WebDriver.findElement(org.openqa.selenium.By)" because "com.ugapp.base.Page2.driver" is null
	at com.ugapp.base.Page2.click(Page2.java:188)
	at com.ugapp.pages.LogInPage.logInWithAsurite(LogInPage.java:19)
	at com.ugapp.testcases.TC_07_LogInTest.LogInUsingAsurite(TC_07_LogInTest.java:21)
	at java.base/jdk.internal.reflect.DirectMethodHandleAccessor.invoke(DirectMethodHandleAccessor.java:104)
	at java.base/java.lang.reflect.Method.invoke(Method.java:578)
	at org.testng.internal.MethodInvocationHelper.invokeMethod(MethodInvocationHelper.java:108)
	at org.testng.internal.Invoker.invokeMethod(Invoker.java:661)
	at org.testng.internal.Invoker.invokeTestMethod(Invoker.java:869)
	at org.testng.internal.Invoker.invokeTestMethods(Invoker.java:1193)
	at org.testng.internal.TestMethodWorker.invokeTestMethods(TestMethodWorker.java:126)
	at org.testng.internal.TestMethodWorker.run(TestMethodWorker.java:109)
	at org.testng.TestRunner.privateRun(TestRunner.java:744)
	at org.testng.TestRunner.run(TestRunner.java:602)
	at org.testng.SuiteRunner.runTest(SuiteRunner.java:380)
	at org.testng.SuiteRunner.runSequentially(SuiteRunner.java:375)
	at org.testng.SuiteRunner.privateRun(SuiteRunner.java:340)
	at org.testng.SuiteRunner.run(SuiteRunner.java:289)
	at org.testng.SuiteRunnerWorker.runSuite(SuiteRunnerWorker.java:52)
	at org.testng.SuiteRunnerWorker.run(SuiteRunnerWorker.java:86)
	at org.testng.TestNG.runSuitesSequentially(TestNG.java:1301)
	at org.testng.TestNG.runSuitesSequentially(TestNG.java:1297)
	at org.testng.TestNG.runSuitesLocally(TestNG.java:1226)
	at org.testng.TestNG.runSuites(TestNG.java:1144)
	at org.testng.TestNG.run(TestNG.java:1115)
	at org.testng.remote.AbstractRemoteTestNG.run(AbstractRemoteTestNG.java:115)
	at org.testng.remote.RemoteTestNG.initAndRun(RemoteTestNG.java:251)
	at org.testng.remote.RemoteTestNG.main(RemoteTestNG.java:77)
]]>
    </error>
  </testcase> <!-- LogInUsingAsurite -->
  <testcase classname="com.ugapp.testcases.TC_07_LogInTest" name="loginTest" time="0.000">
    <skipped/>
  </testcase> <!-- loginTest -->
  <testcase classname="com.ugapp.testcases.TC_07_LogInTest" name="loginTest" time="0.007">
    <skipped/>
  </testcase> <!-- loginTest -->
  <testcase classname="com.ugapp.testcases.TC_07_LogInTest" name="loginTest" time="0.000">
    <skipped/>
  </testcase> <!-- loginTest -->
  <testcase classname="com.ugapp.testcases.TC_07_LogInTest" name="loginTest" time="0.001">
    <skipped/>
  </testcase> <!-- loginTest -->
  <testcase classname="com.ugapp.testcases.TC_07_LogInTest" name="loginTest" time="0.000">
    <skipped/>
  </testcase> <!-- loginTest -->
  <testcase classname="com.ugapp.testcases.TC_07_LogInTest" name="loginTest" time="0.000">
    <skipped/>
  </testcase> <!-- loginTest -->
  <testcase classname="com.ugapp.testcases.TC_07_LogInTest" name="loginTest" time="0.000">
    <skipped/>
  </testcase> <!-- loginTest -->
  <testcase classname="com.ugapp.testcases.TC_07_LogInTest" name="loginTest" time="0.000">
    <skipped/>
  </testcase> <!-- loginTest -->
  <testcase classname="com.ugapp.testcases.TC_07_LogInTest" name="loginTest" time="0.001">
    <skipped/>
  </testcase> <!-- loginTest -->
  <testcase classname="com.ugapp.testcases.TC_07_LogInTest" name="loginTest" time="0.001">
    <skipped/>
  </testcase> <!-- loginTest -->
  <testcase classname="com.ugapp.testcases.TC_07_LogInTest" name="loginTest" time="0.000">
    <skipped/>
  </testcase> <!-- loginTest -->
  <testcase classname="com.ugapp.testcases.TC_07_LogInTest" name="loginTest" time="0.001">
    <skipped/>
  </testcase> <!-- loginTest -->
  <testcase classname="com.ugapp.testcases.TC_07_LogInTest" name="loginTest" time="0.001">
    <skipped/>
  </testcase> <!-- loginTest -->
  <testcase classname="com.ugapp.testcases.TC_07_LogInTest" name="loginTest" time="0.000">
    <skipped/>
  </testcase> <!-- loginTest -->
  <testcase classname="com.ugapp.testcases.TC_07_LogInTest" name="loginTest" time="0.000">
    <skipped/>
  </testcase> <!-- loginTest -->
  <testcase classname="com.ugapp.testcases.TC_07_LogInTest" name="loginTest" time="0.000">
    <skipped/>
  </testcase> <!-- loginTest -->
  <testcase classname="com.ugapp.testcases.TC_07_LogInTest" name="loginTest" time="0.000">
    <skipped/>
  </testcase> <!-- loginTest -->
  <testcase classname="com.ugapp.testcases.TC_07_LogInTest" name="loginTest" time="0.000">
    <skipped/>
  </testcase> <!-- loginTest -->
  <testcase classname="com.ugapp.testcases.TC_07_LogInTest" name="loginTest" time="0.000">
    <error message="Cannot invoke &quot;org.openqa.selenium.WebDriver.findElement(org.openqa.selenium.By)&quot; because &quot;com.ugapp.base.Page2.driver&quot; is null" type="java.lang.NullPointerException">
      <![CDATA[java.lang.NullPointerException: Cannot invoke "org.openqa.selenium.WebDriver.findElement(org.openqa.selenium.By)" because "com.ugapp.base.Page2.driver" is null
	at com.ugapp.base.Page2.type(Page2.java:200)
	at com.ugapp.pages.LogInPage.logIn(LogInPage.java:42)
	at com.ugapp.testcases.TC_07_LogInTest.loginTest(TC_07_LogInTest.java:34)
	at java.base/jdk.internal.reflect.DirectMethodHandleAccessor.invoke(DirectMethodHandleAccessor.java:104)
	at java.base/java.lang.reflect.Method.invoke(Method.java:578)
	at org.testng.internal.MethodInvocationHelper.invokeMethod(MethodInvocationHelper.java:108)
	at org.testng.internal.Invoker.invokeMethod(Invoker.java:661)
	at org.testng.internal.Invoker.invokeTestMethod(Invoker.java:869)
	at org.testng.internal.Invoker.invokeTestMethods(Invoker.java:1193)
	at org.testng.internal.TestMethodWorker.invokeTestMethods(TestMethodWorker.java:126)
	at org.testng.internal.TestMethodWorker.run(TestMethodWorker.java:109)
	at org.testng.TestRunner.privateRun(TestRunner.java:744)
	at org.testng.TestRunner.run(TestRunner.java:602)
	at org.testng.SuiteRunner.runTest(SuiteRunner.java:380)
	at org.testng.SuiteRunner.runSequentially(SuiteRunner.java:375)
	at org.testng.SuiteRunner.privateRun(SuiteRunner.java:340)
	at org.testng.SuiteRunner.run(SuiteRunner.java:289)
	at org.testng.SuiteRunnerWorker.runSuite(SuiteRunnerWorker.java:52)
	at org.testng.SuiteRunnerWorker.run(SuiteRunnerWorker.java:86)
	at org.testng.TestNG.runSuitesSequentially(TestNG.java:1301)
	at org.testng.TestNG.runSuitesSequentially(TestNG.java:1297)
	at org.testng.TestNG.runSuitesLocally(TestNG.java:1226)
	at org.testng.TestNG.runSuites(TestNG.java:1144)
	at org.testng.TestNG.run(TestNG.java:1115)
	at org.testng.remote.AbstractRemoteTestNG.run(AbstractRemoteTestNG.java:115)
	at org.testng.remote.RemoteTestNG.initAndRun(RemoteTestNG.java:251)
	at org.testng.remote.RemoteTestNG.main(RemoteTestNG.java:77)
]]>
    </error>
  </testcase> <!-- loginTest -->
  <testcase classname="com.ugapp.testcases.TC_07_LogInTest" name="loginTest" time="0.001">
    <skipped/>
  </testcase> <!-- loginTest -->
  <testcase classname="com.ugapp.testcases.TC_07_LogInTest" name="loginTest" time="0.000">
    <skipped/>
  </testcase> <!-- loginTest -->
  <testcase classname="com.ugapp.testcases.TC_07_LogInTest" name="loginTest" time="0.001">
    <skipped/>
  </testcase> <!-- loginTest -->
  <testcase classname="com.ugapp.testcases.TC_07_LogInTest" name="loginTest" time="0.001">
    <skipped/>
  </testcase> <!-- loginTest -->
  <testcase classname="com.ugapp.testcases.TC_07_LogInTest" name="loginTest" time="0.000">
    <skipped/>
  </testcase> <!-- loginTest -->
  <testcase classname="com.ugapp.testcases.TC_07_LogInTest" name="loginTest" time="0.000">
    <skipped/>
  </testcase> <!-- loginTest -->
  <testcase classname="com.ugapp.testcases.TC_07_LogInTest" name="loginTest" time="0.001">
    <skipped/>
  </testcase> <!-- loginTest -->
  <testcase classname="com.ugapp.testcases.TC_07_LogInTest" name="loginTest" time="0.000">
    <skipped/>
  </testcase> <!-- loginTest -->
  <testcase classname="com.ugapp.testcases.TC_07_LogInTest" name="loginTest" time="0.000">
    <skipped/>
  </testcase> <!-- loginTest -->
  <testcase classname="com.ugapp.testcases.TC_07_LogInTest" name="loginTest" time="0.001">
    <skipped/>
  </testcase> <!-- loginTest -->
  <testcase classname="com.ugapp.testcases.TC_07_LogInTest" name="loginTest" time="0.000">
    <skipped/>
  </testcase> <!-- loginTest -->
  <testcase classname="com.ugapp.testcases.TC_07_LogInTest" name="loginTest" time="0.000">
    <skipped/>
  </testcase> <!-- loginTest -->
  <testcase classname="com.ugapp.testcases.TC_07_LogInTest" name="loginTest" time="0.001">
    <skipped/>
  </testcase> <!-- loginTest -->
  <testcase classname="com.ugapp.testcases.TC_07_LogInTest" name="loginTest" time="0.000">
    <skipped/>
  </testcase> <!-- loginTest -->
  <testcase classname="com.ugapp.testcases.TC_07_LogInTest" name="loginTest" time="0.000">
    <skipped/>
  </testcase> <!-- loginTest -->
  <testcase classname="com.ugapp.testcases.TC_07_LogInTest" name="loginTest" time="0.001">
    <skipped/>
  </testcase> <!-- loginTest -->
  <testcase classname="com.ugapp.testcases.TC_07_LogInTest" name="loginTest" time="0.000">
    <skipped/>
  </testcase> <!-- loginTest -->
  <testcase classname="com.ugapp.testcases.TC_07_LogInTest" name="loginTest" time="0.000">
    <skipped/>
  </testcase> <!-- loginTest -->
  <testcase classname="com.ugapp.testcases.TC_07_LogInTest" name="loginTest" time="0.000">
    <skipped/>
  </testcase> <!-- loginTest -->
  <testcase classname="com.ugapp.testcases.TC_07_LogInTest" name="loginTest" time="0.000">
    <skipped/>
  </testcase> <!-- loginTest -->
  <testcase classname="com.ugapp.testcases.TC_07_LogInTest" name="loginTest" time="0.001">
    <skipped/>
  </testcase> <!-- loginTest -->
  <testcase classname="com.ugapp.testcases.TC_07_LogInTest" name="loginTest" time="0.001">
    <skipped/>
  </testcase> <!-- loginTest -->
  <testcase classname="com.ugapp.testcases.TC_07_LogInTest" name="loginTest" time="0.001">
    <skipped/>
  </testcase> <!-- loginTest -->
  <testcase classname="com.ugapp.testcases.TC_07_LogInTest" name="loginTest" time="0.000">
    <skipped/>
  </testcase> <!-- loginTest -->
  <testcase classname="com.ugapp.testcases.TC_07_LogInTest" name="loginTest" time="0.001">
    <skipped/>
  </testcase> <!-- loginTest -->
  <testcase classname="com.ugapp.testcases.TC_07_LogInTest" name="loginTest" time="0.000">
    <skipped/>
  </testcase> <!-- loginTest -->
  <testcase classname="com.ugapp.testcases.TC_07_LogInTest" name="loginTest" time="0.000">
    <skipped/>
  </testcase> <!-- loginTest -->
  <testcase classname="com.ugapp.testcases.TC_07_LogInTest" name="loginTest" time="0.000">
    <skipped/>
  </testcase> <!-- loginTest -->
  <testcase classname="com.ugapp.testcases.TC_07_LogInTest" name="loginTest" time="0.001">
    <skipped/>
  </testcase> <!-- loginTest -->
  <testcase classname="com.ugapp.testcases.TC_07_LogInTest" name="loginTest" time="0.001">
    <skipped/>
  </testcase> <!-- loginTest -->
  <testcase classname="com.ugapp.testcases.TC_07_LogInTest" name="loginTest" time="0.001">
    <skipped/>
  </testcase> <!-- loginTest -->
  <testcase classname="com.ugapp.testcases.TC_07_LogInTest" name="loginTest" time="0.000">
    <skipped/>
  </testcase> <!-- loginTest -->
  <testcase classname="com.ugapp.testcases.TC_07_LogInTest" name="loginTest" time="0.001">
    <skipped/>
  </testcase> <!-- loginTest -->
  <testcase classname="com.ugapp.testcases.TC_07_LogInTest" name="loginTest" time="0.001">
    <skipped/>
  </testcase> <!-- loginTest -->
  <testcase classname="com.ugapp.testcases.TC_07_LogInTest" name="loginTest" time="0.001">
    <skipped/>
  </testcase> <!-- loginTest -->
  <testcase classname="com.ugapp.testcases.TC_07_LogInTest" name="loginTest" time="0.000">
    <skipped/>
  </testcase> <!-- loginTest -->
  <testcase classname="com.ugapp.testcases.TC_07_LogInTest" name="loginTest" time="0.001">
    <skipped/>
  </testcase> <!-- loginTest -->
  <testcase classname="com.ugapp.testcases.TC_07_LogInTest" name="loginTest" time="0.001">
    <skipped/>
  </testcase> <!-- loginTest -->
  <testcase classname="com.ugapp.testcases.TC_07_LogInTest" name="loginTest" time="0.001">
    <skipped/>
  </testcase> <!-- loginTest -->
  <testcase classname="com.ugapp.testcases.TC_07_LogInTest" name="loginTest" time="0.001">
    <skipped/>
  </testcase> <!-- loginTest -->
  <testcase classname="com.ugapp.testcases.TC_07_LogInTest" name="loginTest" time="0.001">
    <skipped/>
  </testcase> <!-- loginTest -->
  <testcase classname="com.ugapp.testcases.TC_07_LogInTest" name="loginTest" time="0.000">
    <skipped/>
  </testcase> <!-- loginTest -->
  <testcase classname="com.ugapp.testcases.TC_07_LogInTest" name="loginTest" time="0.000">
    <skipped/>
  </testcase> <!-- loginTest -->
  <testcase classname="com.ugapp.testcases.TC_07_LogInTest" name="loginTest" time="0.001">
    <skipped/>
  </testcase> <!-- loginTest -->
  <testcase classname="com.ugapp.testcases.TC_07_LogInTest" name="loginTest" time="0.001">
    <skipped/>
  </testcase> <!-- loginTest -->
  <testcase classname="com.ugapp.testcases.TC_07_LogInTest" name="loginTest" time="0.000">
    <skipped/>
  </testcase> <!-- loginTest -->
  <testcase classname="com.ugapp.testcases.TC_07_LogInTest" name="loginTest" time="0.000">
    <skipped/>
  </testcase> <!-- loginTest -->
  <testcase classname="com.ugapp.testcases.TC_07_LogInTest" name="loginTest" time="0.001">
    <skipped/>
  </testcase> <!-- loginTest -->
  <testcase classname="com.ugapp.testcases.TC_07_LogInTest" name="loginTest" time="0.000">
    <skipped/>
  </testcase> <!-- loginTest -->
  <testcase classname="com.ugapp.testcases.TC_07_LogInTest" name="loginTest" time="0.001">
    <skipped/>
  </testcase> <!-- loginTest -->
  <testcase classname="com.ugapp.testcases.TC_07_LogInTest" name="loginTest" time="0.000">
    <skipped/>
  </testcase> <!-- loginTest -->
  <testcase classname="com.ugapp.testcases.TC_07_LogInTest" name="loginTest" time="0.000">
    <skipped/>
  </testcase> <!-- loginTest -->
  <testcase classname="com.ugapp.testcases.TC_07_LogInTest" name="loginTest" time="0.000">
    <skipped/>
  </testcase> <!-- loginTest -->
  <testcase classname="com.ugapp.testcases.TC_07_LogInTest" name="loginTest" time="0.001">
    <skipped/>
  </testcase> <!-- loginTest -->
  <testcase classname="com.ugapp.testcases.TC_07_LogInTest" name="loginTest" time="0.001">
    <skipped/>
  </testcase> <!-- loginTest -->
  <testcase classname="com.ugapp.testcases.TC_07_LogInTest" name="loginTest" time="0.001">
    <skipped/>
  </testcase> <!-- loginTest -->
  <testcase classname="com.ugapp.testcases.TC_07_LogInTest" name="loginTest" time="0.000">
    <skipped/>
  </testcase> <!-- loginTest -->
  <testcase classname="com.ugapp.testcases.TC_07_LogInTest" name="loginTest" time="0.000">
    <skipped/>
  </testcase> <!-- loginTest -->
  <testcase classname="com.ugapp.testcases.TC_07_LogInTest" name="loginTest" time="0.000">
    <skipped/>
  </testcase> <!-- loginTest -->
  <testcase classname="com.ugapp.testcases.TC_07_LogInTest" name="loginTest" time="0.000">
    <skipped/>
  </testcase> <!-- loginTest -->
  <testcase classname="com.ugapp.testcases.TC_07_LogInTest" name="loginTest" time="0.000">
    <skipped/>
  </testcase> <!-- loginTest -->
  <testcase classname="com.ugapp.testcases.TC_07_LogInTest" name="loginTest" time="0.000">
    <skipped/>
  </testcase> <!-- loginTest -->
  <testcase classname="com.ugapp.testcases.TC_07_LogInTest" name="loginTest" time="0.001">
    <skipped/>
  </testcase> <!-- loginTest -->
  <testcase classname="com.ugapp.testcases.TC_07_LogInTest" name="loginTest" time="0.001">
    <skipped/>
  </testcase> <!-- loginTest -->
  <testcase classname="com.ugapp.testcases.TC_07_LogInTest" name="loginTest" time="0.001">
    <skipped/>
  </testcase> <!-- loginTest -->
  <testcase classname="com.ugapp.testcases.TC_07_LogInTest" name="loginTest" time="0.000">
    <skipped/>
  </testcase> <!-- loginTest -->
  <testcase classname="com.ugapp.testcases.TC_07_LogInTest" name="loginTest" time="0.001">
    <skipped/>
  </testcase> <!-- loginTest -->
  <testcase classname="com.ugapp.testcases.TC_07_LogInTest" name="loginTest" time="0.000">
    <skipped/>
  </testcase> <!-- loginTest -->
  <testcase classname="com.ugapp.testcases.TC_07_LogInTest" name="loginTest" time="0.000">
    <skipped/>
  </testcase> <!-- loginTest -->
  <testcase classname="com.ugapp.testcases.TC_07_LogInTest" name="loginTest" time="0.001">
    <skipped/>
  </testcase> <!-- loginTest -->
  <testcase classname="com.ugapp.testcases.TC_07_LogInTest" name="loginTest" time="0.000">
    <skipped/>
  </testcase> <!-- loginTest -->
  <testcase classname="com.ugapp.testcases.TC_07_LogInTest" name="loginTest" time="0.000">
    <skipped/>
  </testcase> <!-- loginTest -->
  <testcase classname="com.ugapp.testcases.TC_07_LogInTest" name="loginTest" time="0.000">
    <skipped/>
  </testcase> <!-- loginTest -->
  <testcase classname="com.ugapp.testcases.TC_07_LogInTest" name="loginTest" time="0.001">
    <skipped/>
  </testcase> <!-- loginTest -->
  <testcase classname="com.ugapp.testcases.TC_07_LogInTest" name="loginTest" time="0.000">
    <skipped/>
  </testcase> <!-- loginTest -->
  <testcase classname="com.ugapp.testcases.TC_07_LogInTest" name="loginTest" time="0.000">
    <skipped/>
  </testcase> <!-- loginTest -->
  <testcase classname="com.ugapp.testcases.TC_07_LogInTest" name="loginTest" time="0.001">
    <skipped/>
  </testcase> <!-- loginTest -->
  <testcase classname="com.ugapp.testcases.TC_07_LogInTest" name="loginTest" time="0.001">
    <skipped/>
  </testcase> <!-- loginTest -->
  <testcase classname="com.ugapp.testcases.TC_07_LogInTest" name="loginTest" time="0.000">
    <skipped/>
  </testcase> <!-- loginTest -->
  <testcase classname="com.ugapp.testcases.TC_07_LogInTest" name="loginTest" time="0.000">
    <skipped/>
  </testcase> <!-- loginTest -->
  <testcase classname="com.ugapp.testcases.TC_07_LogInTest" name="loginTest" time="0.000">
    <skipped/>
  </testcase> <!-- loginTest -->
  <testcase classname="com.ugapp.testcases.TC_07_LogInTest" name="loginTest" time="0.001">
    <skipped/>
  </testcase> <!-- loginTest -->
  <testcase classname="com.ugapp.testcases.TC_07_LogInTest" name="loginTest" time="0.000">
    <skipped/>
  </testcase> <!-- loginTest -->
  <testcase classname="com.ugapp.testcases.TC_07_LogInTest" name="loginTest" time="0.000">
    <skipped/>
  </testcase> <!-- loginTest -->
  <testcase classname="com.ugapp.testcases.TC_07_LogInTest" name="loginTest" time="0.001">
    <skipped/>
  </testcase> <!-- loginTest -->
  <testcase classname="com.ugapp.testcases.TC_07_LogInTest" name="loginTest" time="0.000">
    <skipped/>
  </testcase> <!-- loginTest -->
  <testcase classname="com.ugapp.testcases.TC_07_LogInTest" name="loginTest" time="0.001">
    <skipped/>
  </testcase> <!-- loginTest -->
  <testcase classname="com.ugapp.testcases.TC_07_LogInTest" name="loginTest" time="0.000">
    <skipped/>
  </testcase> <!-- loginTest -->
  <testcase classname="com.ugapp.testcases.TC_07_LogInTest" name="loginTest" time="0.000">
    <skipped/>
  </testcase> <!-- loginTest -->
  <testcase classname="com.ugapp.testcases.TC_07_LogInTest" name="loginTest" time="0.000">
    <skipped/>
  </testcase> <!-- loginTest -->
  <testcase classname="com.ugapp.testcases.TC_07_LogInTest" name="loginTest" time="0.000">
    <skipped/>
  </testcase> <!-- loginTest -->
  <testcase classname="com.ugapp.testcases.TC_07_LogInTest" name="loginTest" time="0.000">
    <skipped/>
  </testcase> <!-- loginTest -->
  <testcase classname="com.ugapp.testcases.TC_07_LogInTest" name="loginTest" time="0.000">
    <skipped/>
  </testcase> <!-- loginTest -->
  <testcase classname="com.ugapp.testcases.TC_07_LogInTest" name="loginTest" time="0.001">
    <skipped/>
  </testcase> <!-- loginTest -->
  <testcase classname="com.ugapp.testcases.TC_07_LogInTest" name="loginTest" time="0.001">
    <skipped/>
  </testcase> <!-- loginTest -->
  <testcase classname="com.ugapp.testcases.TC_07_LogInTest" name="loginTest" time="0.001">
    <skipped/>
  </testcase> <!-- loginTest -->
  <testcase classname="com.ugapp.testcases.TC_07_LogInTest" name="loginTest" time="0.000">
    <skipped/>
  </testcase> <!-- loginTest -->
  <testcase classname="com.ugapp.testcases.TC_07_LogInTest" name="loginTest" time="0.001">
    <skipped/>
  </testcase> <!-- loginTest -->
  <testcase classname="com.ugapp.testcases.TC_07_LogInTest" name="loginTest" time="0.000">
    <skipped/>
  </testcase> <!-- loginTest -->
  <testcase classname="com.ugapp.testcases.TC_07_LogInTest" name="loginTest" time="0.001">
    <skipped/>
  </testcase> <!-- loginTest -->
  <testcase classname="com.ugapp.testcases.TC_07_LogInTest" name="loginTest" time="0.001">
    <skipped/>
  </testcase> <!-- loginTest -->
  <testcase classname="com.ugapp.testcases.TC_07_LogInTest" name="loginTest" time="0.000">
    <skipped/>
  </testcase> <!-- loginTest -->
  <testcase classname="com.ugapp.testcases.TC_07_LogInTest" name="loginTest" time="0.001">
    <skipped/>
  </testcase> <!-- loginTest -->
  <testcase classname="com.ugapp.testcases.TC_07_LogInTest" name="loginTest" time="0.001">
    <skipped/>
  </testcase> <!-- loginTest -->
  <testcase classname="com.ugapp.testcases.TC_07_LogInTest" name="loginTest" time="0.001">
    <skipped/>
  </testcase> <!-- loginTest -->
  <testcase classname="com.ugapp.testcases.TC_07_LogInTest" name="loginTest" time="0.001">
    <skipped/>
  </testcase> <!-- loginTest -->
  <testcase classname="com.ugapp.testcases.TC_07_LogInTest" name="loginTest" time="0.000">
    <skipped/>
  </testcase> <!-- loginTest -->
  <testcase classname="com.ugapp.testcases.TC_07_LogInTest" name="loginTest" time="0.000">
    <skipped/>
  </testcase> <!-- loginTest -->
  <testcase classname="com.ugapp.testcases.TC_07_LogInTest" name="loginTest" time="0.000">
    <skipped/>
  </testcase> <!-- loginTest -->
  <testcase classname="com.ugapp.testcases.TC_07_LogInTest" name="loginTest" time="0.001">
    <skipped/>
  </testcase> <!-- loginTest -->
  <testcase classname="com.ugapp.testcases.TC_07_LogInTest" name="loginTest" time="0.001">
    <skipped/>
  </testcase> <!-- loginTest -->
  <testcase classname="com.ugapp.testcases.TC_07_LogInTest" name="loginTest" time="0.001">
    <skipped/>
  </testcase> <!-- loginTest -->
  <testcase classname="com.ugapp.testcases.TC_07_LogInTest" name="loginTest" time="0.000">
    <skipped/>
  </testcase> <!-- loginTest -->
  <testcase classname="com.ugapp.testcases.TC_07_LogInTest" name="loginTest" time="0.001">
    <skipped/>
  </testcase> <!-- loginTest -->
  <testcase classname="com.ugapp.testcases.TC_07_LogInTest" name="loginTest" time="0.000">
    <skipped/>
  </testcase> <!-- loginTest -->
  <testcase classname="com.ugapp.testcases.TC_07_LogInTest" name="loginTest" time="0.001">
    <skipped/>
  </testcase> <!-- loginTest -->
  <testcase classname="com.ugapp.testcases.TC_07_LogInTest" name="loginTest" time="0.000">
    <skipped/>
  </testcase> <!-- loginTest -->
  <testcase classname="com.ugapp.testcases.TC_07_LogInTest" name="loginTest" time="0.000">
    <skipped/>
  </testcase> <!-- loginTest -->
  <testcase classname="com.ugapp.testcases.TC_07_LogInTest" name="loginTest" time="0.000">
    <skipped/>
  </testcase> <!-- loginTest -->
  <testcase classname="com.ugapp.testcases.TC_07_LogInTest" name="loginTest" time="0.000">
    <skipped/>
  </testcase> <!-- loginTest -->
  <testcase classname="com.ugapp.testcases.TC_07_LogInTest" name="loginTest" time="0.000">
    <skipped/>
  </testcase> <!-- loginTest -->
  <testcase classname="com.ugapp.testcases.TC_07_LogInTest" name="loginTest" time="0.000">
    <skipped/>
  </testcase> <!-- loginTest -->
  <testcase classname="com.ugapp.testcases.TC_07_LogInTest" name="loginTest" time="0.000">
    <skipped/>
  </testcase> <!-- loginTest -->
  <testcase classname="com.ugapp.testcases.TC_07_LogInTest" name="loginTest" time="0.000">
    <skipped/>
  </testcase> <!-- loginTest -->
  <testcase classname="com.ugapp.testcases.TC_07_LogInTest" name="loginTest" time="0.001">
    <skipped/>
  </testcase> <!-- loginTest -->
  <testcase classname="com.ugapp.testcases.TC_07_LogInTest" name="loginTest" time="0.000">
    <skipped/>
  </testcase> <!-- loginTest -->
  <testcase classname="com.ugapp.testcases.TC_07_LogInTest" name="loginTest" time="0.001">
    <skipped/>
  </testcase> <!-- loginTest -->
  <testcase classname="com.ugapp.testcases.TC_07_LogInTest" name="loginTest" time="0.000">
    <skipped/>
  </testcase> <!-- loginTest -->
  <testcase classname="com.ugapp.testcases.TC_07_LogInTest" name="loginTest" time="0.001">
    <skipped/>
  </testcase> <!-- loginTest -->
  <testcase classname="com.ugapp.testcases.TC_07_LogInTest" name="loginTest" time="0.001">
    <skipped/>
  </testcase> <!-- loginTest -->
  <testcase classname="com.ugapp.testcases.TC_07_LogInTest" name="loginTest" time="0.000">
    <skipped/>
  </testcase> <!-- loginTest -->
  <testcase classname="com.ugapp.testcases.TC_07_LogInTest" name="loginTest" time="0.000">
    <skipped/>
  </testcase> <!-- loginTest -->
  <testcase classname="com.ugapp.testcases.TC_07_LogInTest" name="loginTest" time="0.001">
    <skipped/>
  </testcase> <!-- loginTest -->
  <testcase classname="com.ugapp.testcases.TC_07_LogInTest" name="loginTest" time="0.001">
    <skipped/>
  </testcase> <!-- loginTest -->
  <testcase classname="com.ugapp.testcases.TC_07_LogInTest" name="loginTest" time="0.001">
    <skipped/>
  </testcase> <!-- loginTest -->
  <testcase classname="com.ugapp.testcases.TC_07_LogInTest" name="loginTest" time="0.000">
    <skipped/>
  </testcase> <!-- loginTest -->
  <testcase classname="com.ugapp.testcases.TC_07_LogInTest" name="loginTest" time="0.000">
    <skipped/>
  </testcase> <!-- loginTest -->
  <testcase classname="com.ugapp.testcases.TC_07_LogInTest" name="loginTest" time="0.000">
    <skipped/>
  </testcase> <!-- loginTest -->
  <testcase classname="com.ugapp.testcases.TC_07_LogInTest" name="loginTest" time="0.000">
    <skipped/>
  </testcase> <!-- loginTest -->
  <testcase classname="com.ugapp.testcases.TC_07_LogInTest" name="loginTest" time="0.000">
    <skipped/>
  </testcase> <!-- loginTest -->
  <testcase classname="com.ugapp.testcases.TC_07_LogInTest" name="loginTest" time="0.000">
    <skipped/>
  </testcase> <!-- loginTest -->
  <testcase classname="com.ugapp.testcases.TC_07_LogInTest" name="loginTest" time="0.000">
    <skipped/>
  </testcase> <!-- loginTest -->
  <testcase classname="com.ugapp.testcases.TC_07_LogInTest" name="loginTest" time="0.000">
    <skipped/>
  </testcase> <!-- loginTest -->
  <testcase classname="com.ugapp.testcases.TC_07_LogInTest" name="loginTest" time="0.001">
    <skipped/>
  </testcase> <!-- loginTest -->
  <testcase classname="com.ugapp.testcases.TC_07_LogInTest" name="loginTest" time="0.000">
    <skipped/>
  </testcase> <!-- loginTest -->
  <testcase classname="com.ugapp.testcases.TC_07_LogInTest" name="loginTest" time="0.000">
    <skipped/>
  </testcase> <!-- loginTest -->
  <testcase classname="com.ugapp.testcases.TC_07_LogInTest" name="loginTest" time="0.001">
    <skipped/>
  </testcase> <!-- loginTest -->
  <testcase classname="com.ugapp.testcases.TC_07_LogInTest" name="loginTest" time="0.000">
    <skipped/>
  </testcase> <!-- loginTest -->
  <testcase classname="com.ugapp.testcases.TC_07_LogInTest" name="loginTest" time="0.001">
    <skipped/>
  </testcase> <!-- loginTest -->
  <testcase classname="com.ugapp.testcases.TC_07_LogInTest" name="loginTest" time="0.000">
    <skipped/>
  </testcase> <!-- loginTest -->
  <testcase classname="com.ugapp.testcases.TC_07_LogInTest" name="loginTest" time="0.000">
    <skipped/>
  </testcase> <!-- loginTest -->
  <testcase classname="com.ugapp.testcases.TC_07_LogInTest" name="loginTest" time="0.000">
    <skipped/>
  </testcase> <!-- loginTest -->
  <testcase classname="com.ugapp.testcases.TC_07_LogInTest" name="loginTest" time="0.000">
    <skipped/>
  </testcase> <!-- loginTest -->
  <testcase classname="com.ugapp.testcases.TC_07_LogInTest" name="loginTest" time="0.000">
    <skipped/>
  </testcase> <!-- loginTest -->
  <testcase classname="com.ugapp.testcases.TC_07_LogInTest" name="loginTest" time="0.000">
    <skipped/>
  </testcase> <!-- loginTest -->
  <testcase classname="com.ugapp.testcases.TC_07_LogInTest" name="loginTest" time="0.001">
    <skipped/>
  </testcase> <!-- loginTest -->
  <testcase classname="com.ugapp.testcases.TC_07_LogInTest" name="loginTest" time="0.000">
    <skipped/>
  </testcase> <!-- loginTest -->
  <testcase classname="com.ugapp.testcases.TC_07_LogInTest" name="loginTest" time="0.001">
    <skipped/>
  </testcase> <!-- loginTest -->
  <testcase classname="com.ugapp.testcases.TC_07_LogInTest" name="loginTest" time="0.000">
    <skipped/>
  </testcase> <!-- loginTest -->
  <testcase classname="com.ugapp.testcases.TC_07_LogInTest" name="loginTest" time="0.000">
    <skipped/>
  </testcase> <!-- loginTest -->
  <testcase classname="com.ugapp.testcases.TC_07_LogInTest" name="loginTest" time="0.000">
    <skipped/>
  </testcase> <!-- loginTest -->
  <testcase classname="com.ugapp.testcases.TC_07_LogInTest" name="loginTest" time="0.000">
    <skipped/>
  </testcase> <!-- loginTest -->
  <testcase classname="com.ugapp.testcases.TC_07_LogInTest" name="loginTest" time="0.000">
    <skipped/>
  </testcase> <!-- loginTest -->
  <testcase classname="com.ugapp.testcases.TC_07_LogInTest" name="loginTest" time="0.000">
    <skipped/>
  </testcase> <!-- loginTest -->
  <testcase classname="com.ugapp.testcases.TC_07_LogInTest" name="loginTest" time="0.001">
    <skipped/>
  </testcase> <!-- loginTest -->
  <testcase classname="com.ugapp.testcases.TC_07_LogInTest" name="loginTest" time="0.001">
    <skipped/>
  </testcase> <!-- loginTest -->
  <testcase classname="com.ugapp.testcases.TC_07_LogInTest" name="loginTest" time="0.000">
    <skipped/>
  </testcase> <!-- loginTest -->
  <testcase classname="com.ugapp.testcases.TC_07_LogInTest" name="loginTest" time="0.000">
    <skipped/>
  </testcase> <!-- loginTest -->
  <testcase classname="com.ugapp.testcases.TC_07_LogInTest" name="loginTest" time="0.000">
    <skipped/>
  </testcase> <!-- loginTest -->
  <testcase classname="com.ugapp.testcases.TC_07_LogInTest" name="loginTest" time="0.000">
    <skipped/>
  </testcase> <!-- loginTest -->
  <testcase classname="com.ugapp.testcases.TC_07_LogInTest" name="loginTest" time="0.001">
    <skipped/>
  </testcase> <!-- loginTest -->
  <testcase classname="com.ugapp.testcases.TC_07_LogInTest" name="loginTest" time="0.000">
    <skipped/>
  </testcase> <!-- loginTest -->
  <testcase classname="com.ugapp.testcases.TC_07_LogInTest" name="loginTest" time="0.001">
    <skipped/>
  </testcase> <!-- loginTest -->
  <testcase classname="com.ugapp.testcases.TC_07_LogInTest" name="loginTest" time="0.000">
    <skipped/>
  </testcase> <!-- loginTest -->
  <testcase classname="com.ugapp.testcases.TC_07_LogInTest" name="loginTest" time="0.000">
    <skipped/>
  </testcase> <!-- loginTest -->
  <testcase classname="com.ugapp.testcases.TC_07_LogInTest" name="loginTest" time="0.001">
    <skipped/>
  </testcase> <!-- loginTest -->
  <testcase classname="com.ugapp.testcases.TC_07_LogInTest" name="loginTest" time="0.001">
    <skipped/>
  </testcase> <!-- loginTest -->
  <testcase classname="com.ugapp.testcases.TC_07_LogInTest" name="loginTest" time="0.000">
    <skipped/>
  </testcase> <!-- loginTest -->
  <testcase classname="com.ugapp.testcases.TC_07_LogInTest" name="loginTest" time="0.001">
    <skipped/>
  </testcase> <!-- loginTest -->
  <testcase classname="com.ugapp.testcases.TC_07_LogInTest" name="loginTest" time="0.000">
    <skipped/>
  </testcase> <!-- loginTest -->
  <testcase classname="com.ugapp.testcases.TC_07_LogInTest" name="loginTest" time="0.000">
    <skipped/>
  </testcase> <!-- loginTest -->
  <testcase classname="com.ugapp.testcases.TC_07_LogInTest" name="loginTest" time="0.001">
    <skipped/>
  </testcase> <!-- loginTest -->
  <testcase classname="com.ugapp.testcases.TC_07_LogInTest" name="loginTest" time="0.000">
    <skipped/>
  </testcase> <!-- loginTest -->
  <testcase classname="com.ugapp.testcases.TC_07_LogInTest" name="loginTest" time="0.001">
    <skipped/>
  </testcase> <!-- loginTest -->
  <testcase classname="com.ugapp.testcases.TC_07_LogInTest" name="loginTest" time="0.000">
    <skipped/>
  </testcase> <!-- loginTest -->
  <testcase classname="com.ugapp.testcases.TC_07_LogInTest" name="loginTest" time="0.000">
    <skipped/>
  </testcase> <!-- loginTest -->
  <testcase classname="com.ugapp.testcases.TC_07_LogInTest" name="loginTest" time="0.001">
    <skipped/>
  </testcase> <!-- loginTest -->
  <testcase classname="com.ugapp.testcases.TC_07_LogInTest" name="loginTest" time="0.000">
    <skipped/>
  </testcase> <!-- loginTest -->
  <testcase classname="com.ugapp.testcases.TC_07_LogInTest" name="loginTest" time="0.001">
    <skipped/>
  </testcase> <!-- loginTest -->
  <testcase classname="com.ugapp.testcases.TC_07_LogInTest" name="loginTest" time="0.000">
    <skipped/>
  </testcase> <!-- loginTest -->
  <testcase classname="com.ugapp.testcases.TC_07_LogInTest" name="loginTest" time="0.001">
    <skipped/>
  </testcase> <!-- loginTest -->
  <testcase classname="com.ugapp.testcases.TC_07_LogInTest" name="loginTest" time="0.001">
    <skipped/>
  </testcase> <!-- loginTest -->
  <testcase classname="com.ugapp.testcases.TC_07_LogInTest" name="loginTest" time="0.000">
    <skipped/>
  </testcase> <!-- loginTest -->
  <testcase classname="com.ugapp.testcases.TC_07_LogInTest" name="loginTest" time="0.000">
    <skipped/>
  </testcase> <!-- loginTest -->
  <testcase classname="com.ugapp.testcases.TC_07_LogInTest" name="loginTest" time="0.000">
    <skipped/>
  </testcase> <!-- loginTest -->
  <testcase classname="com.ugapp.testcases.TC_07_LogInTest" name="loginTest" time="0.001">
    <skipped/>
  </testcase> <!-- loginTest -->
  <testcase classname="com.ugapp.testcases.TC_07_LogInTest" name="loginTest" time="0.001">
    <skipped/>
  </testcase> <!-- loginTest -->
  <testcase classname="com.ugapp.testcases.TC_07_LogInTest" name="loginTest" time="0.000">
    <skipped/>
  </testcase> <!-- loginTest -->
  <testcase classname="com.ugapp.testcases.TC_07_LogInTest" name="loginTest" time="0.001">
    <skipped/>
  </testcase> <!-- loginTest -->
  <testcase classname="com.ugapp.testcases.TC_07_LogInTest" name="loginTest" time="0.000">
    <skipped/>
  </testcase> <!-- loginTest -->
  <testcase classname="com.ugapp.testcases.TC_07_LogInTest" name="loginTest" time="0.000">
    <skipped/>
  </testcase> <!-- loginTest -->
  <testcase classname="com.ugapp.testcases.TC_07_LogInTest" name="loginTest" time="0.000">
    <skipped/>
  </testcase> <!-- loginTest -->
  <testcase classname="com.ugapp.testcases.TC_07_LogInTest" name="loginTest" time="0.000">
    <skipped/>
  </testcase> <!-- loginTest -->
  <testcase classname="com.ugapp.testcases.TC_07_LogInTest" name="loginTest" time="0.001">
    <skipped/>
  </testcase> <!-- loginTest -->
  <testcase classname="com.ugapp.testcases.TC_07_LogInTest" name="loginTest" time="0.000">
    <skipped/>
  </testcase> <!-- loginTest -->
  <testcase classname="com.ugapp.testcases.TC_07_LogInTest" name="loginTest" time="0.001">
    <skipped/>
  </testcase> <!-- loginTest -->
  <testcase classname="com.ugapp.testcases.TC_07_LogInTest" name="loginTest" time="0.000">
    <skipped/>
  </testcase> <!-- loginTest -->
  <testcase classname="com.ugapp.testcases.TC_07_LogInTest" name="loginTest" time="0.000">
    <skipped/>
  </testcase> <!-- loginTest -->
  <testcase classname="com.ugapp.testcases.TC_07_LogInTest" name="loginTest" time="0.001">
    <skipped/>
  </testcase> <!-- loginTest -->
  <testcase classname="com.ugapp.testcases.TC_07_LogInTest" name="loginTest" time="0.000">
    <skipped/>
  </testcase> <!-- loginTest -->
  <testcase classname="com.ugapp.testcases.TC_07_LogInTest" name="loginTest" time="0.000">
    <skipped/>
  </testcase> <!-- loginTest -->
  <testcase classname="com.ugapp.testcases.TC_07_LogInTest" name="loginTest" time="0.001">
    <skipped/>
  </testcase> <!-- loginTest -->
  <testcase classname="com.ugapp.testcases.TC_07_LogInTest" name="loginTest" time="0.000">
    <skipped/>
  </testcase> <!-- loginTest -->
  <testcase classname="com.ugapp.testcases.TC_07_LogInTest" name="loginTest" time="0.001">
    <skipped/>
  </testcase> <!-- loginTest -->
  <testcase classname="com.ugapp.testcases.TC_07_LogInTest" name="loginTest" time="0.000">
    <skipped/>
  </testcase> <!-- loginTest -->
  <testcase classname="com.ugapp.testcases.TC_07_LogInTest" name="loginTest" time="0.001">
    <skipped/>
  </testcase> <!-- loginTest -->
  <testcase classname="com.ugapp.testcases.TC_07_LogInTest" name="loginTest" time="0.000">
    <skipped/>
  </testcase> <!-- loginTest -->
  <testcase classname="com.ugapp.testcases.TC_07_LogInTest" name="loginTest" time="0.000">
    <skipped/>
  </testcase> <!-- loginTest -->
  <testcase classname="com.ugapp.testcases.TC_07_LogInTest" name="loginTest" time="0.001">
    <skipped/>
  </testcase> <!-- loginTest -->
  <testcase classname="com.ugapp.testcases.TC_07_LogInTest" name="loginTest" time="0.001">
    <skipped/>
  </testcase> <!-- loginTest -->
  <testcase classname="com.ugapp.testcases.TC_07_LogInTest" name="loginTest" time="0.001">
    <skipped/>
  </testcase> <!-- loginTest -->
  <testcase classname="com.ugapp.testcases.TC_07_LogInTest" name="loginTest" time="0.000">
    <skipped/>
  </testcase> <!-- loginTest -->
  <testcase classname="com.ugapp.testcases.TC_07_LogInTest" name="loginTest" time="0.001">
    <skipped/>
  </testcase> <!-- loginTest -->
  <testcase classname="com.ugapp.testcases.TC_07_LogInTest" name="loginTest" time="0.000">
    <skipped/>
  </testcase> <!-- loginTest -->
  <testcase classname="com.ugapp.testcases.TC_07_LogInTest" name="loginTest" time="0.000">
    <skipped/>
  </testcase> <!-- loginTest -->
  <testcase classname="com.ugapp.testcases.TC_07_LogInTest" name="loginTest" time="0.001">
    <skipped/>
  </testcase> <!-- loginTest -->
  <testcase classname="com.ugapp.testcases.TC_07_LogInTest" name="loginTest" time="0.001">
    <skipped/>
  </testcase> <!-- loginTest -->
  <testcase classname="com.ugapp.testcases.TC_07_LogInTest" name="loginTest" time="0.000">
    <skipped/>
  </testcase> <!-- loginTest -->
  <testcase classname="com.ugapp.testcases.TC_07_LogInTest" name="loginTest" time="0.000">
    <skipped/>
  </testcase> <!-- loginTest -->
  <testcase classname="com.ugapp.testcases.TC_07_LogInTest" name="loginTest" time="0.001">
    <skipped/>
  </testcase> <!-- loginTest -->
  <testcase classname="com.ugapp.testcases.TC_07_LogInTest" name="loginTest" time="0.000">
    <skipped/>
  </testcase> <!-- loginTest -->
  <testcase classname="com.ugapp.testcases.TC_07_LogInTest" name="loginTest" time="0.000">
    <skipped/>
  </testcase> <!-- loginTest -->
  <testcase classname="com.ugapp.testcases.TC_07_LogInTest" name="loginTest" time="0.000">
    <skipped/>
  </testcase> <!-- loginTest -->
  <testcase classname="com.ugapp.testcases.TC_07_LogInTest" name="loginTest" time="0.000">
    <skipped/>
  </testcase> <!-- loginTest -->
  <testcase classname="com.ugapp.testcases.TC_07_LogInTest" name="loginTest" time="0.000">
    <skipped/>
  </testcase> <!-- loginTest -->
  <testcase classname="com.ugapp.testcases.TC_07_LogInTest" name="loginTest" time="0.000">
    <skipped/>
  </testcase> <!-- loginTest -->
  <testcase classname="com.ugapp.testcases.TC_07_LogInTest" name="loginTest" time="0.001">
    <skipped/>
  </testcase> <!-- loginTest -->
  <testcase classname="com.ugapp.testcases.TC_07_LogInTest" name="loginTest" time="0.000">
    <skipped/>
  </testcase> <!-- loginTest -->
  <testcase classname="com.ugapp.testcases.TC_07_LogInTest" name="loginTest" time="0.001">
    <skipped/>
  </testcase> <!-- loginTest -->
  <testcase classname="com.ugapp.testcases.TC_07_LogInTest" name="loginTest" time="0.001">
    <skipped/>
  </testcase> <!-- loginTest -->
  <testcase classname="com.ugapp.testcases.TC_07_LogInTest" name="loginTest" time="0.000">
    <skipped/>
  </testcase> <!-- loginTest -->
  <testcase classname="com.ugapp.testcases.TC_07_LogInTest" name="loginTest" time="0.001">
    <skipped/>
  </testcase> <!-- loginTest -->
  <testcase classname="com.ugapp.testcases.TC_07_LogInTest" name="loginTest" time="0.000">
    <skipped/>
  </testcase> <!-- loginTest -->
  <testcase classname="com.ugapp.testcases.TC_07_LogInTest" name="loginTest" time="0.001">
    <skipped/>
  </testcase> <!-- loginTest -->
  <testcase classname="com.ugapp.testcases.TC_07_LogInTest" name="loginTest" time="0.001">
    <skipped/>
  </testcase> <!-- loginTest -->
  <testcase classname="com.ugapp.testcases.TC_07_LogInTest" name="loginTest" time="0.000">
    <skipped/>
  </testcase> <!-- loginTest -->
  <testcase classname="com.ugapp.testcases.TC_07_LogInTest" name="loginTest" time="0.000">
    <skipped/>
  </testcase> <!-- loginTest -->
  <testcase classname="com.ugapp.testcases.TC_07_LogInTest" name="loginTest" time="0.000">
    <skipped/>
  </testcase> <!-- loginTest -->
  <testcase classname="com.ugapp.testcases.TC_07_LogInTest" name="loginTest" time="0.001">
    <skipped/>
  </testcase> <!-- loginTest -->
  <testcase classname="com.ugapp.testcases.TC_07_LogInTest" name="loginTest" time="0.000">
    <skipped/>
  </testcase> <!-- loginTest -->
  <testcase classname="com.ugapp.testcases.TC_07_LogInTest" name="loginTest" time="0.001">
    <skipped/>
  </testcase> <!-- loginTest -->
  <testcase classname="com.ugapp.testcases.TC_07_LogInTest" name="loginTest" time="0.001">
    <error message="Cannot invoke &quot;org.openqa.selenium.WebDriver.findElement(org.openqa.selenium.By)&quot; because &quot;com.ugapp.base.Page2.driver&quot; is null" type="java.lang.NullPointerException">
      <![CDATA[java.lang.NullPointerException: Cannot invoke "org.openqa.selenium.WebDriver.findElement(org.openqa.selenium.By)" because "com.ugapp.base.Page2.driver" is null
	at com.ugapp.base.Page2.type(Page2.java:200)
	at com.ugapp.pages.LogInPage.logIn(LogInPage.java:42)
	at com.ugapp.testcases.TC_07_LogInTest.loginTest(TC_07_LogInTest.java:34)
	at java.base/jdk.internal.reflect.DirectMethodHandleAccessor.invoke(DirectMethodHandleAccessor.java:104)
	at java.base/java.lang.reflect.Method.invoke(Method.java:578)
	at org.testng.internal.MethodInvocationHelper.invokeMethod(MethodInvocationHelper.java:108)
	at org.testng.internal.Invoker.invokeMethod(Invoker.java:661)
	at org.testng.internal.Invoker.invokeTestMethod(Invoker.java:869)
	at org.testng.internal.Invoker.invokeTestMethods(Invoker.java:1193)
	at org.testng.internal.TestMethodWorker.invokeTestMethods(TestMethodWorker.java:126)
	at org.testng.internal.TestMethodWorker.run(TestMethodWorker.java:109)
	at org.testng.TestRunner.privateRun(TestRunner.java:744)
	at org.testng.TestRunner.run(TestRunner.java:602)
	at org.testng.SuiteRunner.runTest(SuiteRunner.java:380)
	at org.testng.SuiteRunner.runSequentially(SuiteRunner.java:375)
	at org.testng.SuiteRunner.privateRun(SuiteRunner.java:340)
	at org.testng.SuiteRunner.run(SuiteRunner.java:289)
	at org.testng.SuiteRunnerWorker.runSuite(SuiteRunnerWorker.java:52)
	at org.testng.SuiteRunnerWorker.run(SuiteRunnerWorker.java:86)
	at org.testng.TestNG.runSuitesSequentially(TestNG.java:1301)
	at org.testng.TestNG.runSuitesSequentially(TestNG.java:1297)
	at org.testng.TestNG.runSuitesLocally(TestNG.java:1226)
	at org.testng.TestNG.runSuites(TestNG.java:1144)
	at org.testng.TestNG.run(TestNG.java:1115)
	at org.testng.remote.AbstractRemoteTestNG.run(AbstractRemoteTestNG.java:115)
	at org.testng.remote.RemoteTestNG.initAndRun(RemoteTestNG.java:251)
	at org.testng.remote.RemoteTestNG.main(RemoteTestNG.java:77)
]]>
    </error>
  </testcase> <!-- loginTest -->
  <testcase classname="com.ugapp.testcases.TC_07_LogInTest" name="loginTest" time="0.000">
    <skipped/>
  </testcase> <!-- loginTest -->
  <testcase classname="com.ugapp.testcases.TC_07_LogInTest" name="loginTest" time="0.000">
    <skipped/>
  </testcase> <!-- loginTest -->
  <testcase classname="com.ugapp.testcases.TC_07_LogInTest" name="loginTest" time="0.001">
    <skipped/>
  </testcase> <!-- loginTest -->
  <testcase classname="com.ugapp.testcases.TC_07_LogInTest" name="loginTest" time="0.000">
    <skipped/>
  </testcase> <!-- loginTest -->
  <testcase classname="com.ugapp.testcases.TC_07_LogInTest" name="loginTest" time="0.001">
    <skipped/>
  </testcase> <!-- loginTest -->
  <testcase classname="com.ugapp.testcases.TC_07_LogInTest" name="loginTest" time="0.000">
    <skipped/>
  </testcase> <!-- loginTest -->
  <testcase classname="com.ugapp.testcases.TC_07_LogInTest" name="loginTest" time="0.000">
    <skipped/>
  </testcase> <!-- loginTest -->
  <testcase classname="com.ugapp.testcases.TC_07_LogInTest" name="loginTest" time="0.000">
    <skipped/>
  </testcase> <!-- loginTest -->
  <testcase classname="com.ugapp.testcases.TC_07_LogInTest" name="loginTest" time="0.001">
    <skipped/>
  </testcase> <!-- loginTest -->
  <testcase classname="com.ugapp.testcases.TC_07_LogInTest" name="loginTest" time="0.000">
    <skipped/>
  </testcase> <!-- loginTest -->
  <testcase classname="com.ugapp.testcases.TC_07_LogInTest" name="loginTest" time="0.000">
    <skipped/>
  </testcase> <!-- loginTest -->
  <testcase classname="com.ugapp.testcases.TC_07_LogInTest" name="loginTest" time="0.001">
    <skipped/>
  </testcase> <!-- loginTest -->
  <testcase classname="com.ugapp.testcases.TC_07_LogInTest" name="loginTest" time="0.001">
    <skipped/>
  </testcase> <!-- loginTest -->
  <testcase classname="com.ugapp.testcases.TC_07_LogInTest" name="loginTest" time="0.001">
    <skipped/>
  </testcase> <!-- loginTest -->
  <testcase classname="com.ugapp.testcases.TC_07_LogInTest" name="loginTest" time="0.001">
    <skipped/>
  </testcase> <!-- loginTest -->
  <testcase classname="com.ugapp.testcases.TC_07_LogInTest" name="loginTest" time="0.000">
    <skipped/>
  </testcase> <!-- loginTest -->
  <testcase classname="com.ugapp.testcases.TC_07_LogInTest" name="loginTest" time="0.001">
    <skipped/>
  </testcase> <!-- loginTest -->
  <testcase classname="com.ugapp.testcases.TC_07_LogInTest" name="loginTest" time="0.000">
    <skipped/>
  </testcase> <!-- loginTest -->
  <testcase classname="com.ugapp.testcases.TC_07_LogInTest" name="loginTest" time="0.000">
    <skipped/>
  </testcase> <!-- loginTest -->
  <testcase classname="com.ugapp.testcases.TC_07_LogInTest" name="loginTest" time="0.000">
    <skipped/>
  </testcase> <!-- loginTest -->
  <testcase classname="com.ugapp.testcases.TC_07_LogInTest" name="loginTest" time="0.000">
    <skipped/>
  </testcase> <!-- loginTest -->
  <testcase classname="com.ugapp.testcases.TC_07_LogInTest" name="loginTest" time="0.000">
    <skipped/>
  </testcase> <!-- loginTest -->
  <testcase classname="com.ugapp.testcases.TC_07_LogInTest" name="loginTest" time="0.000">
    <skipped/>
  </testcase> <!-- loginTest -->
  <testcase classname="com.ugapp.testcases.TC_07_LogInTest" name="loginTest" time="0.001">
    <skipped/>
  </testcase> <!-- loginTest -->
  <testcase classname="com.ugapp.testcases.TC_07_LogInTest" name="loginTest" time="0.001">
    <skipped/>
  </testcase> <!-- loginTest -->
  <testcase classname="com.ugapp.testcases.TC_07_LogInTest" name="loginTest" time="0.001">
    <skipped/>
  </testcase> <!-- loginTest -->
  <testcase classname="com.ugapp.testcases.TC_07_LogInTest" name="loginTest" time="0.001">
    <skipped/>
  </testcase> <!-- loginTest -->
  <testcase classname="com.ugapp.testcases.TC_07_LogInTest" name="loginTest" time="0.001">
    <skipped/>
  </testcase> <!-- loginTest -->
  <testcase classname="com.ugapp.testcases.TC_07_LogInTest" name="loginTest" time="0.001">
    <skipped/>
  </testcase> <!-- loginTest -->
  <testcase classname="com.ugapp.testcases.TC_07_LogInTest" name="loginTest" time="0.000">
    <skipped/>
  </testcase> <!-- loginTest -->
  <testcase classname="com.ugapp.testcases.TC_07_LogInTest" name="loginTest" time="0.000">
    <skipped/>
  </testcase> <!-- loginTest -->
  <testcase classname="com.ugapp.testcases.TC_07_LogInTest" name="loginTest" time="0.000">
    <skipped/>
  </testcase> <!-- loginTest -->
  <testcase classname="com.ugapp.testcases.TC_07_LogInTest" name="loginTest" time="0.001">
    <skipped/>
  </testcase> <!-- loginTest -->
  <testcase classname="com.ugapp.testcases.TC_07_LogInTest" name="loginTest" time="0.000">
    <skipped/>
  </testcase> <!-- loginTest -->
  <testcase classname="com.ugapp.testcases.TC_07_LogInTest" name="loginTest" time="0.000">
    <skipped/>
  </testcase> <!-- loginTest -->
  <testcase classname="com.ugapp.testcases.TC_07_LogInTest" name="loginTest" time="0.001">
    <skipped/>
  </testcase> <!-- loginTest -->
  <testcase classname="com.ugapp.testcases.TC_07_LogInTest" name="loginTest" time="0.001">
    <skipped/>
  </testcase> <!-- loginTest -->
  <testcase classname="com.ugapp.testcases.TC_07_LogInTest" name="loginTest" time="0.000">
    <skipped/>
  </testcase> <!-- loginTest -->
  <testcase classname="com.ugapp.testcases.TC_07_LogInTest" name="loginTest" time="0.001">
    <skipped/>
  </testcase> <!-- loginTest -->
  <testcase classname="com.ugapp.testcases.TC_07_LogInTest" name="loginTest" time="0.000">
    <skipped/>
  </testcase> <!-- loginTest -->
  <testcase classname="com.ugapp.testcases.TC_07_LogInTest" name="loginTest" time="0.001">
    <skipped/>
  </testcase> <!-- loginTest -->
  <testcase classname="com.ugapp.testcases.TC_07_LogInTest" name="loginTest" time="0.001">
    <skipped/>
  </testcase> <!-- loginTest -->
  <testcase classname="com.ugapp.testcases.TC_07_LogInTest" name="loginTest" time="0.001">
    <skipped/>
  </testcase> <!-- loginTest -->
  <testcase classname="com.ugapp.testcases.TC_07_LogInTest" name="loginTest" time="0.001">
    <skipped/>
  </testcase> <!-- loginTest -->
  <testcase classname="com.ugapp.testcases.TC_07_LogInTest" name="loginTest" time="0.001">
    <skipped/>
  </testcase> <!-- loginTest -->
  <testcase classname="com.ugapp.testcases.TC_07_LogInTest" name="loginTest" time="0.001">
    <skipped/>
  </testcase> <!-- loginTest -->
  <testcase classname="com.ugapp.testcases.TC_07_LogInTest" name="loginTest" time="0.001">
    <skipped/>
  </testcase> <!-- loginTest -->
  <testcase classname="com.ugapp.testcases.TC_07_LogInTest" name="loginTest" time="0.000">
    <skipped/>
  </testcase> <!-- loginTest -->
  <testcase classname="com.ugapp.testcases.TC_07_LogInTest" name="loginTest" time="0.000">
    <skipped/>
  </testcase> <!-- loginTest -->
  <testcase classname="com.ugapp.testcases.TC_07_LogInTest" name="loginTest" time="0.001">
    <skipped/>
  </testcase> <!-- loginTest -->
  <testcase classname="com.ugapp.testcases.TC_07_LogInTest" name="loginTest" time="0.000">
    <skipped/>
  </testcase> <!-- loginTest -->
  <testcase classname="com.ugapp.testcases.TC_07_LogInTest" name="loginTest" time="0.001">
    <skipped/>
  </testcase> <!-- loginTest -->
  <testcase classname="com.ugapp.testcases.TC_07_LogInTest" name="loginTest" time="0.000">
    <skipped/>
  </testcase> <!-- loginTest -->
  <testcase classname="com.ugapp.testcases.TC_07_LogInTest" name="loginTest" time="0.000">
    <skipped/>
  </testcase> <!-- loginTest -->
  <testcase classname="com.ugapp.testcases.TC_07_LogInTest" name="loginTest" time="0.001">
    <skipped/>
  </testcase> <!-- loginTest -->
  <testcase classname="com.ugapp.testcases.TC_07_LogInTest" name="loginTest" time="0.000">
    <skipped/>
  </testcase> <!-- loginTest -->
  <testcase classname="com.ugapp.testcases.TC_07_LogInTest" name="loginTest" time="0.000">
    <skipped/>
  </testcase> <!-- loginTest -->
  <testcase classname="com.ugapp.testcases.TC_07_LogInTest" name="loginTest" time="0.001">
    <skipped/>
  </testcase> <!-- loginTest -->
  <testcase classname="com.ugapp.testcases.TC_07_LogInTest" name="loginTest" time="0.000">
    <skipped/>
  </testcase> <!-- loginTest -->
  <testcase classname="com.ugapp.testcases.TC_07_LogInTest" name="loginTest" time="0.001">
    <skipped/>
  </testcase> <!-- loginTest -->
  <testcase classname="com.ugapp.testcases.TC_07_LogInTest" name="loginTest" time="0.001">
    <skipped/>
  </testcase> <!-- loginTest -->
  <testcase classname="com.ugapp.testcases.TC_07_LogInTest" name="loginTest" time="0.000">
    <skipped/>
  </testcase> <!-- loginTest -->
  <testcase classname="com.ugapp.testcases.TC_07_LogInTest" name="loginTest" time="0.001">
    <skipped/>
  </testcase> <!-- loginTest -->
  <testcase classname="com.ugapp.testcases.TC_07_LogInTest" name="loginTest" time="0.000">
    <skipped/>
  </testcase> <!-- loginTest -->
  <testcase classname="com.ugapp.testcases.TC_07_LogInTest" name="loginTest" time="0.001">
    <skipped/>
  </testcase> <!-- loginTest -->
  <testcase classname="com.ugapp.testcases.TC_07_LogInTest" name="loginTest" time="0.000">
    <skipped/>
  </testcase> <!-- loginTest -->
  <testcase classname="com.ugapp.testcases.TC_07_LogInTest" name="loginTest" time="0.001">
    <skipped/>
  </testcase> <!-- loginTest -->
  <testcase classname="com.ugapp.testcases.TC_07_LogInTest" name="loginTest" time="0.000">
    <skipped/>
  </testcase> <!-- loginTest -->
  <testcase classname="com.ugapp.testcases.TC_07_LogInTest" name="loginTest" time="0.001">
    <skipped/>
  </testcase> <!-- loginTest -->
  <testcase classname="com.ugapp.testcases.TC_07_LogInTest" name="loginTest" time="0.001">
    <skipped/>
  </testcase> <!-- loginTest -->
  <testcase classname="com.ugapp.testcases.TC_07_LogInTest" name="loginTest" time="0.000">
    <skipped/>
  </testcase> <!-- loginTest -->
  <testcase classname="com.ugapp.testcases.TC_07_LogInTest" name="loginTest" time="0.000">
    <skipped/>
  </testcase> <!-- loginTest -->
  <testcase classname="com.ugapp.testcases.TC_07_LogInTest" name="loginTest" time="0.001">
    <skipped/>
  </testcase> <!-- loginTest -->
  <testcase classname="com.ugapp.testcases.TC_07_LogInTest" name="loginTest" time="0.000">
    <skipped/>
  </testcase> <!-- loginTest -->
  <testcase classname="com.ugapp.testcases.TC_07_LogInTest" name="loginTest" time="0.001">
    <skipped/>
  </testcase> <!-- loginTest -->
  <testcase classname="com.ugapp.testcases.TC_07_LogInTest" name="loginTest" time="0.000">
    <skipped/>
  </testcase> <!-- loginTest -->
  <testcase classname="com.ugapp.testcases.TC_07_LogInTest" name="loginTest" time="0.000">
    <skipped/>
  </testcase> <!-- loginTest -->
  <testcase classname="com.ugapp.testcases.TC_07_LogInTest" name="loginTest" time="0.001">
    <skipped/>
  </testcase> <!-- loginTest -->
  <testcase classname="com.ugapp.testcases.TC_07_LogInTest" name="loginTest" time="0.000">
    <skipped/>
  </testcase> <!-- loginTest -->
  <testcase classname="com.ugapp.testcases.TC_07_LogInTest" name="loginTest" time="0.000">
    <skipped/>
  </testcase> <!-- loginTest -->
  <testcase classname="com.ugapp.testcases.TC_07_LogInTest" name="loginTest" time="0.001">
    <skipped/>
  </testcase> <!-- loginTest -->
  <testcase classname="com.ugapp.testcases.TC_07_LogInTest" name="loginTest" time="0.001">
    <skipped/>
  </testcase> <!-- loginTest -->
  <testcase classname="com.ugapp.testcases.TC_07_LogInTest" name="loginTest" time="0.000">
    <skipped/>
  </testcase> <!-- loginTest -->
  <testcase classname="com.ugapp.testcases.TC_07_LogInTest" name="loginTest" time="0.001">
    <skipped/>
  </testcase> <!-- loginTest -->
  <testcase classname="com.ugapp.testcases.TC_07_LogInTest" name="loginTest" time="0.000">
    <skipped/>
  </testcase> <!-- loginTest -->
  <testcase classname="com.ugapp.testcases.TC_07_LogInTest" name="loginTest" time="0.000">
    <skipped/>
  </testcase> <!-- loginTest -->
  <testcase classname="com.ugapp.testcases.TC_07_LogInTest" name="loginTest" time="0.000">
    <skipped/>
  </testcase> <!-- loginTest -->
  <testcase classname="com.ugapp.testcases.TC_07_LogInTest" name="loginTest" time="0.001">
    <skipped/>
  </testcase> <!-- loginTest -->
  <testcase classname="com.ugapp.testcases.TC_07_LogInTest" name="loginTest" time="0.000">
    <skipped/>
  </testcase> <!-- loginTest -->
  <testcase classname="com.ugapp.testcases.TC_07_LogInTest" name="loginTest" time="0.001">
    <skipped/>
  </testcase> <!-- loginTest -->
  <testcase classname="com.ugapp.testcases.TC_07_LogInTest" name="loginTest" time="0.001">
    <skipped/>
  </testcase> <!-- loginTest -->
  <testcase classname="com.ugapp.testcases.TC_07_LogInTest" name="loginTest" time="0.000">
    <skipped/>
  </testcase> <!-- loginTest -->
  <testcase classname="com.ugapp.testcases.TC_07_LogInTest" name="loginTest" time="0.000">
    <skipped/>
  </testcase> <!-- loginTest -->
  <testcase classname="com.ugapp.testcases.TC_07_LogInTest" name="loginTest" time="0.000">
    <skipped/>
  </testcase> <!-- loginTest -->
  <testcase classname="com.ugapp.testcases.TC_07_LogInTest" name="loginTest" time="0.000">
    <skipped/>
  </testcase> <!-- loginTest -->
  <testcase classname="com.ugapp.testcases.TC_07_LogInTest" name="loginTest" time="0.000">
    <skipped/>
  </testcase> <!-- loginTest -->
  <testcase classname="com.ugapp.testcases.TC_07_LogInTest" name="loginTest" time="0.000">
    <skipped/>
  </testcase> <!-- loginTest -->
  <testcase classname="com.ugapp.testcases.TC_07_LogInTest" name="loginTest" time="0.000">
    <skipped/>
  </testcase> <!-- loginTest -->
  <testcase classname="com.ugapp.testcases.TC_07_LogInTest" name="loginTest" time="0.000">
    <skipped/>
  </testcase> <!-- loginTest -->
  <testcase classname="com.ugapp.testcases.TC_07_LogInTest" name="loginTest" time="0.000">
    <skipped/>
  </testcase> <!-- loginTest -->
  <testcase classname="com.ugapp.testcases.TC_07_LogInTest" name="loginTest" time="0.000">
    <skipped/>
  </testcase> <!-- loginTest -->
  <testcase classname="com.ugapp.testcases.TC_07_LogInTest" name="loginTest" time="0.000">
    <skipped/>
  </testcase> <!-- loginTest -->
  <testcase classname="com.ugapp.testcases.TC_07_LogInTest" name="loginTest" time="0.001">
    <skipped/>
  </testcase> <!-- loginTest -->
  <testcase classname="com.ugapp.testcases.TC_07_LogInTest" name="loginTest" time="0.001">
    <skipped/>
  </testcase> <!-- loginTest -->
  <testcase classname="com.ugapp.testcases.TC_07_LogInTest" name="loginTest" time="0.000">
    <skipped/>
  </testcase> <!-- loginTest -->
  <testcase classname="com.ugapp.testcases.TC_07_LogInTest" name="loginTest" time="0.000">
    <skipped/>
  </testcase> <!-- loginTest -->
  <testcase classname="com.ugapp.testcases.TC_07_LogInTest" name="loginTest" time="0.000">
    <skipped/>
  </testcase> <!-- loginTest -->
  <testcase classname="com.ugapp.testcases.TC_07_LogInTest" name="loginTest" time="0.000">
    <skipped/>
  </testcase> <!-- loginTest -->
  <testcase classname="com.ugapp.testcases.TC_07_LogInTest" name="loginTest" time="0.000">
    <skipped/>
  </testcase> <!-- loginTest -->
  <testcase classname="com.ugapp.testcases.TC_07_LogInTest" name="loginTest" time="0.000">
    <skipped/>
  </testcase> <!-- loginTest -->
  <testcase classname="com.ugapp.testcases.TC_07_LogInTest" name="loginTest" time="0.001">
    <skipped/>
  </testcase> <!-- loginTest -->
  <testcase classname="com.ugapp.testcases.TC_07_LogInTest" name="loginTest" time="0.000">
    <skipped/>
  </testcase> <!-- loginTest -->
  <testcase classname="com.ugapp.testcases.TC_07_LogInTest" name="loginTest" time="0.000">
    <skipped/>
  </testcase> <!-- loginTest -->
  <testcase classname="com.ugapp.testcases.TC_07_LogInTest" name="loginTest" time="0.001">
    <skipped/>
  </testcase> <!-- loginTest -->
  <testcase classname="com.ugapp.testcases.TC_07_LogInTest" name="loginTest" time="0.000">
    <skipped/>
  </testcase> <!-- loginTest -->
  <testcase classname="com.ugapp.testcases.TC_07_LogInTest" name="loginTest" time="0.000">
    <skipped/>
  </testcase> <!-- loginTest -->
  <testcase classname="com.ugapp.testcases.TC_07_LogInTest" name="loginTest" time="0.001">
    <skipped/>
  </testcase> <!-- loginTest -->
  <testcase classname="com.ugapp.testcases.TC_07_LogInTest" name="loginTest" time="0.001">
    <skipped/>
  </testcase> <!-- loginTest -->
  <testcase classname="com.ugapp.testcases.TC_07_LogInTest" name="loginTest" time="0.001">
    <skipped/>
  </testcase> <!-- loginTest -->
  <testcase classname="com.ugapp.testcases.TC_07_LogInTest" name="loginTest" time="0.001">
    <skipped/>
  </testcase> <!-- loginTest -->
  <testcase classname="com.ugapp.testcases.TC_07_LogInTest" name="loginTest" time="0.001">
    <skipped/>
  </testcase> <!-- loginTest -->
  <testcase classname="com.ugapp.testcases.TC_07_LogInTest" name="loginTest" time="0.000">
    <skipped/>
  </testcase> <!-- loginTest -->
  <testcase classname="com.ugapp.testcases.TC_07_LogInTest" name="loginTest" time="0.001">
    <skipped/>
  </testcase> <!-- loginTest -->
  <testcase classname="com.ugapp.testcases.TC_07_LogInTest" name="loginTest" time="0.001">
    <skipped/>
  </testcase> <!-- loginTest -->
  <testcase classname="com.ugapp.testcases.TC_07_LogInTest" name="loginTest" time="0.000">
    <skipped/>
  </testcase> <!-- loginTest -->
  <testcase classname="com.ugapp.testcases.TC_07_LogInTest" name="loginTest" time="0.001">
    <skipped/>
  </testcase> <!-- loginTest -->
  <testcase classname="com.ugapp.testcases.TC_07_LogInTest" name="loginTest" time="0.001">
    <skipped/>
  </testcase> <!-- loginTest -->
  <testcase classname="com.ugapp.testcases.TC_07_LogInTest" name="loginTest" time="0.000">
    <skipped/>
  </testcase> <!-- loginTest -->
  <testcase classname="com.ugapp.testcases.TC_07_LogInTest" name="loginTest" time="0.000">
    <skipped/>
  </testcase> <!-- loginTest -->
  <testcase classname="com.ugapp.testcases.TC_07_LogInTest" name="loginTest" time="0.000">
    <skipped/>
  </testcase> <!-- loginTest -->
  <testcase classname="com.ugapp.testcases.TC_07_LogInTest" name="loginTest" time="0.000">
    <skipped/>
  </testcase> <!-- loginTest -->
  <testcase classname="com.ugapp.testcases.TC_07_LogInTest" name="loginTest" time="0.000">
    <skipped/>
  </testcase> <!-- loginTest -->
  <testcase classname="com.ugapp.testcases.TC_07_LogInTest" name="loginTest" time="0.000">
    <skipped/>
  </testcase> <!-- loginTest -->
  <testcase classname="com.ugapp.testcases.TC_07_LogInTest" name="loginTest" time="0.001">
    <skipped/>
  </testcase> <!-- loginTest -->
  <testcase classname="com.ugapp.testcases.TC_07_LogInTest" name="loginTest" time="0.000">
    <skipped/>
  </testcase> <!-- loginTest -->
  <testcase classname="com.ugapp.testcases.TC_07_LogInTest" name="loginTest" time="0.000">
    <skipped/>
  </testcase> <!-- loginTest -->
  <testcase classname="com.ugapp.testcases.TC_07_LogInTest" name="loginTest" time="0.000">
    <skipped/>
  </testcase> <!-- loginTest -->
  <testcase classname="com.ugapp.testcases.TC_07_LogInTest" name="loginTest" time="0.000">
    <skipped/>
  </testcase> <!-- loginTest -->
  <testcase classname="com.ugapp.testcases.TC_07_LogInTest" name="loginTest" time="0.000">
    <skipped/>
  </testcase> <!-- loginTest -->
  <testcase classname="com.ugapp.testcases.TC_07_LogInTest" name="loginTest" time="0.000">
    <skipped/>
  </testcase> <!-- loginTest -->
  <testcase classname="com.ugapp.testcases.TC_07_LogInTest" name="loginTest" time="0.000">
    <skipped/>
  </testcase> <!-- loginTest -->
  <testcase classname="com.ugapp.testcases.TC_07_LogInTest" name="loginTest" time="0.000">
    <skipped/>
  </testcase> <!-- loginTest -->
  <testcase classname="com.ugapp.testcases.TC_07_LogInTest" name="loginTest" time="0.001">
    <skipped/>
  </testcase> <!-- loginTest -->
  <testcase classname="com.ugapp.testcases.TC_07_LogInTest" name="loginTest" time="0.000">
    <skipped/>
  </testcase> <!-- loginTest -->
  <testcase classname="com.ugapp.testcases.TC_07_LogInTest" name="loginTest" time="0.000">
    <skipped/>
  </testcase> <!-- loginTest -->
  <testcase classname="com.ugapp.testcases.TC_07_LogInTest" name="loginTest" time="0.000">
    <skipped/>
  </testcase> <!-- loginTest -->
  <testcase classname="com.ugapp.testcases.TC_07_LogInTest" name="loginTest" time="0.000">
    <skipped/>
  </testcase> <!-- loginTest -->
  <testcase classname="com.ugapp.testcases.TC_07_LogInTest" name="loginTest" time="0.000">
    <skipped/>
  </testcase> <!-- loginTest -->
  <testcase classname="com.ugapp.testcases.TC_07_LogInTest" name="loginTest" time="0.001">
    <skipped/>
  </testcase> <!-- loginTest -->
  <testcase classname="com.ugapp.testcases.TC_07_LogInTest" name="loginTest" time="0.001">
    <skipped/>
  </testcase> <!-- loginTest -->
  <testcase classname="com.ugapp.testcases.TC_07_LogInTest" name="loginTest" time="0.000">
    <skipped/>
  </testcase> <!-- loginTest -->
  <testcase classname="com.ugapp.testcases.TC_07_LogInTest" name="loginTest" time="0.001">
    <skipped/>
  </testcase> <!-- loginTest -->
  <testcase classname="com.ugapp.testcases.TC_07_LogInTest" name="loginTest" time="0.001">
    <skipped/>
  </testcase> <!-- loginTest -->
  <testcase classname="com.ugapp.testcases.TC_07_LogInTest" name="loginTest" time="0.000">
    <skipped/>
  </testcase> <!-- loginTest -->
  <testcase classname="com.ugapp.testcases.TC_07_LogInTest" name="loginTest" time="0.001">
    <skipped/>
  </testcase> <!-- loginTest -->
  <testcase classname="com.ugapp.testcases.TC_07_LogInTest" name="loginTest" time="0.000">
    <skipped/>
  </testcase> <!-- loginTest -->
  <testcase classname="com.ugapp.testcases.TC_07_LogInTest" name="loginTest" time="0.001">
    <skipped/>
  </testcase> <!-- loginTest -->
  <testcase classname="com.ugapp.testcases.TC_07_LogInTest" name="loginTest" time="0.000">
    <skipped/>
  </testcase> <!-- loginTest -->
  <testcase classname="com.ugapp.testcases.TC_07_LogInTest" name="loginTest" time="0.001">
    <skipped/>
  </testcase> <!-- loginTest -->
  <testcase classname="com.ugapp.testcases.TC_07_LogInTest" name="loginTest" time="0.000">
    <skipped/>
  </testcase> <!-- loginTest -->
  <testcase classname="com.ugapp.testcases.TC_07_LogInTest" name="loginTest" time="0.000">
    <skipped/>
  </testcase> <!-- loginTest -->
  <testcase classname="com.ugapp.testcases.TC_07_LogInTest" name="loginTest" time="0.000">
    <skipped/>
  </testcase> <!-- loginTest -->
  <testcase classname="com.ugapp.testcases.TC_07_LogInTest" name="loginTest" time="0.000">
    <skipped/>
  </testcase> <!-- loginTest -->
  <testcase classname="com.ugapp.testcases.TC_07_LogInTest" name="loginTest" time="0.000">
    <skipped/>
  </testcase> <!-- loginTest -->
  <testcase classname="com.ugapp.testcases.TC_07_LogInTest" name="loginTest" time="0.000">
    <skipped/>
  </testcase> <!-- loginTest -->
  <testcase classname="com.ugapp.testcases.TC_07_LogInTest" name="loginTest" time="0.000">
    <skipped/>
  </testcase> <!-- loginTest -->
  <testcase classname="com.ugapp.testcases.TC_07_LogInTest" name="loginTest" time="0.000">
    <skipped/>
  </testcase> <!-- loginTest -->
  <testcase classname="com.ugapp.testcases.TC_07_LogInTest" name="loginTest" time="0.000">
    <skipped/>
  </testcase> <!-- loginTest -->
  <testcase classname="com.ugapp.testcases.TC_07_LogInTest" name="loginTest" time="0.000">
    <skipped/>
  </testcase> <!-- loginTest -->
  <testcase classname="com.ugapp.testcases.TC_07_LogInTest" name="loginTest" time="0.000">
    <skipped/>
  </testcase> <!-- loginTest -->
  <testcase classname="com.ugapp.testcases.TC_07_LogInTest" name="loginTest" time="0.001">
    <skipped/>
  </testcase> <!-- loginTest -->
  <testcase classname="com.ugapp.testcases.TC_07_LogInTest" name="loginTest" time="0.000">
    <skipped/>
  </testcase> <!-- loginTest -->
  <testcase classname="com.ugapp.testcases.TC_07_LogInTest" name="loginTest" time="0.000">
    <skipped/>
  </testcase> <!-- loginTest -->
  <testcase classname="com.ugapp.testcases.TC_07_LogInTest" name="loginTest" time="0.001">
    <skipped/>
  </testcase> <!-- loginTest -->
  <testcase classname="com.ugapp.testcases.TC_07_LogInTest" name="loginTest" time="0.000">
    <skipped/>
  </testcase> <!-- loginTest -->
  <testcase classname="com.ugapp.testcases.TC_07_LogInTest" name="loginTest" time="0.000">
    <skipped/>
  </testcase> <!-- loginTest -->
  <testcase classname="com.ugapp.testcases.TC_07_LogInTest" name="loginTest" time="0.000">
    <skipped/>
  </testcase> <!-- loginTest -->
  <testcase classname="com.ugapp.testcases.TC_07_LogInTest" name="loginTest" time="0.001">
    <skipped/>
  </testcase> <!-- loginTest -->
  <testcase classname="com.ugapp.testcases.TC_07_LogInTest" name="loginTest" time="0.000">
    <skipped/>
  </testcase> <!-- loginTest -->
  <testcase classname="com.ugapp.testcases.TC_07_LogInTest" name="loginTest" time="0.001">
    <skipped/>
  </testcase> <!-- loginTest -->
  <testcase classname="com.ugapp.testcases.TC_07_LogInTest" name="loginTest" time="0.001">
    <skipped/>
  </testcase> <!-- loginTest -->
  <testcase classname="com.ugapp.testcases.TC_07_LogInTest" name="loginTest" time="0.001">
    <skipped/>
  </testcase> <!-- loginTest -->
  <testcase classname="com.ugapp.testcases.TC_07_LogInTest" name="loginTest" time="0.000">
    <skipped/>
  </testcase> <!-- loginTest -->
  <testcase classname="com.ugapp.testcases.TC_07_LogInTest" name="loginTest" time="0.000">
    <skipped/>
  </testcase> <!-- loginTest -->
  <testcase classname="com.ugapp.testcases.TC_07_LogInTest" name="loginTest" time="0.000">
    <skipped/>
  </testcase> <!-- loginTest -->
  <testcase classname="com.ugapp.testcases.TC_07_LogInTest" name="loginTest" time="0.000">
    <skipped/>
  </testcase> <!-- loginTest -->
  <testcase classname="com.ugapp.testcases.TC_07_LogInTest" name="loginTest" time="0.001">
    <skipped/>
  </testcase> <!-- loginTest -->
  <testcase classname="com.ugapp.testcases.TC_07_LogInTest" name="loginTest" time="0.000">
    <skipped/>
  </testcase> <!-- loginTest -->
  <testcase classname="com.ugapp.testcases.TC_07_LogInTest" name="loginTest" time="0.000">
    <skipped/>
  </testcase> <!-- loginTest -->
  <testcase classname="com.ugapp.testcases.TC_07_LogInTest" name="loginTest" time="0.000">
    <skipped/>
  </testcase> <!-- loginTest -->
  <testcase classname="com.ugapp.testcases.TC_07_LogInTest" name="loginTest" time="0.000">
    <skipped/>
  </testcase> <!-- loginTest -->
  <testcase classname="com.ugapp.testcases.TC_07_LogInTest" name="loginTest" time="0.000">
    <skipped/>
  </testcase> <!-- loginTest -->
  <testcase classname="com.ugapp.testcases.TC_07_LogInTest" name="loginTest" time="0.001">
    <skipped/>
  </testcase> <!-- loginTest -->
  <testcase classname="com.ugapp.testcases.TC_07_LogInTest" name="loginTest" time="0.000">
    <skipped/>
  </testcase> <!-- loginTest -->
  <testcase classname="com.ugapp.testcases.TC_07_LogInTest" name="loginTest" time="0.000">
    <skipped/>
  </testcase> <!-- loginTest -->
  <testcase classname="com.ugapp.testcases.TC_07_LogInTest" name="loginTest" time="0.001">
    <skipped/>
  </testcase> <!-- loginTest -->
  <testcase classname="com.ugapp.testcases.TC_07_LogInTest" name="loginTest" time="0.001">
    <skipped/>
  </testcase> <!-- loginTest -->
  <testcase classname="com.ugapp.testcases.TC_07_LogInTest" name="loginTest" time="0.000">
    <skipped/>
  </testcase> <!-- loginTest -->
  <testcase classname="com.ugapp.testcases.TC_07_LogInTest" name="loginTest" time="0.000">
    <skipped/>
  </testcase> <!-- loginTest -->
  <testcase classname="com.ugapp.testcases.TC_07_LogInTest" name="loginTest" time="0.000">
    <skipped/>
  </testcase> <!-- loginTest -->
  <testcase classname="com.ugapp.testcases.TC_07_LogInTest" name="loginTest" time="0.000">
    <skipped/>
  </testcase> <!-- loginTest -->
  <testcase classname="com.ugapp.testcases.TC_07_LogInTest" name="loginTest" time="0.001">
    <skipped/>
  </testcase> <!-- loginTest -->
  <testcase classname="com.ugapp.testcases.TC_07_LogInTest" name="loginTest" time="0.000">
    <skipped/>
  </testcase> <!-- loginTest -->
  <testcase classname="com.ugapp.testcases.TC_07_LogInTest" name="loginTest" time="0.000">
    <skipped/>
  </testcase> <!-- loginTest -->
  <testcase classname="com.ugapp.testcases.TC_07_LogInTest" name="loginTest" time="0.000">
    <skipped/>
  </testcase> <!-- loginTest -->
  <testcase classname="com.ugapp.testcases.TC_07_LogInTest" name="loginTest" time="0.000">
    <skipped/>
  </testcase> <!-- loginTest -->
  <testcase classname="com.ugapp.testcases.TC_07_LogInTest" name="loginTest" time="0.000">
    <skipped/>
  </testcase> <!-- loginTest -->
  <testcase classname="com.ugapp.testcases.TC_07_LogInTest" name="loginTest" time="0.000">
    <skipped/>
  </testcase> <!-- loginTest -->
  <testcase classname="com.ugapp.testcases.TC_07_LogInTest" name="loginTest" time="0.000">
    <skipped/>
  </testcase> <!-- loginTest -->
  <testcase classname="com.ugapp.testcases.TC_07_LogInTest" name="loginTest" time="0.000">
    <skipped/>
  </testcase> <!-- loginTest -->
  <testcase classname="com.ugapp.testcases.TC_07_LogInTest" name="loginTest" time="0.000">
    <skipped/>
  </testcase> <!-- loginTest -->
  <testcase classname="com.ugapp.testcases.TC_07_LogInTest" name="loginTest" time="0.000">
    <skipped/>
  </testcase> <!-- loginTest -->
  <testcase classname="com.ugapp.testcases.TC_07_LogInTest" name="loginTest" time="0.000">
    <skipped/>
  </testcase> <!-- loginTest -->
  <testcase classname="com.ugapp.testcases.TC_07_LogInTest" name="loginTest" time="0.001">
    <skipped/>
  </testcase> <!-- loginTest -->
  <testcase classname="com.ugapp.testcases.TC_07_LogInTest" name="loginTest" time="0.000">
    <skipped/>
  </testcase> <!-- loginTest -->
  <testcase classname="com.ugapp.testcases.TC_07_LogInTest" name="loginTest" time="0.000">
    <skipped/>
  </testcase> <!-- loginTest -->
  <testcase classname="com.ugapp.testcases.TC_07_LogInTest" name="loginTest" time="0.001">
    <skipped/>
  </testcase> <!-- loginTest -->
  <testcase classname="com.ugapp.testcases.TC_07_LogInTest" name="loginTest" time="0.000">
    <skipped/>
  </testcase> <!-- loginTest -->
  <testcase classname="com.ugapp.testcases.TC_07_LogInTest" name="loginTest" time="0.000">
    <skipped/>
  </testcase> <!-- loginTest -->
  <testcase classname="com.ugapp.testcases.TC_07_LogInTest" name="loginTest" time="0.000">
    <skipped/>
  </testcase> <!-- loginTest -->
  <testcase classname="com.ugapp.testcases.TC_07_LogInTest" name="loginTest" time="0.000">
    <skipped/>
  </testcase> <!-- loginTest -->
  <testcase classname="com.ugapp.testcases.TC_07_LogInTest" name="loginTest" time="0.001">
    <skipped/>
  </testcase> <!-- loginTest -->
  <testcase classname="com.ugapp.testcases.TC_07_LogInTest" name="loginTest" time="0.001">
    <skipped/>
  </testcase> <!-- loginTest -->
  <testcase classname="com.ugapp.testcases.TC_07_LogInTest" name="loginTest" time="0.000">
    <skipped/>
  </testcase> <!-- loginTest -->
  <testcase classname="com.ugapp.testcases.TC_07_LogInTest" name="loginTest" time="0.000">
    <skipped/>
  </testcase> <!-- loginTest -->
  <testcase classname="com.ugapp.testcases.TC_07_LogInTest" name="loginTest" time="0.001">
    <skipped/>
  </testcase> <!-- loginTest -->
  <testcase classname="com.ugapp.testcases.TC_07_LogInTest" name="loginTest" time="0.001">
    <skipped/>
  </testcase> <!-- loginTest -->
  <testcase classname="com.ugapp.testcases.TC_07_LogInTest" name="loginTest" time="0.001">
    <skipped/>
  </testcase> <!-- loginTest -->
  <testcase classname="com.ugapp.testcases.TC_07_LogInTest" name="loginTest" time="0.000">
    <skipped/>
  </testcase> <!-- loginTest -->
  <testcase classname="com.ugapp.testcases.TC_07_LogInTest" name="loginTest" time="0.001">
    <skipped/>
  </testcase> <!-- loginTest -->
  <testcase classname="com.ugapp.testcases.TC_07_LogInTest" name="loginTest" time="0.000">
    <skipped/>
  </testcase> <!-- loginTest -->
  <testcase classname="com.ugapp.testcases.TC_07_LogInTest" name="loginTest" time="0.000">
    <skipped/>
  </testcase> <!-- loginTest -->
  <testcase classname="com.ugapp.testcases.TC_07_LogInTest" name="loginTest" time="0.001">
    <skipped/>
  </testcase> <!-- loginTest -->
  <testcase classname="com.ugapp.testcases.TC_07_LogInTest" name="loginTest" time="0.000">
    <skipped/>
  </testcase> <!-- loginTest -->
  <testcase classname="com.ugapp.testcases.TC_07_LogInTest" name="loginTest" time="0.000">
    <skipped/>
  </testcase> <!-- loginTest -->
  <testcase classname="com.ugapp.testcases.TC_07_LogInTest" name="loginTest" time="0.000">
    <skipped/>
  </testcase> <!-- loginTest -->
  <testcase classname="com.ugapp.testcases.TC_07_LogInTest" name="loginTest" time="0.001">
    <skipped/>
  </testcase> <!-- loginTest -->
  <testcase classname="com.ugapp.testcases.TC_07_LogInTest" name="loginTest" time="0.000">
    <skipped/>
  </testcase> <!-- loginTest -->
  <testcase classname="com.ugapp.testcases.TC_07_LogInTest" name="loginTest" time="0.000">
    <skipped/>
  </testcase> <!-- loginTest -->
  <testcase classname="com.ugapp.testcases.TC_07_LogInTest" name="loginTest" time="0.000">
    <skipped/>
  </testcase> <!-- loginTest -->
  <testcase classname="com.ugapp.testcases.TC_07_LogInTest" name="loginTest" time="0.000">
    <skipped/>
  </testcase> <!-- loginTest -->
  <testcase classname="com.ugapp.testcases.TC_07_LogInTest" name="loginTest" time="0.000">
    <skipped/>
  </testcase> <!-- loginTest -->
  <testcase classname="com.ugapp.testcases.TC_07_LogInTest" name="loginTest" time="0.001">
    <skipped/>
  </testcase> <!-- loginTest -->
  <testcase classname="com.ugapp.testcases.TC_07_LogInTest" name="loginTest" time="0.001">
    <skipped/>
  </testcase> <!-- loginTest -->
  <testcase classname="com.ugapp.testcases.TC_07_LogInTest" name="loginTest" time="0.000">
    <skipped/>
  </testcase> <!-- loginTest -->
  <testcase classname="com.ugapp.testcases.TC_07_LogInTest" name="loginTest" time="0.000">
    <skipped/>
  </testcase> <!-- loginTest -->
  <testcase classname="com.ugapp.testcases.TC_07_LogInTest" name="loginTest" time="0.001">
    <skipped/>
  </testcase> <!-- loginTest -->
  <testcase classname="com.ugapp.testcases.TC_07_LogInTest" name="loginTest" time="0.001">
    <skipped/>
  </testcase> <!-- loginTest -->
  <testcase classname="com.ugapp.testcases.TC_07_LogInTest" name="loginTest" time="0.000">
    <skipped/>
  </testcase> <!-- loginTest -->
  <testcase classname="com.ugapp.testcases.TC_07_LogInTest" name="loginTest" time="0.000">
    <skipped/>
  </testcase> <!-- loginTest -->
  <testcase classname="com.ugapp.testcases.TC_07_LogInTest" name="loginTest" time="0.001">
    <skipped/>
  </testcase> <!-- loginTest -->
  <testcase classname="com.ugapp.testcases.TC_07_LogInTest" name="loginTest" time="0.000">
    <skipped/>
  </testcase> <!-- loginTest -->
  <testcase classname="com.ugapp.testcases.TC_07_LogInTest" name="loginTest" time="0.000">
    <skipped/>
  </testcase> <!-- loginTest -->
  <testcase classname="com.ugapp.testcases.TC_07_LogInTest" name="loginTest" time="0.001">
    <skipped/>
  </testcase> <!-- loginTest -->
  <testcase classname="com.ugapp.testcases.TC_07_LogInTest" name="loginTest" time="0.000">
    <skipped/>
  </testcase> <!-- loginTest -->
  <testcase classname="com.ugapp.testcases.TC_07_LogInTest" name="loginTest" time="0.001">
    <skipped/>
  </testcase> <!-- loginTest -->
  <testcase classname="com.ugapp.testcases.TC_07_LogInTest" name="loginTest" time="0.000">
    <skipped/>
  </testcase> <!-- loginTest -->
  <testcase classname="com.ugapp.testcases.TC_07_LogInTest" name="loginTest" time="0.001">
    <skipped/>
  </testcase> <!-- loginTest -->
  <testcase classname="com.ugapp.testcases.TC_07_LogInTest" name="loginTest" time="0.001">
    <skipped/>
  </testcase> <!-- loginTest -->
  <testcase classname="com.ugapp.testcases.TC_07_LogInTest" name="loginTest" time="0.000">
    <skipped/>
  </testcase> <!-- loginTest -->
  <testcase classname="com.ugapp.testcases.TC_07_LogInTest" name="loginTest" time="0.000">
    <skipped/>
  </testcase> <!-- loginTest -->
  <testcase classname="com.ugapp.testcases.TC_07_LogInTest" name="loginTest" time="0.001">
    <skipped/>
  </testcase> <!-- loginTest -->
  <testcase classname="com.ugapp.testcases.TC_07_LogInTest" name="loginTest" time="0.001">
    <skipped/>
  </testcase> <!-- loginTest -->
  <testcase classname="com.ugapp.testcases.TC_07_LogInTest" name="loginTest" time="0.001">
    <skipped/>
  </testcase> <!-- loginTest -->
  <testcase classname="com.ugapp.testcases.TC_07_LogInTest" name="loginTest" time="0.001">
    <skipped/>
  </testcase> <!-- loginTest -->
  <testcase classname="com.ugapp.testcases.TC_07_LogInTest" name="loginTest" time="0.000">
    <skipped/>
  </testcase> <!-- loginTest -->
  <testcase classname="com.ugapp.testcases.TC_07_LogInTest" name="loginTest" time="0.001">
    <skipped/>
  </testcase> <!-- loginTest -->
  <testcase classname="com.ugapp.testcases.TC_07_LogInTest" name="loginTest" time="0.000">
    <skipped/>
  </testcase> <!-- loginTest -->
  <testcase classname="com.ugapp.testcases.TC_07_LogInTest" name="loginTest" time="0.000">
    <skipped/>
  </testcase> <!-- loginTest -->
  <testcase classname="com.ugapp.testcases.TC_07_LogInTest" name="loginTest" time="0.001">
    <skipped/>
  </testcase> <!-- loginTest -->
  <testcase classname="com.ugapp.testcases.TC_07_LogInTest" name="loginTest" time="0.000">
    <skipped/>
  </testcase> <!-- loginTest -->
  <testcase classname="com.ugapp.testcases.TC_07_LogInTest" name="loginTest" time="0.000">
    <skipped/>
  </testcase> <!-- loginTest -->
  <testcase classname="com.ugapp.testcases.TC_07_LogInTest" name="loginTest" time="0.001">
    <skipped/>
  </testcase> <!-- loginTest -->
  <testcase classname="com.ugapp.testcases.TC_07_LogInTest" name="loginTest" time="0.001">
    <skipped/>
  </testcase> <!-- loginTest -->
  <testcase classname="com.ugapp.testcases.TC_07_LogInTest" name="loginTest" time="0.001">
    <skipped/>
  </testcase> <!-- loginTest -->
  <testcase classname="com.ugapp.testcases.TC_07_LogInTest" name="loginTest" time="0.001">
    <skipped/>
  </testcase> <!-- loginTest -->
  <testcase classname="com.ugapp.testcases.TC_07_LogInTest" name="loginTest" time="0.000">
    <skipped/>
  </testcase> <!-- loginTest -->
  <testcase classname="com.ugapp.testcases.TC_07_LogInTest" name="loginTest" time="0.001">
    <skipped/>
  </testcase> <!-- loginTest -->
  <testcase classname="com.ugapp.testcases.TC_07_LogInTest" name="loginTest" time="0.000">
    <skipped/>
  </testcase> <!-- loginTest -->
  <testcase classname="com.ugapp.testcases.TC_07_LogInTest" name="loginTest" time="0.000">
    <skipped/>
  </testcase> <!-- loginTest -->
  <testcase classname="com.ugapp.testcases.TC_07_LogInTest" name="loginTest" time="0.000">
    <skipped/>
  </testcase> <!-- loginTest -->
  <testcase classname="com.ugapp.testcases.TC_07_LogInTest" name="loginTest" time="0.001">
    <skipped/>
  </testcase> <!-- loginTest -->
  <testcase classname="com.ugapp.testcases.TC_07_LogInTest" name="loginTest" time="0.000">
    <skipped/>
  </testcase> <!-- loginTest -->
  <testcase classname="com.ugapp.testcases.TC_07_LogInTest" name="loginTest" time="0.001">
    <skipped/>
  </testcase> <!-- loginTest -->
  <testcase classname="com.ugapp.testcases.TC_07_LogInTest" name="loginTest" time="0.000">
    <skipped/>
  </testcase> <!-- loginTest -->
  <testcase classname="com.ugapp.testcases.TC_07_LogInTest" name="loginTest" time="0.001">
    <skipped/>
  </testcase> <!-- loginTest -->
  <testcase classname="com.ugapp.testcases.TC_07_LogInTest" name="loginTest" time="0.000">
    <skipped/>
  </testcase> <!-- loginTest -->
  <testcase classname="com.ugapp.testcases.TC_07_LogInTest" name="loginTest" time="0.001">
    <skipped/>
  </testcase> <!-- loginTest -->
  <testcase classname="com.ugapp.testcases.TC_07_LogInTest" name="loginTest" time="0.000">
    <skipped/>
  </testcase> <!-- loginTest -->
  <testcase classname="com.ugapp.testcases.TC_07_LogInTest" name="loginTest" time="0.000">
    <skipped/>
  </testcase> <!-- loginTest -->
  <testcase classname="com.ugapp.testcases.TC_07_LogInTest" name="loginTest" time="0.000">
    <skipped/>
  </testcase> <!-- loginTest -->
  <testcase classname="com.ugapp.testcases.TC_07_LogInTest" name="loginTest" time="0.000">
    <skipped/>
  </testcase> <!-- loginTest -->
  <testcase classname="com.ugapp.testcases.TC_07_LogInTest" name="loginTest" time="0.001">
    <skipped/>
  </testcase> <!-- loginTest -->
  <testcase classname="com.ugapp.testcases.TC_07_LogInTest" name="loginTest" time="0.001">
    <skipped/>
  </testcase> <!-- loginTest -->
  <testcase classname="com.ugapp.testcases.TC_07_LogInTest" name="loginTest" time="0.000">
    <skipped/>
  </testcase> <!-- loginTest -->
  <testcase classname="com.ugapp.testcases.TC_07_LogInTest" name="loginTest" time="0.000">
    <skipped/>
  </testcase> <!-- loginTest -->
  <testcase classname="com.ugapp.testcases.TC_07_LogInTest" name="loginTest" time="0.000">
    <skipped/>
  </testcase> <!-- loginTest -->
  <testcase classname="com.ugapp.testcases.TC_07_LogInTest" name="loginTest" time="0.000">
    <skipped/>
  </testcase> <!-- loginTest -->
  <testcase classname="com.ugapp.testcases.TC_07_LogInTest" name="loginTest" time="0.000">
    <skipped/>
  </testcase> <!-- loginTest -->
  <testcase classname="com.ugapp.testcases.TC_07_LogInTest" name="loginTest" time="0.000">
    <skipped/>
  </testcase> <!-- loginTest -->
  <testcase classname="com.ugapp.testcases.TC_07_LogInTest" name="loginTest" time="0.001">
    <skipped/>
  </testcase> <!-- loginTest -->
  <testcase classname="com.ugapp.testcases.TC_07_LogInTest" name="loginTest" time="0.001">
    <skipped/>
  </testcase> <!-- loginTest -->
  <testcase classname="com.ugapp.testcases.TC_07_LogInTest" name="loginTest" time="0.000">
    <skipped/>
  </testcase> <!-- loginTest -->
  <testcase classname="com.ugapp.testcases.TC_07_LogInTest" name="loginTest" time="0.001">
    <skipped/>
  </testcase> <!-- loginTest -->
  <testcase classname="com.ugapp.testcases.TC_07_LogInTest" name="loginTest" time="0.001">
    <skipped/>
  </testcase> <!-- loginTest -->
  <testcase classname="com.ugapp.testcases.TC_07_LogInTest" name="loginTest" time="0.000">
    <skipped/>
  </testcase> <!-- loginTest -->
  <testcase classname="com.ugapp.testcases.TC_07_LogInTest" name="loginTest" time="0.000">
    <skipped/>
  </testcase> <!-- loginTest -->
  <testcase classname="com.ugapp.testcases.TC_07_LogInTest" name="loginTest" time="0.000">
    <skipped/>
  </testcase> <!-- loginTest -->
  <testcase classname="com.ugapp.testcases.TC_07_LogInTest" name="loginTest" time="0.001">
    <skipped/>
  </testcase> <!-- loginTest -->
  <testcase classname="com.ugapp.testcases.TC_07_LogInTest" name="loginTest" time="0.001">
    <skipped/>
  </testcase> <!-- loginTest -->
  <testcase classname="com.ugapp.testcases.TC_07_LogInTest" name="loginTest" time="0.000">
    <skipped/>
  </testcase> <!-- loginTest -->
  <testcase classname="com.ugapp.testcases.TC_07_LogInTest" name="loginTest" time="0.000">
    <skipped/>
  </testcase> <!-- loginTest -->
  <testcase classname="com.ugapp.testcases.TC_07_LogInTest" name="loginTest" time="0.001">
    <skipped/>
  </testcase> <!-- loginTest -->
  <testcase classname="com.ugapp.testcases.TC_07_LogInTest" name="loginTest" time="0.000">
    <skipped/>
  </testcase> <!-- loginTest -->
  <testcase classname="com.ugapp.testcases.TC_07_LogInTest" name="loginTest" time="0.000">
    <skipped/>
  </testcase> <!-- loginTest -->
  <testcase classname="com.ugapp.testcases.TC_07_LogInTest" name="loginTest" time="0.001">
    <skipped/>
  </testcase> <!-- loginTest -->
  <testcase classname="com.ugapp.testcases.TC_07_LogInTest" name="loginTest" time="0.001">
    <skipped/>
  </testcase> <!-- loginTest -->
  <testcase classname="com.ugapp.testcases.TC_07_LogInTest" name="loginTest" time="0.000">
    <skipped/>
  </testcase> <!-- loginTest -->
  <testcase classname="com.ugapp.testcases.TC_07_LogInTest" name="loginTest" time="0.001">
    <skipped/>
  </testcase> <!-- loginTest -->
  <testcase classname="com.ugapp.testcases.TC_07_LogInTest" name="loginTest" time="0.001">
    <skipped/>
  </testcase> <!-- loginTest -->
  <testcase classname="com.ugapp.testcases.TC_07_LogInTest" name="loginTest" time="0.001">
    <skipped/>
  </testcase> <!-- loginTest -->
  <testcase classname="com.ugapp.testcases.TC_07_LogInTest" name="loginTest" time="0.000">
    <skipped/>
  </testcase> <!-- loginTest -->
  <testcase classname="com.ugapp.testcases.TC_07_LogInTest" name="loginTest" time="0.001">
    <skipped/>
  </testcase> <!-- loginTest -->
  <testcase classname="com.ugapp.testcases.TC_07_LogInTest" name="loginTest" time="0.000">
    <skipped/>
  </testcase> <!-- loginTest -->
  <testcase classname="com.ugapp.testcases.TC_07_LogInTest" name="loginTest" time="0.000">
    <skipped/>
  </testcase> <!-- loginTest -->
  <testcase classname="com.ugapp.testcases.TC_07_LogInTest" name="loginTest" time="0.001">
    <skipped/>
  </testcase> <!-- loginTest -->
  <testcase classname="com.ugapp.testcases.TC_07_LogInTest" name="loginTest" time="0.000">
    <skipped/>
  </testcase> <!-- loginTest -->
  <testcase classname="com.ugapp.testcases.TC_07_LogInTest" name="loginTest" time="0.001">
    <skipped/>
  </testcase> <!-- loginTest -->
  <testcase classname="com.ugapp.testcases.TC_07_LogInTest" name="loginTest" time="0.001">
    <skipped/>
  </testcase> <!-- loginTest -->
  <testcase classname="com.ugapp.testcases.TC_07_LogInTest" name="loginTest" time="0.001">
    <skipped/>
  </testcase> <!-- loginTest -->
  <testcase classname="com.ugapp.testcases.TC_07_LogInTest" name="loginTest" time="0.000">
    <skipped/>
  </testcase> <!-- loginTest -->
  <testcase classname="com.ugapp.testcases.TC_07_LogInTest" name="loginTest" time="0.001">
    <skipped/>
  </testcase> <!-- loginTest -->
  <testcase classname="com.ugapp.testcases.TC_07_LogInTest" name="loginTest" time="0.000">
    <skipped/>
  </testcase> <!-- loginTest -->
  <testcase classname="com.ugapp.testcases.TC_07_LogInTest" name="loginTest" time="0.001">
    <skipped/>
  </testcase> <!-- loginTest -->
  <testcase classname="com.ugapp.testcases.TC_07_LogInTest" name="loginTest" time="0.000">
    <skipped/>
  </testcase> <!-- loginTest -->
  <testcase classname="com.ugapp.testcases.TC_07_LogInTest" name="loginTest" time="0.001">
    <skipped/>
  </testcase> <!-- loginTest -->
  <testcase classname="com.ugapp.testcases.TC_07_LogInTest" name="loginTest" time="0.000">
    <skipped/>
  </testcase> <!-- loginTest -->
  <testcase classname="com.ugapp.testcases.TC_07_LogInTest" name="loginTest" time="0.001">
    <skipped/>
  </testcase> <!-- loginTest -->
  <testcase classname="com.ugapp.testcases.TC_07_LogInTest" name="loginTest" time="0.001">
    <skipped/>
  </testcase> <!-- loginTest -->
  <testcase classname="com.ugapp.testcases.TC_07_LogInTest" name="loginTest" time="0.000">
    <skipped/>
  </testcase> <!-- loginTest -->
  <testcase classname="com.ugapp.testcases.TC_07_LogInTest" name="loginTest" time="0.000">
    <skipped/>
  </testcase> <!-- loginTest -->
  <testcase classname="com.ugapp.testcases.TC_07_LogInTest" name="loginTest" time="0.000">
    <skipped/>
  </testcase> <!-- loginTest -->
  <testcase classname="com.ugapp.testcases.TC_07_LogInTest" name="loginTest" time="0.001">
    <skipped/>
  </testcase> <!-- loginTest -->
  <testcase classname="com.ugapp.testcases.TC_07_LogInTest" name="loginTest" time="0.001">
    <skipped/>
  </testcase> <!-- loginTest -->
  <testcase classname="com.ugapp.testcases.TC_07_LogInTest" name="loginTest" time="0.001">
    <skipped/>
  </testcase> <!-- loginTest -->
  <testcase classname="com.ugapp.testcases.TC_07_LogInTest" name="loginTest" time="0.000">
    <skipped/>
  </testcase> <!-- loginTest -->
  <testcase classname="com.ugapp.testcases.TC_07_LogInTest" name="loginTest" time="0.001">
    <skipped/>
  </testcase> <!-- loginTest -->
  <testcase classname="com.ugapp.testcases.TC_07_LogInTest" name="loginTest" time="0.001">
    <skipped/>
  </testcase> <!-- loginTest -->
  <testcase classname="com.ugapp.testcases.TC_07_LogInTest" name="loginTest" time="0.001">
    <skipped/>
  </testcase> <!-- loginTest -->
  <testcase classname="com.ugapp.testcases.TC_07_LogInTest" name="loginTest" time="0.001">
    <skipped/>
  </testcase> <!-- loginTest -->
  <testcase classname="com.ugapp.testcases.TC_07_LogInTest" name="loginTest" time="0.000">
    <skipped/>
  </testcase> <!-- loginTest -->
  <testcase classname="com.ugapp.testcases.TC_07_LogInTest" name="loginTest" time="0.001">
    <skipped/>
  </testcase> <!-- loginTest -->
  <testcase classname="com.ugapp.testcases.TC_07_LogInTest" name="loginTest" time="0.000">
    <skipped/>
  </testcase> <!-- loginTest -->
  <testcase classname="com.ugapp.testcases.TC_07_LogInTest" name="loginTest" time="0.000">
    <skipped/>
  </testcase> <!-- loginTest -->
  <testcase classname="com.ugapp.testcases.TC_07_LogInTest" name="loginTest" time="0.000">
    <skipped/>
  </testcase> <!-- loginTest -->
  <testcase classname="com.ugapp.testcases.TC_07_LogInTest" name="loginTest" time="0.000">
    <skipped/>
  </testcase> <!-- loginTest -->
  <testcase classname="com.ugapp.testcases.TC_07_LogInTest" name="loginTest" time="0.000">
    <skipped/>
  </testcase> <!-- loginTest -->
  <testcase classname="com.ugapp.testcases.TC_07_LogInTest" name="loginTest" time="0.000">
    <skipped/>
  </testcase> <!-- loginTest -->
  <testcase classname="com.ugapp.testcases.TC_07_LogInTest" name="loginTest" time="0.000">
    <skipped/>
  </testcase> <!-- loginTest -->
  <testcase classname="com.ugapp.testcases.TC_07_LogInTest" name="loginTest" time="0.001">
    <skipped/>
  </testcase> <!-- loginTest -->
  <testcase classname="com.ugapp.testcases.TC_07_LogInTest" name="loginTest" time="0.001">
    <skipped/>
  </testcase> <!-- loginTest -->
  <testcase classname="com.ugapp.testcases.TC_07_LogInTest" name="loginTest" time="0.000">
    <skipped/>
  </testcase> <!-- loginTest -->
  <testcase classname="com.ugapp.testcases.TC_07_LogInTest" name="loginTest" time="0.001">
    <skipped/>
  </testcase> <!-- loginTest -->
  <testcase classname="com.ugapp.testcases.TC_07_LogInTest" name="loginTest" time="0.001">
    <skipped/>
  </testcase> <!-- loginTest -->
  <testcase classname="com.ugapp.testcases.TC_07_LogInTest" name="loginTest" time="0.000">
    <skipped/>
  </testcase> <!-- loginTest -->
  <testcase classname="com.ugapp.testcases.TC_07_LogInTest" name="loginTest" time="0.000">
    <skipped/>
  </testcase> <!-- loginTest -->
  <testcase classname="com.ugapp.testcases.TC_07_LogInTest" name="loginTest" time="0.000">
    <skipped/>
  </testcase> <!-- loginTest -->
  <testcase classname="com.ugapp.testcases.TC_07_LogInTest" name="loginTest" time="0.000">
    <skipped/>
  </testcase> <!-- loginTest -->
  <testcase classname="com.ugapp.testcases.TC_07_LogInTest" name="loginTest" time="0.001">
    <skipped/>
  </testcase> <!-- loginTest -->
  <testcase classname="com.ugapp.testcases.TC_07_LogInTest" name="loginTest" time="0.001">
    <skipped/>
  </testcase> <!-- loginTest -->
  <testcase classname="com.ugapp.testcases.TC_07_LogInTest" name="loginTest" time="0.000">
    <skipped/>
  </testcase> <!-- loginTest -->
  <testcase classname="com.ugapp.testcases.TC_07_LogInTest" name="loginTest" time="0.001">
    <skipped/>
  </testcase> <!-- loginTest -->
  <testcase classname="com.ugapp.testcases.TC_07_LogInTest" name="loginTest" time="0.001">
    <skipped/>
  </testcase> <!-- loginTest -->
  <testcase classname="com.ugapp.testcases.TC_07_LogInTest" name="loginTest" time="0.000">
    <skipped/>
  </testcase> <!-- loginTest -->
  <testcase classname="com.ugapp.testcases.TC_07_LogInTest" name="loginTest" time="0.000">
    <skipped/>
  </testcase> <!-- loginTest -->
  <testcase classname="com.ugapp.testcases.TC_07_LogInTest" name="loginTest" time="0.000">
    <skipped/>
  </testcase> <!-- loginTest -->
  <testcase classname="com.ugapp.testcases.TC_07_LogInTest" name="loginTest" time="0.000">
    <skipped/>
  </testcase> <!-- loginTest -->
  <testcase classname="com.ugapp.testcases.TC_07_LogInTest" name="loginTest" time="0.001">
    <skipped/>
  </testcase> <!-- loginTest -->
  <testcase classname="com.ugapp.testcases.TC_07_LogInTest" name="loginTest" time="0.001">
    <skipped/>
  </testcase> <!-- loginTest -->
  <testcase classname="com.ugapp.testcases.TC_07_LogInTest" name="loginTest" time="0.000">
    <skipped/>
  </testcase> <!-- loginTest -->
  <testcase classname="com.ugapp.testcases.TC_07_LogInTest" name="loginTest" time="0.001">
    <skipped/>
  </testcase> <!-- loginTest -->
  <testcase classname="com.ugapp.testcases.TC_07_LogInTest" name="loginTest" time="0.001">
    <skipped/>
  </testcase> <!-- loginTest -->
  <testcase classname="com.ugapp.testcases.TC_07_LogInTest" name="loginTest" time="0.001">
    <skipped/>
  </testcase> <!-- loginTest -->
  <testcase classname="com.ugapp.testcases.TC_07_LogInTest" name="loginTest" time="0.000">
    <skipped/>
  </testcase> <!-- loginTest -->
  <testcase classname="com.ugapp.testcases.TC_07_LogInTest" name="loginTest" time="0.001">
    <skipped/>
  </testcase> <!-- loginTest -->
  <testcase classname="com.ugapp.testcases.TC_07_LogInTest" name="loginTest" time="0.000">
    <skipped/>
  </testcase> <!-- loginTest -->
  <testcase classname="com.ugapp.testcases.TC_07_LogInTest" name="loginTest" time="0.001">
    <skipped/>
  </testcase> <!-- loginTest -->
  <testcase classname="com.ugapp.testcases.TC_07_LogInTest" name="loginTest" time="0.001">
    <skipped/>
  </testcase> <!-- loginTest -->
  <testcase classname="com.ugapp.testcases.TC_07_LogInTest" name="loginTest" time="0.001">
    <skipped/>
  </testcase> <!-- loginTest -->
  <testcase classname="com.ugapp.testcases.TC_07_LogInTest" name="loginTest" time="0.001">
    <skipped/>
  </testcase> <!-- loginTest -->
  <testcase classname="com.ugapp.testcases.TC_07_LogInTest" name="loginTest" time="0.001">
    <skipped/>
  </testcase> <!-- loginTest -->
  <testcase classname="com.ugapp.testcases.TC_07_LogInTest" name="loginTest" time="0.001">
    <skipped/>
  </testcase> <!-- loginTest -->
  <testcase classname="com.ugapp.testcases.TC_07_LogInTest" name="loginTest" time="0.001">
    <skipped/>
  </testcase> <!-- loginTest -->
  <testcase classname="com.ugapp.testcases.TC_07_LogInTest" name="loginTest" time="0.001">
    <skipped/>
  </testcase> <!-- loginTest -->
  <testcase classname="com.ugapp.testcases.TC_07_LogInTest" name="loginTest" time="0.000">
    <skipped/>
  </testcase> <!-- loginTest -->
  <testcase classname="com.ugapp.testcases.TC_07_LogInTest" name="loginTest" time="0.001">
    <skipped/>
  </testcase> <!-- loginTest -->
  <testcase classname="com.ugapp.testcases.TC_07_LogInTest" name="loginTest" time="0.000">
    <skipped/>
  </testcase> <!-- loginTest -->
  <testcase classname="com.ugapp.testcases.TC_07_LogInTest" name="loginTest" time="0.001">
    <skipped/>
  </testcase> <!-- loginTest -->
  <testcase classname="com.ugapp.testcases.TC_07_LogInTest" name="loginTest" time="0.000">
    <skipped/>
  </testcase> <!-- loginTest -->
  <testcase classname="com.ugapp.testcases.TC_07_LogInTest" name="loginTest" time="0.000">
    <skipped/>
  </testcase> <!-- loginTest -->
  <testcase classname="com.ugapp.testcases.TC_07_LogInTest" name="loginTest" time="0.000">
    <skipped/>
  </testcase> <!-- loginTest -->
  <testcase classname="com.ugapp.testcases.TC_07_LogInTest" name="loginTest" time="0.001">
    <skipped/>
  </testcase> <!-- loginTest -->
  <testcase classname="com.ugapp.testcases.TC_07_LogInTest" name="loginTest" time="0.000">
    <skipped/>
  </testcase> <!-- loginTest -->
  <testcase classname="com.ugapp.testcases.TC_07_LogInTest" name="loginTest" time="0.000">
    <skipped/>
  </testcase> <!-- loginTest -->
  <testcase classname="com.ugapp.testcases.TC_07_LogInTest" name="loginTest" time="0.001">
    <skipped/>
  </testcase> <!-- loginTest -->
  <testcase classname="com.ugapp.testcases.TC_07_LogInTest" name="loginTest" time="0.000">
    <skipped/>
  </testcase> <!-- loginTest -->
  <testcase classname="com.ugapp.testcases.TC_07_LogInTest" name="loginTest" time="0.000">
    <skipped/>
  </testcase> <!-- loginTest -->
  <testcase classname="com.ugapp.testcases.TC_07_LogInTest" name="loginTest" time="0.001">
    <skipped/>
  </testcase> <!-- loginTest -->
  <testcase classname="com.ugapp.testcases.TC_07_LogInTest" name="loginTest" time="0.001">
    <skipped/>
  </testcase> <!-- loginTest -->
  <testcase classname="com.ugapp.testcases.TC_07_LogInTest" name="loginTest" time="0.001">
    <skipped/>
  </testcase> <!-- loginTest -->
  <testcase classname="com.ugapp.testcases.TC_07_LogInTest" name="loginTest" time="0.000">
    <skipped/>
  </testcase> <!-- loginTest -->
  <testcase classname="com.ugapp.testcases.TC_07_LogInTest" name="loginTest" time="0.000">
    <skipped/>
  </testcase> <!-- loginTest -->
  <testcase classname="com.ugapp.testcases.TC_07_LogInTest" name="loginTest" time="0.001">
    <skipped/>
  </testcase> <!-- loginTest -->
  <testcase classname="com.ugapp.testcases.TC_07_LogInTest" name="loginTest" time="0.000">
    <skipped/>
  </testcase> <!-- loginTest -->
  <testcase classname="com.ugapp.testcases.TC_07_LogInTest" name="loginTest" time="0.001">
    <skipped/>
  </testcase> <!-- loginTest -->
  <testcase classname="com.ugapp.testcases.TC_07_LogInTest" name="loginTest" time="0.001">
    <skipped/>
  </testcase> <!-- loginTest -->
  <testcase classname="com.ugapp.testcases.TC_07_LogInTest" name="loginTest" time="0.000">
    <skipped/>
  </testcase> <!-- loginTest -->
  <testcase classname="com.ugapp.testcases.TC_07_LogInTest" name="loginTest" time="0.001">
    <skipped/>
  </testcase> <!-- loginTest -->
  <testcase classname="com.ugapp.testcases.TC_07_LogInTest" name="loginTest" time="0.001">
    <skipped/>
  </testcase> <!-- loginTest -->
  <testcase classname="com.ugapp.testcases.TC_07_LogInTest" name="loginTest" time="0.000">
    <skipped/>
  </testcase> <!-- loginTest -->
  <testcase classname="com.ugapp.testcases.TC_07_LogInTest" name="loginTest" time="0.000">
    <skipped/>
  </testcase> <!-- loginTest -->
  <testcase classname="com.ugapp.testcases.TC_07_LogInTest" name="loginTest" time="0.000">
    <skipped/>
  </testcase> <!-- loginTest -->
  <testcase classname="com.ugapp.testcases.TC_07_LogInTest" name="loginTest" time="0.001">
    <skipped/>
  </testcase> <!-- loginTest -->
  <testcase classname="com.ugapp.testcases.TC_07_LogInTest" name="loginTest" time="0.000">
    <skipped/>
  </testcase> <!-- loginTest -->
  <testcase classname="com.ugapp.testcases.TC_07_LogInTest" name="loginTest" time="0.001">
    <skipped/>
  </testcase> <!-- loginTest -->
  <testcase classname="com.ugapp.testcases.TC_07_LogInTest" name="loginTest" time="0.000">
    <skipped/>
  </testcase> <!-- loginTest -->
  <testcase classname="com.ugapp.testcases.TC_07_LogInTest" name="loginTest" time="0.000">
    <skipped/>
  </testcase> <!-- loginTest -->
  <testcase classname="com.ugapp.testcases.TC_07_LogInTest" name="loginTest" time="0.000">
    <skipped/>
  </testcase> <!-- loginTest -->
  <testcase classname="com.ugapp.testcases.TC_07_LogInTest" name="loginTest" time="0.000">
    <skipped/>
  </testcase> <!-- loginTest -->
  <testcase classname="com.ugapp.testcases.TC_07_LogInTest" name="loginTest" time="0.000">
    <skipped/>
  </testcase> <!-- loginTest -->
  <testcase classname="com.ugapp.testcases.TC_07_LogInTest" name="loginTest" time="0.001">
    <skipped/>
  </testcase> <!-- loginTest -->
  <testcase classname="com.ugapp.testcases.TC_07_LogInTest" name="loginTest" time="0.001">
    <skipped/>
  </testcase> <!-- loginTest -->
  <testcase classname="com.ugapp.testcases.TC_07_LogInTest" name="loginTest" time="0.001">
    <skipped/>
  </testcase> <!-- loginTest -->
  <testcase classname="com.ugapp.testcases.TC_07_LogInTest" name="loginTest" time="0.001">
    <skipped/>
  </testcase> <!-- loginTest -->
  <testcase classname="com.ugapp.testcases.TC_07_LogInTest" name="loginTest" time="0.000">
    <skipped/>
  </testcase> <!-- loginTest -->
  <testcase classname="com.ugapp.testcases.TC_07_LogInTest" name="loginTest" time="0.000">
    <skipped/>
  </testcase> <!-- loginTest -->
  <testcase classname="com.ugapp.testcases.TC_07_LogInTest" name="loginTest" time="0.000">
    <skipped/>
  </testcase> <!-- loginTest -->
  <testcase classname="com.ugapp.testcases.TC_07_LogInTest" name="loginTest" time="0.000">
    <skipped/>
  </testcase> <!-- loginTest -->
  <testcase classname="com.ugapp.testcases.TC_07_LogInTest" name="loginTest" time="0.001">
    <skipped/>
  </testcase> <!-- loginTest -->
  <testcase classname="com.ugapp.testcases.TC_07_LogInTest" name="loginTest" time="0.000">
    <skipped/>
  </testcase> <!-- loginTest -->
  <testcase classname="com.ugapp.testcases.TC_07_LogInTest" name="loginTest" time="0.001">
    <skipped/>
  </testcase> <!-- loginTest -->
  <testcase classname="com.ugapp.testcases.TC_07_LogInTest" name="loginTest" time="0.001">
    <skipped/>
  </testcase> <!-- loginTest -->
  <testcase classname="com.ugapp.testcases.TC_07_LogInTest" name="loginTest" time="0.000">
    <skipped/>
  </testcase> <!-- loginTest -->
  <testcase classname="com.ugapp.testcases.TC_07_LogInTest" name="loginTest" time="0.000">
    <skipped/>
  </testcase> <!-- loginTest -->
  <testcase classname="com.ugapp.testcases.TC_07_LogInTest" name="loginTest" time="0.000">
    <skipped/>
  </testcase> <!-- loginTest -->
  <testcase classname="com.ugapp.testcases.TC_07_LogInTest" name="loginTest" time="0.001">
    <skipped/>
  </testcase> <!-- loginTest -->
  <testcase classname="com.ugapp.testcases.TC_07_LogInTest" name="loginTest" time="0.000">
    <skipped/>
  </testcase> <!-- loginTest -->
  <testcase classname="com.ugapp.testcases.TC_07_LogInTest" name="loginTest" time="0.001">
    <skipped/>
  </testcase> <!-- loginTest -->
  <testcase classname="com.ugapp.testcases.TC_07_LogInTest" name="loginTest" time="0.001">
    <skipped/>
  </testcase> <!-- loginTest -->
  <testcase classname="com.ugapp.testcases.TC_07_LogInTest" name="loginTest" time="0.001">
    <skipped/>
  </testcase> <!-- loginTest -->
  <testcase classname="com.ugapp.testcases.TC_07_LogInTest" name="loginTest" time="0.000">
    <skipped/>
  </testcase> <!-- loginTest -->
  <testcase classname="com.ugapp.testcases.TC_07_LogInTest" name="loginTest" time="0.000">
    <skipped/>
  </testcase> <!-- loginTest -->
  <testcase classname="com.ugapp.testcases.TC_07_LogInTest" name="loginTest" time="0.000">
    <skipped/>
  </testcase> <!-- loginTest -->
  <testcase classname="com.ugapp.testcases.TC_07_LogInTest" name="loginTest" time="0.000">
    <skipped/>
  </testcase> <!-- loginTest -->
  <testcase classname="com.ugapp.testcases.TC_07_LogInTest" name="loginTest" time="0.001">
    <skipped/>
  </testcase> <!-- loginTest -->
  <testcase classname="com.ugapp.testcases.TC_07_LogInTest" name="loginTest" time="0.001">
    <skipped/>
  </testcase> <!-- loginTest -->
  <testcase classname="com.ugapp.testcases.TC_07_LogInTest" name="loginTest" time="0.000">
    <skipped/>
  </testcase> <!-- loginTest -->
  <testcase classname="com.ugapp.testcases.TC_07_LogInTest" name="loginTest" time="0.000">
    <skipped/>
  </testcase> <!-- loginTest -->
  <testcase classname="com.ugapp.testcases.TC_07_LogInTest" name="loginTest" time="0.000">
    <skipped/>
  </testcase> <!-- loginTest -->
  <testcase classname="com.ugapp.testcases.TC_07_LogInTest" name="loginTest" time="0.001">
    <skipped/>
  </testcase> <!-- loginTest -->
  <testcase classname="com.ugapp.testcases.TC_07_LogInTest" name="loginTest" time="0.000">
    <skipped/>
  </testcase> <!-- loginTest -->
  <testcase classname="com.ugapp.testcases.TC_07_LogInTest" name="loginTest" time="0.000">
    <skipped/>
  </testcase> <!-- loginTest -->
  <testcase classname="com.ugapp.testcases.TC_07_LogInTest" name="loginTest" time="0.001">
    <skipped/>
  </testcase> <!-- loginTest -->
  <testcase classname="com.ugapp.testcases.TC_07_LogInTest" name="loginTest" time="0.001">
    <skipped/>
  </testcase> <!-- loginTest -->
  <testcase classname="com.ugapp.testcases.TC_07_LogInTest" name="loginTest" time="0.000">
    <skipped/>
  </testcase> <!-- loginTest -->
  <testcase classname="com.ugapp.testcases.TC_07_LogInTest" name="loginTest" time="0.000">
    <skipped/>
  </testcase> <!-- loginTest -->
  <testcase classname="com.ugapp.testcases.TC_07_LogInTest" name="loginTest" time="0.000">
    <skipped/>
  </testcase> <!-- loginTest -->
  <testcase classname="com.ugapp.testcases.TC_07_LogInTest" name="loginTest" time="0.000">
    <skipped/>
  </testcase> <!-- loginTest -->
  <testcase classname="com.ugapp.testcases.TC_07_LogInTest" name="loginTest" time="0.000">
    <skipped/>
  </testcase> <!-- loginTest -->
  <testcase classname="com.ugapp.testcases.TC_07_LogInTest" name="loginTest" time="0.000">
    <skipped/>
  </testcase> <!-- loginTest -->
  <testcase classname="com.ugapp.testcases.TC_07_LogInTest" name="loginTest" time="0.001">
    <skipped/>
  </testcase> <!-- loginTest -->
  <testcase classname="com.ugapp.testcases.TC_07_LogInTest" name="loginTest" time="0.000">
    <skipped/>
  </testcase> <!-- loginTest -->
  <testcase classname="com.ugapp.testcases.TC_07_LogInTest" name="loginTest" time="0.000">
    <skipped/>
  </testcase> <!-- loginTest -->
  <testcase classname="com.ugapp.testcases.TC_07_LogInTest" name="loginTest" time="0.000">
    <skipped/>
  </testcase> <!-- loginTest -->
  <testcase classname="com.ugapp.testcases.TC_07_LogInTest" name="loginTest" time="0.001">
    <skipped/>
  </testcase> <!-- loginTest -->
  <testcase classname="com.ugapp.testcases.TC_07_LogInTest" name="loginTest" time="0.000">
    <skipped/>
  </testcase> <!-- loginTest -->
  <testcase classname="com.ugapp.testcases.TC_07_LogInTest" name="loginTest" time="0.000">
    <skipped/>
  </testcase> <!-- loginTest -->
  <testcase classname="com.ugapp.testcases.TC_07_LogInTest" name="loginTest" time="0.001">
    <skipped/>
  </testcase> <!-- loginTest -->
  <testcase classname="com.ugapp.testcases.TC_07_LogInTest" name="loginTest" time="0.000">
    <skipped/>
  </testcase> <!-- loginTest -->
  <testcase classname="com.ugapp.testcases.TC_07_LogInTest" name="loginTest" time="0.000">
    <skipped/>
  </testcase> <!-- loginTest -->
  <testcase classname="com.ugapp.testcases.TC_07_LogInTest" name="loginTest" time="0.000">
    <skipped/>
  </testcase> <!-- loginTest -->
  <testcase classname="com.ugapp.testcases.TC_07_LogInTest" name="loginTest" time="0.001">
    <skipped/>
  </testcase> <!-- loginTest -->
  <testcase classname="com.ugapp.testcases.TC_07_LogInTest" name="loginTest" time="0.001">
    <skipped/>
  </testcase> <!-- loginTest -->
  <testcase classname="com.ugapp.testcases.TC_07_LogInTest" name="loginTest" time="0.000">
    <skipped/>
  </testcase> <!-- loginTest -->
  <testcase classname="com.ugapp.testcases.TC_07_LogInTest" name="loginTest" time="0.000">
    <skipped/>
  </testcase> <!-- loginTest -->
  <testcase classname="com.ugapp.testcases.TC_07_LogInTest" name="loginTest" time="0.001">
    <skipped/>
  </testcase> <!-- loginTest -->
  <testcase classname="com.ugapp.testcases.TC_07_LogInTest" name="loginTest" time="0.001">
    <skipped/>
  </testcase> <!-- loginTest -->
  <testcase classname="com.ugapp.testcases.TC_07_LogInTest" name="loginTest" time="0.000">
    <skipped/>
  </testcase> <!-- loginTest -->
  <testcase classname="com.ugapp.testcases.TC_07_LogInTest" name="loginTest" time="0.000">
    <skipped/>
  </testcase> <!-- loginTest -->
  <testcase classname="com.ugapp.testcases.TC_07_LogInTest" name="loginTest" time="0.000">
    <skipped/>
  </testcase> <!-- loginTest -->
  <testcase classname="com.ugapp.testcases.TC_07_LogInTest" name="loginTest" time="0.000">
    <skipped/>
  </testcase> <!-- loginTest -->
  <testcase classname="com.ugapp.testcases.TC_07_LogInTest" name="loginTest" time="0.000">
    <skipped/>
  </testcase> <!-- loginTest -->
  <testcase classname="com.ugapp.testcases.TC_07_LogInTest" name="loginTest" time="0.000">
    <skipped/>
  </testcase> <!-- loginTest -->
  <testcase classname="com.ugapp.testcases.TC_07_LogInTest" name="loginTest" time="0.001">
    <skipped/>
  </testcase> <!-- loginTest -->
  <testcase classname="com.ugapp.testcases.TC_07_LogInTest" name="loginTest" time="0.001">
    <skipped/>
  </testcase> <!-- loginTest -->
  <testcase classname="com.ugapp.testcases.TC_07_LogInTest" name="loginTest" time="0.001">
    <skipped/>
  </testcase> <!-- loginTest -->
  <testcase classname="com.ugapp.testcases.TC_07_LogInTest" name="loginTest" time="0.000">
    <skipped/>
  </testcase> <!-- loginTest -->
  <testcase classname="com.ugapp.testcases.TC_07_LogInTest" name="loginTest" time="0.000">
    <skipped/>
  </testcase> <!-- loginTest -->
  <testcase classname="com.ugapp.testcases.TC_07_LogInTest" name="loginTest" time="0.000">
    <skipped/>
  </testcase> <!-- loginTest -->
  <testcase classname="com.ugapp.testcases.TC_07_LogInTest" name="loginTest" time="0.000">
    <skipped/>
  </testcase> <!-- loginTest -->
  <testcase classname="com.ugapp.testcases.TC_07_LogInTest" name="loginTest" time="0.000">
    <skipped/>
  </testcase> <!-- loginTest -->
  <testcase classname="com.ugapp.testcases.TC_07_LogInTest" name="loginTest" time="0.001">
    <skipped/>
  </testcase> <!-- loginTest -->
  <testcase classname="com.ugapp.testcases.TC_07_LogInTest" name="loginTest" time="0.001">
    <skipped/>
  </testcase> <!-- loginTest -->
  <testcase classname="com.ugapp.testcases.TC_07_LogInTest" name="loginTest" time="0.001">
    <skipped/>
  </testcase> <!-- loginTest -->
  <testcase classname="com.ugapp.testcases.TC_07_LogInTest" name="loginTest" time="0.000">
    <skipped/>
  </testcase> <!-- loginTest -->
  <testcase classname="com.ugapp.testcases.TC_07_LogInTest" name="loginTest" time="0.001">
    <skipped/>
  </testcase> <!-- loginTest -->
  <testcase classname="com.ugapp.testcases.TC_07_LogInTest" name="loginTest" time="0.000">
    <skipped/>
  </testcase> <!-- loginTest -->
  <testcase classname="com.ugapp.testcases.TC_07_LogInTest" name="loginTest" time="0.001">
    <skipped/>
  </testcase> <!-- loginTest -->
  <testcase classname="com.ugapp.testcases.TC_07_LogInTest" name="loginTest" time="0.000">
    <skipped/>
  </testcase> <!-- loginTest -->
  <testcase classname="com.ugapp.testcases.TC_07_LogInTest" name="loginTest" time="0.000">
    <skipped/>
  </testcase> <!-- loginTest -->
  <testcase classname="com.ugapp.testcases.TC_07_LogInTest" name="loginTest" time="0.001">
    <skipped/>
  </testcase> <!-- loginTest -->
  <testcase classname="com.ugapp.testcases.TC_07_LogInTest" name="loginTest" time="0.000">
    <skipped/>
  </testcase> <!-- loginTest -->
  <testcase classname="com.ugapp.testcases.TC_07_LogInTest" name="loginTest" time="0.000">
    <skipped/>
  </testcase> <!-- loginTest -->
  <testcase classname="com.ugapp.testcases.TC_07_LogInTest" name="loginTest" time="0.000">
    <skipped/>
  </testcase> <!-- loginTest -->
  <testcase classname="com.ugapp.testcases.TC_07_LogInTest" name="loginTest" time="0.000">
    <skipped/>
  </testcase> <!-- loginTest -->
  <testcase classname="com.ugapp.testcases.TC_07_LogInTest" name="loginTest" time="0.000">
    <skipped/>
  </testcase> <!-- loginTest -->
  <testcase classname="com.ugapp.testcases.TC_07_LogInTest" name="loginTest" time="0.001">
    <skipped/>
  </testcase> <!-- loginTest -->
  <testcase classname="com.ugapp.testcases.TC_07_LogInTest" name="loginTest" time="0.000">
    <skipped/>
  </testcase> <!-- loginTest -->
  <testcase classname="com.ugapp.testcases.TC_07_LogInTest" name="loginTest" time="0.000">
    <skipped/>
  </testcase> <!-- loginTest -->
  <testcase classname="com.ugapp.testcases.TC_07_LogInTest" name="loginTest" time="0.000">
    <skipped/>
  </testcase> <!-- loginTest -->
  <testcase classname="com.ugapp.testcases.TC_07_LogInTest" name="loginTest" time="0.001">
    <skipped/>
  </testcase> <!-- loginTest -->
  <testcase classname="com.ugapp.testcases.TC_07_LogInTest" name="loginTest" time="0.000">
    <skipped/>
  </testcase> <!-- loginTest -->
  <testcase classname="com.ugapp.testcases.TC_07_LogInTest" name="loginTest" time="0.001">
    <skipped/>
  </testcase> <!-- loginTest -->
  <testcase classname="com.ugapp.testcases.TC_07_LogInTest" name="loginTest" time="0.000">
    <skipped/>
  </testcase> <!-- loginTest -->
  <testcase classname="com.ugapp.testcases.TC_07_LogInTest" name="loginTest" time="0.000">
    <skipped/>
  </testcase> <!-- loginTest -->
  <testcase classname="com.ugapp.testcases.TC_07_LogInTest" name="loginTest" time="0.000">
    <skipped/>
  </testcase> <!-- loginTest -->
  <testcase classname="com.ugapp.testcases.TC_07_LogInTest" name="loginTest" time="0.001">
    <skipped/>
  </testcase> <!-- loginTest -->
  <testcase classname="com.ugapp.testcases.TC_07_LogInTest" name="loginTest" time="0.000">
    <skipped/>
  </testcase> <!-- loginTest -->
  <testcase classname="com.ugapp.testcases.TC_07_LogInTest" name="loginTest" time="0.001">
    <skipped/>
  </testcase> <!-- loginTest -->
  <testcase classname="com.ugapp.testcases.TC_07_LogInTest" name="loginTest" time="0.000">
    <skipped/>
  </testcase> <!-- loginTest -->
  <testcase classname="com.ugapp.testcases.TC_07_LogInTest" name="loginTest" time="0.000">
    <skipped/>
  </testcase> <!-- loginTest -->
  <testcase classname="com.ugapp.testcases.TC_07_LogInTest" name="loginTest" time="0.001">
    <skipped/>
  </testcase> <!-- loginTest -->
  <testcase classname="com.ugapp.testcases.TC_07_LogInTest" name="loginTest" time="0.000">
    <skipped/>
  </testcase> <!-- loginTest -->
  <testcase classname="com.ugapp.testcases.TC_07_LogInTest" name="loginTest" time="0.001">
    <skipped/>
  </testcase> <!-- loginTest -->
  <testcase classname="com.ugapp.testcases.TC_07_LogInTest" name="loginTest" time="0.001">
    <skipped/>
  </testcase> <!-- loginTest -->
  <testcase classname="com.ugapp.testcases.TC_07_LogInTest" name="loginTest" time="0.000">
    <skipped/>
  </testcase> <!-- loginTest -->
  <testcase classname="com.ugapp.testcases.TC_07_LogInTest" name="loginTest" time="0.000">
    <skipped/>
  </testcase> <!-- loginTest -->
  <testcase classname="com.ugapp.testcases.TC_07_LogInTest" name="loginTest" time="0.000">
    <skipped/>
  </testcase> <!-- loginTest -->
  <testcase classname="com.ugapp.testcases.TC_07_LogInTest" name="loginTest" time="0.001">
    <skipped/>
  </testcase> <!-- loginTest -->
  <testcase classname="com.ugapp.testcases.TC_07_LogInTest" name="loginTest" time="0.000">
    <skipped/>
  </testcase> <!-- loginTest -->
  <testcase classname="com.ugapp.testcases.TC_07_LogInTest" name="loginTest" time="0.000">
    <skipped/>
  </testcase> <!-- loginTest -->
  <testcase classname="com.ugapp.testcases.TC_07_LogInTest" name="loginTest" time="0.001">
    <skipped/>
  </testcase> <!-- loginTest -->
  <testcase classname="com.ugapp.testcases.TC_07_LogInTest" name="loginTest" time="0.001">
    <skipped/>
  </testcase> <!-- loginTest -->
  <testcase classname="com.ugapp.testcases.TC_07_LogInTest" name="loginTest" time="0.001">
    <skipped/>
  </testcase> <!-- loginTest -->
  <testcase classname="com.ugapp.testcases.TC_07_LogInTest" name="loginTest" time="0.001">
    <skipped/>
  </testcase> <!-- loginTest -->
  <testcase classname="com.ugapp.testcases.TC_07_LogInTest" name="loginTest" time="0.000">
    <skipped/>
  </testcase> <!-- loginTest -->
  <testcase classname="com.ugapp.testcases.TC_07_LogInTest" name="loginTest" time="0.000">
    <skipped/>
  </testcase> <!-- loginTest -->
  <testcase classname="com.ugapp.testcases.TC_07_LogInTest" name="loginTest" time="0.000">
    <skipped/>
  </testcase> <!-- loginTest -->
  <testcase classname="com.ugapp.testcases.TC_07_LogInTest" name="loginTest" time="0.000">
    <skipped/>
  </testcase> <!-- loginTest -->
  <testcase classname="com.ugapp.testcases.TC_07_LogInTest" name="loginTest" time="0.000">
    <skipped/>
  </testcase> <!-- loginTest -->
  <testcase classname="com.ugapp.testcases.TC_07_LogInTest" name="loginTest" time="0.000">
    <skipped/>
  </testcase> <!-- loginTest -->
  <testcase classname="com.ugapp.testcases.TC_07_LogInTest" name="loginTest" time="0.000">
    <skipped/>
  </testcase> <!-- loginTest -->
  <testcase classname="com.ugapp.testcases.TC_07_LogInTest" name="loginTest" time="0.000">
    <skipped/>
  </testcase> <!-- loginTest -->
  <testcase classname="com.ugapp.testcases.TC_07_LogInTest" name="loginTest" time="0.000">
    <skipped/>
  </testcase> <!-- loginTest -->
  <testcase classname="com.ugapp.testcases.TC_07_LogInTest" name="loginTest" time="0.001">
    <skipped/>
  </testcase> <!-- loginTest -->
  <testcase classname="com.ugapp.testcases.TC_07_LogInTest" name="loginTest" time="0.000">
    <skipped/>
  </testcase> <!-- loginTest -->
  <testcase classname="com.ugapp.testcases.TC_07_LogInTest" name="loginTest" time="0.000">
    <skipped/>
  </testcase> <!-- loginTest -->
  <testcase classname="com.ugapp.testcases.TC_07_LogInTest" name="loginTest" time="0.000">
    <skipped/>
  </testcase> <!-- loginTest -->
  <testcase classname="com.ugapp.testcases.TC_07_LogInTest" name="loginTest" time="0.001">
    <skipped/>
  </testcase> <!-- loginTest -->
  <testcase classname="com.ugapp.testcases.TC_07_LogInTest" name="loginTest" time="0.000">
    <skipped/>
  </testcase> <!-- loginTest -->
  <testcase classname="com.ugapp.testcases.TC_07_LogInTest" name="loginTest" time="0.000">
    <skipped/>
  </testcase> <!-- loginTest -->
  <testcase classname="com.ugapp.testcases.TC_07_LogInTest" name="loginTest" time="0.000">
    <skipped/>
  </testcase> <!-- loginTest -->
  <testcase classname="com.ugapp.testcases.TC_07_LogInTest" name="loginTest" time="0.000">
    <skipped/>
  </testcase> <!-- loginTest -->
  <testcase classname="com.ugapp.testcases.TC_07_LogInTest" name="loginTest" time="0.001">
    <error message="Cannot invoke &quot;org.openqa.selenium.WebDriver.findElement(org.openqa.selenium.By)&quot; because &quot;com.ugapp.base.Page2.driver&quot; is null" type="java.lang.NullPointerException">
      <![CDATA[java.lang.NullPointerException: Cannot invoke "org.openqa.selenium.WebDriver.findElement(org.openqa.selenium.By)" because "com.ugapp.base.Page2.driver" is null
	at com.ugapp.base.Page2.type(Page2.java:200)
	at com.ugapp.pages.LogInPage.logIn(LogInPage.java:42)
	at com.ugapp.testcases.TC_07_LogInTest.loginTest(TC_07_LogInTest.java:34)
	at java.base/jdk.internal.reflect.DirectMethodHandleAccessor.invoke(DirectMethodHandleAccessor.java:104)
	at java.base/java.lang.reflect.Method.invoke(Method.java:578)
	at org.testng.internal.MethodInvocationHelper.invokeMethod(MethodInvocationHelper.java:108)
	at org.testng.internal.Invoker.invokeMethod(Invoker.java:661)
	at org.testng.internal.Invoker.invokeTestMethod(Invoker.java:869)
	at org.testng.internal.Invoker.invokeTestMethods(Invoker.java:1193)
	at org.testng.internal.TestMethodWorker.invokeTestMethods(TestMethodWorker.java:126)
	at org.testng.internal.TestMethodWorker.run(TestMethodWorker.java:109)
	at org.testng.TestRunner.privateRun(TestRunner.java:744)
	at org.testng.TestRunner.run(TestRunner.java:602)
	at org.testng.SuiteRunner.runTest(SuiteRunner.java:380)
	at org.testng.SuiteRunner.runSequentially(SuiteRunner.java:375)
	at org.testng.SuiteRunner.privateRun(SuiteRunner.java:340)
	at org.testng.SuiteRunner.run(SuiteRunner.java:289)
	at org.testng.SuiteRunnerWorker.runSuite(SuiteRunnerWorker.java:52)
	at org.testng.SuiteRunnerWorker.run(SuiteRunnerWorker.java:86)
	at org.testng.TestNG.runSuitesSequentially(TestNG.java:1301)
	at org.testng.TestNG.runSuitesSequentially(TestNG.java:1297)
	at org.testng.TestNG.runSuitesLocally(TestNG.java:1226)
	at org.testng.TestNG.runSuites(TestNG.java:1144)
	at org.testng.TestNG.run(TestNG.java:1115)
	at org.testng.remote.AbstractRemoteTestNG.run(AbstractRemoteTestNG.java:115)
	at org.testng.remote.RemoteTestNG.initAndRun(RemoteTestNG.java:251)
	at org.testng.remote.RemoteTestNG.main(RemoteTestNG.java:77)
]]>
    </error>
  </testcase> <!-- loginTest -->
  <testcase classname="com.ugapp.testcases.TC_07_LogInTest" name="loginTest" time="0.001">
    <skipped/>
  </testcase> <!-- loginTest -->
  <testcase classname="com.ugapp.testcases.TC_07_LogInTest" name="loginTest" time="0.000">
    <skipped/>
  </testcase> <!-- loginTest -->
  <testcase classname="com.ugapp.testcases.TC_07_LogInTest" name="loginTest" time="0.000">
    <skipped/>
  </testcase> <!-- loginTest -->
  <testcase classname="com.ugapp.testcases.TC_07_LogInTest" name="loginTest" time="0.000">
    <skipped/>
  </testcase> <!-- loginTest -->
  <testcase classname="com.ugapp.testcases.TC_07_LogInTest" name="loginTest" time="0.000">
    <skipped/>
  </testcase> <!-- loginTest -->
  <testcase classname="com.ugapp.testcases.TC_07_LogInTest" name="loginTest" time="0.000">
    <skipped/>
  </testcase> <!-- loginTest -->
  <testcase classname="com.ugapp.testcases.TC_07_LogInTest" name="loginTest" time="0.000">
    <skipped/>
  </testcase> <!-- loginTest -->
  <testcase classname="com.ugapp.testcases.TC_07_LogInTest" name="loginTest" time="0.000">
    <skipped/>
  </testcase> <!-- loginTest -->
  <testcase classname="com.ugapp.testcases.TC_07_LogInTest" name="loginTest" time="0.000">
    <skipped/>
  </testcase> <!-- loginTest -->
  <testcase classname="com.ugapp.testcases.TC_07_LogInTest" name="loginTest" time="0.000">
    <skipped/>
  </testcase> <!-- loginTest -->
  <testcase classname="com.ugapp.testcases.TC_07_LogInTest" name="loginTest" time="0.000">
    <skipped/>
  </testcase> <!-- loginTest -->
  <testcase classname="com.ugapp.testcases.TC_07_LogInTest" name="loginTest" time="0.000">
    <skipped/>
  </testcase> <!-- loginTest -->
  <testcase classname="com.ugapp.testcases.TC_07_LogInTest" name="loginTest" time="0.000">
    <skipped/>
  </testcase> <!-- loginTest -->
  <testcase classname="com.ugapp.testcases.TC_07_LogInTest" name="loginTest" time="0.000">
    <skipped/>
  </testcase> <!-- loginTest -->
  <testcase classname="com.ugapp.testcases.TC_07_LogInTest" name="loginTest" time="0.000">
    <skipped/>
  </testcase> <!-- loginTest -->
  <testcase classname="com.ugapp.testcases.TC_07_LogInTest" name="loginTest" time="0.000">
    <skipped/>
  </testcase> <!-- loginTest -->
  <testcase classname="com.ugapp.testcases.TC_07_LogInTest" name="loginTest" time="0.000">
    <skipped/>
  </testcase> <!-- loginTest -->
  <testcase classname="com.ugapp.testcases.TC_07_LogInTest" name="loginTest" time="0.000">
    <skipped/>
  </testcase> <!-- loginTest -->
  <testcase classname="com.ugapp.testcases.TC_07_LogInTest" name="loginTest" time="0.000">
    <skipped/>
  </testcase> <!-- loginTest -->
  <testcase classname="com.ugapp.testcases.TC_07_LogInTest" name="loginTest" time="0.000">
    <skipped/>
  </testcase> <!-- loginTest -->
  <testcase classname="com.ugapp.testcases.TC_07_LogInTest" name="loginTest" time="0.000">
    <skipped/>
  </testcase> <!-- loginTest -->
  <testcase classname="com.ugapp.testcases.TC_07_LogInTest" name="loginTest" time="0.000">
    <skipped/>
  </testcase> <!-- loginTest -->
  <testcase classname="com.ugapp.testcases.TC_07_LogInTest" name="loginTest" time="0.000">
    <skipped/>
  </testcase> <!-- loginTest -->
  <testcase classname="com.ugapp.testcases.TC_07_LogInTest" name="loginTest" time="0.000">
    <skipped/>
  </testcase> <!-- loginTest -->
  <testcase classname="com.ugapp.testcases.TC_07_LogInTest" name="loginTest" time="0.000">
    <skipped/>
  </testcase> <!-- loginTest -->
  <testcase classname="com.ugapp.testcases.TC_07_LogInTest" name="loginTest" time="0.001">
    <skipped/>
  </testcase> <!-- loginTest -->
  <testcase classname="com.ugapp.testcases.TC_07_LogInTest" name="loginTest" time="0.000">
    <skipped/>
  </testcase> <!-- loginTest -->
  <testcase classname="com.ugapp.testcases.TC_07_LogInTest" name="loginTest" time="0.000">
    <skipped/>
  </testcase> <!-- loginTest -->
  <testcase classname="com.ugapp.testcases.TC_07_LogInTest" name="loginTest" time="0.000">
    <skipped/>
  </testcase> <!-- loginTest -->
  <testcase classname="com.ugapp.testcases.TC_07_LogInTest" name="loginTest" time="0.001">
    <skipped/>
  </testcase> <!-- loginTest -->
  <testcase classname="com.ugapp.testcases.TC_07_LogInTest" name="loginTest" time="0.001">
    <skipped/>
  </testcase> <!-- loginTest -->
  <testcase classname="com.ugapp.testcases.TC_07_LogInTest" name="loginTest" time="0.000">
    <skipped/>
  </testcase> <!-- loginTest -->
  <testcase classname="com.ugapp.testcases.TC_07_LogInTest" name="loginTest" time="0.001">
    <skipped/>
  </testcase> <!-- loginTest -->
  <testcase classname="com.ugapp.testcases.TC_07_LogInTest" name="loginTest" time="0.000">
    <skipped/>
  </testcase> <!-- loginTest -->
  <testcase classname="com.ugapp.testcases.TC_07_LogInTest" name="loginTest" time="0.000">
    <skipped/>
  </testcase> <!-- loginTest -->
  <testcase classname="com.ugapp.testcases.TC_07_LogInTest" name="loginTest" time="0.001">
    <skipped/>
  </testcase> <!-- loginTest -->
  <testcase classname="com.ugapp.testcases.TC_07_LogInTest" name="loginTest" time="0.000">
    <skipped/>
  </testcase> <!-- loginTest -->
  <testcase classname="com.ugapp.testcases.TC_07_LogInTest" name="loginTest" time="0.000">
    <skipped/>
  </testcase> <!-- loginTest -->
  <testcase classname="com.ugapp.testcases.TC_07_LogInTest" name="loginTest" time="0.001">
    <skipped/>
  </testcase> <!-- loginTest -->
  <testcase classname="com.ugapp.testcases.TC_07_LogInTest" name="loginTest" time="0.000">
    <skipped/>
  </testcase> <!-- loginTest -->
  <testcase classname="com.ugapp.testcases.TC_07_LogInTest" name="loginTest" time="0.000">
    <skipped/>
  </testcase> <!-- loginTest -->
  <testcase classname="com.ugapp.testcases.TC_07_LogInTest" name="loginTest" time="0.001">
    <skipped/>
  </testcase> <!-- loginTest -->
  <testcase classname="com.ugapp.testcases.TC_07_LogInTest" name="loginTest" time="0.001">
    <skipped/>
  </testcase> <!-- loginTest -->
  <testcase classname="com.ugapp.testcases.TC_07_LogInTest" name="loginTest" time="0.000">
    <skipped/>
  </testcase> <!-- loginTest -->
  <testcase classname="com.ugapp.testcases.TC_07_LogInTest" name="loginTest" time="0.001">
    <skipped/>
  </testcase> <!-- loginTest -->
  <testcase classname="com.ugapp.testcases.TC_07_LogInTest" name="loginTest" time="0.000">
    <skipped/>
  </testcase> <!-- loginTest -->
  <testcase classname="com.ugapp.testcases.TC_07_LogInTest" name="loginTest" time="0.001">
    <skipped/>
  </testcase> <!-- loginTest -->
  <testcase classname="com.ugapp.testcases.TC_07_LogInTest" name="loginTest" time="0.000">
    <skipped/>
  </testcase> <!-- loginTest -->
  <testcase classname="com.ugapp.testcases.TC_07_LogInTest" name="loginTest" time="0.001">
    <skipped/>
  </testcase> <!-- loginTest -->
  <testcase classname="com.ugapp.testcases.TC_07_LogInTest" name="loginTest" time="0.001">
    <skipped/>
  </testcase> <!-- loginTest -->
  <testcase classname="com.ugapp.testcases.TC_07_LogInTest" name="loginTest" time="0.000">
    <skipped/>
  </testcase> <!-- loginTest -->
  <testcase classname="com.ugapp.testcases.TC_07_LogInTest" name="loginTest" time="0.000">
    <skipped/>
  </testcase> <!-- loginTest -->
  <testcase classname="com.ugapp.testcases.TC_07_LogInTest" name="loginTest" time="0.001">
    <skipped/>
  </testcase> <!-- loginTest -->
  <testcase classname="com.ugapp.testcases.TC_07_LogInTest" name="loginTest" time="0.001">
    <skipped/>
  </testcase> <!-- loginTest -->
  <testcase classname="com.ugapp.testcases.TC_07_LogInTest" name="loginTest" time="0.001">
    <skipped/>
  </testcase> <!-- loginTest -->
  <testcase classname="com.ugapp.testcases.TC_07_LogInTest" name="loginTest" time="0.001">
    <skipped/>
  </testcase> <!-- loginTest -->
  <testcase classname="com.ugapp.testcases.TC_07_LogInTest" name="loginTest" time="0.000">
    <skipped/>
  </testcase> <!-- loginTest -->
  <testcase classname="com.ugapp.testcases.TC_07_LogInTest" name="loginTest" time="0.001">
    <skipped/>
  </testcase> <!-- loginTest -->
  <testcase classname="com.ugapp.testcases.TC_07_LogInTest" name="loginTest" time="0.000">
    <skipped/>
  </testcase> <!-- loginTest -->
  <testcase classname="com.ugapp.testcases.TC_07_LogInTest" name="loginTest" time="0.000">
    <skipped/>
  </testcase> <!-- loginTest -->
  <testcase classname="com.ugapp.testcases.TC_07_LogInTest" name="loginTest" time="0.000">
    <skipped/>
  </testcase> <!-- loginTest -->
  <testcase classname="com.ugapp.testcases.TC_07_LogInTest" name="loginTest" time="0.000">
    <skipped/>
  </testcase> <!-- loginTest -->
  <testcase classname="com.ugapp.testcases.TC_07_LogInTest" name="loginTest" time="0.000">
    <skipped/>
  </testcase> <!-- loginTest -->
  <testcase classname="com.ugapp.testcases.TC_07_LogInTest" name="loginTest" time="0.000">
    <skipped/>
  </testcase> <!-- loginTest -->
  <testcase classname="com.ugapp.testcases.TC_07_LogInTest" name="loginTest" time="0.000">
    <skipped/>
  </testcase> <!-- loginTest -->
  <testcase classname="com.ugapp.testcases.TC_07_LogInTest" name="loginTest" time="0.001">
    <skipped/>
  </testcase> <!-- loginTest -->
  <testcase classname="com.ugapp.testcases.TC_07_LogInTest" name="loginTest" time="0.000">
    <skipped/>
  </testcase> <!-- loginTest -->
  <testcase classname="com.ugapp.testcases.TC_07_LogInTest" name="loginTest" time="0.000">
    <skipped/>
  </testcase> <!-- loginTest -->
  <testcase classname="com.ugapp.testcases.TC_07_LogInTest" name="loginTest" time="0.000">
    <skipped/>
  </testcase> <!-- loginTest -->
  <testcase classname="com.ugapp.testcases.TC_07_LogInTest" name="loginTest" time="0.000">
    <skipped/>
  </testcase> <!-- loginTest -->
  <testcase classname="com.ugapp.testcases.TC_07_LogInTest" name="loginTest" time="0.000">
    <skipped/>
  </testcase> <!-- loginTest -->
  <testcase classname="com.ugapp.testcases.TC_07_LogInTest" name="loginTest" time="0.000">
    <skipped/>
  </testcase> <!-- loginTest -->
  <testcase classname="com.ugapp.testcases.TC_07_LogInTest" name="loginTest" time="0.000">
    <skipped/>
  </testcase> <!-- loginTest -->
  <testcase classname="com.ugapp.testcases.TC_07_LogInTest" name="loginTest" time="0.000">
    <skipped/>
  </testcase> <!-- loginTest -->
  <testcase classname="com.ugapp.testcases.TC_07_LogInTest" name="loginTest" time="0.001">
    <skipped/>
  </testcase> <!-- loginTest -->
  <testcase classname="com.ugapp.testcases.TC_07_LogInTest" name="loginTest" time="0.000">
    <skipped/>
  </testcase> <!-- loginTest -->
  <testcase classname="com.ugapp.testcases.TC_07_LogInTest" name="loginTest" time="0.000">
    <skipped/>
  </testcase> <!-- loginTest -->
  <testcase classname="com.ugapp.testcases.TC_07_LogInTest" name="loginTest" time="0.001">
    <skipped/>
  </testcase> <!-- loginTest -->
  <testcase classname="com.ugapp.testcases.TC_07_LogInTest" name="loginTest" time="0.001">
    <skipped/>
  </testcase> <!-- loginTest -->
  <testcase classname="com.ugapp.testcases.TC_07_LogInTest" name="loginTest" time="0.000">
    <skipped/>
  </testcase> <!-- loginTest -->
  <testcase classname="com.ugapp.testcases.TC_07_LogInTest" name="loginTest" time="0.000">
    <skipped/>
  </testcase> <!-- loginTest -->
  <testcase classname="com.ugapp.testcases.TC_07_LogInTest" name="loginTest" time="0.001">
    <skipped/>
  </testcase> <!-- loginTest -->
  <testcase classname="com.ugapp.testcases.TC_07_LogInTest" name="loginTest" time="0.000">
    <skipped/>
  </testcase> <!-- loginTest -->
  <testcase classname="com.ugapp.testcases.TC_07_LogInTest" name="loginTest" time="0.001">
    <skipped/>
  </testcase> <!-- loginTest -->
  <testcase classname="com.ugapp.testcases.TC_07_LogInTest" name="loginTest" time="0.000">
    <skipped/>
  </testcase> <!-- loginTest -->
  <testcase classname="com.ugapp.testcases.TC_07_LogInTest" name="loginTest" time="0.001">
    <skipped/>
  </testcase> <!-- loginTest -->
  <testcase classname="com.ugapp.testcases.TC_07_LogInTest" name="loginTest" time="0.001">
    <skipped/>
  </testcase> <!-- loginTest -->
  <testcase classname="com.ugapp.testcases.TC_07_LogInTest" name="loginTest" time="0.000">
    <skipped/>
  </testcase> <!-- loginTest -->
  <testcase classname="com.ugapp.testcases.TC_07_LogInTest" name="loginTest" time="0.001">
    <skipped/>
  </testcase> <!-- loginTest -->
  <testcase classname="com.ugapp.testcases.TC_07_LogInTest" name="loginTest" time="0.001">
    <skipped/>
  </testcase> <!-- loginTest -->
  <testcase classname="com.ugapp.testcases.TC_07_LogInTest" name="loginTest" time="0.000">
    <skipped/>
  </testcase> <!-- loginTest -->
  <testcase classname="com.ugapp.testcases.TC_07_LogInTest" name="loginTest" time="0.000">
    <skipped/>
  </testcase> <!-- loginTest -->
  <testcase classname="com.ugapp.testcases.TC_07_LogInTest" name="loginTest" time="0.000">
    <skipped/>
  </testcase> <!-- loginTest -->
  <testcase classname="com.ugapp.testcases.TC_07_LogInTest" name="loginTest" time="0.001">
    <skipped/>
  </testcase> <!-- loginTest -->
  <testcase classname="com.ugapp.testcases.TC_07_LogInTest" name="loginTest" time="0.000">
    <skipped/>
  </testcase> <!-- loginTest -->
  <testcase classname="com.ugapp.testcases.TC_07_LogInTest" name="loginTest" time="0.000">
    <skipped/>
  </testcase> <!-- loginTest -->
  <testcase classname="com.ugapp.testcases.TC_07_LogInTest" name="loginTest" time="0.000">
    <skipped/>
  </testcase> <!-- loginTest -->
  <testcase classname="com.ugapp.testcases.TC_07_LogInTest" name="loginTest" time="0.001">
    <skipped/>
  </testcase> <!-- loginTest -->
  <testcase classname="com.ugapp.testcases.TC_07_LogInTest" name="loginTest" time="0.001">
    <skipped/>
  </testcase> <!-- loginTest -->
  <testcase classname="com.ugapp.testcases.TC_07_LogInTest" name="loginTest" time="0.000">
    <skipped/>
  </testcase> <!-- loginTest -->
  <testcase classname="com.ugapp.testcases.TC_07_LogInTest" name="loginTest" time="0.001">
    <skipped/>
  </testcase> <!-- loginTest -->
  <testcase classname="com.ugapp.testcases.TC_07_LogInTest" name="loginTest" time="0.001">
    <skipped/>
  </testcase> <!-- loginTest -->
  <testcase classname="com.ugapp.testcases.TC_07_LogInTest" name="loginTest" time="0.001">
    <skipped/>
  </testcase> <!-- loginTest -->
  <testcase classname="com.ugapp.testcases.TC_07_LogInTest" name="loginTest" time="0.000">
    <skipped/>
  </testcase> <!-- loginTest -->
  <testcase classname="com.ugapp.testcases.TC_07_LogInTest" name="loginTest" time="0.001">
    <skipped/>
  </testcase> <!-- loginTest -->
  <testcase classname="com.ugapp.testcases.TC_07_LogInTest" name="loginTest" time="0.000">
    <skipped/>
  </testcase> <!-- loginTest -->
  <testcase classname="com.ugapp.testcases.TC_07_LogInTest" name="loginTest" time="0.000">
    <skipped/>
  </testcase> <!-- loginTest -->
  <testcase classname="com.ugapp.testcases.TC_07_LogInTest" name="loginTest" time="0.001">
    <skipped/>
  </testcase> <!-- loginTest -->
  <testcase classname="com.ugapp.testcases.TC_07_LogInTest" name="loginTest" time="0.000">
    <skipped/>
  </testcase> <!-- loginTest -->
  <testcase classname="com.ugapp.testcases.TC_07_LogInTest" name="loginTest" time="0.001">
    <skipped/>
  </testcase> <!-- loginTest -->
  <testcase classname="com.ugapp.testcases.TC_07_LogInTest" name="loginTest" time="0.000">
    <skipped/>
  </testcase> <!-- loginTest -->
  <testcase classname="com.ugapp.testcases.TC_07_LogInTest" name="loginTest" time="0.001">
    <skipped/>
  </testcase> <!-- loginTest -->
  <testcase classname="com.ugapp.testcases.TC_07_LogInTest" name="loginTest" time="0.001">
    <skipped/>
  </testcase> <!-- loginTest -->
  <testcase classname="com.ugapp.testcases.TC_07_LogInTest" name="loginTest" time="0.000">
    <skipped/>
  </testcase> <!-- loginTest -->
  <testcase classname="com.ugapp.testcases.TC_07_LogInTest" name="loginTest" time="0.001">
    <skipped/>
  </testcase> <!-- loginTest -->
  <testcase classname="com.ugapp.testcases.TC_07_LogInTest" name="loginTest" time="0.000">
    <skipped/>
  </testcase> <!-- loginTest -->
  <testcase classname="com.ugapp.testcases.TC_07_LogInTest" name="loginTest" time="0.000">
    <skipped/>
  </testcase> <!-- loginTest -->
  <testcase classname="com.ugapp.testcases.TC_07_LogInTest" name="loginTest" time="0.000">
    <skipped/>
  </testcase> <!-- loginTest -->
  <testcase classname="com.ugapp.testcases.TC_07_LogInTest" name="loginTest" time="0.001">
    <skipped/>
  </testcase> <!-- loginTest -->
  <testcase classname="com.ugapp.testcases.TC_07_LogInTest" name="loginTest" time="0.001">
    <skipped/>
  </testcase> <!-- loginTest -->
  <testcase classname="com.ugapp.testcases.TC_07_LogInTest" name="loginTest" time="0.000">
    <skipped/>
  </testcase> <!-- loginTest -->
  <testcase classname="com.ugapp.testcases.TC_07_LogInTest" name="loginTest" time="0.000">
    <skipped/>
  </testcase> <!-- loginTest -->
  <testcase classname="com.ugapp.testcases.TC_07_LogInTest" name="loginTest" time="0.000">
    <skipped/>
  </testcase> <!-- loginTest -->
  <testcase classname="com.ugapp.testcases.TC_07_LogInTest" name="loginTest" time="0.000">
    <skipped/>
  </testcase> <!-- loginTest -->
  <testcase classname="com.ugapp.testcases.TC_07_LogInTest" name="loginTest" time="0.000">
    <skipped/>
  </testcase> <!-- loginTest -->
  <testcase classname="com.ugapp.testcases.TC_07_LogInTest" name="loginTest" time="0.000">
    <skipped/>
  </testcase> <!-- loginTest -->
  <testcase classname="com.ugapp.testcases.TC_07_LogInTest" name="loginTest" time="0.000">
    <skipped/>
  </testcase> <!-- loginTest -->
  <testcase classname="com.ugapp.testcases.TC_07_LogInTest" name="loginTest" time="0.001">
    <skipped/>
  </testcase> <!-- loginTest -->
  <testcase classname="com.ugapp.testcases.TC_07_LogInTest" name="loginTest" time="0.001">
    <skipped/>
  </testcase> <!-- loginTest -->
  <testcase classname="com.ugapp.testcases.TC_07_LogInTest" name="loginTest" time="0.000">
    <skipped/>
  </testcase> <!-- loginTest -->
  <testcase classname="com.ugapp.testcases.TC_07_LogInTest" name="loginTest" time="0.001">
    <skipped/>
  </testcase> <!-- loginTest -->
  <testcase classname="com.ugapp.testcases.TC_07_LogInTest" name="loginTest" time="0.001">
    <skipped/>
  </testcase> <!-- loginTest -->
  <testcase classname="com.ugapp.testcases.TC_07_LogInTest" name="loginTest" time="0.000">
    <skipped/>
  </testcase> <!-- loginTest -->
  <testcase classname="com.ugapp.testcases.TC_07_LogInTest" name="loginTest" time="0.000">
    <skipped/>
  </testcase> <!-- loginTest -->
  <testcase classname="com.ugapp.testcases.TC_07_LogInTest" name="loginTest" time="0.000">
    <skipped/>
  </testcase> <!-- loginTest -->
  <testcase classname="com.ugapp.testcases.TC_07_LogInTest" name="loginTest" time="0.001">
    <skipped/>
  </testcase> <!-- loginTest -->
  <testcase classname="com.ugapp.testcases.TC_07_LogInTest" name="loginTest" time="0.001">
    <skipped/>
  </testcase> <!-- loginTest -->
  <testcase classname="com.ugapp.testcases.TC_07_LogInTest" name="loginTest" time="0.001">
    <skipped/>
  </testcase> <!-- loginTest -->
  <testcase classname="com.ugapp.testcases.TC_07_LogInTest" name="loginTest" time="0.000">
    <skipped/>
  </testcase> <!-- loginTest -->
  <testcase classname="com.ugapp.testcases.TC_07_LogInTest" name="loginTest" time="0.000">
    <skipped/>
  </testcase> <!-- loginTest -->
  <testcase classname="com.ugapp.testcases.TC_07_LogInTest" name="loginTest" time="0.000">
    <skipped/>
  </testcase> <!-- loginTest -->
  <testcase classname="com.ugapp.testcases.TC_07_LogInTest" name="loginTest" time="0.000">
    <skipped/>
  </testcase> <!-- loginTest -->
  <testcase classname="com.ugapp.testcases.TC_07_LogInTest" name="loginTest" time="0.000">
    <skipped/>
  </testcase> <!-- loginTest -->
  <testcase classname="com.ugapp.testcases.TC_07_LogInTest" name="loginTest" time="0.001">
    <skipped/>
  </testcase> <!-- loginTest -->
  <testcase classname="com.ugapp.testcases.TC_07_LogInTest" name="loginTest" time="0.001">
    <skipped/>
  </testcase> <!-- loginTest -->
  <testcase classname="com.ugapp.testcases.TC_07_LogInTest" name="loginTest" time="0.000">
    <skipped/>
  </testcase> <!-- loginTest -->
  <testcase classname="com.ugapp.testcases.TC_07_LogInTest" name="loginTest" time="0.001">
    <skipped/>
  </testcase> <!-- loginTest -->
  <testcase classname="com.ugapp.testcases.TC_07_LogInTest" name="loginTest" time="0.001">
    <skipped/>
  </testcase> <!-- loginTest -->
  <testcase classname="com.ugapp.testcases.TC_07_LogInTest" name="loginTest" time="0.000">
    <skipped/>
  </testcase> <!-- loginTest -->
  <testcase classname="com.ugapp.testcases.TC_07_LogInTest" name="loginTest" time="0.000">
    <skipped/>
  </testcase> <!-- loginTest -->
  <testcase classname="com.ugapp.testcases.TC_07_LogInTest" name="loginTest" time="0.000">
    <skipped/>
  </testcase> <!-- loginTest -->
  <testcase classname="com.ugapp.testcases.TC_07_LogInTest" name="loginTest" time="0.000">
    <skipped/>
  </testcase> <!-- loginTest -->
  <testcase classname="com.ugapp.testcases.TC_07_LogInTest" name="loginTest" time="0.001">
    <skipped/>
  </testcase> <!-- loginTest -->
  <testcase classname="com.ugapp.testcases.TC_07_LogInTest" name="loginTest" time="0.001">
    <skipped/>
  </testcase> <!-- loginTest -->
  <testcase classname="com.ugapp.testcases.TC_07_LogInTest" name="loginTest" time="0.000">
    <skipped/>
  </testcase> <!-- loginTest -->
  <testcase classname="com.ugapp.testcases.TC_07_LogInTest" name="loginTest" time="0.001">
    <skipped/>
  </testcase> <!-- loginTest -->
  <testcase classname="com.ugapp.testcases.TC_07_LogInTest" name="loginTest" time="0.000">
    <skipped/>
  </testcase> <!-- loginTest -->
  <testcase classname="com.ugapp.testcases.TC_07_LogInTest" name="loginTest" time="0.000">
    <skipped/>
  </testcase> <!-- loginTest -->
  <testcase classname="com.ugapp.testcases.TC_07_LogInTest" name="loginTest" time="0.001">
    <skipped/>
  </testcase> <!-- loginTest -->
  <testcase classname="com.ugapp.testcases.TC_07_LogInTest" name="loginTest" time="0.000">
    <skipped/>
  </testcase> <!-- loginTest -->
  <testcase classname="com.ugapp.testcases.TC_07_LogInTest" name="loginTest" time="0.000">
    <skipped/>
  </testcase> <!-- loginTest -->
  <testcase classname="com.ugapp.testcases.TC_07_LogInTest" name="loginTest" time="0.000">
    <skipped/>
  </testcase> <!-- loginTest -->
  <testcase classname="com.ugapp.testcases.TC_07_LogInTest" name="loginTest" time="0.000">
    <skipped/>
  </testcase> <!-- loginTest -->
  <testcase classname="com.ugapp.testcases.TC_07_LogInTest" name="loginTest" time="0.000">
    <skipped/>
  </testcase> <!-- loginTest -->
  <testcase classname="com.ugapp.testcases.TC_07_LogInTest" name="login" time="1.005">
    <error message="Cannot invoke &quot;org.openqa.selenium.WebDriver.findElement(org.openqa.selenium.By)&quot; because &quot;com.ugapp.base.Page2.driver&quot; is null" type="java.lang.NullPointerException">
      <![CDATA[java.lang.NullPointerException: Cannot invoke "org.openqa.selenium.WebDriver.findElement(org.openqa.selenium.By)" because "com.ugapp.base.Page2.driver" is null
	at com.ugapp.base.Page2.type(Page2.java:200)
	at com.ugapp.pages.LogInPage.validLogIn(LogInPage.java:125)
	at com.ugapp.testcases.TC_07_LogInTest.login(TC_07_LogInTest.java:46)
	at java.base/jdk.internal.reflect.DirectMethodHandleAccessor.invoke(DirectMethodHandleAccessor.java:104)
	at java.base/java.lang.reflect.Method.invoke(Method.java:578)
	at org.testng.internal.MethodInvocationHelper.invokeMethod(MethodInvocationHelper.java:108)
	at org.testng.internal.Invoker.invokeMethod(Invoker.java:661)
	at org.testng.internal.Invoker.invokeTestMethod(Invoker.java:869)
	at org.testng.internal.Invoker.invokeTestMethods(Invoker.java:1193)
	at org.testng.internal.TestMethodWorker.invokeTestMethods(TestMethodWorker.java:126)
	at org.testng.internal.TestMethodWorker.run(TestMethodWorker.java:109)
	at org.testng.TestRunner.privateRun(TestRunner.java:744)
	at org.testng.TestRunner.run(TestRunner.java:602)
	at org.testng.SuiteRunner.runTest(SuiteRunner.java:380)
	at org.testng.SuiteRunner.runSequentially(SuiteRunner.java:375)
	at org.testng.SuiteRunner.privateRun(SuiteRunner.java:340)
	at org.testng.SuiteRunner.run(SuiteRunner.java:289)
	at org.testng.SuiteRunnerWorker.runSuite(SuiteRunnerWorker.java:52)
	at org.testng.SuiteRunnerWorker.run(SuiteRunnerWorker.java:86)
	at org.testng.TestNG.runSuitesSequentially(TestNG.java:1301)
	at org.testng.TestNG.runSuitesSequentially(TestNG.java:1297)
	at org.testng.TestNG.runSuitesLocally(TestNG.java:1226)
	at org.testng.TestNG.runSuites(TestNG.java:1144)
	at org.testng.TestNG.run(TestNG.java:1115)
	at org.testng.remote.AbstractRemoteTestNG.run(AbstractRemoteTestNG.java:115)
	at org.testng.remote.RemoteTestNG.initAndRun(RemoteTestNG.java:251)
	at org.testng.remote.RemoteTestNG.main(RemoteTestNG.java:77)
]]>
    </error>
  </testcase> <!-- login -->
</testsuite> <!-- com.ugapp.testcases.TC_07_LogInTest -->
