<?xml version="1.0" encoding="UTF-8"?>
<!-- Generated by org.testng.reporters.JUnitReportReporter -->
<testsuite hostname="DESKTOP-OB9VDN9" failures="0" tests="5" name="com.ugapp.testcases.TC_07_LogInTest" time="32.578" errors="0" timestamp="06 Nov 2023 06:37:15 GMT" skipped="0">
  <testcase classname="com.ugapp.testcases.TC_07_LogInTest" name="LogInUsingAsurite" time="7.606"/>
  <testcase classname="com.ugapp.testcases.TC_07_LogInTest" name="loginTest" time="8.356"/>
  <testcase classname="com.ugapp.testcases.TC_07_LogInTest" name="loginTest" time="8.175"/>
  <testcase classname="com.ugapp.testcases.TC_07_LogInTest" name="loginTest" time="5.228"/>
  <testcase classname="com.ugapp.testcases.TC_07_LogInTest" name="login" time="3.213"/>
</testsuite> <!-- com.ugapp.testcases.TC_07_LogInTest -->
