<?xml version="1.0" encoding="UTF-8"?>
<!-- Generated by org.testng.reporters.JUnitReportReporter -->
<testsuite hostname="Admins-MacBook-Pro.local" failures="0" tests="1" name="com.ugapp.testcases.TC_07_LogInTest" time="23.661" errors="0" timestamp="05 Oct 2023 10:13:12 GMT" skipped="0">
  <testcase classname="com.ugapp.testcases.TC_07_LogInTest" name="Dummylogin" time="23.661"/>
</testsuite> <!-- com.ugapp.testcases.TC_07_LogInTest -->
