<?xml version="1.0" encoding="UTF-8"?>
<!-- Generated by org.testng.reporters.JUnitReportReporter -->
<testsuite hostname="DESKTOP-2VU3J8C" failures="0" tests="2" name="com.ugapp.testcases.TC_01_LandingPageTest" time="19.817" errors="0" timestamp="18 Dec 2023 11:51:06 GMT" skipped="0">
  <testcase classname="com.ugapp.testcases.TC_01_LandingPageTest" name="verifyLandingPage" time="10.061"/>
  <testcase classname="com.ugapp.testcases.TC_01_LandingPageTest" name="verifyLandingPage" time="9.756"/>
</testsuite> <!-- com.ugapp.testcases.TC_01_LandingPageTest -->
