<?xml version="1.0" encoding="UTF-8"?>
<!-- Generated by org.testng.reporters.JUnitReportReporter -->
<testsuite hostname="Admins-MacBook-Pro.local" failures="0" tests="26" name="com.ugapp.testcases.TC_13_AZresidencyPageTest" time="0.002" errors="0" timestamp="11 Dec 2023 18:34:43 GMT" skipped="26">
  <testcase classname="com.ugapp.testcases.TC_13_AZresidencyPageTest" name="ValidateAZresidencyPage" time="0.001">
    <skipped/>
  </testcase> <!-- ValidateAZresidencyPage -->
  <testcase classname="com.ugapp.testcases.TC_13_AZresidencyPageTest" name="ValidateAZresidencyPage" time="0.000">
    <skipped/>
  </testcase> <!-- ValidateAZresidencyPage -->
  <testcase classname="com.ugapp.testcases.TC_13_AZresidencyPageTest" name="PermanentHome_OOSTest" time="0.000">
    <skipped/>
  </testcase> <!-- PermanentHome_OOSTest -->
  <testcase classname="com.ugapp.testcases.TC_13_AZresidencyPageTest" name="PermanentHome_OOSTest" time="0.000">
    <skipped/>
  </testcase> <!-- PermanentHome_OOSTest -->
  <testcase classname="com.ugapp.testcases.TC_13_AZresidencyPageTest" name="EnrolledAnotherCollOrUniversityYesTest" time="0.000">
    <skipped/>
  </testcase> <!-- EnrolledAnotherCollOrUniversityYesTest -->
  <testcase classname="com.ugapp.testcases.TC_13_AZresidencyPageTest" name="EnrolledAtASUTest" time="0.000">
    <skipped/>
  </testcase> <!-- EnrolledAtASUTest -->
  <testcase classname="com.ugapp.testcases.TC_13_AZresidencyPageTest" name="DriverLicense_YesTest" time="0.000">
    <skipped/>
  </testcase> <!-- DriverLicense_YesTest -->
  <testcase classname="com.ugapp.testcases.TC_13_AZresidencyPageTest" name="OwnVehicleDetails_YesTest" time="0.000">
    <skipped/>
  </testcase> <!-- OwnVehicleDetails_YesTest -->
  <testcase classname="com.ugapp.testcases.TC_13_AZresidencyPageTest" name="StateTaxes_YesTest" time="0.000">
    <skipped/>
  </testcase> <!-- StateTaxes_YesTest -->
  <testcase classname="com.ugapp.testcases.TC_13_AZresidencyPageTest" name="FinancialSupportTest" time="0.000">
    <skipped/>
  </testcase> <!-- FinancialSupportTest -->
  <testcase classname="com.ugapp.testcases.TC_13_AZresidencyPageTest" name="OtherFinancialSupportTest" time="0.000">
    <skipped/>
  </testcase> <!-- OtherFinancialSupportTest -->
  <testcase classname="com.ugapp.testcases.TC_13_AZresidencyPageTest" name="EmploymentDetails_YesTest" time="0.000">
    <skipped/>
  </testcase> <!-- EmploymentDetails_YesTest -->
  <testcase classname="com.ugapp.testcases.TC_13_AZresidencyPageTest" name="SpouseOrDependentflowTest" time="0.000">
    <skipped/>
  </testcase> <!-- SpouseOrDependentflowTest -->
  <testcase classname="com.ugapp.testcases.TC_13_AZresidencyPageTest" name="VeteranflowTest" time="0.001">
    <skipped/>
  </testcase> <!-- VeteranflowTest -->
  <testcase classname="com.ugapp.testcases.TC_13_AZresidencyPageTest" name="DriverLicense_NoTest" time="0.000">
    <skipped/>
  </testcase> <!-- DriverLicense_NoTest -->
  <testcase classname="com.ugapp.testcases.TC_13_AZresidencyPageTest" name="RegisteredToVoteTest" time="0.000">
    <skipped/>
  </testcase> <!-- RegisteredToVoteTest -->
  <testcase classname="com.ugapp.testcases.TC_13_AZresidencyPageTest" name="AmericanIndianOrAlaskaNAtiveTest" time="0.000">
    <skipped/>
  </testcase> <!-- AmericanIndianOrAlaskaNAtiveTest -->
  <testcase classname="com.ugapp.testcases.TC_13_AZresidencyPageTest" name="AmericanIndianOrAlaskaNAtiveTest" time="0.000">
    <skipped/>
  </testcase> <!-- AmericanIndianOrAlaskaNAtiveTest -->
  <testcase classname="com.ugapp.testcases.TC_13_AZresidencyPageTest" name="ParentLegalGuardianDetails_AZTest" time="0.000">
    <skipped/>
  </testcase> <!-- ParentLegalGuardianDetails_AZTest -->
  <testcase classname="com.ugapp.testcases.TC_13_AZresidencyPageTest" name="ParentLegalGuardianDetailsTest" time="0.000">
    <skipped/>
  </testcase> <!-- ParentLegalGuardianDetailsTest -->
  <testcase classname="com.ugapp.testcases.TC_13_AZresidencyPageTest" name="MarriageQuestionTest" time="0.000">
    <skipped/>
  </testcase> <!-- MarriageQuestionTest -->
  <testcase classname="com.ugapp.testcases.TC_13_AZresidencyPageTest" name="MarriageQuestionTest" time="0.000">
    <skipped/>
  </testcase> <!-- MarriageQuestionTest -->
  <testcase classname="com.ugapp.testcases.TC_13_AZresidencyPageTest" name="SpouseRelatedDetailsTest" time="0.000">
    <skipped/>
  </testcase> <!-- SpouseRelatedDetailsTest -->
  <testcase classname="com.ugapp.testcases.TC_13_AZresidencyPageTest" name="SpouseRelatedDetailsTest" time="0.000">
    <skipped/>
  </testcase> <!-- SpouseRelatedDetailsTest -->
  <testcase classname="com.ugapp.testcases.TC_13_AZresidencyPageTest" name="SavePageTest" time="0.000">
    <skipped/>
  </testcase> <!-- SavePageTest -->
  <testcase classname="com.ugapp.testcases.TC_13_AZresidencyPageTest" name="SavePageTest" time="0.000">
    <skipped/>
  </testcase> <!-- SavePageTest -->
</testsuite> <!-- com.ugapp.testcases.TC_13_AZresidencyPageTest -->
