<?xml version="1.0" encoding="UTF-8"?>
<!-- Generated by org.testng.reporters.JUnitReportReporter -->
<testsuite hostname="Admins-MacBook-Pro.local" failures="0" tests="6" name="com.ugapp.testcases.TC_04_CreateAccountTest" time="39.535" errors="0" timestamp="08 Dec 2023 10:26:25 GMT" skipped="0">
  <testcase classname="com.ugapp.testcases.TC_04_CreateAccountTest" name="verifyCreateAcc" time="7.149"/>
  <testcase classname="com.ugapp.testcases.TC_04_CreateAccountTest" name="createAccountTest" time="7.123"/>
  <testcase classname="com.ugapp.testcases.TC_04_CreateAccountTest" name="createAccountTest" time="6.103"/>
  <testcase classname="com.ugapp.testcases.TC_04_CreateAccountTest" name="createAccountTest" time="6.635"/>
  <testcase classname="com.ugapp.testcases.TC_04_CreateAccountTest" name="createAccountTest" time="6.326"/>
  <testcase classname="com.ugapp.testcases.TC_04_CreateAccountTest" name="writeValidDetails" time="6.199"/>
</testsuite> <!-- com.ugapp.testcases.TC_04_CreateAccountTest -->
