<?xml version="1.0" encoding="UTF-8"?>
<!-- Generated by org.testng.reporters.JUnitReportReporter -->
<testsuite hostname="Admins-MacBook-Pro.local" failures="0" tests="1" name="com.ugapp.testcases.TC_18_DupAppCheck" time="3.327" errors="0" timestamp="2024-05-09T12:51:25 IST" skipped="0">
  <testcase classname="com.ugapp.testcases.TC_18_DupAppCheck" name="DupAppSignOut" time="3.327"/>
</testsuite> <!-- com.ugapp.testcases.TC_18_DupAppCheck -->
