<?xml version="1.0" encoding="UTF-8"?>
<!-- Generated by org.testng.reporters.JUnitReportReporter -->
<testsuite hostname="DESKTOP-OB9VDN9" failures="0" tests="1" name="com.ugapp.testcases.TC_05_VerifyEmailTest" time="21.302" errors="0" timestamp="26 Oct 2023 14:55:51 GMT" skipped="0">
  <testcase classname="com.ugapp.testcases.TC_05_VerifyEmailTest" name="verifyEmail" time="21.302"/>
</testsuite> <!-- com.ugapp.testcases.TC_05_VerifyEmailTest -->
