<?xml version="1.0" encoding="UTF-8"?>
<!-- Generated by org.testng.reporters.JUnitReportReporter -->
<testsuite hostname="Admins-MacBook-Pro.local" failures="0" tests="2" name="com.ugapp.testcases.TC_12_MyHighSchoolGradesTest" time="5.373" errors="0" timestamp="2024-05-23T21:25:28 IST" skipped="0">
  <testcase classname="com.ugapp.testcases.TC_12_MyHighSchoolGradesTest" name="MyHighSchoolGrade" time="1.571"/>
  <testcase classname="com.ugapp.testcases.TC_12_MyHighSchoolGradesTest" name="NonResidentflowTest" time="3.802"/>
</testsuite> <!-- com.ugapp.testcases.TC_12_MyHighSchoolGradesTest -->
