<?xml version="1.0" encoding="UTF-8"?>
<!-- Generated by org.testng.reporters.JUnitReportReporter -->
<testsuite hostname="Admins-MacBook-Pro.local" failures="0" tests="1" name="com.ugapp.testcases.TC_02_FooterLinksPageTest" time="49.321" errors="0" timestamp="13 Oct 2023 09:33:35 GMT" skipped="0">
  <testcase classname="com.ugapp.testcases.TC_02_FooterLinksPageTest" name="verifyFooter" time="49.321"/>
</testsuite> <!-- com.ugapp.testcases.TC_02_FooterLinksPageTest -->
