<?xml version="1.0" encoding="UTF-8"?>
<!-- Generated by org.testng.reporters.JUnitReportReporter -->
<testsuite hostname="Admins-MacBook-Pro.local" failures="0" tests="5" name="com.ugapp.testcases.TC_15_ReviewTest" time="96.158" errors="0" timestamp="17 Nov 2023 06:32:15 GMT" skipped="0">
  <testcase classname="com.ugapp.testcases.TC_15_ReviewTest" name="review" time="7.565"/>
  <testcase classname="com.ugapp.testcases.TC_15_ReviewTest" name="writeReview" time="46.205"/>
  <testcase classname="com.ugapp.testcases.TC_15_ReviewTest" name="CompareTheData" time="0.126"/>
  <testcase classname="com.ugapp.testcases.TC_15_ReviewTest" name="edit" time="34.453"/>
  <testcase classname="com.ugapp.testcases.TC_15_ReviewTest" name="ApplicationAffidavitTest" time="7.809"/>
</testsuite> <!-- com.ugapp.testcases.TC_15_ReviewTest -->
