<?xml version="1.0" encoding="UTF-8"?>
<!-- Generated by org.testng.reporters.JUnitReportReporter -->
<testsuite hostname="DESKTOP-OB9VDN9" failures="0" tests="1" name="com.ugapp.testcases.TC_01_LandingPageTest" time="6.367" errors="0" timestamp="25 Sept 2023 07:08:31 GMT" skipped="0">
  <testcase classname="com.ugapp.testcases.TC_01_LandingPageTest" name="verifyLandingPage" time="6.367"/>
</testsuite> <!-- com.ugapp.testcases.TC_01_LandingPageTest -->
