<?xml version="1.0" encoding="UTF-8"?>
<!-- Generated by org.testng.reporters.JUnitReportReporter -->
<testsuite ignored="4" hostname="Admins-MacBook-Pro.local" failures="0" tests="2" name="com.ugapp.testcases.TC_04_CreateAccountTest" time="10.686" errors="1" timestamp="31 Jan 2024 16:39:36 GMT" skipped="0">
  <testcase classname="com.ugapp.testcases.TC_04_CreateAccountTest" name="verifyCreateAcc" time="6.246"/>
  <testcase classname="com.ugapp.testcases.TC_04_CreateAccountTest" name="CreateRandomAccTest" time="4.440">
    <error message="&#039;void org.apache.commons.compress.archivers.zip.ZipArchiveOutputStream.putArchiveEntry(org.apache.commons.compress.archivers.zip.ZipArchiveEntry)&#039;" type="java.lang.NoSuchMethodError">
      <![CDATA[java.lang.NoSuchMethodError: 'void org.apache.commons.compress.archivers.zip.ZipArchiveOutputStream.putArchiveEntry(org.apache.commons.compress.archivers.zip.ZipArchiveEntry)'
	at org.apache.poi.openxml4j.opc.internal.ZipContentTypeManager.saveImpl(ZipContentTypeManager.java:65)
	at org.apache.poi.openxml4j.opc.internal.ContentTypeManager.save(ContentTypeManager.java:450)
	at org.apache.poi.openxml4j.opc.ZipPackage.saveImpl(ZipPackage.java:608)
	at org.apache.poi.openxml4j.opc.OPCPackage.save(OPCPackage.java:1532)
	at org.apache.poi.ooxml.POIXMLDocument.write(POIXMLDocument.java:227)
	at com.ugapp.base.Page.saveReport(Page.java:560)
	at com.ugapp.pages.CreateAccountPage.CreateRandomAcc(CreateAccountPage.java:382)
	at com.ugapp.testcases.TC_04_CreateAccountTest.CreateRandomAccTest(TC_04_CreateAccountTest.java:84)
	at java.base/jdk.internal.reflect.DirectMethodHandleAccessor.invoke(DirectMethodHandleAccessor.java:104)
	at java.base/java.lang.reflect.Method.invoke(Method.java:578)
	at org.testng.internal.MethodInvocationHelper.invokeMethod(MethodInvocationHelper.java:104)
	at org.testng.internal.Invoker.invokeMethod(Invoker.java:645)
	at org.testng.internal.Invoker.invokeTestMethod(Invoker.java:851)
	at org.testng.internal.Invoker.invokeTestMethods(Invoker.java:1177)
	at org.testng.internal.TestMethodWorker.invokeTestMethods(TestMethodWorker.java:129)
	at org.testng.internal.TestMethodWorker.run(TestMethodWorker.java:112)
	at org.testng.TestRunner.privateRun(TestRunner.java:756)
	at org.testng.TestRunner.run(TestRunner.java:610)
	at org.testng.SuiteRunner.runTest(SuiteRunner.java:387)
	at org.testng.SuiteRunner.runSequentially(SuiteRunner.java:382)
	at org.testng.SuiteRunner.privateRun(SuiteRunner.java:340)
	at org.testng.SuiteRunner.run(SuiteRunner.java:289)
	at org.testng.SuiteRunnerWorker.runSuite(SuiteRunnerWorker.java:52)
	at org.testng.SuiteRunnerWorker.run(SuiteRunnerWorker.java:86)
	at org.testng.TestNG.runSuitesSequentially(TestNG.java:1293)
	at org.testng.TestNG.runSuitesLocally(TestNG.java:1218)
	at org.testng.TestNG.runSuites(TestNG.java:1133)
	at org.testng.TestNG.run(TestNG.java:1104)
	at org.testng.remote.AbstractRemoteTestNG.run(AbstractRemoteTestNG.java:115)
	at org.testng.remote.RemoteTestNG.initAndRun(RemoteTestNG.java:251)
	at org.testng.remote.RemoteTestNG.main(RemoteTestNG.java:77)
]]>
    </error>
  </testcase> <!-- CreateRandomAccTest -->
  <testcase classname="com.ugapp.testcases.TC_01_LandingPageTest" name="CreateNewAcc">
    <skipped/>
  </testcase> <!-- CreateNewAcc -->
  <testcase classname="com.ugapp.testcases.TC_04_CreateAccountTest" name="createAccountTest">
    <skipped/>
  </testcase> <!-- createAccountTest -->
  <testcase classname="com.ugapp.testcases.TC_04_CreateAccountTest" name="checkLinksInCreateAccount">
    <skipped/>
  </testcase> <!-- checkLinksInCreateAccount -->
  <testcase classname="com.ugapp.testcases.TC_04_CreateAccountTest" name="writeValidDetails">
    <skipped/>
  </testcase> <!-- writeValidDetails -->
</testsuite> <!-- com.ugapp.testcases.TC_04_CreateAccountTest -->
