<?xml version="1.0" encoding="UTF-8"?>
<!-- Generated by org.testng.reporters.JUnitReportReporter -->
<testsuite hostname="Admins-MacBook-Pro.local" failures="0" tests="1" name="com.ugapp.testcases.TC_07_LogInTest" time="25.709" errors="0" timestamp="09 Oct 2023 11:32:42 GMT" skipped="0">
  <testcase classname="com.ugapp.testcases.TC_07_LogInTest" name="Dummylogin" time="25.709"/>
</testsuite> <!-- com.ugapp.testcases.TC_07_LogInTest -->
