<?xml version="1.0" encoding="UTF-8"?>
<!-- Generated by org.testng.reporters.JUnitReportReporter -->
<testsuite hostname="Admins-MacBook-Pro.local" failures="0" tests="12" name="com.ugapp.testcases.TC_15_ReviewTest" time="0.000" errors="0" timestamp="11 Dec 2023 18:34:43 GMT" skipped="12">
  <testcase classname="com.ugapp.testcases.TC_15_ReviewTest" name="review" time="0.000">
    <skipped/>
  </testcase> <!-- review -->
  <testcase classname="com.ugapp.testcases.TC_15_ReviewTest" name="review" time="0.000">
    <skipped/>
  </testcase> <!-- review -->
  <testcase classname="com.ugapp.testcases.TC_15_ReviewTest" name="writeReview" time="0.000">
    <skipped/>
  </testcase> <!-- writeReview -->
  <testcase classname="com.ugapp.testcases.TC_15_ReviewTest" name="writeReview" time="0.000">
    <skipped/>
  </testcase> <!-- writeReview -->
  <testcase classname="com.ugapp.testcases.TC_15_ReviewTest" name="CompareValidWithReview" time="0.000">
    <skipped/>
  </testcase> <!-- CompareValidWithReview -->
  <testcase classname="com.ugapp.testcases.TC_15_ReviewTest" name="CompareValidWithReview" time="0.000">
    <skipped/>
  </testcase> <!-- CompareValidWithReview -->
  <testcase classname="com.ugapp.testcases.TC_15_ReviewTest" name="edit" time="0.000">
    <skipped/>
  </testcase> <!-- edit -->
  <testcase classname="com.ugapp.testcases.TC_15_ReviewTest" name="edit" time="0.000">
    <skipped/>
  </testcase> <!-- edit -->
  <testcase classname="com.ugapp.testcases.TC_15_ReviewTest" name="ApplicationAffidavitTest" time="0.000">
    <skipped/>
  </testcase> <!-- ApplicationAffidavitTest -->
  <testcase classname="com.ugapp.testcases.TC_15_ReviewTest" name="ApplicationAffidavitTest" time="0.000">
    <skipped/>
  </testcase> <!-- ApplicationAffidavitTest -->
  <testcase classname="com.ugapp.testcases.TC_15_ReviewTest" name="ApplicationFee_VisaTest" time="0.000">
    <skipped/>
  </testcase> <!-- ApplicationFee_VisaTest -->
  <testcase classname="com.ugapp.testcases.TC_15_ReviewTest" name="ApplicationFee_PayLaterTest" time="0.000">
    <skipped/>
  </testcase> <!-- ApplicationFee_PayLaterTest -->
</testsuite> <!-- com.ugapp.testcases.TC_15_ReviewTest -->
