<?xml version="1.0" encoding="UTF-8"?>
<!-- Generated by org.testng.reporters.JUnitReportReporter -->
<testsuite hostname="Admins-MacBook-Pro.local" failures="0" tests="6" name="com.ugapp.testcases.TC_04_CreateAccountTest" time="39.011" errors="0" timestamp="30 Nov 2023 06:56:05 GMT" skipped="0">
  <testcase classname="com.ugapp.testcases.TC_04_CreateAccountTest" name="checkLinksInCreateAccount" time="6.526"/>
  <testcase classname="com.ugapp.testcases.TC_04_CreateAccountTest" name="createAccountTest" time="6.087"/>
  <testcase classname="com.ugapp.testcases.TC_04_CreateAccountTest" name="createAccountTest" time="6.338"/>
  <testcase classname="com.ugapp.testcases.TC_04_CreateAccountTest" name="createAccountTest" time="7.456"/>
  <testcase classname="com.ugapp.testcases.TC_04_CreateAccountTest" name="createAccountTest" time="6.497"/>
  <testcase classname="com.ugapp.testcases.TC_04_CreateAccountTest" name="writeValidDetails" time="6.107"/>
</testsuite> <!-- com.ugapp.testcases.TC_04_CreateAccountTest -->
