<?xml version="1.0" encoding="UTF-8"?>
<!-- Generated by org.testng.reporters.JUnitReportReporter -->
<testsuite hostname="DESKTOP-OB9VDN9" failures="0" tests="2" name="com.ugapp.testcases.TC_14_ProfileTest" time="32.974" errors="0" timestamp="08 Nov 2023 07:51:16 GMT" skipped="0">
  <testcase classname="com.ugapp.testcases.TC_14_ProfileTest" name="profile" time="26.145"/>
  <testcase classname="com.ugapp.testcases.TC_14_ProfileTest" name="dashboard" time="6.829"/>
</testsuite> <!-- com.ugapp.testcases.TC_14_ProfileTest -->
