<?xml version="1.0" encoding="UTF-8"?>
<!-- Generated by org.testng.reporters.JUnitReportReporter -->
<testsuite hostname="Admins-MacBook-Pro.local" failures="0" tests="1001" name="com.ugapp.testcases.TC_07_LogInTest" time="37.174" errors="0" timestamp="01 Dec 2023 11:24:36 GMT" skipped="996">
  <testcase classname="com.ugapp.testcases.TC_07_LogInTest" name="LogInUsingAsurite" time="7.892"/>
  <testcase classname="com.ugapp.testcases.TC_07_LogInTest" name="loginTest" time="0.001">
    <skipped/>
  </testcase> <!-- loginTest -->
  <testcase classname="com.ugapp.testcases.TC_07_LogInTest" name="loginTest" time="0.001">
    <skipped/>
  </testcase> <!-- loginTest -->
  <testcase classname="com.ugapp.testcases.TC_07_LogInTest" name="loginTest" time="0.001">
    <skipped/>
  </testcase> <!-- loginTest -->
  <testcase classname="com.ugapp.testcases.TC_07_LogInTest" name="loginTest" time="0.001">
    <skipped/>
  </testcase> <!-- loginTest -->
  <testcase classname="com.ugapp.testcases.TC_07_LogInTest" name="loginTest" time="0.001">
    <skipped/>
  </testcase> <!-- loginTest -->
  <testcase classname="com.ugapp.testcases.TC_07_LogInTest" name="loginTest" time="0.000">
    <skipped/>
  </testcase> <!-- loginTest -->
  <testcase classname="com.ugapp.testcases.TC_07_LogInTest" name="loginTest" time="0.002">
    <skipped/>
  </testcase> <!-- loginTest -->
  <testcase classname="com.ugapp.testcases.TC_07_LogInTest" name="loginTest" time="0.001">
    <skipped/>
  </testcase> <!-- loginTest -->
  <testcase classname="com.ugapp.testcases.TC_07_LogInTest" name="loginTest" time="0.001">
    <skipped/>
  </testcase> <!-- loginTest -->
  <testcase classname="com.ugapp.testcases.TC_07_LogInTest" name="loginTest" time="0.000">
    <skipped/>
  </testcase> <!-- loginTest -->
  <testcase classname="com.ugapp.testcases.TC_07_LogInTest" name="loginTest" time="0.001">
    <skipped/>
  </testcase> <!-- loginTest -->
  <testcase classname="com.ugapp.testcases.TC_07_LogInTest" name="loginTest" time="0.002">
    <skipped/>
  </testcase> <!-- loginTest -->
  <testcase classname="com.ugapp.testcases.TC_07_LogInTest" name="loginTest" time="0.002">
    <skipped/>
  </testcase> <!-- loginTest -->
  <testcase classname="com.ugapp.testcases.TC_07_LogInTest" name="loginTest" time="0.001">
    <skipped/>
  </testcase> <!-- loginTest -->
  <testcase classname="com.ugapp.testcases.TC_07_LogInTest" name="loginTest" time="0.001">
    <skipped/>
  </testcase> <!-- loginTest -->
  <testcase classname="com.ugapp.testcases.TC_07_LogInTest" name="loginTest" time="0.004">
    <skipped/>
  </testcase> <!-- loginTest -->
  <testcase classname="com.ugapp.testcases.TC_07_LogInTest" name="loginTest" time="0.000">
    <skipped/>
  </testcase> <!-- loginTest -->
  <testcase classname="com.ugapp.testcases.TC_07_LogInTest" name="loginTest" time="0.002">
    <skipped/>
  </testcase> <!-- loginTest -->
  <testcase classname="com.ugapp.testcases.TC_07_LogInTest" name="loginTest" time="0.001">
    <skipped/>
  </testcase> <!-- loginTest -->
  <testcase classname="com.ugapp.testcases.TC_07_LogInTest" name="loginTest" time="0.000">
    <skipped/>
  </testcase> <!-- loginTest -->
  <testcase classname="com.ugapp.testcases.TC_07_LogInTest" name="loginTest" time="0.001">
    <skipped/>
  </testcase> <!-- loginTest -->
  <testcase classname="com.ugapp.testcases.TC_07_LogInTest" name="loginTest" time="0.001">
    <skipped/>
  </testcase> <!-- loginTest -->
  <testcase classname="com.ugapp.testcases.TC_07_LogInTest" name="loginTest" time="0.002">
    <skipped/>
  </testcase> <!-- loginTest -->
  <testcase classname="com.ugapp.testcases.TC_07_LogInTest" name="loginTest" time="0.001">
    <skipped/>
  </testcase> <!-- loginTest -->
  <testcase classname="com.ugapp.testcases.TC_07_LogInTest" name="loginTest" time="0.001">
    <skipped/>
  </testcase> <!-- loginTest -->
  <testcase classname="com.ugapp.testcases.TC_07_LogInTest" name="loginTest" time="0.002">
    <skipped/>
  </testcase> <!-- loginTest -->
  <testcase classname="com.ugapp.testcases.TC_07_LogInTest" name="loginTest" time="0.001">
    <skipped/>
  </testcase> <!-- loginTest -->
  <testcase classname="com.ugapp.testcases.TC_07_LogInTest" name="loginTest" time="0.001">
    <skipped/>
  </testcase> <!-- loginTest -->
  <testcase classname="com.ugapp.testcases.TC_07_LogInTest" name="loginTest" time="0.001">
    <skipped/>
  </testcase> <!-- loginTest -->
  <testcase classname="com.ugapp.testcases.TC_07_LogInTest" name="loginTest" time="0.001">
    <skipped/>
  </testcase> <!-- loginTest -->
  <testcase classname="com.ugapp.testcases.TC_07_LogInTest" name="loginTest" time="0.002">
    <skipped/>
  </testcase> <!-- loginTest -->
  <testcase classname="com.ugapp.testcases.TC_07_LogInTest" name="loginTest" time="0.001">
    <skipped/>
  </testcase> <!-- loginTest -->
  <testcase classname="com.ugapp.testcases.TC_07_LogInTest" name="loginTest" time="0.001">
    <skipped/>
  </testcase> <!-- loginTest -->
  <testcase classname="com.ugapp.testcases.TC_07_LogInTest" name="loginTest" time="0.001">
    <skipped/>
  </testcase> <!-- loginTest -->
  <testcase classname="com.ugapp.testcases.TC_07_LogInTest" name="loginTest" time="0.001">
    <skipped/>
  </testcase> <!-- loginTest -->
  <testcase classname="com.ugapp.testcases.TC_07_LogInTest" name="loginTest" time="0.001">
    <skipped/>
  </testcase> <!-- loginTest -->
  <testcase classname="com.ugapp.testcases.TC_07_LogInTest" name="loginTest" time="0.001">
    <skipped/>
  </testcase> <!-- loginTest -->
  <testcase classname="com.ugapp.testcases.TC_07_LogInTest" name="loginTest" time="0.000">
    <skipped/>
  </testcase> <!-- loginTest -->
  <testcase classname="com.ugapp.testcases.TC_07_LogInTest" name="loginTest" time="0.001">
    <skipped/>
  </testcase> <!-- loginTest -->
  <testcase classname="com.ugapp.testcases.TC_07_LogInTest" name="loginTest" time="0.001">
    <skipped/>
  </testcase> <!-- loginTest -->
  <testcase classname="com.ugapp.testcases.TC_07_LogInTest" name="loginTest" time="0.001">
    <skipped/>
  </testcase> <!-- loginTest -->
  <testcase classname="com.ugapp.testcases.TC_07_LogInTest" name="loginTest" time="0.001">
    <skipped/>
  </testcase> <!-- loginTest -->
  <testcase classname="com.ugapp.testcases.TC_07_LogInTest" name="loginTest" time="0.002">
    <skipped/>
  </testcase> <!-- loginTest -->
  <testcase classname="com.ugapp.testcases.TC_07_LogInTest" name="loginTest" time="0.001">
    <skipped/>
  </testcase> <!-- loginTest -->
  <testcase classname="com.ugapp.testcases.TC_07_LogInTest" name="loginTest" time="0.001">
    <skipped/>
  </testcase> <!-- loginTest -->
  <testcase classname="com.ugapp.testcases.TC_07_LogInTest" name="loginTest" time="0.001">
    <skipped/>
  </testcase> <!-- loginTest -->
  <testcase classname="com.ugapp.testcases.TC_07_LogInTest" name="loginTest" time="0.001">
    <skipped/>
  </testcase> <!-- loginTest -->
  <testcase classname="com.ugapp.testcases.TC_07_LogInTest" name="loginTest" time="0.001">
    <skipped/>
  </testcase> <!-- loginTest -->
  <testcase classname="com.ugapp.testcases.TC_07_LogInTest" name="loginTest" time="0.001">
    <skipped/>
  </testcase> <!-- loginTest -->
  <testcase classname="com.ugapp.testcases.TC_07_LogInTest" name="loginTest" time="0.001">
    <skipped/>
  </testcase> <!-- loginTest -->
  <testcase classname="com.ugapp.testcases.TC_07_LogInTest" name="loginTest" time="0.002">
    <skipped/>
  </testcase> <!-- loginTest -->
  <testcase classname="com.ugapp.testcases.TC_07_LogInTest" name="loginTest" time="0.001">
    <skipped/>
  </testcase> <!-- loginTest -->
  <testcase classname="com.ugapp.testcases.TC_07_LogInTest" name="loginTest" time="0.001">
    <skipped/>
  </testcase> <!-- loginTest -->
  <testcase classname="com.ugapp.testcases.TC_07_LogInTest" name="loginTest" time="0.000">
    <skipped/>
  </testcase> <!-- loginTest -->
  <testcase classname="com.ugapp.testcases.TC_07_LogInTest" name="loginTest" time="0.001">
    <skipped/>
  </testcase> <!-- loginTest -->
  <testcase classname="com.ugapp.testcases.TC_07_LogInTest" name="loginTest" time="0.001">
    <skipped/>
  </testcase> <!-- loginTest -->
  <testcase classname="com.ugapp.testcases.TC_07_LogInTest" name="loginTest" time="0.001">
    <skipped/>
  </testcase> <!-- loginTest -->
  <testcase classname="com.ugapp.testcases.TC_07_LogInTest" name="loginTest" time="0.001">
    <skipped/>
  </testcase> <!-- loginTest -->
  <testcase classname="com.ugapp.testcases.TC_07_LogInTest" name="loginTest" time="0.001">
    <skipped/>
  </testcase> <!-- loginTest -->
  <testcase classname="com.ugapp.testcases.TC_07_LogInTest" name="loginTest" time="0.000">
    <skipped/>
  </testcase> <!-- loginTest -->
  <testcase classname="com.ugapp.testcases.TC_07_LogInTest" name="loginTest" time="0.001">
    <skipped/>
  </testcase> <!-- loginTest -->
  <testcase classname="com.ugapp.testcases.TC_07_LogInTest" name="loginTest" time="0.001">
    <skipped/>
  </testcase> <!-- loginTest -->
  <testcase classname="com.ugapp.testcases.TC_07_LogInTest" name="loginTest" time="0.001">
    <skipped/>
  </testcase> <!-- loginTest -->
  <testcase classname="com.ugapp.testcases.TC_07_LogInTest" name="loginTest" time="0.000">
    <skipped/>
  </testcase> <!-- loginTest -->
  <testcase classname="com.ugapp.testcases.TC_07_LogInTest" name="loginTest" time="0.001">
    <skipped/>
  </testcase> <!-- loginTest -->
  <testcase classname="com.ugapp.testcases.TC_07_LogInTest" name="loginTest" time="0.001">
    <skipped/>
  </testcase> <!-- loginTest -->
  <testcase classname="com.ugapp.testcases.TC_07_LogInTest" name="loginTest" time="0.000">
    <skipped/>
  </testcase> <!-- loginTest -->
  <testcase classname="com.ugapp.testcases.TC_07_LogInTest" name="loginTest" time="0.001">
    <skipped/>
  </testcase> <!-- loginTest -->
  <testcase classname="com.ugapp.testcases.TC_07_LogInTest" name="loginTest" time="0.001">
    <skipped/>
  </testcase> <!-- loginTest -->
  <testcase classname="com.ugapp.testcases.TC_07_LogInTest" name="loginTest" time="0.001">
    <skipped/>
  </testcase> <!-- loginTest -->
  <testcase classname="com.ugapp.testcases.TC_07_LogInTest" name="loginTest" time="0.001">
    <skipped/>
  </testcase> <!-- loginTest -->
  <testcase classname="com.ugapp.testcases.TC_07_LogInTest" name="loginTest" time="0.001">
    <skipped/>
  </testcase> <!-- loginTest -->
  <testcase classname="com.ugapp.testcases.TC_07_LogInTest" name="loginTest" time="0.001">
    <skipped/>
  </testcase> <!-- loginTest -->
  <testcase classname="com.ugapp.testcases.TC_07_LogInTest" name="loginTest" time="0.000">
    <skipped/>
  </testcase> <!-- loginTest -->
  <testcase classname="com.ugapp.testcases.TC_07_LogInTest" name="loginTest" time="0.003">
    <skipped/>
  </testcase> <!-- loginTest -->
  <testcase classname="com.ugapp.testcases.TC_07_LogInTest" name="loginTest" time="0.005">
    <skipped/>
  </testcase> <!-- loginTest -->
  <testcase classname="com.ugapp.testcases.TC_07_LogInTest" name="loginTest" time="0.000">
    <skipped/>
  </testcase> <!-- loginTest -->
  <testcase classname="com.ugapp.testcases.TC_07_LogInTest" name="loginTest" time="0.002">
    <skipped/>
  </testcase> <!-- loginTest -->
  <testcase classname="com.ugapp.testcases.TC_07_LogInTest" name="loginTest" time="0.001">
    <skipped/>
  </testcase> <!-- loginTest -->
  <testcase classname="com.ugapp.testcases.TC_07_LogInTest" name="loginTest" time="0.001">
    <skipped/>
  </testcase> <!-- loginTest -->
  <testcase classname="com.ugapp.testcases.TC_07_LogInTest" name="loginTest" time="0.001">
    <skipped/>
  </testcase> <!-- loginTest -->
  <testcase classname="com.ugapp.testcases.TC_07_LogInTest" name="loginTest" time="0.001">
    <skipped/>
  </testcase> <!-- loginTest -->
  <testcase classname="com.ugapp.testcases.TC_07_LogInTest" name="loginTest" time="0.006">
    <skipped/>
  </testcase> <!-- loginTest -->
  <testcase classname="com.ugapp.testcases.TC_07_LogInTest" name="loginTest" time="0.001">
    <skipped/>
  </testcase> <!-- loginTest -->
  <testcase classname="com.ugapp.testcases.TC_07_LogInTest" name="loginTest" time="0.001">
    <skipped/>
  </testcase> <!-- loginTest -->
  <testcase classname="com.ugapp.testcases.TC_07_LogInTest" name="loginTest" time="0.001">
    <skipped/>
  </testcase> <!-- loginTest -->
  <testcase classname="com.ugapp.testcases.TC_07_LogInTest" name="loginTest" time="0.001">
    <skipped/>
  </testcase> <!-- loginTest -->
  <testcase classname="com.ugapp.testcases.TC_07_LogInTest" name="loginTest" time="0.001">
    <skipped/>
  </testcase> <!-- loginTest -->
  <testcase classname="com.ugapp.testcases.TC_07_LogInTest" name="loginTest" time="0.002">
    <skipped/>
  </testcase> <!-- loginTest -->
  <testcase classname="com.ugapp.testcases.TC_07_LogInTest" name="loginTest" time="0.005">
    <skipped/>
  </testcase> <!-- loginTest -->
  <testcase classname="com.ugapp.testcases.TC_07_LogInTest" name="loginTest" time="0.001">
    <skipped/>
  </testcase> <!-- loginTest -->
  <testcase classname="com.ugapp.testcases.TC_07_LogInTest" name="loginTest" time="0.001">
    <skipped/>
  </testcase> <!-- loginTest -->
  <testcase classname="com.ugapp.testcases.TC_07_LogInTest" name="loginTest" time="0.006">
    <skipped/>
  </testcase> <!-- loginTest -->
  <testcase classname="com.ugapp.testcases.TC_07_LogInTest" name="loginTest" time="0.001">
    <skipped/>
  </testcase> <!-- loginTest -->
  <testcase classname="com.ugapp.testcases.TC_07_LogInTest" name="loginTest" time="0.002">
    <skipped/>
  </testcase> <!-- loginTest -->
  <testcase classname="com.ugapp.testcases.TC_07_LogInTest" name="loginTest" time="0.001">
    <skipped/>
  </testcase> <!-- loginTest -->
  <testcase classname="com.ugapp.testcases.TC_07_LogInTest" name="loginTest" time="0.000">
    <skipped/>
  </testcase> <!-- loginTest -->
  <testcase classname="com.ugapp.testcases.TC_07_LogInTest" name="loginTest" time="0.004">
    <skipped/>
  </testcase> <!-- loginTest -->
  <testcase classname="com.ugapp.testcases.TC_07_LogInTest" name="loginTest" time="0.001">
    <skipped/>
  </testcase> <!-- loginTest -->
  <testcase classname="com.ugapp.testcases.TC_07_LogInTest" name="loginTest" time="0.001">
    <skipped/>
  </testcase> <!-- loginTest -->
  <testcase classname="com.ugapp.testcases.TC_07_LogInTest" name="loginTest" time="0.001">
    <skipped/>
  </testcase> <!-- loginTest -->
  <testcase classname="com.ugapp.testcases.TC_07_LogInTest" name="loginTest" time="0.001">
    <skipped/>
  </testcase> <!-- loginTest -->
  <testcase classname="com.ugapp.testcases.TC_07_LogInTest" name="loginTest" time="0.002">
    <skipped/>
  </testcase> <!-- loginTest -->
  <testcase classname="com.ugapp.testcases.TC_07_LogInTest" name="loginTest" time="0.002">
    <skipped/>
  </testcase> <!-- loginTest -->
  <testcase classname="com.ugapp.testcases.TC_07_LogInTest" name="loginTest" time="0.001">
    <skipped/>
  </testcase> <!-- loginTest -->
  <testcase classname="com.ugapp.testcases.TC_07_LogInTest" name="loginTest" time="0.002">
    <skipped/>
  </testcase> <!-- loginTest -->
  <testcase classname="com.ugapp.testcases.TC_07_LogInTest" name="loginTest" time="0.001">
    <skipped/>
  </testcase> <!-- loginTest -->
  <testcase classname="com.ugapp.testcases.TC_07_LogInTest" name="loginTest" time="0.002">
    <skipped/>
  </testcase> <!-- loginTest -->
  <testcase classname="com.ugapp.testcases.TC_07_LogInTest" name="loginTest" time="0.001">
    <skipped/>
  </testcase> <!-- loginTest -->
  <testcase classname="com.ugapp.testcases.TC_07_LogInTest" name="loginTest" time="0.003">
    <skipped/>
  </testcase> <!-- loginTest -->
  <testcase classname="com.ugapp.testcases.TC_07_LogInTest" name="loginTest" time="0.002">
    <skipped/>
  </testcase> <!-- loginTest -->
  <testcase classname="com.ugapp.testcases.TC_07_LogInTest" name="loginTest" time="0.001">
    <skipped/>
  </testcase> <!-- loginTest -->
  <testcase classname="com.ugapp.testcases.TC_07_LogInTest" name="loginTest" time="0.001">
    <skipped/>
  </testcase> <!-- loginTest -->
  <testcase classname="com.ugapp.testcases.TC_07_LogInTest" name="loginTest" time="0.002">
    <skipped/>
  </testcase> <!-- loginTest -->
  <testcase classname="com.ugapp.testcases.TC_07_LogInTest" name="loginTest" time="0.000">
    <skipped/>
  </testcase> <!-- loginTest -->
  <testcase classname="com.ugapp.testcases.TC_07_LogInTest" name="loginTest" time="0.001">
    <skipped/>
  </testcase> <!-- loginTest -->
  <testcase classname="com.ugapp.testcases.TC_07_LogInTest" name="loginTest" time="0.001">
    <skipped/>
  </testcase> <!-- loginTest -->
  <testcase classname="com.ugapp.testcases.TC_07_LogInTest" name="loginTest" time="0.003">
    <skipped/>
  </testcase> <!-- loginTest -->
  <testcase classname="com.ugapp.testcases.TC_07_LogInTest" name="loginTest" time="0.001">
    <skipped/>
  </testcase> <!-- loginTest -->
  <testcase classname="com.ugapp.testcases.TC_07_LogInTest" name="loginTest" time="0.001">
    <skipped/>
  </testcase> <!-- loginTest -->
  <testcase classname="com.ugapp.testcases.TC_07_LogInTest" name="loginTest" time="0.002">
    <skipped/>
  </testcase> <!-- loginTest -->
  <testcase classname="com.ugapp.testcases.TC_07_LogInTest" name="loginTest" time="0.001">
    <skipped/>
  </testcase> <!-- loginTest -->
  <testcase classname="com.ugapp.testcases.TC_07_LogInTest" name="loginTest" time="0.000">
    <skipped/>
  </testcase> <!-- loginTest -->
  <testcase classname="com.ugapp.testcases.TC_07_LogInTest" name="loginTest" time="0.001">
    <skipped/>
  </testcase> <!-- loginTest -->
  <testcase classname="com.ugapp.testcases.TC_07_LogInTest" name="loginTest" time="0.002">
    <skipped/>
  </testcase> <!-- loginTest -->
  <testcase classname="com.ugapp.testcases.TC_07_LogInTest" name="loginTest" time="0.002">
    <skipped/>
  </testcase> <!-- loginTest -->
  <testcase classname="com.ugapp.testcases.TC_07_LogInTest" name="loginTest" time="0.001">
    <skipped/>
  </testcase> <!-- loginTest -->
  <testcase classname="com.ugapp.testcases.TC_07_LogInTest" name="loginTest" time="0.001">
    <skipped/>
  </testcase> <!-- loginTest -->
  <testcase classname="com.ugapp.testcases.TC_07_LogInTest" name="loginTest" time="0.018">
    <skipped/>
  </testcase> <!-- loginTest -->
  <testcase classname="com.ugapp.testcases.TC_07_LogInTest" name="loginTest" time="0.002">
    <skipped/>
  </testcase> <!-- loginTest -->
  <testcase classname="com.ugapp.testcases.TC_07_LogInTest" name="loginTest" time="0.001">
    <skipped/>
  </testcase> <!-- loginTest -->
  <testcase classname="com.ugapp.testcases.TC_07_LogInTest" name="loginTest" time="0.002">
    <skipped/>
  </testcase> <!-- loginTest -->
  <testcase classname="com.ugapp.testcases.TC_07_LogInTest" name="loginTest" time="0.001">
    <skipped/>
  </testcase> <!-- loginTest -->
  <testcase classname="com.ugapp.testcases.TC_07_LogInTest" name="loginTest" time="0.001">
    <skipped/>
  </testcase> <!-- loginTest -->
  <testcase classname="com.ugapp.testcases.TC_07_LogInTest" name="loginTest" time="0.002">
    <skipped/>
  </testcase> <!-- loginTest -->
  <testcase classname="com.ugapp.testcases.TC_07_LogInTest" name="loginTest" time="0.002">
    <skipped/>
  </testcase> <!-- loginTest -->
  <testcase classname="com.ugapp.testcases.TC_07_LogInTest" name="loginTest" time="0.001">
    <skipped/>
  </testcase> <!-- loginTest -->
  <testcase classname="com.ugapp.testcases.TC_07_LogInTest" name="loginTest" time="0.001">
    <skipped/>
  </testcase> <!-- loginTest -->
  <testcase classname="com.ugapp.testcases.TC_07_LogInTest" name="loginTest" time="0.001">
    <skipped/>
  </testcase> <!-- loginTest -->
  <testcase classname="com.ugapp.testcases.TC_07_LogInTest" name="loginTest" time="0.008">
    <skipped/>
  </testcase> <!-- loginTest -->
  <testcase classname="com.ugapp.testcases.TC_07_LogInTest" name="loginTest" time="0.001">
    <skipped/>
  </testcase> <!-- loginTest -->
  <testcase classname="com.ugapp.testcases.TC_07_LogInTest" name="loginTest" time="0.001">
    <skipped/>
  </testcase> <!-- loginTest -->
  <testcase classname="com.ugapp.testcases.TC_07_LogInTest" name="loginTest" time="0.002">
    <skipped/>
  </testcase> <!-- loginTest -->
  <testcase classname="com.ugapp.testcases.TC_07_LogInTest" name="loginTest" time="0.001">
    <skipped/>
  </testcase> <!-- loginTest -->
  <testcase classname="com.ugapp.testcases.TC_07_LogInTest" name="loginTest" time="0.001">
    <skipped/>
  </testcase> <!-- loginTest -->
  <testcase classname="com.ugapp.testcases.TC_07_LogInTest" name="loginTest" time="0.001">
    <skipped/>
  </testcase> <!-- loginTest -->
  <testcase classname="com.ugapp.testcases.TC_07_LogInTest" name="loginTest" time="0.002">
    <skipped/>
  </testcase> <!-- loginTest -->
  <testcase classname="com.ugapp.testcases.TC_07_LogInTest" name="loginTest" time="0.001">
    <skipped/>
  </testcase> <!-- loginTest -->
  <testcase classname="com.ugapp.testcases.TC_07_LogInTest" name="loginTest" time="0.001">
    <skipped/>
  </testcase> <!-- loginTest -->
  <testcase classname="com.ugapp.testcases.TC_07_LogInTest" name="loginTest" time="0.001">
    <skipped/>
  </testcase> <!-- loginTest -->
  <testcase classname="com.ugapp.testcases.TC_07_LogInTest" name="loginTest" time="0.006">
    <skipped/>
  </testcase> <!-- loginTest -->
  <testcase classname="com.ugapp.testcases.TC_07_LogInTest" name="loginTest" time="0.001">
    <skipped/>
  </testcase> <!-- loginTest -->
  <testcase classname="com.ugapp.testcases.TC_07_LogInTest" name="loginTest" time="0.001">
    <skipped/>
  </testcase> <!-- loginTest -->
  <testcase classname="com.ugapp.testcases.TC_07_LogInTest" name="loginTest" time="0.001">
    <skipped/>
  </testcase> <!-- loginTest -->
  <testcase classname="com.ugapp.testcases.TC_07_LogInTest" name="loginTest" time="0.001">
    <skipped/>
  </testcase> <!-- loginTest -->
  <testcase classname="com.ugapp.testcases.TC_07_LogInTest" name="loginTest" time="0.001">
    <skipped/>
  </testcase> <!-- loginTest -->
  <testcase classname="com.ugapp.testcases.TC_07_LogInTest" name="loginTest" time="0.001">
    <skipped/>
  </testcase> <!-- loginTest -->
  <testcase classname="com.ugapp.testcases.TC_07_LogInTest" name="loginTest" time="0.001">
    <skipped/>
  </testcase> <!-- loginTest -->
  <testcase classname="com.ugapp.testcases.TC_07_LogInTest" name="loginTest" time="0.002">
    <skipped/>
  </testcase> <!-- loginTest -->
  <testcase classname="com.ugapp.testcases.TC_07_LogInTest" name="loginTest" time="0.003">
    <skipped/>
  </testcase> <!-- loginTest -->
  <testcase classname="com.ugapp.testcases.TC_07_LogInTest" name="loginTest" time="0.001">
    <skipped/>
  </testcase> <!-- loginTest -->
  <testcase classname="com.ugapp.testcases.TC_07_LogInTest" name="loginTest" time="0.004">
    <skipped/>
  </testcase> <!-- loginTest -->
  <testcase classname="com.ugapp.testcases.TC_07_LogInTest" name="loginTest" time="0.001">
    <skipped/>
  </testcase> <!-- loginTest -->
  <testcase classname="com.ugapp.testcases.TC_07_LogInTest" name="loginTest" time="0.002">
    <skipped/>
  </testcase> <!-- loginTest -->
  <testcase classname="com.ugapp.testcases.TC_07_LogInTest" name="loginTest" time="0.004">
    <skipped/>
  </testcase> <!-- loginTest -->
  <testcase classname="com.ugapp.testcases.TC_07_LogInTest" name="loginTest" time="0.001">
    <skipped/>
  </testcase> <!-- loginTest -->
  <testcase classname="com.ugapp.testcases.TC_07_LogInTest" name="loginTest" time="0.001">
    <skipped/>
  </testcase> <!-- loginTest -->
  <testcase classname="com.ugapp.testcases.TC_07_LogInTest" name="loginTest" time="0.001">
    <skipped/>
  </testcase> <!-- loginTest -->
  <testcase classname="com.ugapp.testcases.TC_07_LogInTest" name="loginTest" time="0.001">
    <skipped/>
  </testcase> <!-- loginTest -->
  <testcase classname="com.ugapp.testcases.TC_07_LogInTest" name="loginTest" time="0.001">
    <skipped/>
  </testcase> <!-- loginTest -->
  <testcase classname="com.ugapp.testcases.TC_07_LogInTest" name="loginTest" time="0.001">
    <skipped/>
  </testcase> <!-- loginTest -->
  <testcase classname="com.ugapp.testcases.TC_07_LogInTest" name="loginTest" time="0.001">
    <skipped/>
  </testcase> <!-- loginTest -->
  <testcase classname="com.ugapp.testcases.TC_07_LogInTest" name="loginTest" time="0.001">
    <skipped/>
  </testcase> <!-- loginTest -->
  <testcase classname="com.ugapp.testcases.TC_07_LogInTest" name="loginTest" time="0.002">
    <skipped/>
  </testcase> <!-- loginTest -->
  <testcase classname="com.ugapp.testcases.TC_07_LogInTest" name="loginTest" time="0.001">
    <skipped/>
  </testcase> <!-- loginTest -->
  <testcase classname="com.ugapp.testcases.TC_07_LogInTest" name="loginTest" time="0.001">
    <skipped/>
  </testcase> <!-- loginTest -->
  <testcase classname="com.ugapp.testcases.TC_07_LogInTest" name="loginTest" time="0.002">
    <skipped/>
  </testcase> <!-- loginTest -->
  <testcase classname="com.ugapp.testcases.TC_07_LogInTest" name="loginTest" time="0.001">
    <skipped/>
  </testcase> <!-- loginTest -->
  <testcase classname="com.ugapp.testcases.TC_07_LogInTest" name="loginTest" time="0.001">
    <skipped/>
  </testcase> <!-- loginTest -->
  <testcase classname="com.ugapp.testcases.TC_07_LogInTest" name="loginTest" time="0.001">
    <skipped/>
  </testcase> <!-- loginTest -->
  <testcase classname="com.ugapp.testcases.TC_07_LogInTest" name="loginTest" time="0.005">
    <skipped/>
  </testcase> <!-- loginTest -->
  <testcase classname="com.ugapp.testcases.TC_07_LogInTest" name="loginTest" time="0.005">
    <skipped/>
  </testcase> <!-- loginTest -->
  <testcase classname="com.ugapp.testcases.TC_07_LogInTest" name="loginTest" time="0.001">
    <skipped/>
  </testcase> <!-- loginTest -->
  <testcase classname="com.ugapp.testcases.TC_07_LogInTest" name="loginTest" time="0.001">
    <skipped/>
  </testcase> <!-- loginTest -->
  <testcase classname="com.ugapp.testcases.TC_07_LogInTest" name="loginTest" time="0.002">
    <skipped/>
  </testcase> <!-- loginTest -->
  <testcase classname="com.ugapp.testcases.TC_07_LogInTest" name="loginTest" time="0.001">
    <skipped/>
  </testcase> <!-- loginTest -->
  <testcase classname="com.ugapp.testcases.TC_07_LogInTest" name="loginTest" time="0.001">
    <skipped/>
  </testcase> <!-- loginTest -->
  <testcase classname="com.ugapp.testcases.TC_07_LogInTest" name="loginTest" time="0.000">
    <skipped/>
  </testcase> <!-- loginTest -->
  <testcase classname="com.ugapp.testcases.TC_07_LogInTest" name="loginTest" time="0.001">
    <skipped/>
  </testcase> <!-- loginTest -->
  <testcase classname="com.ugapp.testcases.TC_07_LogInTest" name="loginTest" time="0.001">
    <skipped/>
  </testcase> <!-- loginTest -->
  <testcase classname="com.ugapp.testcases.TC_07_LogInTest" name="loginTest" time="0.000">
    <skipped/>
  </testcase> <!-- loginTest -->
  <testcase classname="com.ugapp.testcases.TC_07_LogInTest" name="loginTest" time="0.001">
    <skipped/>
  </testcase> <!-- loginTest -->
  <testcase classname="com.ugapp.testcases.TC_07_LogInTest" name="loginTest" time="0.001">
    <skipped/>
  </testcase> <!-- loginTest -->
  <testcase classname="com.ugapp.testcases.TC_07_LogInTest" name="loginTest" time="0.001">
    <skipped/>
  </testcase> <!-- loginTest -->
  <testcase classname="com.ugapp.testcases.TC_07_LogInTest" name="loginTest" time="0.000">
    <skipped/>
  </testcase> <!-- loginTest -->
  <testcase classname="com.ugapp.testcases.TC_07_LogInTest" name="loginTest" time="0.002">
    <skipped/>
  </testcase> <!-- loginTest -->
  <testcase classname="com.ugapp.testcases.TC_07_LogInTest" name="loginTest" time="0.000">
    <skipped/>
  </testcase> <!-- loginTest -->
  <testcase classname="com.ugapp.testcases.TC_07_LogInTest" name="loginTest" time="0.001">
    <skipped/>
  </testcase> <!-- loginTest -->
  <testcase classname="com.ugapp.testcases.TC_07_LogInTest" name="loginTest" time="0.001">
    <skipped/>
  </testcase> <!-- loginTest -->
  <testcase classname="com.ugapp.testcases.TC_07_LogInTest" name="loginTest" time="0.001">
    <skipped/>
  </testcase> <!-- loginTest -->
  <testcase classname="com.ugapp.testcases.TC_07_LogInTest" name="loginTest" time="0.001">
    <skipped/>
  </testcase> <!-- loginTest -->
  <testcase classname="com.ugapp.testcases.TC_07_LogInTest" name="loginTest" time="0.001">
    <skipped/>
  </testcase> <!-- loginTest -->
  <testcase classname="com.ugapp.testcases.TC_07_LogInTest" name="loginTest" time="0.003">
    <skipped/>
  </testcase> <!-- loginTest -->
  <testcase classname="com.ugapp.testcases.TC_07_LogInTest" name="loginTest" time="0.001">
    <skipped/>
  </testcase> <!-- loginTest -->
  <testcase classname="com.ugapp.testcases.TC_07_LogInTest" name="loginTest" time="0.001">
    <skipped/>
  </testcase> <!-- loginTest -->
  <testcase classname="com.ugapp.testcases.TC_07_LogInTest" name="loginTest" time="0.002">
    <skipped/>
  </testcase> <!-- loginTest -->
  <testcase classname="com.ugapp.testcases.TC_07_LogInTest" name="loginTest" time="0.001">
    <skipped/>
  </testcase> <!-- loginTest -->
  <testcase classname="com.ugapp.testcases.TC_07_LogInTest" name="loginTest" time="0.001">
    <skipped/>
  </testcase> <!-- loginTest -->
  <testcase classname="com.ugapp.testcases.TC_07_LogInTest" name="loginTest" time="0.000">
    <skipped/>
  </testcase> <!-- loginTest -->
  <testcase classname="com.ugapp.testcases.TC_07_LogInTest" name="loginTest" time="0.001">
    <skipped/>
  </testcase> <!-- loginTest -->
  <testcase classname="com.ugapp.testcases.TC_07_LogInTest" name="loginTest" time="0.012">
    <skipped/>
  </testcase> <!-- loginTest -->
  <testcase classname="com.ugapp.testcases.TC_07_LogInTest" name="loginTest" time="0.001">
    <skipped/>
  </testcase> <!-- loginTest -->
  <testcase classname="com.ugapp.testcases.TC_07_LogInTest" name="loginTest" time="0.001">
    <skipped/>
  </testcase> <!-- loginTest -->
  <testcase classname="com.ugapp.testcases.TC_07_LogInTest" name="loginTest" time="0.001">
    <skipped/>
  </testcase> <!-- loginTest -->
  <testcase classname="com.ugapp.testcases.TC_07_LogInTest" name="loginTest" time="0.001">
    <skipped/>
  </testcase> <!-- loginTest -->
  <testcase classname="com.ugapp.testcases.TC_07_LogInTest" name="loginTest" time="0.000">
    <skipped/>
  </testcase> <!-- loginTest -->
  <testcase classname="com.ugapp.testcases.TC_07_LogInTest" name="loginTest" time="0.001">
    <skipped/>
  </testcase> <!-- loginTest -->
  <testcase classname="com.ugapp.testcases.TC_07_LogInTest" name="loginTest" time="0.000">
    <skipped/>
  </testcase> <!-- loginTest -->
  <testcase classname="com.ugapp.testcases.TC_07_LogInTest" name="loginTest" time="0.002">
    <skipped/>
  </testcase> <!-- loginTest -->
  <testcase classname="com.ugapp.testcases.TC_07_LogInTest" name="loginTest" time="0.004">
    <skipped/>
  </testcase> <!-- loginTest -->
  <testcase classname="com.ugapp.testcases.TC_07_LogInTest" name="loginTest" time="0.001">
    <skipped/>
  </testcase> <!-- loginTest -->
  <testcase classname="com.ugapp.testcases.TC_07_LogInTest" name="loginTest" time="0.000">
    <skipped/>
  </testcase> <!-- loginTest -->
  <testcase classname="com.ugapp.testcases.TC_07_LogInTest" name="loginTest" time="0.005">
    <skipped/>
  </testcase> <!-- loginTest -->
  <testcase classname="com.ugapp.testcases.TC_07_LogInTest" name="loginTest" time="0.002">
    <skipped/>
  </testcase> <!-- loginTest -->
  <testcase classname="com.ugapp.testcases.TC_07_LogInTest" name="loginTest" time="0.002">
    <skipped/>
  </testcase> <!-- loginTest -->
  <testcase classname="com.ugapp.testcases.TC_07_LogInTest" name="loginTest" time="0.000">
    <skipped/>
  </testcase> <!-- loginTest -->
  <testcase classname="com.ugapp.testcases.TC_07_LogInTest" name="loginTest" time="0.001">
    <skipped/>
  </testcase> <!-- loginTest -->
  <testcase classname="com.ugapp.testcases.TC_07_LogInTest" name="loginTest" time="0.005">
    <skipped/>
  </testcase> <!-- loginTest -->
  <testcase classname="com.ugapp.testcases.TC_07_LogInTest" name="loginTest" time="0.001">
    <skipped/>
  </testcase> <!-- loginTest -->
  <testcase classname="com.ugapp.testcases.TC_07_LogInTest" name="loginTest" time="0.000">
    <skipped/>
  </testcase> <!-- loginTest -->
  <testcase classname="com.ugapp.testcases.TC_07_LogInTest" name="loginTest" time="0.000">
    <skipped/>
  </testcase> <!-- loginTest -->
  <testcase classname="com.ugapp.testcases.TC_07_LogInTest" name="loginTest" time="0.001">
    <skipped/>
  </testcase> <!-- loginTest -->
  <testcase classname="com.ugapp.testcases.TC_07_LogInTest" name="loginTest" time="0.001">
    <skipped/>
  </testcase> <!-- loginTest -->
  <testcase classname="com.ugapp.testcases.TC_07_LogInTest" name="loginTest" time="0.001">
    <skipped/>
  </testcase> <!-- loginTest -->
  <testcase classname="com.ugapp.testcases.TC_07_LogInTest" name="loginTest" time="0.002">
    <skipped/>
  </testcase> <!-- loginTest -->
  <testcase classname="com.ugapp.testcases.TC_07_LogInTest" name="loginTest" time="0.001">
    <skipped/>
  </testcase> <!-- loginTest -->
  <testcase classname="com.ugapp.testcases.TC_07_LogInTest" name="loginTest" time="0.001">
    <skipped/>
  </testcase> <!-- loginTest -->
  <testcase classname="com.ugapp.testcases.TC_07_LogInTest" name="loginTest" time="0.002">
    <skipped/>
  </testcase> <!-- loginTest -->
  <testcase classname="com.ugapp.testcases.TC_07_LogInTest" name="loginTest" time="0.002">
    <skipped/>
  </testcase> <!-- loginTest -->
  <testcase classname="com.ugapp.testcases.TC_07_LogInTest" name="loginTest" time="0.001">
    <skipped/>
  </testcase> <!-- loginTest -->
  <testcase classname="com.ugapp.testcases.TC_07_LogInTest" name="loginTest" time="0.001">
    <skipped/>
  </testcase> <!-- loginTest -->
  <testcase classname="com.ugapp.testcases.TC_07_LogInTest" name="loginTest" time="0.002">
    <skipped/>
  </testcase> <!-- loginTest -->
  <testcase classname="com.ugapp.testcases.TC_07_LogInTest" name="loginTest" time="0.001">
    <skipped/>
  </testcase> <!-- loginTest -->
  <testcase classname="com.ugapp.testcases.TC_07_LogInTest" name="loginTest" time="0.001">
    <skipped/>
  </testcase> <!-- loginTest -->
  <testcase classname="com.ugapp.testcases.TC_07_LogInTest" name="loginTest" time="0.001">
    <skipped/>
  </testcase> <!-- loginTest -->
  <testcase classname="com.ugapp.testcases.TC_07_LogInTest" name="loginTest" time="0.009">
    <skipped/>
  </testcase> <!-- loginTest -->
  <testcase classname="com.ugapp.testcases.TC_07_LogInTest" name="loginTest" time="0.000">
    <skipped/>
  </testcase> <!-- loginTest -->
  <testcase classname="com.ugapp.testcases.TC_07_LogInTest" name="loginTest" time="0.001">
    <skipped/>
  </testcase> <!-- loginTest -->
  <testcase classname="com.ugapp.testcases.TC_07_LogInTest" name="loginTest" time="0.002">
    <skipped/>
  </testcase> <!-- loginTest -->
  <testcase classname="com.ugapp.testcases.TC_07_LogInTest" name="loginTest" time="0.001">
    <skipped/>
  </testcase> <!-- loginTest -->
  <testcase classname="com.ugapp.testcases.TC_07_LogInTest" name="loginTest" time="0.001">
    <skipped/>
  </testcase> <!-- loginTest -->
  <testcase classname="com.ugapp.testcases.TC_07_LogInTest" name="loginTest" time="0.001">
    <skipped/>
  </testcase> <!-- loginTest -->
  <testcase classname="com.ugapp.testcases.TC_07_LogInTest" name="loginTest" time="0.004">
    <skipped/>
  </testcase> <!-- loginTest -->
  <testcase classname="com.ugapp.testcases.TC_07_LogInTest" name="loginTest" time="0.001">
    <skipped/>
  </testcase> <!-- loginTest -->
  <testcase classname="com.ugapp.testcases.TC_07_LogInTest" name="loginTest" time="0.001">
    <skipped/>
  </testcase> <!-- loginTest -->
  <testcase classname="com.ugapp.testcases.TC_07_LogInTest" name="loginTest" time="0.001">
    <skipped/>
  </testcase> <!-- loginTest -->
  <testcase classname="com.ugapp.testcases.TC_07_LogInTest" name="loginTest" time="0.001">
    <skipped/>
  </testcase> <!-- loginTest -->
  <testcase classname="com.ugapp.testcases.TC_07_LogInTest" name="loginTest" time="0.001">
    <skipped/>
  </testcase> <!-- loginTest -->
  <testcase classname="com.ugapp.testcases.TC_07_LogInTest" name="loginTest" time="0.001">
    <skipped/>
  </testcase> <!-- loginTest -->
  <testcase classname="com.ugapp.testcases.TC_07_LogInTest" name="loginTest" time="0.000">
    <skipped/>
  </testcase> <!-- loginTest -->
  <testcase classname="com.ugapp.testcases.TC_07_LogInTest" name="loginTest" time="0.001">
    <skipped/>
  </testcase> <!-- loginTest -->
  <testcase classname="com.ugapp.testcases.TC_07_LogInTest" name="loginTest" time="0.001">
    <skipped/>
  </testcase> <!-- loginTest -->
  <testcase classname="com.ugapp.testcases.TC_07_LogInTest" name="loginTest" time="0.002">
    <skipped/>
  </testcase> <!-- loginTest -->
  <testcase classname="com.ugapp.testcases.TC_07_LogInTest" name="loginTest" time="0.004">
    <skipped/>
  </testcase> <!-- loginTest -->
  <testcase classname="com.ugapp.testcases.TC_07_LogInTest" name="loginTest" time="0.001">
    <skipped/>
  </testcase> <!-- loginTest -->
  <testcase classname="com.ugapp.testcases.TC_07_LogInTest" name="loginTest" time="0.001">
    <skipped/>
  </testcase> <!-- loginTest -->
  <testcase classname="com.ugapp.testcases.TC_07_LogInTest" name="loginTest" time="0.002">
    <skipped/>
  </testcase> <!-- loginTest -->
  <testcase classname="com.ugapp.testcases.TC_07_LogInTest" name="loginTest" time="0.001">
    <skipped/>
  </testcase> <!-- loginTest -->
  <testcase classname="com.ugapp.testcases.TC_07_LogInTest" name="loginTest" time="0.001">
    <skipped/>
  </testcase> <!-- loginTest -->
  <testcase classname="com.ugapp.testcases.TC_07_LogInTest" name="loginTest" time="0.001">
    <skipped/>
  </testcase> <!-- loginTest -->
  <testcase classname="com.ugapp.testcases.TC_07_LogInTest" name="loginTest" time="0.001">
    <skipped/>
  </testcase> <!-- loginTest -->
  <testcase classname="com.ugapp.testcases.TC_07_LogInTest" name="loginTest" time="0.001">
    <skipped/>
  </testcase> <!-- loginTest -->
  <testcase classname="com.ugapp.testcases.TC_07_LogInTest" name="loginTest" time="0.001">
    <skipped/>
  </testcase> <!-- loginTest -->
  <testcase classname="com.ugapp.testcases.TC_07_LogInTest" name="loginTest" time="0.002">
    <skipped/>
  </testcase> <!-- loginTest -->
  <testcase classname="com.ugapp.testcases.TC_07_LogInTest" name="loginTest" time="0.004">
    <skipped/>
  </testcase> <!-- loginTest -->
  <testcase classname="com.ugapp.testcases.TC_07_LogInTest" name="loginTest" time="0.001">
    <skipped/>
  </testcase> <!-- loginTest -->
  <testcase classname="com.ugapp.testcases.TC_07_LogInTest" name="loginTest" time="0.001">
    <skipped/>
  </testcase> <!-- loginTest -->
  <testcase classname="com.ugapp.testcases.TC_07_LogInTest" name="loginTest" time="0.002">
    <skipped/>
  </testcase> <!-- loginTest -->
  <testcase classname="com.ugapp.testcases.TC_07_LogInTest" name="loginTest" time="0.001">
    <skipped/>
  </testcase> <!-- loginTest -->
  <testcase classname="com.ugapp.testcases.TC_07_LogInTest" name="loginTest" time="0.002">
    <skipped/>
  </testcase> <!-- loginTest -->
  <testcase classname="com.ugapp.testcases.TC_07_LogInTest" name="loginTest" time="0.002">
    <skipped/>
  </testcase> <!-- loginTest -->
  <testcase classname="com.ugapp.testcases.TC_07_LogInTest" name="loginTest" time="0.001">
    <skipped/>
  </testcase> <!-- loginTest -->
  <testcase classname="com.ugapp.testcases.TC_07_LogInTest" name="loginTest" time="0.001">
    <skipped/>
  </testcase> <!-- loginTest -->
  <testcase classname="com.ugapp.testcases.TC_07_LogInTest" name="loginTest" time="0.008">
    <skipped/>
  </testcase> <!-- loginTest -->
  <testcase classname="com.ugapp.testcases.TC_07_LogInTest" name="loginTest" time="0.001">
    <skipped/>
  </testcase> <!-- loginTest -->
  <testcase classname="com.ugapp.testcases.TC_07_LogInTest" name="loginTest" time="0.000">
    <skipped/>
  </testcase> <!-- loginTest -->
  <testcase classname="com.ugapp.testcases.TC_07_LogInTest" name="loginTest" time="0.001">
    <skipped/>
  </testcase> <!-- loginTest -->
  <testcase classname="com.ugapp.testcases.TC_07_LogInTest" name="loginTest" time="0.001">
    <skipped/>
  </testcase> <!-- loginTest -->
  <testcase classname="com.ugapp.testcases.TC_07_LogInTest" name="loginTest" time="0.001">
    <skipped/>
  </testcase> <!-- loginTest -->
  <testcase classname="com.ugapp.testcases.TC_07_LogInTest" name="loginTest" time="0.002">
    <skipped/>
  </testcase> <!-- loginTest -->
  <testcase classname="com.ugapp.testcases.TC_07_LogInTest" name="loginTest" time="0.003">
    <skipped/>
  </testcase> <!-- loginTest -->
  <testcase classname="com.ugapp.testcases.TC_07_LogInTest" name="loginTest" time="0.000">
    <skipped/>
  </testcase> <!-- loginTest -->
  <testcase classname="com.ugapp.testcases.TC_07_LogInTest" name="loginTest" time="0.001">
    <skipped/>
  </testcase> <!-- loginTest -->
  <testcase classname="com.ugapp.testcases.TC_07_LogInTest" name="loginTest" time="0.002">
    <skipped/>
  </testcase> <!-- loginTest -->
  <testcase classname="com.ugapp.testcases.TC_07_LogInTest" name="loginTest" time="0.002">
    <skipped/>
  </testcase> <!-- loginTest -->
  <testcase classname="com.ugapp.testcases.TC_07_LogInTest" name="loginTest" time="0.001">
    <skipped/>
  </testcase> <!-- loginTest -->
  <testcase classname="com.ugapp.testcases.TC_07_LogInTest" name="loginTest" time="0.001">
    <skipped/>
  </testcase> <!-- loginTest -->
  <testcase classname="com.ugapp.testcases.TC_07_LogInTest" name="loginTest" time="0.001">
    <skipped/>
  </testcase> <!-- loginTest -->
  <testcase classname="com.ugapp.testcases.TC_07_LogInTest" name="loginTest" time="0.002">
    <skipped/>
  </testcase> <!-- loginTest -->
  <testcase classname="com.ugapp.testcases.TC_07_LogInTest" name="loginTest" time="0.000">
    <skipped/>
  </testcase> <!-- loginTest -->
  <testcase classname="com.ugapp.testcases.TC_07_LogInTest" name="loginTest" time="0.002">
    <skipped/>
  </testcase> <!-- loginTest -->
  <testcase classname="com.ugapp.testcases.TC_07_LogInTest" name="loginTest" time="0.000">
    <skipped/>
  </testcase> <!-- loginTest -->
  <testcase classname="com.ugapp.testcases.TC_07_LogInTest" name="loginTest" time="0.001">
    <skipped/>
  </testcase> <!-- loginTest -->
  <testcase classname="com.ugapp.testcases.TC_07_LogInTest" name="loginTest" time="0.001">
    <skipped/>
  </testcase> <!-- loginTest -->
  <testcase classname="com.ugapp.testcases.TC_07_LogInTest" name="loginTest" time="0.001">
    <skipped/>
  </testcase> <!-- loginTest -->
  <testcase classname="com.ugapp.testcases.TC_07_LogInTest" name="loginTest" time="0.001">
    <skipped/>
  </testcase> <!-- loginTest -->
  <testcase classname="com.ugapp.testcases.TC_07_LogInTest" name="loginTest" time="0.001">
    <skipped/>
  </testcase> <!-- loginTest -->
  <testcase classname="com.ugapp.testcases.TC_07_LogInTest" name="loginTest" time="0.000">
    <skipped/>
  </testcase> <!-- loginTest -->
  <testcase classname="com.ugapp.testcases.TC_07_LogInTest" name="loginTest" time="0.000">
    <skipped/>
  </testcase> <!-- loginTest -->
  <testcase classname="com.ugapp.testcases.TC_07_LogInTest" name="loginTest" time="0.001">
    <skipped/>
  </testcase> <!-- loginTest -->
  <testcase classname="com.ugapp.testcases.TC_07_LogInTest" name="loginTest" time="0.001">
    <skipped/>
  </testcase> <!-- loginTest -->
  <testcase classname="com.ugapp.testcases.TC_07_LogInTest" name="loginTest" time="0.001">
    <skipped/>
  </testcase> <!-- loginTest -->
  <testcase classname="com.ugapp.testcases.TC_07_LogInTest" name="loginTest" time="0.001">
    <skipped/>
  </testcase> <!-- loginTest -->
  <testcase classname="com.ugapp.testcases.TC_07_LogInTest" name="loginTest" time="0.001">
    <skipped/>
  </testcase> <!-- loginTest -->
  <testcase classname="com.ugapp.testcases.TC_07_LogInTest" name="loginTest" time="0.000">
    <skipped/>
  </testcase> <!-- loginTest -->
  <testcase classname="com.ugapp.testcases.TC_07_LogInTest" name="loginTest" time="0.001">
    <skipped/>
  </testcase> <!-- loginTest -->
  <testcase classname="com.ugapp.testcases.TC_07_LogInTest" name="loginTest" time="0.001">
    <skipped/>
  </testcase> <!-- loginTest -->
  <testcase classname="com.ugapp.testcases.TC_07_LogInTest" name="loginTest" time="0.000">
    <skipped/>
  </testcase> <!-- loginTest -->
  <testcase classname="com.ugapp.testcases.TC_07_LogInTest" name="loginTest" time="0.000">
    <skipped/>
  </testcase> <!-- loginTest -->
  <testcase classname="com.ugapp.testcases.TC_07_LogInTest" name="loginTest" time="0.002">
    <skipped/>
  </testcase> <!-- loginTest -->
  <testcase classname="com.ugapp.testcases.TC_07_LogInTest" name="loginTest" time="0.000">
    <skipped/>
  </testcase> <!-- loginTest -->
  <testcase classname="com.ugapp.testcases.TC_07_LogInTest" name="loginTest" time="0.001">
    <skipped/>
  </testcase> <!-- loginTest -->
  <testcase classname="com.ugapp.testcases.TC_07_LogInTest" name="loginTest" time="0.009">
    <skipped/>
  </testcase> <!-- loginTest -->
  <testcase classname="com.ugapp.testcases.TC_07_LogInTest" name="loginTest" time="0.002">
    <skipped/>
  </testcase> <!-- loginTest -->
  <testcase classname="com.ugapp.testcases.TC_07_LogInTest" name="loginTest" time="0.001">
    <skipped/>
  </testcase> <!-- loginTest -->
  <testcase classname="com.ugapp.testcases.TC_07_LogInTest" name="loginTest" time="0.001">
    <skipped/>
  </testcase> <!-- loginTest -->
  <testcase classname="com.ugapp.testcases.TC_07_LogInTest" name="loginTest" time="0.001">
    <skipped/>
  </testcase> <!-- loginTest -->
  <testcase classname="com.ugapp.testcases.TC_07_LogInTest" name="loginTest" time="0.001">
    <skipped/>
  </testcase> <!-- loginTest -->
  <testcase classname="com.ugapp.testcases.TC_07_LogInTest" name="loginTest" time="0.002">
    <skipped/>
  </testcase> <!-- loginTest -->
  <testcase classname="com.ugapp.testcases.TC_07_LogInTest" name="loginTest" time="0.000">
    <skipped/>
  </testcase> <!-- loginTest -->
  <testcase classname="com.ugapp.testcases.TC_07_LogInTest" name="loginTest" time="0.001">
    <skipped/>
  </testcase> <!-- loginTest -->
  <testcase classname="com.ugapp.testcases.TC_07_LogInTest" name="loginTest" time="0.001">
    <skipped/>
  </testcase> <!-- loginTest -->
  <testcase classname="com.ugapp.testcases.TC_07_LogInTest" name="loginTest" time="0.001">
    <skipped/>
  </testcase> <!-- loginTest -->
  <testcase classname="com.ugapp.testcases.TC_07_LogInTest" name="loginTest" time="0.002">
    <skipped/>
  </testcase> <!-- loginTest -->
  <testcase classname="com.ugapp.testcases.TC_07_LogInTest" name="loginTest" time="0.001">
    <skipped/>
  </testcase> <!-- loginTest -->
  <testcase classname="com.ugapp.testcases.TC_07_LogInTest" name="loginTest" time="0.001">
    <skipped/>
  </testcase> <!-- loginTest -->
  <testcase classname="com.ugapp.testcases.TC_07_LogInTest" name="loginTest" time="0.000">
    <skipped/>
  </testcase> <!-- loginTest -->
  <testcase classname="com.ugapp.testcases.TC_07_LogInTest" name="loginTest" time="0.001">
    <skipped/>
  </testcase> <!-- loginTest -->
  <testcase classname="com.ugapp.testcases.TC_07_LogInTest" name="loginTest" time="0.001">
    <skipped/>
  </testcase> <!-- loginTest -->
  <testcase classname="com.ugapp.testcases.TC_07_LogInTest" name="loginTest" time="0.001">
    <skipped/>
  </testcase> <!-- loginTest -->
  <testcase classname="com.ugapp.testcases.TC_07_LogInTest" name="loginTest" time="0.001">
    <skipped/>
  </testcase> <!-- loginTest -->
  <testcase classname="com.ugapp.testcases.TC_07_LogInTest" name="loginTest" time="0.002">
    <skipped/>
  </testcase> <!-- loginTest -->
  <testcase classname="com.ugapp.testcases.TC_07_LogInTest" name="loginTest" time="0.002">
    <skipped/>
  </testcase> <!-- loginTest -->
  <testcase classname="com.ugapp.testcases.TC_07_LogInTest" name="loginTest" time="0.001">
    <skipped/>
  </testcase> <!-- loginTest -->
  <testcase classname="com.ugapp.testcases.TC_07_LogInTest" name="loginTest" time="0.001">
    <skipped/>
  </testcase> <!-- loginTest -->
  <testcase classname="com.ugapp.testcases.TC_07_LogInTest" name="loginTest" time="0.001">
    <skipped/>
  </testcase> <!-- loginTest -->
  <testcase classname="com.ugapp.testcases.TC_07_LogInTest" name="loginTest" time="0.008">
    <skipped/>
  </testcase> <!-- loginTest -->
  <testcase classname="com.ugapp.testcases.TC_07_LogInTest" name="loginTest" time="0.002">
    <skipped/>
  </testcase> <!-- loginTest -->
  <testcase classname="com.ugapp.testcases.TC_07_LogInTest" name="loginTest" time="0.001">
    <skipped/>
  </testcase> <!-- loginTest -->
  <testcase classname="com.ugapp.testcases.TC_07_LogInTest" name="loginTest" time="0.001">
    <skipped/>
  </testcase> <!-- loginTest -->
  <testcase classname="com.ugapp.testcases.TC_07_LogInTest" name="loginTest" time="0.001">
    <skipped/>
  </testcase> <!-- loginTest -->
  <testcase classname="com.ugapp.testcases.TC_07_LogInTest" name="loginTest" time="0.001">
    <skipped/>
  </testcase> <!-- loginTest -->
  <testcase classname="com.ugapp.testcases.TC_07_LogInTest" name="loginTest" time="0.001">
    <skipped/>
  </testcase> <!-- loginTest -->
  <testcase classname="com.ugapp.testcases.TC_07_LogInTest" name="loginTest" time="0.001">
    <skipped/>
  </testcase> <!-- loginTest -->
  <testcase classname="com.ugapp.testcases.TC_07_LogInTest" name="loginTest" time="0.000">
    <skipped/>
  </testcase> <!-- loginTest -->
  <testcase classname="com.ugapp.testcases.TC_07_LogInTest" name="loginTest" time="0.001">
    <skipped/>
  </testcase> <!-- loginTest -->
  <testcase classname="com.ugapp.testcases.TC_07_LogInTest" name="loginTest" time="0.002">
    <skipped/>
  </testcase> <!-- loginTest -->
  <testcase classname="com.ugapp.testcases.TC_07_LogInTest" name="loginTest" time="0.001">
    <skipped/>
  </testcase> <!-- loginTest -->
  <testcase classname="com.ugapp.testcases.TC_07_LogInTest" name="loginTest" time="0.001">
    <skipped/>
  </testcase> <!-- loginTest -->
  <testcase classname="com.ugapp.testcases.TC_07_LogInTest" name="loginTest" time="0.001">
    <skipped/>
  </testcase> <!-- loginTest -->
  <testcase classname="com.ugapp.testcases.TC_07_LogInTest" name="loginTest" time="0.001">
    <skipped/>
  </testcase> <!-- loginTest -->
  <testcase classname="com.ugapp.testcases.TC_07_LogInTest" name="loginTest" time="0.001">
    <skipped/>
  </testcase> <!-- loginTest -->
  <testcase classname="com.ugapp.testcases.TC_07_LogInTest" name="loginTest" time="0.001">
    <skipped/>
  </testcase> <!-- loginTest -->
  <testcase classname="com.ugapp.testcases.TC_07_LogInTest" name="loginTest" time="0.001">
    <skipped/>
  </testcase> <!-- loginTest -->
  <testcase classname="com.ugapp.testcases.TC_07_LogInTest" name="loginTest" time="0.002">
    <skipped/>
  </testcase> <!-- loginTest -->
  <testcase classname="com.ugapp.testcases.TC_07_LogInTest" name="loginTest" time="0.001">
    <skipped/>
  </testcase> <!-- loginTest -->
  <testcase classname="com.ugapp.testcases.TC_07_LogInTest" name="loginTest" time="0.002">
    <skipped/>
  </testcase> <!-- loginTest -->
  <testcase classname="com.ugapp.testcases.TC_07_LogInTest" name="loginTest" time="0.001">
    <skipped/>
  </testcase> <!-- loginTest -->
  <testcase classname="com.ugapp.testcases.TC_07_LogInTest" name="loginTest" time="0.004">
    <skipped/>
  </testcase> <!-- loginTest -->
  <testcase classname="com.ugapp.testcases.TC_07_LogInTest" name="loginTest" time="0.002">
    <skipped/>
  </testcase> <!-- loginTest -->
  <testcase classname="com.ugapp.testcases.TC_07_LogInTest" name="loginTest" time="0.002">
    <skipped/>
  </testcase> <!-- loginTest -->
  <testcase classname="com.ugapp.testcases.TC_07_LogInTest" name="loginTest" time="0.001">
    <skipped/>
  </testcase> <!-- loginTest -->
  <testcase classname="com.ugapp.testcases.TC_07_LogInTest" name="loginTest" time="0.000">
    <skipped/>
  </testcase> <!-- loginTest -->
  <testcase classname="com.ugapp.testcases.TC_07_LogInTest" name="loginTest" time="0.002">
    <skipped/>
  </testcase> <!-- loginTest -->
  <testcase classname="com.ugapp.testcases.TC_07_LogInTest" name="loginTest" time="0.001">
    <skipped/>
  </testcase> <!-- loginTest -->
  <testcase classname="com.ugapp.testcases.TC_07_LogInTest" name="loginTest" time="0.000">
    <skipped/>
  </testcase> <!-- loginTest -->
  <testcase classname="com.ugapp.testcases.TC_07_LogInTest" name="loginTest" time="0.001">
    <skipped/>
  </testcase> <!-- loginTest -->
  <testcase classname="com.ugapp.testcases.TC_07_LogInTest" name="loginTest" time="0.001">
    <skipped/>
  </testcase> <!-- loginTest -->
  <testcase classname="com.ugapp.testcases.TC_07_LogInTest" name="loginTest" time="0.001">
    <skipped/>
  </testcase> <!-- loginTest -->
  <testcase classname="com.ugapp.testcases.TC_07_LogInTest" name="loginTest" time="0.000">
    <skipped/>
  </testcase> <!-- loginTest -->
  <testcase classname="com.ugapp.testcases.TC_07_LogInTest" name="loginTest" time="0.001">
    <skipped/>
  </testcase> <!-- loginTest -->
  <testcase classname="com.ugapp.testcases.TC_07_LogInTest" name="loginTest" time="0.002">
    <skipped/>
  </testcase> <!-- loginTest -->
  <testcase classname="com.ugapp.testcases.TC_07_LogInTest" name="loginTest" time="0.001">
    <skipped/>
  </testcase> <!-- loginTest -->
  <testcase classname="com.ugapp.testcases.TC_07_LogInTest" name="loginTest" time="0.001">
    <skipped/>
  </testcase> <!-- loginTest -->
  <testcase classname="com.ugapp.testcases.TC_07_LogInTest" name="loginTest" time="0.001">
    <skipped/>
  </testcase> <!-- loginTest -->
  <testcase classname="com.ugapp.testcases.TC_07_LogInTest" name="loginTest" time="0.000">
    <skipped/>
  </testcase> <!-- loginTest -->
  <testcase classname="com.ugapp.testcases.TC_07_LogInTest" name="loginTest" time="0.001">
    <skipped/>
  </testcase> <!-- loginTest -->
  <testcase classname="com.ugapp.testcases.TC_07_LogInTest" name="loginTest" time="0.000">
    <skipped/>
  </testcase> <!-- loginTest -->
  <testcase classname="com.ugapp.testcases.TC_07_LogInTest" name="loginTest" time="0.001">
    <skipped/>
  </testcase> <!-- loginTest -->
  <testcase classname="com.ugapp.testcases.TC_07_LogInTest" name="loginTest" time="0.002">
    <skipped/>
  </testcase> <!-- loginTest -->
  <testcase classname="com.ugapp.testcases.TC_07_LogInTest" name="loginTest" time="0.001">
    <skipped/>
  </testcase> <!-- loginTest -->
  <testcase classname="com.ugapp.testcases.TC_07_LogInTest" name="loginTest" time="0.002">
    <skipped/>
  </testcase> <!-- loginTest -->
  <testcase classname="com.ugapp.testcases.TC_07_LogInTest" name="loginTest" time="0.001">
    <skipped/>
  </testcase> <!-- loginTest -->
  <testcase classname="com.ugapp.testcases.TC_07_LogInTest" name="loginTest" time="0.001">
    <skipped/>
  </testcase> <!-- loginTest -->
  <testcase classname="com.ugapp.testcases.TC_07_LogInTest" name="loginTest" time="0.001">
    <skipped/>
  </testcase> <!-- loginTest -->
  <testcase classname="com.ugapp.testcases.TC_07_LogInTest" name="loginTest" time="0.001">
    <skipped/>
  </testcase> <!-- loginTest -->
  <testcase classname="com.ugapp.testcases.TC_07_LogInTest" name="loginTest" time="0.006">
    <skipped/>
  </testcase> <!-- loginTest -->
  <testcase classname="com.ugapp.testcases.TC_07_LogInTest" name="loginTest" time="0.001">
    <skipped/>
  </testcase> <!-- loginTest -->
  <testcase classname="com.ugapp.testcases.TC_07_LogInTest" name="loginTest" time="0.001">
    <skipped/>
  </testcase> <!-- loginTest -->
  <testcase classname="com.ugapp.testcases.TC_07_LogInTest" name="loginTest" time="0.001">
    <skipped/>
  </testcase> <!-- loginTest -->
  <testcase classname="com.ugapp.testcases.TC_07_LogInTest" name="loginTest" time="0.001">
    <skipped/>
  </testcase> <!-- loginTest -->
  <testcase classname="com.ugapp.testcases.TC_07_LogInTest" name="loginTest" time="0.001">
    <skipped/>
  </testcase> <!-- loginTest -->
  <testcase classname="com.ugapp.testcases.TC_07_LogInTest" name="loginTest" time="0.001">
    <skipped/>
  </testcase> <!-- loginTest -->
  <testcase classname="com.ugapp.testcases.TC_07_LogInTest" name="loginTest" time="0.002">
    <skipped/>
  </testcase> <!-- loginTest -->
  <testcase classname="com.ugapp.testcases.TC_07_LogInTest" name="loginTest" time="0.001">
    <skipped/>
  </testcase> <!-- loginTest -->
  <testcase classname="com.ugapp.testcases.TC_07_LogInTest" name="loginTest" time="0.001">
    <skipped/>
  </testcase> <!-- loginTest -->
  <testcase classname="com.ugapp.testcases.TC_07_LogInTest" name="loginTest" time="0.001">
    <skipped/>
  </testcase> <!-- loginTest -->
  <testcase classname="com.ugapp.testcases.TC_07_LogInTest" name="loginTest" time="0.001">
    <skipped/>
  </testcase> <!-- loginTest -->
  <testcase classname="com.ugapp.testcases.TC_07_LogInTest" name="loginTest" time="0.001">
    <skipped/>
  </testcase> <!-- loginTest -->
  <testcase classname="com.ugapp.testcases.TC_07_LogInTest" name="loginTest" time="0.001">
    <skipped/>
  </testcase> <!-- loginTest -->
  <testcase classname="com.ugapp.testcases.TC_07_LogInTest" name="loginTest" time="0.002">
    <skipped/>
  </testcase> <!-- loginTest -->
  <testcase classname="com.ugapp.testcases.TC_07_LogInTest" name="loginTest" time="0.002">
    <skipped/>
  </testcase> <!-- loginTest -->
  <testcase classname="com.ugapp.testcases.TC_07_LogInTest" name="loginTest" time="0.001">
    <skipped/>
  </testcase> <!-- loginTest -->
  <testcase classname="com.ugapp.testcases.TC_07_LogInTest" name="loginTest" time="0.001">
    <skipped/>
  </testcase> <!-- loginTest -->
  <testcase classname="com.ugapp.testcases.TC_07_LogInTest" name="loginTest" time="0.002">
    <skipped/>
  </testcase> <!-- loginTest -->
  <testcase classname="com.ugapp.testcases.TC_07_LogInTest" name="loginTest" time="0.000">
    <skipped/>
  </testcase> <!-- loginTest -->
  <testcase classname="com.ugapp.testcases.TC_07_LogInTest" name="loginTest" time="0.001">
    <skipped/>
  </testcase> <!-- loginTest -->
  <testcase classname="com.ugapp.testcases.TC_07_LogInTest" name="loginTest" time="0.001">
    <skipped/>
  </testcase> <!-- loginTest -->
  <testcase classname="com.ugapp.testcases.TC_07_LogInTest" name="loginTest" time="0.001">
    <skipped/>
  </testcase> <!-- loginTest -->
  <testcase classname="com.ugapp.testcases.TC_07_LogInTest" name="loginTest" time="0.001">
    <skipped/>
  </testcase> <!-- loginTest -->
  <testcase classname="com.ugapp.testcases.TC_07_LogInTest" name="loginTest" time="0.001">
    <skipped/>
  </testcase> <!-- loginTest -->
  <testcase classname="com.ugapp.testcases.TC_07_LogInTest" name="loginTest" time="0.002">
    <skipped/>
  </testcase> <!-- loginTest -->
  <testcase classname="com.ugapp.testcases.TC_07_LogInTest" name="loginTest" time="0.004">
    <skipped/>
  </testcase> <!-- loginTest -->
  <testcase classname="com.ugapp.testcases.TC_07_LogInTest" name="loginTest" time="0.000">
    <skipped/>
  </testcase> <!-- loginTest -->
  <testcase classname="com.ugapp.testcases.TC_07_LogInTest" name="loginTest" time="0.001">
    <skipped/>
  </testcase> <!-- loginTest -->
  <testcase classname="com.ugapp.testcases.TC_07_LogInTest" name="loginTest" time="0.001">
    <skipped/>
  </testcase> <!-- loginTest -->
  <testcase classname="com.ugapp.testcases.TC_07_LogInTest" name="loginTest" time="0.001">
    <skipped/>
  </testcase> <!-- loginTest -->
  <testcase classname="com.ugapp.testcases.TC_07_LogInTest" name="loginTest" time="0.001">
    <skipped/>
  </testcase> <!-- loginTest -->
  <testcase classname="com.ugapp.testcases.TC_07_LogInTest" name="loginTest" time="0.006">
    <skipped/>
  </testcase> <!-- loginTest -->
  <testcase classname="com.ugapp.testcases.TC_07_LogInTest" name="loginTest" time="0.001">
    <skipped/>
  </testcase> <!-- loginTest -->
  <testcase classname="com.ugapp.testcases.TC_07_LogInTest" name="loginTest" time="0.001">
    <skipped/>
  </testcase> <!-- loginTest -->
  <testcase classname="com.ugapp.testcases.TC_07_LogInTest" name="loginTest" time="0.002">
    <skipped/>
  </testcase> <!-- loginTest -->
  <testcase classname="com.ugapp.testcases.TC_07_LogInTest" name="loginTest" time="0.002">
    <skipped/>
  </testcase> <!-- loginTest -->
  <testcase classname="com.ugapp.testcases.TC_07_LogInTest" name="loginTest" time="0.001">
    <skipped/>
  </testcase> <!-- loginTest -->
  <testcase classname="com.ugapp.testcases.TC_07_LogInTest" name="loginTest" time="0.001">
    <skipped/>
  </testcase> <!-- loginTest -->
  <testcase classname="com.ugapp.testcases.TC_07_LogInTest" name="loginTest" time="0.001">
    <skipped/>
  </testcase> <!-- loginTest -->
  <testcase classname="com.ugapp.testcases.TC_07_LogInTest" name="loginTest" time="0.001">
    <skipped/>
  </testcase> <!-- loginTest -->
  <testcase classname="com.ugapp.testcases.TC_07_LogInTest" name="loginTest" time="0.002">
    <skipped/>
  </testcase> <!-- loginTest -->
  <testcase classname="com.ugapp.testcases.TC_07_LogInTest" name="loginTest" time="0.001">
    <skipped/>
  </testcase> <!-- loginTest -->
  <testcase classname="com.ugapp.testcases.TC_07_LogInTest" name="loginTest" time="0.001">
    <skipped/>
  </testcase> <!-- loginTest -->
  <testcase classname="com.ugapp.testcases.TC_07_LogInTest" name="loginTest" time="0.002">
    <skipped/>
  </testcase> <!-- loginTest -->
  <testcase classname="com.ugapp.testcases.TC_07_LogInTest" name="loginTest" time="0.001">
    <skipped/>
  </testcase> <!-- loginTest -->
  <testcase classname="com.ugapp.testcases.TC_07_LogInTest" name="loginTest" time="0.001">
    <skipped/>
  </testcase> <!-- loginTest -->
  <testcase classname="com.ugapp.testcases.TC_07_LogInTest" name="loginTest" time="0.002">
    <skipped/>
  </testcase> <!-- loginTest -->
  <testcase classname="com.ugapp.testcases.TC_07_LogInTest" name="loginTest" time="0.002">
    <skipped/>
  </testcase> <!-- loginTest -->
  <testcase classname="com.ugapp.testcases.TC_07_LogInTest" name="loginTest" time="0.001">
    <skipped/>
  </testcase> <!-- loginTest -->
  <testcase classname="com.ugapp.testcases.TC_07_LogInTest" name="loginTest" time="0.001">
    <skipped/>
  </testcase> <!-- loginTest -->
  <testcase classname="com.ugapp.testcases.TC_07_LogInTest" name="loginTest" time="8.934"/>
  <testcase classname="com.ugapp.testcases.TC_07_LogInTest" name="loginTest" time="0.001">
    <skipped/>
  </testcase> <!-- loginTest -->
  <testcase classname="com.ugapp.testcases.TC_07_LogInTest" name="loginTest" time="0.001">
    <skipped/>
  </testcase> <!-- loginTest -->
  <testcase classname="com.ugapp.testcases.TC_07_LogInTest" name="loginTest" time="0.003">
    <skipped/>
  </testcase> <!-- loginTest -->
  <testcase classname="com.ugapp.testcases.TC_07_LogInTest" name="loginTest" time="0.001">
    <skipped/>
  </testcase> <!-- loginTest -->
  <testcase classname="com.ugapp.testcases.TC_07_LogInTest" name="loginTest" time="0.001">
    <skipped/>
  </testcase> <!-- loginTest -->
  <testcase classname="com.ugapp.testcases.TC_07_LogInTest" name="loginTest" time="0.001">
    <skipped/>
  </testcase> <!-- loginTest -->
  <testcase classname="com.ugapp.testcases.TC_07_LogInTest" name="loginTest" time="0.001">
    <skipped/>
  </testcase> <!-- loginTest -->
  <testcase classname="com.ugapp.testcases.TC_07_LogInTest" name="loginTest" time="0.001">
    <skipped/>
  </testcase> <!-- loginTest -->
  <testcase classname="com.ugapp.testcases.TC_07_LogInTest" name="loginTest" time="0.001">
    <skipped/>
  </testcase> <!-- loginTest -->
  <testcase classname="com.ugapp.testcases.TC_07_LogInTest" name="loginTest" time="0.008">
    <skipped/>
  </testcase> <!-- loginTest -->
  <testcase classname="com.ugapp.testcases.TC_07_LogInTest" name="loginTest" time="0.001">
    <skipped/>
  </testcase> <!-- loginTest -->
  <testcase classname="com.ugapp.testcases.TC_07_LogInTest" name="loginTest" time="0.004">
    <skipped/>
  </testcase> <!-- loginTest -->
  <testcase classname="com.ugapp.testcases.TC_07_LogInTest" name="loginTest" time="0.001">
    <skipped/>
  </testcase> <!-- loginTest -->
  <testcase classname="com.ugapp.testcases.TC_07_LogInTest" name="loginTest" time="0.001">
    <skipped/>
  </testcase> <!-- loginTest -->
  <testcase classname="com.ugapp.testcases.TC_07_LogInTest" name="loginTest" time="0.001">
    <skipped/>
  </testcase> <!-- loginTest -->
  <testcase classname="com.ugapp.testcases.TC_07_LogInTest" name="loginTest" time="0.001">
    <skipped/>
  </testcase> <!-- loginTest -->
  <testcase classname="com.ugapp.testcases.TC_07_LogInTest" name="loginTest" time="0.001">
    <skipped/>
  </testcase> <!-- loginTest -->
  <testcase classname="com.ugapp.testcases.TC_07_LogInTest" name="loginTest" time="0.001">
    <skipped/>
  </testcase> <!-- loginTest -->
  <testcase classname="com.ugapp.testcases.TC_07_LogInTest" name="loginTest" time="0.001">
    <skipped/>
  </testcase> <!-- loginTest -->
  <testcase classname="com.ugapp.testcases.TC_07_LogInTest" name="loginTest" time="0.001">
    <skipped/>
  </testcase> <!-- loginTest -->
  <testcase classname="com.ugapp.testcases.TC_07_LogInTest" name="loginTest" time="0.001">
    <skipped/>
  </testcase> <!-- loginTest -->
  <testcase classname="com.ugapp.testcases.TC_07_LogInTest" name="loginTest" time="0.001">
    <skipped/>
  </testcase> <!-- loginTest -->
  <testcase classname="com.ugapp.testcases.TC_07_LogInTest" name="loginTest" time="0.005">
    <skipped/>
  </testcase> <!-- loginTest -->
  <testcase classname="com.ugapp.testcases.TC_07_LogInTest" name="loginTest" time="0.002">
    <skipped/>
  </testcase> <!-- loginTest -->
  <testcase classname="com.ugapp.testcases.TC_07_LogInTest" name="loginTest" time="0.001">
    <skipped/>
  </testcase> <!-- loginTest -->
  <testcase classname="com.ugapp.testcases.TC_07_LogInTest" name="loginTest" time="0.001">
    <skipped/>
  </testcase> <!-- loginTest -->
  <testcase classname="com.ugapp.testcases.TC_07_LogInTest" name="loginTest" time="0.001">
    <skipped/>
  </testcase> <!-- loginTest -->
  <testcase classname="com.ugapp.testcases.TC_07_LogInTest" name="loginTest" time="0.001">
    <skipped/>
  </testcase> <!-- loginTest -->
  <testcase classname="com.ugapp.testcases.TC_07_LogInTest" name="loginTest" time="0.003">
    <skipped/>
  </testcase> <!-- loginTest -->
  <testcase classname="com.ugapp.testcases.TC_07_LogInTest" name="loginTest" time="0.001">
    <skipped/>
  </testcase> <!-- loginTest -->
  <testcase classname="com.ugapp.testcases.TC_07_LogInTest" name="loginTest" time="0.001">
    <skipped/>
  </testcase> <!-- loginTest -->
  <testcase classname="com.ugapp.testcases.TC_07_LogInTest" name="loginTest" time="0.001">
    <skipped/>
  </testcase> <!-- loginTest -->
  <testcase classname="com.ugapp.testcases.TC_07_LogInTest" name="loginTest" time="0.001">
    <skipped/>
  </testcase> <!-- loginTest -->
  <testcase classname="com.ugapp.testcases.TC_07_LogInTest" name="loginTest" time="0.001">
    <skipped/>
  </testcase> <!-- loginTest -->
  <testcase classname="com.ugapp.testcases.TC_07_LogInTest" name="loginTest" time="0.000">
    <skipped/>
  </testcase> <!-- loginTest -->
  <testcase classname="com.ugapp.testcases.TC_07_LogInTest" name="loginTest" time="0.001">
    <skipped/>
  </testcase> <!-- loginTest -->
  <testcase classname="com.ugapp.testcases.TC_07_LogInTest" name="loginTest" time="0.002">
    <skipped/>
  </testcase> <!-- loginTest -->
  <testcase classname="com.ugapp.testcases.TC_07_LogInTest" name="loginTest" time="0.001">
    <skipped/>
  </testcase> <!-- loginTest -->
  <testcase classname="com.ugapp.testcases.TC_07_LogInTest" name="loginTest" time="0.002">
    <skipped/>
  </testcase> <!-- loginTest -->
  <testcase classname="com.ugapp.testcases.TC_07_LogInTest" name="loginTest" time="0.001">
    <skipped/>
  </testcase> <!-- loginTest -->
  <testcase classname="com.ugapp.testcases.TC_07_LogInTest" name="loginTest" time="0.002">
    <skipped/>
  </testcase> <!-- loginTest -->
  <testcase classname="com.ugapp.testcases.TC_07_LogInTest" name="loginTest" time="0.000">
    <skipped/>
  </testcase> <!-- loginTest -->
  <testcase classname="com.ugapp.testcases.TC_07_LogInTest" name="loginTest" time="0.001">
    <skipped/>
  </testcase> <!-- loginTest -->
  <testcase classname="com.ugapp.testcases.TC_07_LogInTest" name="loginTest" time="0.001">
    <skipped/>
  </testcase> <!-- loginTest -->
  <testcase classname="com.ugapp.testcases.TC_07_LogInTest" name="loginTest" time="0.002">
    <skipped/>
  </testcase> <!-- loginTest -->
  <testcase classname="com.ugapp.testcases.TC_07_LogInTest" name="loginTest" time="0.001">
    <skipped/>
  </testcase> <!-- loginTest -->
  <testcase classname="com.ugapp.testcases.TC_07_LogInTest" name="loginTest" time="0.001">
    <skipped/>
  </testcase> <!-- loginTest -->
  <testcase classname="com.ugapp.testcases.TC_07_LogInTest" name="loginTest" time="0.002">
    <skipped/>
  </testcase> <!-- loginTest -->
  <testcase classname="com.ugapp.testcases.TC_07_LogInTest" name="loginTest" time="0.000">
    <skipped/>
  </testcase> <!-- loginTest -->
  <testcase classname="com.ugapp.testcases.TC_07_LogInTest" name="loginTest" time="0.002">
    <skipped/>
  </testcase> <!-- loginTest -->
  <testcase classname="com.ugapp.testcases.TC_07_LogInTest" name="loginTest" time="0.006">
    <skipped/>
  </testcase> <!-- loginTest -->
  <testcase classname="com.ugapp.testcases.TC_07_LogInTest" name="loginTest" time="0.002">
    <skipped/>
  </testcase> <!-- loginTest -->
  <testcase classname="com.ugapp.testcases.TC_07_LogInTest" name="loginTest" time="0.001">
    <skipped/>
  </testcase> <!-- loginTest -->
  <testcase classname="com.ugapp.testcases.TC_07_LogInTest" name="loginTest" time="0.001">
    <skipped/>
  </testcase> <!-- loginTest -->
  <testcase classname="com.ugapp.testcases.TC_07_LogInTest" name="loginTest" time="0.003">
    <skipped/>
  </testcase> <!-- loginTest -->
  <testcase classname="com.ugapp.testcases.TC_07_LogInTest" name="loginTest" time="0.003">
    <skipped/>
  </testcase> <!-- loginTest -->
  <testcase classname="com.ugapp.testcases.TC_07_LogInTest" name="loginTest" time="0.003">
    <skipped/>
  </testcase> <!-- loginTest -->
  <testcase classname="com.ugapp.testcases.TC_07_LogInTest" name="loginTest" time="0.001">
    <skipped/>
  </testcase> <!-- loginTest -->
  <testcase classname="com.ugapp.testcases.TC_07_LogInTest" name="loginTest" time="0.002">
    <skipped/>
  </testcase> <!-- loginTest -->
  <testcase classname="com.ugapp.testcases.TC_07_LogInTest" name="loginTest" time="0.001">
    <skipped/>
  </testcase> <!-- loginTest -->
  <testcase classname="com.ugapp.testcases.TC_07_LogInTest" name="loginTest" time="0.001">
    <skipped/>
  </testcase> <!-- loginTest -->
  <testcase classname="com.ugapp.testcases.TC_07_LogInTest" name="loginTest" time="0.001">
    <skipped/>
  </testcase> <!-- loginTest -->
  <testcase classname="com.ugapp.testcases.TC_07_LogInTest" name="loginTest" time="0.000">
    <skipped/>
  </testcase> <!-- loginTest -->
  <testcase classname="com.ugapp.testcases.TC_07_LogInTest" name="loginTest" time="0.003">
    <skipped/>
  </testcase> <!-- loginTest -->
  <testcase classname="com.ugapp.testcases.TC_07_LogInTest" name="loginTest" time="0.001">
    <skipped/>
  </testcase> <!-- loginTest -->
  <testcase classname="com.ugapp.testcases.TC_07_LogInTest" name="loginTest" time="0.002">
    <skipped/>
  </testcase> <!-- loginTest -->
  <testcase classname="com.ugapp.testcases.TC_07_LogInTest" name="loginTest" time="0.000">
    <skipped/>
  </testcase> <!-- loginTest -->
  <testcase classname="com.ugapp.testcases.TC_07_LogInTest" name="loginTest" time="0.000">
    <skipped/>
  </testcase> <!-- loginTest -->
  <testcase classname="com.ugapp.testcases.TC_07_LogInTest" name="loginTest" time="0.002">
    <skipped/>
  </testcase> <!-- loginTest -->
  <testcase classname="com.ugapp.testcases.TC_07_LogInTest" name="loginTest" time="0.002">
    <skipped/>
  </testcase> <!-- loginTest -->
  <testcase classname="com.ugapp.testcases.TC_07_LogInTest" name="loginTest" time="0.001">
    <skipped/>
  </testcase> <!-- loginTest -->
  <testcase classname="com.ugapp.testcases.TC_07_LogInTest" name="loginTest" time="0.002">
    <skipped/>
  </testcase> <!-- loginTest -->
  <testcase classname="com.ugapp.testcases.TC_07_LogInTest" name="loginTest" time="0.003">
    <skipped/>
  </testcase> <!-- loginTest -->
  <testcase classname="com.ugapp.testcases.TC_07_LogInTest" name="loginTest" time="0.002">
    <skipped/>
  </testcase> <!-- loginTest -->
  <testcase classname="com.ugapp.testcases.TC_07_LogInTest" name="loginTest" time="0.001">
    <skipped/>
  </testcase> <!-- loginTest -->
  <testcase classname="com.ugapp.testcases.TC_07_LogInTest" name="loginTest" time="0.000">
    <skipped/>
  </testcase> <!-- loginTest -->
  <testcase classname="com.ugapp.testcases.TC_07_LogInTest" name="loginTest" time="0.001">
    <skipped/>
  </testcase> <!-- loginTest -->
  <testcase classname="com.ugapp.testcases.TC_07_LogInTest" name="loginTest" time="0.010">
    <skipped/>
  </testcase> <!-- loginTest -->
  <testcase classname="com.ugapp.testcases.TC_07_LogInTest" name="loginTest" time="0.000">
    <skipped/>
  </testcase> <!-- loginTest -->
  <testcase classname="com.ugapp.testcases.TC_07_LogInTest" name="loginTest" time="0.001">
    <skipped/>
  </testcase> <!-- loginTest -->
  <testcase classname="com.ugapp.testcases.TC_07_LogInTest" name="loginTest" time="0.001">
    <skipped/>
  </testcase> <!-- loginTest -->
  <testcase classname="com.ugapp.testcases.TC_07_LogInTest" name="loginTest" time="0.001">
    <skipped/>
  </testcase> <!-- loginTest -->
  <testcase classname="com.ugapp.testcases.TC_07_LogInTest" name="loginTest" time="0.001">
    <skipped/>
  </testcase> <!-- loginTest -->
  <testcase classname="com.ugapp.testcases.TC_07_LogInTest" name="loginTest" time="0.001">
    <skipped/>
  </testcase> <!-- loginTest -->
  <testcase classname="com.ugapp.testcases.TC_07_LogInTest" name="loginTest" time="0.001">
    <skipped/>
  </testcase> <!-- loginTest -->
  <testcase classname="com.ugapp.testcases.TC_07_LogInTest" name="loginTest" time="0.001">
    <skipped/>
  </testcase> <!-- loginTest -->
  <testcase classname="com.ugapp.testcases.TC_07_LogInTest" name="loginTest" time="0.004">
    <skipped/>
  </testcase> <!-- loginTest -->
  <testcase classname="com.ugapp.testcases.TC_07_LogInTest" name="loginTest" time="0.001">
    <skipped/>
  </testcase> <!-- loginTest -->
  <testcase classname="com.ugapp.testcases.TC_07_LogInTest" name="loginTest" time="0.000">
    <skipped/>
  </testcase> <!-- loginTest -->
  <testcase classname="com.ugapp.testcases.TC_07_LogInTest" name="loginTest" time="0.001">
    <skipped/>
  </testcase> <!-- loginTest -->
  <testcase classname="com.ugapp.testcases.TC_07_LogInTest" name="loginTest" time="0.002">
    <skipped/>
  </testcase> <!-- loginTest -->
  <testcase classname="com.ugapp.testcases.TC_07_LogInTest" name="loginTest" time="0.001">
    <skipped/>
  </testcase> <!-- loginTest -->
  <testcase classname="com.ugapp.testcases.TC_07_LogInTest" name="loginTest" time="0.001">
    <skipped/>
  </testcase> <!-- loginTest -->
  <testcase classname="com.ugapp.testcases.TC_07_LogInTest" name="loginTest" time="0.001">
    <skipped/>
  </testcase> <!-- loginTest -->
  <testcase classname="com.ugapp.testcases.TC_07_LogInTest" name="loginTest" time="0.001">
    <skipped/>
  </testcase> <!-- loginTest -->
  <testcase classname="com.ugapp.testcases.TC_07_LogInTest" name="loginTest" time="0.007">
    <skipped/>
  </testcase> <!-- loginTest -->
  <testcase classname="com.ugapp.testcases.TC_07_LogInTest" name="loginTest" time="0.001">
    <skipped/>
  </testcase> <!-- loginTest -->
  <testcase classname="com.ugapp.testcases.TC_07_LogInTest" name="loginTest" time="0.001">
    <skipped/>
  </testcase> <!-- loginTest -->
  <testcase classname="com.ugapp.testcases.TC_07_LogInTest" name="loginTest" time="0.001">
    <skipped/>
  </testcase> <!-- loginTest -->
  <testcase classname="com.ugapp.testcases.TC_07_LogInTest" name="loginTest" time="0.001">
    <skipped/>
  </testcase> <!-- loginTest -->
  <testcase classname="com.ugapp.testcases.TC_07_LogInTest" name="loginTest" time="0.001">
    <skipped/>
  </testcase> <!-- loginTest -->
  <testcase classname="com.ugapp.testcases.TC_07_LogInTest" name="loginTest" time="0.004">
    <skipped/>
  </testcase> <!-- loginTest -->
  <testcase classname="com.ugapp.testcases.TC_07_LogInTest" name="loginTest" time="0.001">
    <skipped/>
  </testcase> <!-- loginTest -->
  <testcase classname="com.ugapp.testcases.TC_07_LogInTest" name="loginTest" time="0.001">
    <skipped/>
  </testcase> <!-- loginTest -->
  <testcase classname="com.ugapp.testcases.TC_07_LogInTest" name="loginTest" time="0.001">
    <skipped/>
  </testcase> <!-- loginTest -->
  <testcase classname="com.ugapp.testcases.TC_07_LogInTest" name="loginTest" time="0.001">
    <skipped/>
  </testcase> <!-- loginTest -->
  <testcase classname="com.ugapp.testcases.TC_07_LogInTest" name="loginTest" time="0.001">
    <skipped/>
  </testcase> <!-- loginTest -->
  <testcase classname="com.ugapp.testcases.TC_07_LogInTest" name="loginTest" time="0.001">
    <skipped/>
  </testcase> <!-- loginTest -->
  <testcase classname="com.ugapp.testcases.TC_07_LogInTest" name="loginTest" time="0.002">
    <skipped/>
  </testcase> <!-- loginTest -->
  <testcase classname="com.ugapp.testcases.TC_07_LogInTest" name="loginTest" time="0.001">
    <skipped/>
  </testcase> <!-- loginTest -->
  <testcase classname="com.ugapp.testcases.TC_07_LogInTest" name="loginTest" time="0.001">
    <skipped/>
  </testcase> <!-- loginTest -->
  <testcase classname="com.ugapp.testcases.TC_07_LogInTest" name="loginTest" time="0.001">
    <skipped/>
  </testcase> <!-- loginTest -->
  <testcase classname="com.ugapp.testcases.TC_07_LogInTest" name="loginTest" time="0.000">
    <skipped/>
  </testcase> <!-- loginTest -->
  <testcase classname="com.ugapp.testcases.TC_07_LogInTest" name="loginTest" time="0.001">
    <skipped/>
  </testcase> <!-- loginTest -->
  <testcase classname="com.ugapp.testcases.TC_07_LogInTest" name="loginTest" time="0.002">
    <skipped/>
  </testcase> <!-- loginTest -->
  <testcase classname="com.ugapp.testcases.TC_07_LogInTest" name="loginTest" time="0.001">
    <skipped/>
  </testcase> <!-- loginTest -->
  <testcase classname="com.ugapp.testcases.TC_07_LogInTest" name="loginTest" time="0.005">
    <skipped/>
  </testcase> <!-- loginTest -->
  <testcase classname="com.ugapp.testcases.TC_07_LogInTest" name="loginTest" time="0.000">
    <skipped/>
  </testcase> <!-- loginTest -->
  <testcase classname="com.ugapp.testcases.TC_07_LogInTest" name="loginTest" time="0.001">
    <skipped/>
  </testcase> <!-- loginTest -->
  <testcase classname="com.ugapp.testcases.TC_07_LogInTest" name="loginTest" time="0.001">
    <skipped/>
  </testcase> <!-- loginTest -->
  <testcase classname="com.ugapp.testcases.TC_07_LogInTest" name="loginTest" time="0.001">
    <skipped/>
  </testcase> <!-- loginTest -->
  <testcase classname="com.ugapp.testcases.TC_07_LogInTest" name="loginTest" time="0.002">
    <skipped/>
  </testcase> <!-- loginTest -->
  <testcase classname="com.ugapp.testcases.TC_07_LogInTest" name="loginTest" time="0.001">
    <skipped/>
  </testcase> <!-- loginTest -->
  <testcase classname="com.ugapp.testcases.TC_07_LogInTest" name="loginTest" time="0.001">
    <skipped/>
  </testcase> <!-- loginTest -->
  <testcase classname="com.ugapp.testcases.TC_07_LogInTest" name="loginTest" time="0.001">
    <skipped/>
  </testcase> <!-- loginTest -->
  <testcase classname="com.ugapp.testcases.TC_07_LogInTest" name="loginTest" time="0.001">
    <skipped/>
  </testcase> <!-- loginTest -->
  <testcase classname="com.ugapp.testcases.TC_07_LogInTest" name="loginTest" time="0.001">
    <skipped/>
  </testcase> <!-- loginTest -->
  <testcase classname="com.ugapp.testcases.TC_07_LogInTest" name="loginTest" time="0.001">
    <skipped/>
  </testcase> <!-- loginTest -->
  <testcase classname="com.ugapp.testcases.TC_07_LogInTest" name="loginTest" time="0.001">
    <skipped/>
  </testcase> <!-- loginTest -->
  <testcase classname="com.ugapp.testcases.TC_07_LogInTest" name="loginTest" time="0.001">
    <skipped/>
  </testcase> <!-- loginTest -->
  <testcase classname="com.ugapp.testcases.TC_07_LogInTest" name="loginTest" time="0.001">
    <skipped/>
  </testcase> <!-- loginTest -->
  <testcase classname="com.ugapp.testcases.TC_07_LogInTest" name="loginTest" time="0.002">
    <skipped/>
  </testcase> <!-- loginTest -->
  <testcase classname="com.ugapp.testcases.TC_07_LogInTest" name="loginTest" time="0.001">
    <skipped/>
  </testcase> <!-- loginTest -->
  <testcase classname="com.ugapp.testcases.TC_07_LogInTest" name="loginTest" time="0.001">
    <skipped/>
  </testcase> <!-- loginTest -->
  <testcase classname="com.ugapp.testcases.TC_07_LogInTest" name="loginTest" time="0.001">
    <skipped/>
  </testcase> <!-- loginTest -->
  <testcase classname="com.ugapp.testcases.TC_07_LogInTest" name="loginTest" time="0.001">
    <skipped/>
  </testcase> <!-- loginTest -->
  <testcase classname="com.ugapp.testcases.TC_07_LogInTest" name="loginTest" time="0.002">
    <skipped/>
  </testcase> <!-- loginTest -->
  <testcase classname="com.ugapp.testcases.TC_07_LogInTest" name="loginTest" time="0.000">
    <skipped/>
  </testcase> <!-- loginTest -->
  <testcase classname="com.ugapp.testcases.TC_07_LogInTest" name="loginTest" time="0.002">
    <skipped/>
  </testcase> <!-- loginTest -->
  <testcase classname="com.ugapp.testcases.TC_07_LogInTest" name="loginTest" time="0.001">
    <skipped/>
  </testcase> <!-- loginTest -->
  <testcase classname="com.ugapp.testcases.TC_07_LogInTest" name="loginTest" time="0.001">
    <skipped/>
  </testcase> <!-- loginTest -->
  <testcase classname="com.ugapp.testcases.TC_07_LogInTest" name="loginTest" time="0.001">
    <skipped/>
  </testcase> <!-- loginTest -->
  <testcase classname="com.ugapp.testcases.TC_07_LogInTest" name="loginTest" time="0.001">
    <skipped/>
  </testcase> <!-- loginTest -->
  <testcase classname="com.ugapp.testcases.TC_07_LogInTest" name="loginTest" time="0.000">
    <skipped/>
  </testcase> <!-- loginTest -->
  <testcase classname="com.ugapp.testcases.TC_07_LogInTest" name="loginTest" time="0.000">
    <skipped/>
  </testcase> <!-- loginTest -->
  <testcase classname="com.ugapp.testcases.TC_07_LogInTest" name="loginTest" time="0.001">
    <skipped/>
  </testcase> <!-- loginTest -->
  <testcase classname="com.ugapp.testcases.TC_07_LogInTest" name="loginTest" time="0.001">
    <skipped/>
  </testcase> <!-- loginTest -->
  <testcase classname="com.ugapp.testcases.TC_07_LogInTest" name="loginTest" time="0.001">
    <skipped/>
  </testcase> <!-- loginTest -->
  <testcase classname="com.ugapp.testcases.TC_07_LogInTest" name="loginTest" time="0.002">
    <skipped/>
  </testcase> <!-- loginTest -->
  <testcase classname="com.ugapp.testcases.TC_07_LogInTest" name="loginTest" time="0.001">
    <skipped/>
  </testcase> <!-- loginTest -->
  <testcase classname="com.ugapp.testcases.TC_07_LogInTest" name="loginTest" time="0.001">
    <skipped/>
  </testcase> <!-- loginTest -->
  <testcase classname="com.ugapp.testcases.TC_07_LogInTest" name="loginTest" time="0.001">
    <skipped/>
  </testcase> <!-- loginTest -->
  <testcase classname="com.ugapp.testcases.TC_07_LogInTest" name="loginTest" time="0.001">
    <skipped/>
  </testcase> <!-- loginTest -->
  <testcase classname="com.ugapp.testcases.TC_07_LogInTest" name="loginTest" time="0.001">
    <skipped/>
  </testcase> <!-- loginTest -->
  <testcase classname="com.ugapp.testcases.TC_07_LogInTest" name="loginTest" time="0.006">
    <skipped/>
  </testcase> <!-- loginTest -->
  <testcase classname="com.ugapp.testcases.TC_07_LogInTest" name="loginTest" time="0.000">
    <skipped/>
  </testcase> <!-- loginTest -->
  <testcase classname="com.ugapp.testcases.TC_07_LogInTest" name="loginTest" time="0.000">
    <skipped/>
  </testcase> <!-- loginTest -->
  <testcase classname="com.ugapp.testcases.TC_07_LogInTest" name="loginTest" time="0.001">
    <skipped/>
  </testcase> <!-- loginTest -->
  <testcase classname="com.ugapp.testcases.TC_07_LogInTest" name="loginTest" time="0.002">
    <skipped/>
  </testcase> <!-- loginTest -->
  <testcase classname="com.ugapp.testcases.TC_07_LogInTest" name="loginTest" time="0.001">
    <skipped/>
  </testcase> <!-- loginTest -->
  <testcase classname="com.ugapp.testcases.TC_07_LogInTest" name="loginTest" time="0.001">
    <skipped/>
  </testcase> <!-- loginTest -->
  <testcase classname="com.ugapp.testcases.TC_07_LogInTest" name="loginTest" time="0.001">
    <skipped/>
  </testcase> <!-- loginTest -->
  <testcase classname="com.ugapp.testcases.TC_07_LogInTest" name="loginTest" time="0.002">
    <skipped/>
  </testcase> <!-- loginTest -->
  <testcase classname="com.ugapp.testcases.TC_07_LogInTest" name="loginTest" time="0.002">
    <skipped/>
  </testcase> <!-- loginTest -->
  <testcase classname="com.ugapp.testcases.TC_07_LogInTest" name="loginTest" time="0.001">
    <skipped/>
  </testcase> <!-- loginTest -->
  <testcase classname="com.ugapp.testcases.TC_07_LogInTest" name="loginTest" time="0.000">
    <skipped/>
  </testcase> <!-- loginTest -->
  <testcase classname="com.ugapp.testcases.TC_07_LogInTest" name="loginTest" time="0.001">
    <skipped/>
  </testcase> <!-- loginTest -->
  <testcase classname="com.ugapp.testcases.TC_07_LogInTest" name="loginTest" time="0.000">
    <skipped/>
  </testcase> <!-- loginTest -->
  <testcase classname="com.ugapp.testcases.TC_07_LogInTest" name="loginTest" time="0.002">
    <skipped/>
  </testcase> <!-- loginTest -->
  <testcase classname="com.ugapp.testcases.TC_07_LogInTest" name="loginTest" time="0.001">
    <skipped/>
  </testcase> <!-- loginTest -->
  <testcase classname="com.ugapp.testcases.TC_07_LogInTest" name="loginTest" time="0.001">
    <skipped/>
  </testcase> <!-- loginTest -->
  <testcase classname="com.ugapp.testcases.TC_07_LogInTest" name="loginTest" time="0.012">
    <skipped/>
  </testcase> <!-- loginTest -->
  <testcase classname="com.ugapp.testcases.TC_07_LogInTest" name="loginTest" time="0.001">
    <skipped/>
  </testcase> <!-- loginTest -->
  <testcase classname="com.ugapp.testcases.TC_07_LogInTest" name="loginTest" time="0.001">
    <skipped/>
  </testcase> <!-- loginTest -->
  <testcase classname="com.ugapp.testcases.TC_07_LogInTest" name="loginTest" time="0.001">
    <skipped/>
  </testcase> <!-- loginTest -->
  <testcase classname="com.ugapp.testcases.TC_07_LogInTest" name="loginTest" time="0.001">
    <skipped/>
  </testcase> <!-- loginTest -->
  <testcase classname="com.ugapp.testcases.TC_07_LogInTest" name="loginTest" time="0.000">
    <skipped/>
  </testcase> <!-- loginTest -->
  <testcase classname="com.ugapp.testcases.TC_07_LogInTest" name="loginTest" time="0.001">
    <skipped/>
  </testcase> <!-- loginTest -->
  <testcase classname="com.ugapp.testcases.TC_07_LogInTest" name="loginTest" time="0.000">
    <skipped/>
  </testcase> <!-- loginTest -->
  <testcase classname="com.ugapp.testcases.TC_07_LogInTest" name="loginTest" time="0.001">
    <skipped/>
  </testcase> <!-- loginTest -->
  <testcase classname="com.ugapp.testcases.TC_07_LogInTest" name="loginTest" time="0.001">
    <skipped/>
  </testcase> <!-- loginTest -->
  <testcase classname="com.ugapp.testcases.TC_07_LogInTest" name="loginTest" time="0.002">
    <skipped/>
  </testcase> <!-- loginTest -->
  <testcase classname="com.ugapp.testcases.TC_07_LogInTest" name="loginTest" time="0.001">
    <skipped/>
  </testcase> <!-- loginTest -->
  <testcase classname="com.ugapp.testcases.TC_07_LogInTest" name="loginTest" time="0.002">
    <skipped/>
  </testcase> <!-- loginTest -->
  <testcase classname="com.ugapp.testcases.TC_07_LogInTest" name="loginTest" time="0.001">
    <skipped/>
  </testcase> <!-- loginTest -->
  <testcase classname="com.ugapp.testcases.TC_07_LogInTest" name="loginTest" time="0.001">
    <skipped/>
  </testcase> <!-- loginTest -->
  <testcase classname="com.ugapp.testcases.TC_07_LogInTest" name="loginTest" time="0.001">
    <skipped/>
  </testcase> <!-- loginTest -->
  <testcase classname="com.ugapp.testcases.TC_07_LogInTest" name="loginTest" time="0.001">
    <skipped/>
  </testcase> <!-- loginTest -->
  <testcase classname="com.ugapp.testcases.TC_07_LogInTest" name="loginTest" time="0.000">
    <skipped/>
  </testcase> <!-- loginTest -->
  <testcase classname="com.ugapp.testcases.TC_07_LogInTest" name="loginTest" time="0.001">
    <skipped/>
  </testcase> <!-- loginTest -->
  <testcase classname="com.ugapp.testcases.TC_07_LogInTest" name="loginTest" time="0.001">
    <skipped/>
  </testcase> <!-- loginTest -->
  <testcase classname="com.ugapp.testcases.TC_07_LogInTest" name="loginTest" time="0.001">
    <skipped/>
  </testcase> <!-- loginTest -->
  <testcase classname="com.ugapp.testcases.TC_07_LogInTest" name="loginTest" time="0.001">
    <skipped/>
  </testcase> <!-- loginTest -->
  <testcase classname="com.ugapp.testcases.TC_07_LogInTest" name="loginTest" time="0.001">
    <skipped/>
  </testcase> <!-- loginTest -->
  <testcase classname="com.ugapp.testcases.TC_07_LogInTest" name="loginTest" time="0.002">
    <skipped/>
  </testcase> <!-- loginTest -->
  <testcase classname="com.ugapp.testcases.TC_07_LogInTest" name="loginTest" time="0.001">
    <skipped/>
  </testcase> <!-- loginTest -->
  <testcase classname="com.ugapp.testcases.TC_07_LogInTest" name="loginTest" time="0.001">
    <skipped/>
  </testcase> <!-- loginTest -->
  <testcase classname="com.ugapp.testcases.TC_07_LogInTest" name="loginTest" time="0.001">
    <skipped/>
  </testcase> <!-- loginTest -->
  <testcase classname="com.ugapp.testcases.TC_07_LogInTest" name="loginTest" time="0.000">
    <skipped/>
  </testcase> <!-- loginTest -->
  <testcase classname="com.ugapp.testcases.TC_07_LogInTest" name="loginTest" time="0.001">
    <skipped/>
  </testcase> <!-- loginTest -->
  <testcase classname="com.ugapp.testcases.TC_07_LogInTest" name="loginTest" time="0.002">
    <skipped/>
  </testcase> <!-- loginTest -->
  <testcase classname="com.ugapp.testcases.TC_07_LogInTest" name="loginTest" time="0.001">
    <skipped/>
  </testcase> <!-- loginTest -->
  <testcase classname="com.ugapp.testcases.TC_07_LogInTest" name="loginTest" time="0.001">
    <skipped/>
  </testcase> <!-- loginTest -->
  <testcase classname="com.ugapp.testcases.TC_07_LogInTest" name="loginTest" time="0.000">
    <skipped/>
  </testcase> <!-- loginTest -->
  <testcase classname="com.ugapp.testcases.TC_07_LogInTest" name="loginTest" time="0.000">
    <skipped/>
  </testcase> <!-- loginTest -->
  <testcase classname="com.ugapp.testcases.TC_07_LogInTest" name="loginTest" time="0.001">
    <skipped/>
  </testcase> <!-- loginTest -->
  <testcase classname="com.ugapp.testcases.TC_07_LogInTest" name="loginTest" time="0.001">
    <skipped/>
  </testcase> <!-- loginTest -->
  <testcase classname="com.ugapp.testcases.TC_07_LogInTest" name="loginTest" time="0.001">
    <skipped/>
  </testcase> <!-- loginTest -->
  <testcase classname="com.ugapp.testcases.TC_07_LogInTest" name="loginTest" time="0.001">
    <skipped/>
  </testcase> <!-- loginTest -->
  <testcase classname="com.ugapp.testcases.TC_07_LogInTest" name="loginTest" time="0.001">
    <skipped/>
  </testcase> <!-- loginTest -->
  <testcase classname="com.ugapp.testcases.TC_07_LogInTest" name="loginTest" time="0.002">
    <skipped/>
  </testcase> <!-- loginTest -->
  <testcase classname="com.ugapp.testcases.TC_07_LogInTest" name="loginTest" time="0.002">
    <skipped/>
  </testcase> <!-- loginTest -->
  <testcase classname="com.ugapp.testcases.TC_07_LogInTest" name="loginTest" time="0.001">
    <skipped/>
  </testcase> <!-- loginTest -->
  <testcase classname="com.ugapp.testcases.TC_07_LogInTest" name="loginTest" time="0.000">
    <skipped/>
  </testcase> <!-- loginTest -->
  <testcase classname="com.ugapp.testcases.TC_07_LogInTest" name="loginTest" time="0.001">
    <skipped/>
  </testcase> <!-- loginTest -->
  <testcase classname="com.ugapp.testcases.TC_07_LogInTest" name="loginTest" time="0.001">
    <skipped/>
  </testcase> <!-- loginTest -->
  <testcase classname="com.ugapp.testcases.TC_07_LogInTest" name="loginTest" time="0.004">
    <skipped/>
  </testcase> <!-- loginTest -->
  <testcase classname="com.ugapp.testcases.TC_07_LogInTest" name="loginTest" time="0.001">
    <skipped/>
  </testcase> <!-- loginTest -->
  <testcase classname="com.ugapp.testcases.TC_07_LogInTest" name="loginTest" time="0.002">
    <skipped/>
  </testcase> <!-- loginTest -->
  <testcase classname="com.ugapp.testcases.TC_07_LogInTest" name="loginTest" time="0.001">
    <skipped/>
  </testcase> <!-- loginTest -->
  <testcase classname="com.ugapp.testcases.TC_07_LogInTest" name="loginTest" time="0.001">
    <skipped/>
  </testcase> <!-- loginTest -->
  <testcase classname="com.ugapp.testcases.TC_07_LogInTest" name="loginTest" time="0.001">
    <skipped/>
  </testcase> <!-- loginTest -->
  <testcase classname="com.ugapp.testcases.TC_07_LogInTest" name="loginTest" time="0.001">
    <skipped/>
  </testcase> <!-- loginTest -->
  <testcase classname="com.ugapp.testcases.TC_07_LogInTest" name="loginTest" time="0.001">
    <skipped/>
  </testcase> <!-- loginTest -->
  <testcase classname="com.ugapp.testcases.TC_07_LogInTest" name="loginTest" time="0.004">
    <skipped/>
  </testcase> <!-- loginTest -->
  <testcase classname="com.ugapp.testcases.TC_07_LogInTest" name="loginTest" time="0.001">
    <skipped/>
  </testcase> <!-- loginTest -->
  <testcase classname="com.ugapp.testcases.TC_07_LogInTest" name="loginTest" time="0.001">
    <skipped/>
  </testcase> <!-- loginTest -->
  <testcase classname="com.ugapp.testcases.TC_07_LogInTest" name="loginTest" time="0.001">
    <skipped/>
  </testcase> <!-- loginTest -->
  <testcase classname="com.ugapp.testcases.TC_07_LogInTest" name="loginTest" time="0.001">
    <skipped/>
  </testcase> <!-- loginTest -->
  <testcase classname="com.ugapp.testcases.TC_07_LogInTest" name="loginTest" time="0.004">
    <skipped/>
  </testcase> <!-- loginTest -->
  <testcase classname="com.ugapp.testcases.TC_07_LogInTest" name="loginTest" time="0.001">
    <skipped/>
  </testcase> <!-- loginTest -->
  <testcase classname="com.ugapp.testcases.TC_07_LogInTest" name="loginTest" time="0.001">
    <skipped/>
  </testcase> <!-- loginTest -->
  <testcase classname="com.ugapp.testcases.TC_07_LogInTest" name="loginTest" time="0.001">
    <skipped/>
  </testcase> <!-- loginTest -->
  <testcase classname="com.ugapp.testcases.TC_07_LogInTest" name="loginTest" time="0.001">
    <skipped/>
  </testcase> <!-- loginTest -->
  <testcase classname="com.ugapp.testcases.TC_07_LogInTest" name="loginTest" time="0.002">
    <skipped/>
  </testcase> <!-- loginTest -->
  <testcase classname="com.ugapp.testcases.TC_07_LogInTest" name="loginTest" time="0.001">
    <skipped/>
  </testcase> <!-- loginTest -->
  <testcase classname="com.ugapp.testcases.TC_07_LogInTest" name="loginTest" time="0.000">
    <skipped/>
  </testcase> <!-- loginTest -->
  <testcase classname="com.ugapp.testcases.TC_07_LogInTest" name="loginTest" time="0.001">
    <skipped/>
  </testcase> <!-- loginTest -->
  <testcase classname="com.ugapp.testcases.TC_07_LogInTest" name="loginTest" time="0.002">
    <skipped/>
  </testcase> <!-- loginTest -->
  <testcase classname="com.ugapp.testcases.TC_07_LogInTest" name="loginTest" time="0.001">
    <skipped/>
  </testcase> <!-- loginTest -->
  <testcase classname="com.ugapp.testcases.TC_07_LogInTest" name="loginTest" time="0.001">
    <skipped/>
  </testcase> <!-- loginTest -->
  <testcase classname="com.ugapp.testcases.TC_07_LogInTest" name="loginTest" time="0.001">
    <skipped/>
  </testcase> <!-- loginTest -->
  <testcase classname="com.ugapp.testcases.TC_07_LogInTest" name="loginTest" time="0.002">
    <skipped/>
  </testcase> <!-- loginTest -->
  <testcase classname="com.ugapp.testcases.TC_07_LogInTest" name="loginTest" time="0.002">
    <skipped/>
  </testcase> <!-- loginTest -->
  <testcase classname="com.ugapp.testcases.TC_07_LogInTest" name="loginTest" time="0.001">
    <skipped/>
  </testcase> <!-- loginTest -->
  <testcase classname="com.ugapp.testcases.TC_07_LogInTest" name="loginTest" time="0.003">
    <skipped/>
  </testcase> <!-- loginTest -->
  <testcase classname="com.ugapp.testcases.TC_07_LogInTest" name="loginTest" time="0.001">
    <skipped/>
  </testcase> <!-- loginTest -->
  <testcase classname="com.ugapp.testcases.TC_07_LogInTest" name="loginTest" time="0.001">
    <skipped/>
  </testcase> <!-- loginTest -->
  <testcase classname="com.ugapp.testcases.TC_07_LogInTest" name="loginTest" time="0.001">
    <skipped/>
  </testcase> <!-- loginTest -->
  <testcase classname="com.ugapp.testcases.TC_07_LogInTest" name="loginTest" time="0.001">
    <skipped/>
  </testcase> <!-- loginTest -->
  <testcase classname="com.ugapp.testcases.TC_07_LogInTest" name="loginTest" time="0.001">
    <skipped/>
  </testcase> <!-- loginTest -->
  <testcase classname="com.ugapp.testcases.TC_07_LogInTest" name="loginTest" time="0.001">
    <skipped/>
  </testcase> <!-- loginTest -->
  <testcase classname="com.ugapp.testcases.TC_07_LogInTest" name="loginTest" time="0.001">
    <skipped/>
  </testcase> <!-- loginTest -->
  <testcase classname="com.ugapp.testcases.TC_07_LogInTest" name="loginTest" time="0.001">
    <skipped/>
  </testcase> <!-- loginTest -->
  <testcase classname="com.ugapp.testcases.TC_07_LogInTest" name="loginTest" time="0.001">
    <skipped/>
  </testcase> <!-- loginTest -->
  <testcase classname="com.ugapp.testcases.TC_07_LogInTest" name="loginTest" time="0.002">
    <skipped/>
  </testcase> <!-- loginTest -->
  <testcase classname="com.ugapp.testcases.TC_07_LogInTest" name="loginTest" time="0.002">
    <skipped/>
  </testcase> <!-- loginTest -->
  <testcase classname="com.ugapp.testcases.TC_07_LogInTest" name="loginTest" time="0.001">
    <skipped/>
  </testcase> <!-- loginTest -->
  <testcase classname="com.ugapp.testcases.TC_07_LogInTest" name="loginTest" time="0.001">
    <skipped/>
  </testcase> <!-- loginTest -->
  <testcase classname="com.ugapp.testcases.TC_07_LogInTest" name="loginTest" time="0.001">
    <skipped/>
  </testcase> <!-- loginTest -->
  <testcase classname="com.ugapp.testcases.TC_07_LogInTest" name="loginTest" time="0.005">
    <skipped/>
  </testcase> <!-- loginTest -->
  <testcase classname="com.ugapp.testcases.TC_07_LogInTest" name="loginTest" time="0.000">
    <skipped/>
  </testcase> <!-- loginTest -->
  <testcase classname="com.ugapp.testcases.TC_07_LogInTest" name="loginTest" time="0.001">
    <skipped/>
  </testcase> <!-- loginTest -->
  <testcase classname="com.ugapp.testcases.TC_07_LogInTest" name="loginTest" time="0.001">
    <skipped/>
  </testcase> <!-- loginTest -->
  <testcase classname="com.ugapp.testcases.TC_07_LogInTest" name="loginTest" time="0.001">
    <skipped/>
  </testcase> <!-- loginTest -->
  <testcase classname="com.ugapp.testcases.TC_07_LogInTest" name="loginTest" time="0.002">
    <skipped/>
  </testcase> <!-- loginTest -->
  <testcase classname="com.ugapp.testcases.TC_07_LogInTest" name="loginTest" time="0.001">
    <skipped/>
  </testcase> <!-- loginTest -->
  <testcase classname="com.ugapp.testcases.TC_07_LogInTest" name="loginTest" time="0.001">
    <skipped/>
  </testcase> <!-- loginTest -->
  <testcase classname="com.ugapp.testcases.TC_07_LogInTest" name="loginTest" time="0.004">
    <skipped/>
  </testcase> <!-- loginTest -->
  <testcase classname="com.ugapp.testcases.TC_07_LogInTest" name="loginTest" time="0.001">
    <skipped/>
  </testcase> <!-- loginTest -->
  <testcase classname="com.ugapp.testcases.TC_07_LogInTest" name="loginTest" time="0.000">
    <skipped/>
  </testcase> <!-- loginTest -->
  <testcase classname="com.ugapp.testcases.TC_07_LogInTest" name="loginTest" time="0.001">
    <skipped/>
  </testcase> <!-- loginTest -->
  <testcase classname="com.ugapp.testcases.TC_07_LogInTest" name="loginTest" time="0.001">
    <skipped/>
  </testcase> <!-- loginTest -->
  <testcase classname="com.ugapp.testcases.TC_07_LogInTest" name="loginTest" time="0.001">
    <skipped/>
  </testcase> <!-- loginTest -->
  <testcase classname="com.ugapp.testcases.TC_07_LogInTest" name="loginTest" time="0.001">
    <skipped/>
  </testcase> <!-- loginTest -->
  <testcase classname="com.ugapp.testcases.TC_07_LogInTest" name="loginTest" time="0.002">
    <skipped/>
  </testcase> <!-- loginTest -->
  <testcase classname="com.ugapp.testcases.TC_07_LogInTest" name="loginTest" time="0.001">
    <skipped/>
  </testcase> <!-- loginTest -->
  <testcase classname="com.ugapp.testcases.TC_07_LogInTest" name="loginTest" time="0.001">
    <skipped/>
  </testcase> <!-- loginTest -->
  <testcase classname="com.ugapp.testcases.TC_07_LogInTest" name="loginTest" time="0.000">
    <skipped/>
  </testcase> <!-- loginTest -->
  <testcase classname="com.ugapp.testcases.TC_07_LogInTest" name="loginTest" time="0.001">
    <skipped/>
  </testcase> <!-- loginTest -->
  <testcase classname="com.ugapp.testcases.TC_07_LogInTest" name="loginTest" time="0.005">
    <skipped/>
  </testcase> <!-- loginTest -->
  <testcase classname="com.ugapp.testcases.TC_07_LogInTest" name="loginTest" time="0.001">
    <skipped/>
  </testcase> <!-- loginTest -->
  <testcase classname="com.ugapp.testcases.TC_07_LogInTest" name="loginTest" time="0.001">
    <skipped/>
  </testcase> <!-- loginTest -->
  <testcase classname="com.ugapp.testcases.TC_07_LogInTest" name="loginTest" time="0.001">
    <skipped/>
  </testcase> <!-- loginTest -->
  <testcase classname="com.ugapp.testcases.TC_07_LogInTest" name="loginTest" time="0.001">
    <skipped/>
  </testcase> <!-- loginTest -->
  <testcase classname="com.ugapp.testcases.TC_07_LogInTest" name="loginTest" time="0.000">
    <skipped/>
  </testcase> <!-- loginTest -->
  <testcase classname="com.ugapp.testcases.TC_07_LogInTest" name="loginTest" time="0.004">
    <skipped/>
  </testcase> <!-- loginTest -->
  <testcase classname="com.ugapp.testcases.TC_07_LogInTest" name="loginTest" time="8.780"/>
  <testcase classname="com.ugapp.testcases.TC_07_LogInTest" name="loginTest" time="0.001">
    <skipped/>
  </testcase> <!-- loginTest -->
  <testcase classname="com.ugapp.testcases.TC_07_LogInTest" name="loginTest" time="0.001">
    <skipped/>
  </testcase> <!-- loginTest -->
  <testcase classname="com.ugapp.testcases.TC_07_LogInTest" name="loginTest" time="0.001">
    <skipped/>
  </testcase> <!-- loginTest -->
  <testcase classname="com.ugapp.testcases.TC_07_LogInTest" name="loginTest" time="0.001">
    <skipped/>
  </testcase> <!-- loginTest -->
  <testcase classname="com.ugapp.testcases.TC_07_LogInTest" name="loginTest" time="0.001">
    <skipped/>
  </testcase> <!-- loginTest -->
  <testcase classname="com.ugapp.testcases.TC_07_LogInTest" name="loginTest" time="0.001">
    <skipped/>
  </testcase> <!-- loginTest -->
  <testcase classname="com.ugapp.testcases.TC_07_LogInTest" name="loginTest" time="0.001">
    <skipped/>
  </testcase> <!-- loginTest -->
  <testcase classname="com.ugapp.testcases.TC_07_LogInTest" name="loginTest" time="0.000">
    <skipped/>
  </testcase> <!-- loginTest -->
  <testcase classname="com.ugapp.testcases.TC_07_LogInTest" name="loginTest" time="0.004">
    <skipped/>
  </testcase> <!-- loginTest -->
  <testcase classname="com.ugapp.testcases.TC_07_LogInTest" name="loginTest" time="0.001">
    <skipped/>
  </testcase> <!-- loginTest -->
  <testcase classname="com.ugapp.testcases.TC_07_LogInTest" name="loginTest" time="0.000">
    <skipped/>
  </testcase> <!-- loginTest -->
  <testcase classname="com.ugapp.testcases.TC_07_LogInTest" name="loginTest" time="0.001">
    <skipped/>
  </testcase> <!-- loginTest -->
  <testcase classname="com.ugapp.testcases.TC_07_LogInTest" name="loginTest" time="0.005">
    <skipped/>
  </testcase> <!-- loginTest -->
  <testcase classname="com.ugapp.testcases.TC_07_LogInTest" name="loginTest" time="0.001">
    <skipped/>
  </testcase> <!-- loginTest -->
  <testcase classname="com.ugapp.testcases.TC_07_LogInTest" name="loginTest" time="0.005">
    <skipped/>
  </testcase> <!-- loginTest -->
  <testcase classname="com.ugapp.testcases.TC_07_LogInTest" name="loginTest" time="0.001">
    <skipped/>
  </testcase> <!-- loginTest -->
  <testcase classname="com.ugapp.testcases.TC_07_LogInTest" name="loginTest" time="0.002">
    <skipped/>
  </testcase> <!-- loginTest -->
  <testcase classname="com.ugapp.testcases.TC_07_LogInTest" name="loginTest" time="0.000">
    <skipped/>
  </testcase> <!-- loginTest -->
  <testcase classname="com.ugapp.testcases.TC_07_LogInTest" name="loginTest" time="0.005">
    <skipped/>
  </testcase> <!-- loginTest -->
  <testcase classname="com.ugapp.testcases.TC_07_LogInTest" name="loginTest" time="0.001">
    <skipped/>
  </testcase> <!-- loginTest -->
  <testcase classname="com.ugapp.testcases.TC_07_LogInTest" name="loginTest" time="0.001">
    <skipped/>
  </testcase> <!-- loginTest -->
  <testcase classname="com.ugapp.testcases.TC_07_LogInTest" name="loginTest" time="0.002">
    <skipped/>
  </testcase> <!-- loginTest -->
  <testcase classname="com.ugapp.testcases.TC_07_LogInTest" name="loginTest" time="0.002">
    <skipped/>
  </testcase> <!-- loginTest -->
  <testcase classname="com.ugapp.testcases.TC_07_LogInTest" name="loginTest" time="0.001">
    <skipped/>
  </testcase> <!-- loginTest -->
  <testcase classname="com.ugapp.testcases.TC_07_LogInTest" name="loginTest" time="0.001">
    <skipped/>
  </testcase> <!-- loginTest -->
  <testcase classname="com.ugapp.testcases.TC_07_LogInTest" name="loginTest" time="0.000">
    <skipped/>
  </testcase> <!-- loginTest -->
  <testcase classname="com.ugapp.testcases.TC_07_LogInTest" name="loginTest" time="0.002">
    <skipped/>
  </testcase> <!-- loginTest -->
  <testcase classname="com.ugapp.testcases.TC_07_LogInTest" name="loginTest" time="0.002">
    <skipped/>
  </testcase> <!-- loginTest -->
  <testcase classname="com.ugapp.testcases.TC_07_LogInTest" name="loginTest" time="0.001">
    <skipped/>
  </testcase> <!-- loginTest -->
  <testcase classname="com.ugapp.testcases.TC_07_LogInTest" name="loginTest" time="0.003">
    <skipped/>
  </testcase> <!-- loginTest -->
  <testcase classname="com.ugapp.testcases.TC_07_LogInTest" name="loginTest" time="0.001">
    <skipped/>
  </testcase> <!-- loginTest -->
  <testcase classname="com.ugapp.testcases.TC_07_LogInTest" name="loginTest" time="0.008">
    <skipped/>
  </testcase> <!-- loginTest -->
  <testcase classname="com.ugapp.testcases.TC_07_LogInTest" name="loginTest" time="0.001">
    <skipped/>
  </testcase> <!-- loginTest -->
  <testcase classname="com.ugapp.testcases.TC_07_LogInTest" name="loginTest" time="0.000">
    <skipped/>
  </testcase> <!-- loginTest -->
  <testcase classname="com.ugapp.testcases.TC_07_LogInTest" name="loginTest" time="0.002">
    <skipped/>
  </testcase> <!-- loginTest -->
  <testcase classname="com.ugapp.testcases.TC_07_LogInTest" name="loginTest" time="0.001">
    <skipped/>
  </testcase> <!-- loginTest -->
  <testcase classname="com.ugapp.testcases.TC_07_LogInTest" name="loginTest" time="0.002">
    <skipped/>
  </testcase> <!-- loginTest -->
  <testcase classname="com.ugapp.testcases.TC_07_LogInTest" name="loginTest" time="0.002">
    <skipped/>
  </testcase> <!-- loginTest -->
  <testcase classname="com.ugapp.testcases.TC_07_LogInTest" name="loginTest" time="0.000">
    <skipped/>
  </testcase> <!-- loginTest -->
  <testcase classname="com.ugapp.testcases.TC_07_LogInTest" name="loginTest" time="0.001">
    <skipped/>
  </testcase> <!-- loginTest -->
  <testcase classname="com.ugapp.testcases.TC_07_LogInTest" name="loginTest" time="0.001">
    <skipped/>
  </testcase> <!-- loginTest -->
  <testcase classname="com.ugapp.testcases.TC_07_LogInTest" name="loginTest" time="0.001">
    <skipped/>
  </testcase> <!-- loginTest -->
  <testcase classname="com.ugapp.testcases.TC_07_LogInTest" name="loginTest" time="0.001">
    <skipped/>
  </testcase> <!-- loginTest -->
  <testcase classname="com.ugapp.testcases.TC_07_LogInTest" name="loginTest" time="0.001">
    <skipped/>
  </testcase> <!-- loginTest -->
  <testcase classname="com.ugapp.testcases.TC_07_LogInTest" name="loginTest" time="0.001">
    <skipped/>
  </testcase> <!-- loginTest -->
  <testcase classname="com.ugapp.testcases.TC_07_LogInTest" name="loginTest" time="0.001">
    <skipped/>
  </testcase> <!-- loginTest -->
  <testcase classname="com.ugapp.testcases.TC_07_LogInTest" name="loginTest" time="0.001">
    <skipped/>
  </testcase> <!-- loginTest -->
  <testcase classname="com.ugapp.testcases.TC_07_LogInTest" name="loginTest" time="0.001">
    <skipped/>
  </testcase> <!-- loginTest -->
  <testcase classname="com.ugapp.testcases.TC_07_LogInTest" name="loginTest" time="0.001">
    <skipped/>
  </testcase> <!-- loginTest -->
  <testcase classname="com.ugapp.testcases.TC_07_LogInTest" name="loginTest" time="0.001">
    <skipped/>
  </testcase> <!-- loginTest -->
  <testcase classname="com.ugapp.testcases.TC_07_LogInTest" name="loginTest" time="0.001">
    <skipped/>
  </testcase> <!-- loginTest -->
  <testcase classname="com.ugapp.testcases.TC_07_LogInTest" name="loginTest" time="0.001">
    <skipped/>
  </testcase> <!-- loginTest -->
  <testcase classname="com.ugapp.testcases.TC_07_LogInTest" name="loginTest" time="0.001">
    <skipped/>
  </testcase> <!-- loginTest -->
  <testcase classname="com.ugapp.testcases.TC_07_LogInTest" name="loginTest" time="0.007">
    <skipped/>
  </testcase> <!-- loginTest -->
  <testcase classname="com.ugapp.testcases.TC_07_LogInTest" name="loginTest" time="0.001">
    <skipped/>
  </testcase> <!-- loginTest -->
  <testcase classname="com.ugapp.testcases.TC_07_LogInTest" name="loginTest" time="0.001">
    <skipped/>
  </testcase> <!-- loginTest -->
  <testcase classname="com.ugapp.testcases.TC_07_LogInTest" name="loginTest" time="0.001">
    <skipped/>
  </testcase> <!-- loginTest -->
  <testcase classname="com.ugapp.testcases.TC_07_LogInTest" name="loginTest" time="0.001">
    <skipped/>
  </testcase> <!-- loginTest -->
  <testcase classname="com.ugapp.testcases.TC_07_LogInTest" name="loginTest" time="0.001">
    <skipped/>
  </testcase> <!-- loginTest -->
  <testcase classname="com.ugapp.testcases.TC_07_LogInTest" name="loginTest" time="0.001">
    <skipped/>
  </testcase> <!-- loginTest -->
  <testcase classname="com.ugapp.testcases.TC_07_LogInTest" name="loginTest" time="0.001">
    <skipped/>
  </testcase> <!-- loginTest -->
  <testcase classname="com.ugapp.testcases.TC_07_LogInTest" name="loginTest" time="0.001">
    <skipped/>
  </testcase> <!-- loginTest -->
  <testcase classname="com.ugapp.testcases.TC_07_LogInTest" name="loginTest" time="0.001">
    <skipped/>
  </testcase> <!-- loginTest -->
  <testcase classname="com.ugapp.testcases.TC_07_LogInTest" name="loginTest" time="0.001">
    <skipped/>
  </testcase> <!-- loginTest -->
  <testcase classname="com.ugapp.testcases.TC_07_LogInTest" name="loginTest" time="0.012">
    <skipped/>
  </testcase> <!-- loginTest -->
  <testcase classname="com.ugapp.testcases.TC_07_LogInTest" name="loginTest" time="0.002">
    <skipped/>
  </testcase> <!-- loginTest -->
  <testcase classname="com.ugapp.testcases.TC_07_LogInTest" name="loginTest" time="0.001">
    <skipped/>
  </testcase> <!-- loginTest -->
  <testcase classname="com.ugapp.testcases.TC_07_LogInTest" name="loginTest" time="0.001">
    <skipped/>
  </testcase> <!-- loginTest -->
  <testcase classname="com.ugapp.testcases.TC_07_LogInTest" name="loginTest" time="0.001">
    <skipped/>
  </testcase> <!-- loginTest -->
  <testcase classname="com.ugapp.testcases.TC_07_LogInTest" name="loginTest" time="0.001">
    <skipped/>
  </testcase> <!-- loginTest -->
  <testcase classname="com.ugapp.testcases.TC_07_LogInTest" name="loginTest" time="0.002">
    <skipped/>
  </testcase> <!-- loginTest -->
  <testcase classname="com.ugapp.testcases.TC_07_LogInTest" name="loginTest" time="0.001">
    <skipped/>
  </testcase> <!-- loginTest -->
  <testcase classname="com.ugapp.testcases.TC_07_LogInTest" name="loginTest" time="0.001">
    <skipped/>
  </testcase> <!-- loginTest -->
  <testcase classname="com.ugapp.testcases.TC_07_LogInTest" name="loginTest" time="0.002">
    <skipped/>
  </testcase> <!-- loginTest -->
  <testcase classname="com.ugapp.testcases.TC_07_LogInTest" name="loginTest" time="0.001">
    <skipped/>
  </testcase> <!-- loginTest -->
  <testcase classname="com.ugapp.testcases.TC_07_LogInTest" name="loginTest" time="0.001">
    <skipped/>
  </testcase> <!-- loginTest -->
  <testcase classname="com.ugapp.testcases.TC_07_LogInTest" name="loginTest" time="0.000">
    <skipped/>
  </testcase> <!-- loginTest -->
  <testcase classname="com.ugapp.testcases.TC_07_LogInTest" name="loginTest" time="0.000">
    <skipped/>
  </testcase> <!-- loginTest -->
  <testcase classname="com.ugapp.testcases.TC_07_LogInTest" name="loginTest" time="0.002">
    <skipped/>
  </testcase> <!-- loginTest -->
  <testcase classname="com.ugapp.testcases.TC_07_LogInTest" name="loginTest" time="0.001">
    <skipped/>
  </testcase> <!-- loginTest -->
  <testcase classname="com.ugapp.testcases.TC_07_LogInTest" name="loginTest" time="0.001">
    <skipped/>
  </testcase> <!-- loginTest -->
  <testcase classname="com.ugapp.testcases.TC_07_LogInTest" name="loginTest" time="0.001">
    <skipped/>
  </testcase> <!-- loginTest -->
  <testcase classname="com.ugapp.testcases.TC_07_LogInTest" name="loginTest" time="0.001">
    <skipped/>
  </testcase> <!-- loginTest -->
  <testcase classname="com.ugapp.testcases.TC_07_LogInTest" name="loginTest" time="0.006">
    <skipped/>
  </testcase> <!-- loginTest -->
  <testcase classname="com.ugapp.testcases.TC_07_LogInTest" name="loginTest" time="0.000">
    <skipped/>
  </testcase> <!-- loginTest -->
  <testcase classname="com.ugapp.testcases.TC_07_LogInTest" name="loginTest" time="0.001">
    <skipped/>
  </testcase> <!-- loginTest -->
  <testcase classname="com.ugapp.testcases.TC_07_LogInTest" name="loginTest" time="0.001">
    <skipped/>
  </testcase> <!-- loginTest -->
  <testcase classname="com.ugapp.testcases.TC_07_LogInTest" name="loginTest" time="0.001">
    <skipped/>
  </testcase> <!-- loginTest -->
  <testcase classname="com.ugapp.testcases.TC_07_LogInTest" name="loginTest" time="0.001">
    <skipped/>
  </testcase> <!-- loginTest -->
  <testcase classname="com.ugapp.testcases.TC_07_LogInTest" name="loginTest" time="0.002">
    <skipped/>
  </testcase> <!-- loginTest -->
  <testcase classname="com.ugapp.testcases.TC_07_LogInTest" name="loginTest" time="0.006">
    <skipped/>
  </testcase> <!-- loginTest -->
  <testcase classname="com.ugapp.testcases.TC_07_LogInTest" name="loginTest" time="0.001">
    <skipped/>
  </testcase> <!-- loginTest -->
  <testcase classname="com.ugapp.testcases.TC_07_LogInTest" name="loginTest" time="0.001">
    <skipped/>
  </testcase> <!-- loginTest -->
  <testcase classname="com.ugapp.testcases.TC_07_LogInTest" name="loginTest" time="0.001">
    <skipped/>
  </testcase> <!-- loginTest -->
  <testcase classname="com.ugapp.testcases.TC_07_LogInTest" name="loginTest" time="0.000">
    <skipped/>
  </testcase> <!-- loginTest -->
  <testcase classname="com.ugapp.testcases.TC_07_LogInTest" name="loginTest" time="0.001">
    <skipped/>
  </testcase> <!-- loginTest -->
  <testcase classname="com.ugapp.testcases.TC_07_LogInTest" name="loginTest" time="0.001">
    <skipped/>
  </testcase> <!-- loginTest -->
  <testcase classname="com.ugapp.testcases.TC_07_LogInTest" name="loginTest" time="0.001">
    <skipped/>
  </testcase> <!-- loginTest -->
  <testcase classname="com.ugapp.testcases.TC_07_LogInTest" name="loginTest" time="0.001">
    <skipped/>
  </testcase> <!-- loginTest -->
  <testcase classname="com.ugapp.testcases.TC_07_LogInTest" name="loginTest" time="0.000">
    <skipped/>
  </testcase> <!-- loginTest -->
  <testcase classname="com.ugapp.testcases.TC_07_LogInTest" name="loginTest" time="0.002">
    <skipped/>
  </testcase> <!-- loginTest -->
  <testcase classname="com.ugapp.testcases.TC_07_LogInTest" name="loginTest" time="0.001">
    <skipped/>
  </testcase> <!-- loginTest -->
  <testcase classname="com.ugapp.testcases.TC_07_LogInTest" name="loginTest" time="0.001">
    <skipped/>
  </testcase> <!-- loginTest -->
  <testcase classname="com.ugapp.testcases.TC_07_LogInTest" name="loginTest" time="0.001">
    <skipped/>
  </testcase> <!-- loginTest -->
  <testcase classname="com.ugapp.testcases.TC_07_LogInTest" name="loginTest" time="5.919"/>
  <testcase classname="com.ugapp.testcases.TC_07_LogInTest" name="loginTest" time="0.001">
    <skipped/>
  </testcase> <!-- loginTest -->
  <testcase classname="com.ugapp.testcases.TC_07_LogInTest" name="loginTest" time="0.012">
    <skipped/>
  </testcase> <!-- loginTest -->
  <testcase classname="com.ugapp.testcases.TC_07_LogInTest" name="loginTest" time="0.002">
    <skipped/>
  </testcase> <!-- loginTest -->
  <testcase classname="com.ugapp.testcases.TC_07_LogInTest" name="loginTest" time="0.000">
    <skipped/>
  </testcase> <!-- loginTest -->
  <testcase classname="com.ugapp.testcases.TC_07_LogInTest" name="loginTest" time="0.001">
    <skipped/>
  </testcase> <!-- loginTest -->
  <testcase classname="com.ugapp.testcases.TC_07_LogInTest" name="loginTest" time="0.001">
    <skipped/>
  </testcase> <!-- loginTest -->
  <testcase classname="com.ugapp.testcases.TC_07_LogInTest" name="loginTest" time="0.001">
    <skipped/>
  </testcase> <!-- loginTest -->
  <testcase classname="com.ugapp.testcases.TC_07_LogInTest" name="loginTest" time="0.001">
    <skipped/>
  </testcase> <!-- loginTest -->
  <testcase classname="com.ugapp.testcases.TC_07_LogInTest" name="loginTest" time="0.001">
    <skipped/>
  </testcase> <!-- loginTest -->
  <testcase classname="com.ugapp.testcases.TC_07_LogInTest" name="loginTest" time="0.001">
    <skipped/>
  </testcase> <!-- loginTest -->
  <testcase classname="com.ugapp.testcases.TC_07_LogInTest" name="loginTest" time="0.001">
    <skipped/>
  </testcase> <!-- loginTest -->
  <testcase classname="com.ugapp.testcases.TC_07_LogInTest" name="loginTest" time="0.002">
    <skipped/>
  </testcase> <!-- loginTest -->
  <testcase classname="com.ugapp.testcases.TC_07_LogInTest" name="loginTest" time="0.002">
    <skipped/>
  </testcase> <!-- loginTest -->
  <testcase classname="com.ugapp.testcases.TC_07_LogInTest" name="loginTest" time="0.001">
    <skipped/>
  </testcase> <!-- loginTest -->
  <testcase classname="com.ugapp.testcases.TC_07_LogInTest" name="loginTest" time="0.001">
    <skipped/>
  </testcase> <!-- loginTest -->
  <testcase classname="com.ugapp.testcases.TC_07_LogInTest" name="loginTest" time="0.001">
    <skipped/>
  </testcase> <!-- loginTest -->
  <testcase classname="com.ugapp.testcases.TC_07_LogInTest" name="loginTest" time="0.001">
    <skipped/>
  </testcase> <!-- loginTest -->
  <testcase classname="com.ugapp.testcases.TC_07_LogInTest" name="loginTest" time="0.001">
    <skipped/>
  </testcase> <!-- loginTest -->
  <testcase classname="com.ugapp.testcases.TC_07_LogInTest" name="loginTest" time="0.001">
    <skipped/>
  </testcase> <!-- loginTest -->
  <testcase classname="com.ugapp.testcases.TC_07_LogInTest" name="loginTest" time="0.001">
    <skipped/>
  </testcase> <!-- loginTest -->
  <testcase classname="com.ugapp.testcases.TC_07_LogInTest" name="loginTest" time="0.000">
    <skipped/>
  </testcase> <!-- loginTest -->
  <testcase classname="com.ugapp.testcases.TC_07_LogInTest" name="loginTest" time="0.001">
    <skipped/>
  </testcase> <!-- loginTest -->
  <testcase classname="com.ugapp.testcases.TC_07_LogInTest" name="loginTest" time="0.000">
    <skipped/>
  </testcase> <!-- loginTest -->
  <testcase classname="com.ugapp.testcases.TC_07_LogInTest" name="loginTest" time="0.001">
    <skipped/>
  </testcase> <!-- loginTest -->
  <testcase classname="com.ugapp.testcases.TC_07_LogInTest" name="loginTest" time="0.002">
    <skipped/>
  </testcase> <!-- loginTest -->
  <testcase classname="com.ugapp.testcases.TC_07_LogInTest" name="loginTest" time="0.001">
    <skipped/>
  </testcase> <!-- loginTest -->
  <testcase classname="com.ugapp.testcases.TC_07_LogInTest" name="loginTest" time="0.002">
    <skipped/>
  </testcase> <!-- loginTest -->
  <testcase classname="com.ugapp.testcases.TC_07_LogInTest" name="loginTest" time="0.002">
    <skipped/>
  </testcase> <!-- loginTest -->
  <testcase classname="com.ugapp.testcases.TC_07_LogInTest" name="loginTest" time="0.001">
    <skipped/>
  </testcase> <!-- loginTest -->
  <testcase classname="com.ugapp.testcases.TC_07_LogInTest" name="loginTest" time="0.000">
    <skipped/>
  </testcase> <!-- loginTest -->
  <testcase classname="com.ugapp.testcases.TC_07_LogInTest" name="loginTest" time="0.001">
    <skipped/>
  </testcase> <!-- loginTest -->
  <testcase classname="com.ugapp.testcases.TC_07_LogInTest" name="loginTest" time="0.002">
    <skipped/>
  </testcase> <!-- loginTest -->
  <testcase classname="com.ugapp.testcases.TC_07_LogInTest" name="loginTest" time="0.010">
    <skipped/>
  </testcase> <!-- loginTest -->
  <testcase classname="com.ugapp.testcases.TC_07_LogInTest" name="loginTest" time="0.001">
    <skipped/>
  </testcase> <!-- loginTest -->
  <testcase classname="com.ugapp.testcases.TC_07_LogInTest" name="loginTest" time="0.001">
    <skipped/>
  </testcase> <!-- loginTest -->
  <testcase classname="com.ugapp.testcases.TC_07_LogInTest" name="loginTest" time="0.001">
    <skipped/>
  </testcase> <!-- loginTest -->
  <testcase classname="com.ugapp.testcases.TC_07_LogInTest" name="loginTest" time="0.001">
    <skipped/>
  </testcase> <!-- loginTest -->
  <testcase classname="com.ugapp.testcases.TC_07_LogInTest" name="loginTest" time="0.001">
    <skipped/>
  </testcase> <!-- loginTest -->
  <testcase classname="com.ugapp.testcases.TC_07_LogInTest" name="loginTest" time="0.001">
    <skipped/>
  </testcase> <!-- loginTest -->
  <testcase classname="com.ugapp.testcases.TC_07_LogInTest" name="loginTest" time="0.000">
    <skipped/>
  </testcase> <!-- loginTest -->
  <testcase classname="com.ugapp.testcases.TC_07_LogInTest" name="loginTest" time="0.001">
    <skipped/>
  </testcase> <!-- loginTest -->
  <testcase classname="com.ugapp.testcases.TC_07_LogInTest" name="loginTest" time="0.001">
    <skipped/>
  </testcase> <!-- loginTest -->
  <testcase classname="com.ugapp.testcases.TC_07_LogInTest" name="loginTest" time="0.000">
    <skipped/>
  </testcase> <!-- loginTest -->
  <testcase classname="com.ugapp.testcases.TC_07_LogInTest" name="loginTest" time="0.000">
    <skipped/>
  </testcase> <!-- loginTest -->
  <testcase classname="com.ugapp.testcases.TC_07_LogInTest" name="loginTest" time="0.001">
    <skipped/>
  </testcase> <!-- loginTest -->
  <testcase classname="com.ugapp.testcases.TC_07_LogInTest" name="loginTest" time="0.004">
    <skipped/>
  </testcase> <!-- loginTest -->
  <testcase classname="com.ugapp.testcases.TC_07_LogInTest" name="loginTest" time="0.001">
    <skipped/>
  </testcase> <!-- loginTest -->
  <testcase classname="com.ugapp.testcases.TC_07_LogInTest" name="loginTest" time="0.001">
    <skipped/>
  </testcase> <!-- loginTest -->
  <testcase classname="com.ugapp.testcases.TC_07_LogInTest" name="loginTest" time="0.001">
    <skipped/>
  </testcase> <!-- loginTest -->
  <testcase classname="com.ugapp.testcases.TC_07_LogInTest" name="loginTest" time="0.001">
    <skipped/>
  </testcase> <!-- loginTest -->
  <testcase classname="com.ugapp.testcases.TC_07_LogInTest" name="loginTest" time="0.001">
    <skipped/>
  </testcase> <!-- loginTest -->
  <testcase classname="com.ugapp.testcases.TC_07_LogInTest" name="loginTest" time="0.001">
    <skipped/>
  </testcase> <!-- loginTest -->
  <testcase classname="com.ugapp.testcases.TC_07_LogInTest" name="loginTest" time="0.001">
    <skipped/>
  </testcase> <!-- loginTest -->
  <testcase classname="com.ugapp.testcases.TC_07_LogInTest" name="loginTest" time="0.001">
    <skipped/>
  </testcase> <!-- loginTest -->
  <testcase classname="com.ugapp.testcases.TC_07_LogInTest" name="loginTest" time="0.001">
    <skipped/>
  </testcase> <!-- loginTest -->
  <testcase classname="com.ugapp.testcases.TC_07_LogInTest" name="loginTest" time="0.001">
    <skipped/>
  </testcase> <!-- loginTest -->
  <testcase classname="com.ugapp.testcases.TC_07_LogInTest" name="loginTest" time="0.002">
    <skipped/>
  </testcase> <!-- loginTest -->
  <testcase classname="com.ugapp.testcases.TC_07_LogInTest" name="loginTest" time="0.001">
    <skipped/>
  </testcase> <!-- loginTest -->
  <testcase classname="com.ugapp.testcases.TC_07_LogInTest" name="loginTest" time="0.001">
    <skipped/>
  </testcase> <!-- loginTest -->
  <testcase classname="com.ugapp.testcases.TC_07_LogInTest" name="loginTest" time="0.001">
    <skipped/>
  </testcase> <!-- loginTest -->
  <testcase classname="com.ugapp.testcases.TC_07_LogInTest" name="loginTest" time="0.002">
    <skipped/>
  </testcase> <!-- loginTest -->
  <testcase classname="com.ugapp.testcases.TC_07_LogInTest" name="loginTest" time="0.001">
    <skipped/>
  </testcase> <!-- loginTest -->
  <testcase classname="com.ugapp.testcases.TC_07_LogInTest" name="loginTest" time="0.001">
    <skipped/>
  </testcase> <!-- loginTest -->
  <testcase classname="com.ugapp.testcases.TC_07_LogInTest" name="loginTest" time="0.001">
    <skipped/>
  </testcase> <!-- loginTest -->
  <testcase classname="com.ugapp.testcases.TC_07_LogInTest" name="loginTest" time="0.001">
    <skipped/>
  </testcase> <!-- loginTest -->
  <testcase classname="com.ugapp.testcases.TC_07_LogInTest" name="loginTest" time="0.001">
    <skipped/>
  </testcase> <!-- loginTest -->
  <testcase classname="com.ugapp.testcases.TC_07_LogInTest" name="loginTest" time="0.001">
    <skipped/>
  </testcase> <!-- loginTest -->
  <testcase classname="com.ugapp.testcases.TC_07_LogInTest" name="loginTest" time="0.004">
    <skipped/>
  </testcase> <!-- loginTest -->
  <testcase classname="com.ugapp.testcases.TC_07_LogInTest" name="loginTest" time="0.001">
    <skipped/>
  </testcase> <!-- loginTest -->
  <testcase classname="com.ugapp.testcases.TC_07_LogInTest" name="loginTest" time="0.001">
    <skipped/>
  </testcase> <!-- loginTest -->
  <testcase classname="com.ugapp.testcases.TC_07_LogInTest" name="loginTest" time="0.000">
    <skipped/>
  </testcase> <!-- loginTest -->
  <testcase classname="com.ugapp.testcases.TC_07_LogInTest" name="loginTest" time="0.001">
    <skipped/>
  </testcase> <!-- loginTest -->
  <testcase classname="com.ugapp.testcases.TC_07_LogInTest" name="loginTest" time="0.001">
    <skipped/>
  </testcase> <!-- loginTest -->
  <testcase classname="com.ugapp.testcases.TC_07_LogInTest" name="loginTest" time="0.001">
    <skipped/>
  </testcase> <!-- loginTest -->
  <testcase classname="com.ugapp.testcases.TC_07_LogInTest" name="loginTest" time="0.001">
    <skipped/>
  </testcase> <!-- loginTest -->
  <testcase classname="com.ugapp.testcases.TC_07_LogInTest" name="loginTest" time="0.001">
    <skipped/>
  </testcase> <!-- loginTest -->
  <testcase classname="com.ugapp.testcases.TC_07_LogInTest" name="loginTest" time="0.001">
    <skipped/>
  </testcase> <!-- loginTest -->
  <testcase classname="com.ugapp.testcases.TC_07_LogInTest" name="loginTest" time="0.001">
    <skipped/>
  </testcase> <!-- loginTest -->
  <testcase classname="com.ugapp.testcases.TC_07_LogInTest" name="loginTest" time="0.001">
    <skipped/>
  </testcase> <!-- loginTest -->
  <testcase classname="com.ugapp.testcases.TC_07_LogInTest" name="loginTest" time="0.001">
    <skipped/>
  </testcase> <!-- loginTest -->
  <testcase classname="com.ugapp.testcases.TC_07_LogInTest" name="loginTest" time="0.010">
    <skipped/>
  </testcase> <!-- loginTest -->
  <testcase classname="com.ugapp.testcases.TC_07_LogInTest" name="loginTest" time="0.008">
    <skipped/>
  </testcase> <!-- loginTest -->
  <testcase classname="com.ugapp.testcases.TC_07_LogInTest" name="loginTest" time="0.002">
    <skipped/>
  </testcase> <!-- loginTest -->
  <testcase classname="com.ugapp.testcases.TC_07_LogInTest" name="loginTest" time="0.001">
    <skipped/>
  </testcase> <!-- loginTest -->
  <testcase classname="com.ugapp.testcases.TC_07_LogInTest" name="loginTest" time="0.001">
    <skipped/>
  </testcase> <!-- loginTest -->
  <testcase classname="com.ugapp.testcases.TC_07_LogInTest" name="loginTest" time="0.001">
    <skipped/>
  </testcase> <!-- loginTest -->
  <testcase classname="com.ugapp.testcases.TC_07_LogInTest" name="loginTest" time="0.001">
    <skipped/>
  </testcase> <!-- loginTest -->
  <testcase classname="com.ugapp.testcases.TC_07_LogInTest" name="loginTest" time="0.000">
    <skipped/>
  </testcase> <!-- loginTest -->
  <testcase classname="com.ugapp.testcases.TC_07_LogInTest" name="loginTest" time="0.000">
    <skipped/>
  </testcase> <!-- loginTest -->
  <testcase classname="com.ugapp.testcases.TC_07_LogInTest" name="loginTest" time="0.001">
    <skipped/>
  </testcase> <!-- loginTest -->
  <testcase classname="com.ugapp.testcases.TC_07_LogInTest" name="loginTest" time="0.001">
    <skipped/>
  </testcase> <!-- loginTest -->
  <testcase classname="com.ugapp.testcases.TC_07_LogInTest" name="loginTest" time="0.002">
    <skipped/>
  </testcase> <!-- loginTest -->
  <testcase classname="com.ugapp.testcases.TC_07_LogInTest" name="loginTest" time="0.001">
    <skipped/>
  </testcase> <!-- loginTest -->
  <testcase classname="com.ugapp.testcases.TC_07_LogInTest" name="loginTest" time="0.001">
    <skipped/>
  </testcase> <!-- loginTest -->
  <testcase classname="com.ugapp.testcases.TC_07_LogInTest" name="loginTest" time="0.001">
    <skipped/>
  </testcase> <!-- loginTest -->
  <testcase classname="com.ugapp.testcases.TC_07_LogInTest" name="loginTest" time="0.001">
    <skipped/>
  </testcase> <!-- loginTest -->
  <testcase classname="com.ugapp.testcases.TC_07_LogInTest" name="loginTest" time="0.001">
    <skipped/>
  </testcase> <!-- loginTest -->
  <testcase classname="com.ugapp.testcases.TC_07_LogInTest" name="loginTest" time="0.001">
    <skipped/>
  </testcase> <!-- loginTest -->
  <testcase classname="com.ugapp.testcases.TC_07_LogInTest" name="loginTest" time="0.003">
    <skipped/>
  </testcase> <!-- loginTest -->
  <testcase classname="com.ugapp.testcases.TC_07_LogInTest" name="loginTest" time="0.001">
    <skipped/>
  </testcase> <!-- loginTest -->
  <testcase classname="com.ugapp.testcases.TC_07_LogInTest" name="loginTest" time="0.001">
    <skipped/>
  </testcase> <!-- loginTest -->
  <testcase classname="com.ugapp.testcases.TC_07_LogInTest" name="loginTest" time="0.001">
    <skipped/>
  </testcase> <!-- loginTest -->
  <testcase classname="com.ugapp.testcases.TC_07_LogInTest" name="loginTest" time="0.001">
    <skipped/>
  </testcase> <!-- loginTest -->
  <testcase classname="com.ugapp.testcases.TC_07_LogInTest" name="loginTest" time="0.010">
    <skipped/>
  </testcase> <!-- loginTest -->
  <testcase classname="com.ugapp.testcases.TC_07_LogInTest" name="loginTest" time="0.001">
    <skipped/>
  </testcase> <!-- loginTest -->
  <testcase classname="com.ugapp.testcases.TC_07_LogInTest" name="loginTest" time="0.001">
    <skipped/>
  </testcase> <!-- loginTest -->
  <testcase classname="com.ugapp.testcases.TC_07_LogInTest" name="loginTest" time="0.003">
    <skipped/>
  </testcase> <!-- loginTest -->
  <testcase classname="com.ugapp.testcases.TC_07_LogInTest" name="loginTest" time="0.000">
    <skipped/>
  </testcase> <!-- loginTest -->
  <testcase classname="com.ugapp.testcases.TC_07_LogInTest" name="loginTest" time="0.000">
    <skipped/>
  </testcase> <!-- loginTest -->
  <testcase classname="com.ugapp.testcases.TC_07_LogInTest" name="loginTest" time="0.001">
    <skipped/>
  </testcase> <!-- loginTest -->
  <testcase classname="com.ugapp.testcases.TC_07_LogInTest" name="loginTest" time="0.001">
    <skipped/>
  </testcase> <!-- loginTest -->
  <testcase classname="com.ugapp.testcases.TC_07_LogInTest" name="loginTest" time="0.002">
    <skipped/>
  </testcase> <!-- loginTest -->
  <testcase classname="com.ugapp.testcases.TC_07_LogInTest" name="loginTest" time="0.001">
    <skipped/>
  </testcase> <!-- loginTest -->
  <testcase classname="com.ugapp.testcases.TC_07_LogInTest" name="loginTest" time="0.001">
    <skipped/>
  </testcase> <!-- loginTest -->
  <testcase classname="com.ugapp.testcases.TC_07_LogInTest" name="loginTest" time="0.002">
    <skipped/>
  </testcase> <!-- loginTest -->
  <testcase classname="com.ugapp.testcases.TC_07_LogInTest" name="loginTest" time="0.001">
    <skipped/>
  </testcase> <!-- loginTest -->
  <testcase classname="com.ugapp.testcases.TC_07_LogInTest" name="loginTest" time="0.003">
    <skipped/>
  </testcase> <!-- loginTest -->
  <testcase classname="com.ugapp.testcases.TC_07_LogInTest" name="loginTest" time="0.001">
    <skipped/>
  </testcase> <!-- loginTest -->
  <testcase classname="com.ugapp.testcases.TC_07_LogInTest" name="loginTest" time="0.001">
    <skipped/>
  </testcase> <!-- loginTest -->
  <testcase classname="com.ugapp.testcases.TC_07_LogInTest" name="loginTest" time="0.001">
    <skipped/>
  </testcase> <!-- loginTest -->
  <testcase classname="com.ugapp.testcases.TC_07_LogInTest" name="loginTest" time="0.001">
    <skipped/>
  </testcase> <!-- loginTest -->
  <testcase classname="com.ugapp.testcases.TC_07_LogInTest" name="loginTest" time="0.008">
    <skipped/>
  </testcase> <!-- loginTest -->
  <testcase classname="com.ugapp.testcases.TC_07_LogInTest" name="loginTest" time="0.001">
    <skipped/>
  </testcase> <!-- loginTest -->
  <testcase classname="com.ugapp.testcases.TC_07_LogInTest" name="loginTest" time="0.001">
    <skipped/>
  </testcase> <!-- loginTest -->
  <testcase classname="com.ugapp.testcases.TC_07_LogInTest" name="loginTest" time="0.002">
    <skipped/>
  </testcase> <!-- loginTest -->
  <testcase classname="com.ugapp.testcases.TC_07_LogInTest" name="loginTest" time="0.000">
    <skipped/>
  </testcase> <!-- loginTest -->
  <testcase classname="com.ugapp.testcases.TC_07_LogInTest" name="loginTest" time="0.001">
    <skipped/>
  </testcase> <!-- loginTest -->
  <testcase classname="com.ugapp.testcases.TC_07_LogInTest" name="loginTest" time="0.001">
    <skipped/>
  </testcase> <!-- loginTest -->
  <testcase classname="com.ugapp.testcases.TC_07_LogInTest" name="loginTest" time="0.000">
    <skipped/>
  </testcase> <!-- loginTest -->
  <testcase classname="com.ugapp.testcases.TC_07_LogInTest" name="loginTest" time="0.000">
    <skipped/>
  </testcase> <!-- loginTest -->
  <testcase classname="com.ugapp.testcases.TC_07_LogInTest" name="loginTest" time="0.001">
    <skipped/>
  </testcase> <!-- loginTest -->
  <testcase classname="com.ugapp.testcases.TC_07_LogInTest" name="loginTest" time="0.001">
    <skipped/>
  </testcase> <!-- loginTest -->
  <testcase classname="com.ugapp.testcases.TC_07_LogInTest" name="loginTest" time="0.001">
    <skipped/>
  </testcase> <!-- loginTest -->
  <testcase classname="com.ugapp.testcases.TC_07_LogInTest" name="loginTest" time="0.001">
    <skipped/>
  </testcase> <!-- loginTest -->
  <testcase classname="com.ugapp.testcases.TC_07_LogInTest" name="loginTest" time="0.000">
    <skipped/>
  </testcase> <!-- loginTest -->
  <testcase classname="com.ugapp.testcases.TC_07_LogInTest" name="loginTest" time="0.000">
    <skipped/>
  </testcase> <!-- loginTest -->
  <testcase classname="com.ugapp.testcases.TC_07_LogInTest" name="loginTest" time="0.001">
    <skipped/>
  </testcase> <!-- loginTest -->
  <testcase classname="com.ugapp.testcases.TC_07_LogInTest" name="loginTest" time="0.001">
    <skipped/>
  </testcase> <!-- loginTest -->
  <testcase classname="com.ugapp.testcases.TC_07_LogInTest" name="loginTest" time="0.001">
    <skipped/>
  </testcase> <!-- loginTest -->
  <testcase classname="com.ugapp.testcases.TC_07_LogInTest" name="loginTest" time="0.004">
    <skipped/>
  </testcase> <!-- loginTest -->
  <testcase classname="com.ugapp.testcases.TC_07_LogInTest" name="loginTest" time="0.001">
    <skipped/>
  </testcase> <!-- loginTest -->
  <testcase classname="com.ugapp.testcases.TC_07_LogInTest" name="loginTest" time="0.001">
    <skipped/>
  </testcase> <!-- loginTest -->
  <testcase classname="com.ugapp.testcases.TC_07_LogInTest" name="loginTest" time="0.002">
    <skipped/>
  </testcase> <!-- loginTest -->
  <testcase classname="com.ugapp.testcases.TC_07_LogInTest" name="loginTest" time="0.001">
    <skipped/>
  </testcase> <!-- loginTest -->
  <testcase classname="com.ugapp.testcases.TC_07_LogInTest" name="loginTest" time="0.001">
    <skipped/>
  </testcase> <!-- loginTest -->
  <testcase classname="com.ugapp.testcases.TC_07_LogInTest" name="loginTest" time="0.001">
    <skipped/>
  </testcase> <!-- loginTest -->
  <testcase classname="com.ugapp.testcases.TC_07_LogInTest" name="loginTest" time="0.001">
    <skipped/>
  </testcase> <!-- loginTest -->
  <testcase classname="com.ugapp.testcases.TC_07_LogInTest" name="loginTest" time="0.001">
    <skipped/>
  </testcase> <!-- loginTest -->
  <testcase classname="com.ugapp.testcases.TC_07_LogInTest" name="loginTest" time="0.006">
    <skipped/>
  </testcase> <!-- loginTest -->
  <testcase classname="com.ugapp.testcases.TC_07_LogInTest" name="loginTest" time="0.001">
    <skipped/>
  </testcase> <!-- loginTest -->
  <testcase classname="com.ugapp.testcases.TC_07_LogInTest" name="loginTest" time="0.001">
    <skipped/>
  </testcase> <!-- loginTest -->
  <testcase classname="com.ugapp.testcases.TC_07_LogInTest" name="loginTest" time="0.001">
    <skipped/>
  </testcase> <!-- loginTest -->
  <testcase classname="com.ugapp.testcases.TC_07_LogInTest" name="loginTest" time="0.001">
    <skipped/>
  </testcase> <!-- loginTest -->
  <testcase classname="com.ugapp.testcases.TC_07_LogInTest" name="loginTest" time="0.001">
    <skipped/>
  </testcase> <!-- loginTest -->
  <testcase classname="com.ugapp.testcases.TC_07_LogInTest" name="loginTest" time="0.001">
    <skipped/>
  </testcase> <!-- loginTest -->
  <testcase classname="com.ugapp.testcases.TC_07_LogInTest" name="loginTest" time="0.002">
    <skipped/>
  </testcase> <!-- loginTest -->
  <testcase classname="com.ugapp.testcases.TC_07_LogInTest" name="loginTest" time="0.000">
    <skipped/>
  </testcase> <!-- loginTest -->
  <testcase classname="com.ugapp.testcases.TC_07_LogInTest" name="loginTest" time="0.002">
    <skipped/>
  </testcase> <!-- loginTest -->
  <testcase classname="com.ugapp.testcases.TC_07_LogInTest" name="login" time="4.229"/>
</testsuite> <!-- com.ugapp.testcases.TC_07_LogInTest -->
