<?xml version="1.0" encoding="UTF-8"?>
<!-- Generated by org.testng.reporters.JUnitReportReporter -->
<testsuite hostname="DESKTOP-OB9VDN9" failures="0" tests="2" name="com.ugapp.testcases.TC_06_ResetPasswordTest" time="6.283" errors="0" timestamp="25 Sept 2023 07:08:31 GMT" skipped="0">
  <testcase classname="com.ugapp.testcases.TC_06_ResetPasswordTest" name="ResetPassword" time="3.212"/>
  <testcase classname="com.ugapp.testcases.TC_06_ResetPasswordTest" name="setNewPasswordPage" time="3.071"/>
</testsuite> <!-- com.ugapp.testcases.TC_06_ResetPasswordTest -->
