<?xml version="1.0" encoding="UTF-8"?>
<!-- Generated by org.testng.reporters.JUnitReportReporter -->
<testsuite ignored="80" hostname="Admins-MacBook-Pro.local" failures="0" tests="1" name="com.ugapp.testcases.TC_02_FooterLinksPageTest" time="4.853" errors="0" timestamp="29 Jan 2024 11:46:42 GMT" skipped="0">
  <testcase classname="com.ugapp.testcases.TC_02_FooterLinksPageTest" name="verifyFooter" time="4.853"/>
  <testcase classname="com.ugapp.testcases.BaseTest" name="tearDown">
    <skipped/>
  </testcase> <!-- tearDown -->
  <testcase classname="com.ugapp.testcases.BaseTest" name="tearDown">
    <skipped/>
  </testcase> <!-- tearDown -->
  <testcase classname="com.ugapp.testcases.BaseTest" name="tearDown">
    <skipped/>
  </testcase> <!-- tearDown -->
  <testcase classname="com.ugapp.testcases.BaseTest" name="tearDown">
    <skipped/>
  </testcase> <!-- tearDown -->
  <testcase classname="com.ugapp.testcases.BaseTest" name="tearDown">
    <skipped/>
  </testcase> <!-- tearDown -->
  <testcase classname="com.ugapp.testcases.BaseTest" name="tearDown">
    <skipped/>
  </testcase> <!-- tearDown -->
  <testcase classname="com.ugapp.testcases.BaseTest" name="tearDown">
    <skipped/>
  </testcase> <!-- tearDown -->
  <testcase classname="com.ugapp.testcases.BaseTest" name="tearDown">
    <skipped/>
  </testcase> <!-- tearDown -->
  <testcase classname="com.ugapp.testcases.BaseTest" name="tearDown">
    <skipped/>
  </testcase> <!-- tearDown -->
  <testcase classname="com.ugapp.testcases.BaseTest" name="tearDown">
    <skipped/>
  </testcase> <!-- tearDown -->
  <testcase classname="com.ugapp.testcases.BaseTest" name="setup">
    <skipped/>
  </testcase> <!-- setup -->
  <testcase classname="com.ugapp.testcases.BaseTest" name="setup">
    <skipped/>
  </testcase> <!-- setup -->
  <testcase classname="com.ugapp.testcases.BaseTest" name="setup">
    <skipped/>
  </testcase> <!-- setup -->
  <testcase classname="com.ugapp.testcases.BaseTest" name="setup">
    <skipped/>
  </testcase> <!-- setup -->
  <testcase classname="com.ugapp.testcases.BaseTest" name="setup">
    <skipped/>
  </testcase> <!-- setup -->
  <testcase classname="com.ugapp.testcases.BaseTest" name="setup">
    <skipped/>
  </testcase> <!-- setup -->
  <testcase classname="com.ugapp.testcases.BaseTest" name="setup">
    <skipped/>
  </testcase> <!-- setup -->
  <testcase classname="com.ugapp.testcases.BaseTest" name="setup">
    <skipped/>
  </testcase> <!-- setup -->
  <testcase classname="com.ugapp.testcases.BaseTest" name="setup">
    <skipped/>
  </testcase> <!-- setup -->
  <testcase classname="com.ugapp.testcases.BaseTest" name="setup">
    <skipped/>
  </testcase> <!-- setup -->
  <testcase classname="com.ugapp.testcases.BaseTest" name="colNum">
    <skipped/>
  </testcase> <!-- colNum -->
  <testcase classname="com.ugapp.testcases.BaseTest" name="colNum">
    <skipped/>
  </testcase> <!-- colNum -->
  <testcase classname="com.ugapp.testcases.BaseTest" name="colNum">
    <skipped/>
  </testcase> <!-- colNum -->
  <testcase classname="com.ugapp.testcases.BaseTest" name="colNum">
    <skipped/>
  </testcase> <!-- colNum -->
  <testcase classname="com.ugapp.testcases.BaseTest" name="colNum">
    <skipped/>
  </testcase> <!-- colNum -->
  <testcase classname="com.ugapp.testcases.BaseTest" name="colNum">
    <skipped/>
  </testcase> <!-- colNum -->
  <testcase classname="com.ugapp.testcases.BaseTest" name="colNum">
    <skipped/>
  </testcase> <!-- colNum -->
  <testcase classname="com.ugapp.testcases.BaseTest" name="colNum">
    <skipped/>
  </testcase> <!-- colNum -->
  <testcase classname="com.ugapp.testcases.BaseTest" name="colNum">
    <skipped/>
  </testcase> <!-- colNum -->
  <testcase classname="com.ugapp.testcases.BaseTest" name="colNum">
    <skipped/>
  </testcase> <!-- colNum -->
  <testcase classname="com.ugapp.testcases.TC_09_MyInformationPageTest" name="visaType_DACA_UDTest">
    <skipped/>
  </testcase> <!-- visaType_DACA_UDTest -->
  <testcase classname="com.ugapp.testcases.TC_09_MyInformationPageTest" name="visaType_DACA_UDTest">
    <skipped/>
  </testcase> <!-- visaType_DACA_UDTest -->
  <testcase classname="com.ugapp.testcases.TC_09_MyInformationPageTest" name="Not_US_Citizenship">
    <skipped/>
  </testcase> <!-- Not_US_Citizenship -->
  <testcase classname="com.ugapp.testcases.TC_09_MyInformationPageTest" name="HomeAddressTest">
    <skipped/>
  </testcase> <!-- HomeAddressTest -->
  <testcase classname="com.ugapp.testcases.TC_09_MyInformationPageTest" name="FloatingNeedHelp">
    <skipped/>
  </testcase> <!-- FloatingNeedHelp -->
  <testcase classname="com.ugapp.testcases.TC_09_MyInformationPageTest" name="visaType_F1_J1_JNTest">
    <skipped/>
  </testcase> <!-- visaType_F1_J1_JNTest -->
  <testcase classname="com.ugapp.testcases.TC_09_MyInformationPageTest" name="visaType_F1_J1_JNTest">
    <skipped/>
  </testcase> <!-- visaType_F1_J1_JNTest -->
  <testcase classname="com.ugapp.testcases.TC_09_MyInformationPageTest" name="ArmedForceReserveOrNationalGuardian_MilitaryTest">
    <skipped/>
  </testcase> <!-- ArmedForceReserveOrNationalGuardian_MilitaryTest -->
  <testcase classname="com.ugapp.testcases.TC_09_MyInformationPageTest" name="ArmedForceReserveOrNationalGuardian_MilitaryTest">
    <skipped/>
  </testcase> <!-- ArmedForceReserveOrNationalGuardian_MilitaryTest -->
  <testcase classname="com.ugapp.testcases.TC_09_MyInformationPageTest" name="validateNeedhelpform">
    <skipped/>
  </testcase> <!-- validateNeedhelpform -->
  <testcase classname="com.ugapp.testcases.TC_09_MyInformationPageTest" name="visaType_PermResRefugeeTest">
    <skipped/>
  </testcase> <!-- visaType_PermResRefugeeTest -->
  <testcase classname="com.ugapp.testcases.TC_09_MyInformationPageTest" name="NoneOfTheseApply_MilitaryTest">
    <skipped/>
  </testcase> <!-- NoneOfTheseApply_MilitaryTest -->
  <testcase classname="com.ugapp.testcases.TC_09_MyInformationPageTest" name="NoneOfTheseApply_MilitaryTest">
    <skipped/>
  </testcase> <!-- NoneOfTheseApply_MilitaryTest -->
  <testcase classname="com.ugapp.testcases.TC_09_MyInformationPageTest" name="Edit_SaveFormerNameTest">
    <skipped/>
  </testcase> <!-- Edit_SaveFormerNameTest -->
  <testcase classname="com.ugapp.testcases.TC_09_MyInformationPageTest" name="SpouseOrDependent_MilitaryTest">
    <skipped/>
  </testcase> <!-- SpouseOrDependent_MilitaryTest -->
  <testcase classname="com.ugapp.testcases.TC_09_MyInformationPageTest" name="Veteran_MilitaryTest">
    <skipped/>
  </testcase> <!-- Veteran_MilitaryTest -->
  <testcase classname="com.ugapp.testcases.TC_09_MyInformationPageTest" name="DeleteFormerNameTest">
    <skipped/>
  </testcase> <!-- DeleteFormerNameTest -->
  <testcase classname="com.ugapp.testcases.TC_09_MyInformationPageTest" name="FormerNameTest">
    <skipped/>
  </testcase> <!-- FormerNameTest -->
  <testcase classname="com.ugapp.testcases.TC_09_MyInformationPageTest" name="ValidateFormerNames">
    <skipped/>
  </testcase> <!-- ValidateFormerNames -->
  <testcase classname="com.ugapp.testcases.TC_09_MyInformationPageTest" name="ValidateParentNames">
    <skipped/>
  </testcase> <!-- ValidateParentNames -->
  <testcase classname="com.ugapp.testcases.TC_09_MyInformationPageTest" name="ActiveDuty_MilitaryTest">
    <skipped/>
  </testcase> <!-- ActiveDuty_MilitaryTest -->
  <testcase classname="com.ugapp.testcases.TC_09_MyInformationPageTest" name="ActiveDuty_MilitaryTest">
    <skipped/>
  </testcase> <!-- ActiveDuty_MilitaryTest -->
  <testcase classname="com.ugapp.testcases.TC_09_MyInformationPageTest" name="US_CitizenshipTest">
    <skipped/>
  </testcase> <!-- US_CitizenshipTest -->
  <testcase classname="com.ugapp.testcases.TC_09_MyInformationPageTest" name="requiredErrorMesssage">
    <skipped/>
  </testcase> <!-- requiredErrorMesssage -->
  <testcase classname="com.ugapp.testcases.TC_09_MyInformationPageTest" name="Random_HomeaddressAndPhoneTest">
    <skipped/>
  </testcase> <!-- Random_HomeaddressAndPhoneTest -->
  <testcase classname="com.ugapp.testcases.TC_09_MyInformationPageTest" name="Edit_CancelFormerNameTest">
    <skipped/>
  </testcase> <!-- Edit_CancelFormerNameTest -->
  <testcase classname="com.ugapp.testcases.TC_09_MyInformationPageTest" name="HomeAddress">
    <skipped/>
  </testcase> <!-- HomeAddress -->
  <testcase classname="com.ugapp.testcases.TC_09_MyInformationPageTest" name="ParentNameTest">
    <skipped/>
  </testcase> <!-- ParentNameTest -->
  <testcase classname="com.ugapp.testcases.TC_04_CreateAccountTest" name="createAccountTest">
    <skipped/>
  </testcase> <!-- createAccountTest -->
  <testcase classname="com.ugapp.testcases.TC_04_CreateAccountTest" name="CreateRandomAccTest">
    <skipped/>
  </testcase> <!-- CreateRandomAccTest -->
  <testcase classname="com.ugapp.testcases.TC_04_CreateAccountTest" name="checkLinksInCreateAccount">
    <skipped/>
  </testcase> <!-- checkLinksInCreateAccount -->
  <testcase classname="com.ugapp.testcases.TC_04_CreateAccountTest" name="writeValidDetails">
    <skipped/>
  </testcase> <!-- writeValidDetails -->
  <testcase classname="com.ugapp.testcases.TC_01_LandingPageTest" name="CreateNewAcc">
    <skipped/>
  </testcase> <!-- CreateNewAcc -->
  <testcase classname="com.ugapp.testcases.TC_01_LandingPageTest" name="CreateNewAcc">
    <skipped/>
  </testcase> <!-- CreateNewAcc -->
  <testcase classname="com.ugapp.testcases.TC_08_PreAppDashboardTest" name="BirthdayAge_24Test">
    <skipped/>
  </testcase> <!-- BirthdayAge_24Test -->
  <testcase classname="com.ugapp.testcases.TC_08_PreAppDashboardTest" name="BirthdayAge_24Test">
    <skipped/>
  </testcase> <!-- BirthdayAge_24Test -->
  <testcase classname="com.ugapp.testcases.TC_08_PreAppDashboardTest" name="PreAppDashboardTest">
    <skipped/>
  </testcase> <!-- PreAppDashboardTest -->
  <testcase classname="com.ugapp.testcases.TC_08_PreAppDashboardTest" name="Birthday_Random">
    <skipped/>
  </testcase> <!-- Birthday_Random -->
  <testcase classname="com.ugapp.testcases.TC_08_PreAppDashboardTest" name="Birthday_Random">
    <skipped/>
  </testcase> <!-- Birthday_Random -->
  <testcase classname="com.ugapp.testcases.TC_08_PreAppDashboardTest" name="BirthdayAge_18Test">
    <skipped/>
  </testcase> <!-- BirthdayAge_18Test -->
  <testcase classname="com.ugapp.testcases.TC_08_PreAppDashboardTest" name="BirthdayAge_Greater24Test">
    <skipped/>
  </testcase> <!-- BirthdayAge_Greater24Test -->
  <testcase classname="com.ugapp.testcases.TC_08_PreAppDashboardTest" name="BirthdayAge_18Test">
    <skipped/>
  </testcase> <!-- BirthdayAge_18Test -->
  <testcase classname="com.ugapp.testcases.TC_08_PreAppDashboardTest" name="NeedHelpTest">
    <skipped/>
  </testcase> <!-- NeedHelpTest -->
  <testcase classname="com.ugapp.testcases.TC_08_PreAppDashboardTest" name="BirthdayAge_Btn18_24Test">
    <skipped/>
  </testcase> <!-- BirthdayAge_Btn18_24Test -->
  <testcase classname="com.ugapp.testcases.TC_08_PreAppDashboardTest" name="PreAppDashboardNames">
    <skipped/>
  </testcase> <!-- PreAppDashboardNames -->
  <testcase classname="com.ugapp.testcases.TC_08_PreAppDashboardTest" name="PreAppDashboardElements">
    <skipped/>
  </testcase> <!-- PreAppDashboardElements -->
  <testcase classname="com.ugapp.testcases.TC_08_PreAppDashboardTest" name="BirthdayAge_Less18Test">
    <skipped/>
  </testcase> <!-- BirthdayAge_Less18Test -->
  <testcase classname="com.ugapp.testcases.TC_08_PreAppDashboardTest" name="BirthdayAge_Less18Test">
    <skipped/>
  </testcase> <!-- BirthdayAge_Less18Test -->
  <testcase classname="com.ugapp.testcases.TC_07_LogInTest" name="LogInUsingAsurite">
    <skipped/>
  </testcase> <!-- LogInUsingAsurite -->
  <testcase classname="com.ugapp.testcases.TC_07_LogInTest" name="loginTest">
    <skipped/>
  </testcase> <!-- loginTest -->
</testsuite> <!-- com.ugapp.testcases.TC_02_FooterLinksPageTest -->
