<?xml version="1.0" encoding="UTF-8"?>
<!-- Generated by org.testng.reporters.JUnitReportReporter -->
<testsuite hostname="DESKTOP-OB9VDN9" failures="0" tests="6" name="com.ugapp.testcases.TC_07_LogInTest" time="33.534" errors="0" timestamp="21 Sept 2023 12:35:37 GMT" skipped="1">
  <testcase classname="com.ugapp.testcases.TC_07_LogInTest" name="LogInUsingAsurite" time="9.708"/>
  <testcase classname="com.ugapp.testcases.TC_07_LogInTest" name="loginTest" time="7.212"/>
  <testcase classname="com.ugapp.testcases.TC_07_LogInTest" name="loginTest" time="0.001">
    <skipped/>
  </testcase> <!-- loginTest -->
  <testcase classname="com.ugapp.testcases.TC_07_LogInTest" name="loginTest" time="8.454"/>
  <testcase classname="com.ugapp.testcases.TC_07_LogInTest" name="loginTest" time="5.469"/>
  <testcase classname="com.ugapp.testcases.TC_07_LogInTest" name="login" time="2.690"/>
</testsuite> <!-- com.ugapp.testcases.TC_07_LogInTest -->
