<?xml version="1.0" encoding="UTF-8"?>
<!-- Generated by org.testng.reporters.JUnitReportReporter -->
<testsuite hostname="Admins-MacBook-Pro.local" failures="0" tests="1" name="com.ugapp.testcases.TC_02_FooterLinksPageTest" time="45.521" errors="0" timestamp="06 Dec 2023 10:35:15 GMT" skipped="0">
  <testcase classname="com.ugapp.testcases.TC_02_FooterLinksPageTest" name="verifyFooter" time="45.521"/>
</testsuite> <!-- com.ugapp.testcases.TC_02_FooterLinksPageTest -->
