<?xml version="1.0" encoding="UTF-8"?>
<!-- Generated by org.testng.reporters.JUnitReportReporter -->
<testsuite hostname="DESKTOP-OB9VDN9" failures="0" tests="2" name="com.ugapp.testcases.TC_09_MyInformationPageTest" time="14.500" errors="0" timestamp="25 Oct 2023 08:52:50 GMT" skipped="0">
  <testcase classname="com.ugapp.testcases.TC_09_MyInformationPageTest" name="validateMyInfoPage" time="11.141"/>
  <testcase classname="com.ugapp.testcases.TC_09_MyInformationPageTest" name="Partner_benefitsTest" time="3.359"/>
</testsuite> <!-- com.ugapp.testcases.TC_09_MyInformationPageTest -->
