<?xml version="1.0" encoding="UTF-8"?>
<!-- Generated by org.testng.reporters.JUnitReportReporter -->
<testsuite hostname="Admins-MacBook-Pro.local" failures="0" tests="4" name="com.ugapp.testcases.TC_08_PreAppDashboardTest" time="29.787" errors="0" timestamp="08 Dec 2023 10:26:25 GMT" skipped="0">
  <testcase classname="com.ugapp.testcases.TC_08_PreAppDashboardTest" name="validatePreAppSubmissionPage" time="5.226"/>
  <testcase classname="com.ugapp.testcases.TC_08_PreAppDashboardTest" name="PreAppDashboardElements" time="12.118"/>
  <testcase classname="com.ugapp.testcases.TC_08_PreAppDashboardTest" name="BirthdayAge_Btn18_24Test" time="5.610"/>
  <testcase classname="com.ugapp.testcases.TC_08_PreAppDashboardTest" name="StartNewAppTest" time="6.833"/>
</testsuite> <!-- com.ugapp.testcases.TC_08_PreAppDashboardTest -->
