<?xml version="1.0" encoding="UTF-8"?>
<!-- Generated by org.testng.reporters.JUnitReportReporter -->
<testsuite hostname="DESKTOP-OB9VDN9" failures="0" tests="1" name="com.ugapp.testcases.TC_02_FooterLinksPageTest" time="26.810" errors="0" timestamp="25 Sept 2023 07:08:31 GMT" skipped="0">
  <testcase classname="com.ugapp.testcases.TC_02_FooterLinksPageTest" name="verifyFooter" time="26.810"/>
</testsuite> <!-- com.ugapp.testcases.TC_02_FooterLinksPageTest -->
