<?xml version="1.0" encoding="UTF-8"?>
<!-- Generated by org.testng.reporters.JUnitReportReporter -->
<testsuite hostname="Admins-MacBook-Pro.local" failures="0" tests="4" name="com.ugapp.testcases.TC_14_ProfileTest" time="0.000" errors="0" timestamp="11 Dec 2023 18:34:43 GMT" skipped="4">
  <testcase classname="com.ugapp.testcases.TC_14_ProfileTest" name="profile" time="0.000">
    <skipped/>
  </testcase> <!-- profile -->
  <testcase classname="com.ugapp.testcases.TC_14_ProfileTest" name="profile" time="0.000">
    <skipped/>
  </testcase> <!-- profile -->
  <testcase classname="com.ugapp.testcases.TC_14_ProfileTest" name="dashboard" time="0.000">
    <skipped/>
  </testcase> <!-- dashboard -->
  <testcase classname="com.ugapp.testcases.TC_14_ProfileTest" name="dashboard" time="0.000">
    <skipped/>
  </testcase> <!-- dashboard -->
</testsuite> <!-- com.ugapp.testcases.TC_14_ProfileTest -->
